23-Apr-2026 09:36:03.180 情報 [main] org.apache.catalina.startup.VersionLoggerListener.log Serverのバージョン名:     Apache Tomcat/10.1.9
23-Apr-2026 09:36:03.184 情報 [main] org.apache.catalina.startup.VersionLoggerListener.log Server ビルド:            May 9 2023 14:30:05 UTC
23-Apr-2026 09:36:03.184 情報 [main] org.apache.catalina.startup.VersionLoggerListener.log サーバーのバージョン番号: 10.1.9.0
23-Apr-2026 09:36:03.184 情報 [main] org.apache.catalina.startup.VersionLoggerListener.log OS 名:                    Windows 11
23-Apr-2026 09:36:03.185 情報 [main] org.apache.catalina.startup.VersionLoggerListener.log OS バージョン:            10.0
23-Apr-2026 09:36:03.185 情報 [main] org.apache.catalina.startup.VersionLoggerListener.log アーキテクチャ:           amd64
23-Apr-2026 09:36:03.185 情報 [main] org.apache.catalina.startup.VersionLoggerListener.log Java Home:                C:\Program Files\Java\jdk-25
23-Apr-2026 09:36:03.185 情報 [main] org.apache.catalina.startup.VersionLoggerListener.log JVM バージョン:           25.0.1+8-LTS-27
23-Apr-2026 09:36:03.185 情報 [main] org.apache.catalina.startup.VersionLoggerListener.log JVM ベンダ:               Oracle Corporation
23-Apr-2026 09:36:03.185 情報 [main] org.apache.catalina.startup.VersionLoggerListener.log CATALINA_BASE:            C:\Users\t_abe\Desktop\学校：グループ開発２\-2026-\tomcat
23-Apr-2026 09:36:03.187 情報 [main] org.apache.catalina.startup.VersionLoggerListener.log CATALINA_HOME:            C:\Users\t_abe\Desktop\学校：グループ開発２\-2026-\tomcat
23-Apr-2026 09:36:03.206 情報 [main] org.apache.catalina.startup.VersionLoggerListener.log コマンドライン引数:       -Djava.util.logging.config.file=C:\Users\t_abe\Desktop\学校：グループ開発２\-2026-\tomcat\conf\logging.properties
23-Apr-2026 09:36:03.207 情報 [main] org.apache.catalina.startup.VersionLoggerListener.log コマンドライン引数:       -Djava.util.logging.manager=org.apache.juli.ClassLoaderLogManager
23-Apr-2026 09:36:03.207 情報 [main] org.apache.catalina.startup.VersionLoggerListener.log コマンドライン引数:       -Djdk.tls.ephemeralDHKeySize=2048
23-Apr-2026 09:36:03.207 情報 [main] org.apache.catalina.startup.VersionLoggerListener.log コマンドライン引数:       -Djava.protocol.handler.pkgs=org.apache.catalina.webresources
23-Apr-2026 09:36:03.207 情報 [main] org.apache.catalina.startup.VersionLoggerListener.log コマンドライン引数:       --add-opens=java.base/java.lang=ALL-UNNAMED
23-Apr-2026 09:36:03.208 情報 [main] org.apache.catalina.startup.VersionLoggerListener.log コマンドライン引数:       --add-opens=java.base/java.io=ALL-UNNAMED
23-Apr-2026 09:36:03.208 情報 [main] org.apache.catalina.startup.VersionLoggerListener.log コマンドライン引数:       --add-opens=java.base/java.util=ALL-UNNAMED
23-Apr-2026 09:36:03.208 情報 [main] org.apache.catalina.startup.VersionLoggerListener.log コマンドライン引数:       --add-opens=java.base/java.util.concurrent=ALL-UNNAMED
23-Apr-2026 09:36:03.209 情報 [main] org.apache.catalina.startup.VersionLoggerListener.log コマンドライン引数:       --add-opens=java.rmi/sun.rmi.transport=ALL-UNNAMED
23-Apr-2026 09:36:03.209 情報 [main] org.apache.catalina.startup.VersionLoggerListener.log コマンドライン引数:       -Dcatalina.base=C:\Users\t_abe\Desktop\学校：グループ開発２\-2026-\tomcat
23-Apr-2026 09:36:03.209 情報 [main] org.apache.catalina.startup.VersionLoggerListener.log コマンドライン引数:       -Dcatalina.home=C:\Users\t_abe\Desktop\学校：グループ開発２\-2026-\tomcat
23-Apr-2026 09:36:03.209 情報 [main] org.apache.catalina.startup.VersionLoggerListener.log コマンドライン引数:       -Djava.io.tmpdir=C:\Users\t_abe\Desktop\学校：グループ開発２\-2026-\tomcat\temp
23-Apr-2026 09:36:03.219 情報 [main] org.apache.catalina.core.AprLifecycleListener.lifecycleEvent 商用環境に最適な性能を発揮する APR ベースの Tomcat ネイティブライブラリが java.library.path [C:\Program Files\Java\jdk-25\bin;C:\Windows\Sun\Java\bin;C:\Windows\system32;C:\Windows;C:\Program Files\Common Files\Oracle\Java\javapath;C:\Windows\system32;C:\Windows;C:\Windows\System32\Wbem;C:\Windows\System32\WindowsPowerShell\v1.0\;C:\Windows\System32\OpenSSH\;C:\Program Files\Git\cmd;C:\Program Files\Docker\Docker\resources\bin;C:\Program Files\nodejs\;C:\Program Files\Go\bin;C:\Maven\apache-maven-3.9.14\bin;C:\Users\t_abe\AppData\Local\Programs\Python\Python313\Scripts\;C:\Users\t_abe\AppData\Local\Programs\Python\Python313\;C:\Users\t_abe\AppData\Local\Programs\Python\Launcher\;C:\Users\t_abe\AppData\Local\Microsoft\WindowsApps;C:\Users\t_abe\AppData\Local\Programs\Microsoft VS Code\bin;C:\Users\t_abe\AppData\Local\Programs\Antigravity\bin;C:\Users\t_abe\AppData\Roaming\npm;C:\Users\t_abe\go\bin;c:\Users\t_abe\.antigravity\extensions\vscjava.vscode-java-debug-0.59.0-universal\bundled\scripts\noConfigScripts;.] に存在しません。
23-Apr-2026 09:36:03.513 情報 [main] org.apache.coyote.AbstractProtocol.init プロトコルハンドラ ["http-nio-8080"] を初期化します。
23-Apr-2026 09:36:03.543 情報 [main] org.apache.catalina.startup.Catalina.load サーバーの初期化 [599] ミリ秒
23-Apr-2026 09:36:03.595 情報 [main] org.apache.catalina.core.StandardService.startInternal サービス [Catalina] を起動します
23-Apr-2026 09:36:03.595 情報 [main] org.apache.catalina.core.StandardEngine.startInternal サーブレットエンジンの起動：[Apache Tomcat/10.1.9]
23-Apr-2026 09:36:03.619 情報 [main] org.apache.catalina.startup.HostConfig.deployWAR Webアプリケーションアーカイブ [C:\Users\t_abe\Desktop\学校：グループ開発２\-2026-\tomcat\webapps\student-management-v2.war] を配備します
23-Apr-2026 09:36:04.603 情報 [main] org.apache.jasper.servlet.TldScanner.scanJars 少なくとも1つのJARでTLDをスキャンしましたが、TLDが含まれていませんでした。スキャンしたもののTLDが見つからなかったJARの完全なリストについては、このロガーのデバッグログを有効にしてください。スキャン中に不要なJARをスキップすると、起動時間とJSPのコンパイル時間が短縮されます。
23-Apr-2026 09:36:05.569 情報 [main] org.apache.catalina.startup.HostConfig.deployWAR Web アプリケーションアーカイブ [C:\Users\t_abe\Desktop\学校：グループ開発２\-2026-\tomcat\webapps\student-management-v2.war] の配備は [1,943] ミリ秒で完了しました
23-Apr-2026 09:36:05.573 情報 [main] org.apache.coyote.AbstractProtocol.start プロトコルハンドラー ["http-nio-8080"] を開始しました。
23-Apr-2026 09:36:05.606 情報 [main] org.apache.catalina.startup.Catalina.start サーバーの起動 [2060] ミリ秒
23-Apr-2026 10:05:26.071 情報 [main] org.apache.catalina.startup.VersionLoggerListener.log Serverのバージョン名:     Apache Tomcat/10.1.9
23-Apr-2026 10:05:26.076 情報 [main] org.apache.catalina.startup.VersionLoggerListener.log Server ビルド:            May 9 2023 14:30:05 UTC
23-Apr-2026 10:05:26.077 情報 [main] org.apache.catalina.startup.VersionLoggerListener.log サーバーのバージョン番号: 10.1.9.0
23-Apr-2026 10:05:26.077 情報 [main] org.apache.catalina.startup.VersionLoggerListener.log OS 名:                    Windows 11
23-Apr-2026 10:05:26.077 情報 [main] org.apache.catalina.startup.VersionLoggerListener.log OS バージョン:            10.0
23-Apr-2026 10:05:26.077 情報 [main] org.apache.catalina.startup.VersionLoggerListener.log アーキテクチャ:           amd64
23-Apr-2026 10:05:26.078 情報 [main] org.apache.catalina.startup.VersionLoggerListener.log Java Home:                C:\Program Files\Java\jdk-25
23-Apr-2026 10:05:26.078 情報 [main] org.apache.catalina.startup.VersionLoggerListener.log JVM バージョン:           25+37-LTS-3491
23-Apr-2026 10:05:26.078 情報 [main] org.apache.catalina.startup.VersionLoggerListener.log JVM ベンダ:               Oracle Corporation
23-Apr-2026 10:05:26.078 情報 [main] org.apache.catalina.startup.VersionLoggerListener.log CATALINA_BASE:            C:\Users\i_kudou\Desktop\共有\-2026-\tomcat
23-Apr-2026 10:05:26.079 情報 [main] org.apache.catalina.startup.VersionLoggerListener.log CATALINA_HOME:            C:\Users\i_kudou\Desktop\共有\-2026-\tomcat
23-Apr-2026 10:05:26.115 情報 [main] org.apache.catalina.startup.VersionLoggerListener.log コマンドライン引数:       -Djava.util.logging.config.file=C:\Users\i_kudou\Desktop\共有\-2026-\tomcat\conf\logging.properties
23-Apr-2026 10:05:26.117 情報 [main] org.apache.catalina.startup.VersionLoggerListener.log コマンドライン引数:       -Djava.util.logging.manager=org.apache.juli.ClassLoaderLogManager
23-Apr-2026 10:05:26.117 情報 [main] org.apache.catalina.startup.VersionLoggerListener.log コマンドライン引数:       -Djdk.tls.ephemeralDHKeySize=2048
23-Apr-2026 10:05:26.118 情報 [main] org.apache.catalina.startup.VersionLoggerListener.log コマンドライン引数:       -Djava.protocol.handler.pkgs=org.apache.catalina.webresources
23-Apr-2026 10:05:26.118 情報 [main] org.apache.catalina.startup.VersionLoggerListener.log コマンドライン引数:       --add-opens=java.base/java.lang=ALL-UNNAMED
23-Apr-2026 10:05:26.118 情報 [main] org.apache.catalina.startup.VersionLoggerListener.log コマンドライン引数:       --add-opens=java.base/java.io=ALL-UNNAMED
23-Apr-2026 10:05:26.119 情報 [main] org.apache.catalina.startup.VersionLoggerListener.log コマンドライン引数:       --add-opens=java.base/java.util=ALL-UNNAMED
23-Apr-2026 10:05:26.119 情報 [main] org.apache.catalina.startup.VersionLoggerListener.log コマンドライン引数:       --add-opens=java.base/java.util.concurrent=ALL-UNNAMED
23-Apr-2026 10:05:26.119 情報 [main] org.apache.catalina.startup.VersionLoggerListener.log コマンドライン引数:       --add-opens=java.rmi/sun.rmi.transport=ALL-UNNAMED
23-Apr-2026 10:05:26.120 情報 [main] org.apache.catalina.startup.VersionLoggerListener.log コマンドライン引数:       -Dcatalina.base=C:\Users\i_kudou\Desktop\共有\-2026-\tomcat
23-Apr-2026 10:05:26.120 情報 [main] org.apache.catalina.startup.VersionLoggerListener.log コマンドライン引数:       -Dcatalina.home=C:\Users\i_kudou\Desktop\共有\-2026-\tomcat
23-Apr-2026 10:05:26.120 情報 [main] org.apache.catalina.startup.VersionLoggerListener.log コマンドライン引数:       -Djava.io.tmpdir=C:\Users\i_kudou\Desktop\共有\-2026-\tomcat\temp
23-Apr-2026 10:05:26.140 情報 [main] org.apache.catalina.core.AprLifecycleListener.lifecycleEvent 商用環境に最適な性能を発揮する APR ベースの Tomcat ネイティブライブラリが java.library.path [C:\Program Files\Java\jdk-25\bin;C:\Windows\Sun\Java\bin;C:\Windows\system32;C:\Windows;C:\Program Files\Common Files\Oracle\Java\javapath;C:\Windows\system32;C:\Windows;C:\Windows\System32\Wbem;C:\Windows\System32\WindowsPowerShell\v1.0\;C:\Windows\System32\OpenSSH\;C:\Program Files\Git\cmd;C:\Program Files\Go\bin;C:\Users\i_kudou\AppData\Local\Programs\Python\Python313\Scripts\;C:\Users\i_kudou\AppData\Local\Programs\Python\Python313\;C:\Users\i_kudou\AppData\Local\Programs\Python\Launcher\;C:\Users\i_kudou\AppData\Local\Microsoft\WindowsApps;C:\Users\i_kudou\AppData\Local\Programs\Microsoft VS Code\bin;C:\Users\i_kudou\go\bin;.] に存在しません。
23-Apr-2026 10:05:26.709 情報 [main] org.apache.coyote.AbstractProtocol.init プロトコルハンドラ ["http-nio-8080"] を初期化します。
23-Apr-2026 10:05:26.764 情報 [main] org.apache.catalina.startup.Catalina.load サーバーの初期化 [1169] ミリ秒
23-Apr-2026 10:05:26.854 情報 [main] org.apache.catalina.core.StandardService.startInternal サービス [Catalina] を起動します
23-Apr-2026 10:05:26.855 情報 [main] org.apache.catalina.core.StandardEngine.startInternal サーブレットエンジンの起動：[Apache Tomcat/10.1.9]
23-Apr-2026 10:05:26.904 情報 [main] org.apache.catalina.startup.HostConfig.deployWAR Webアプリケーションアーカイブ [C:\Users\i_kudou\Desktop\共有\-2026-\tomcat\webapps\student-management-v2.war] を配備します
23-Apr-2026 10:05:26.944 情報 [main] org.apache.catalina.startup.ExpandWar.expand 関連付けられた WAR ファイルと最終更新日時の異なる展開先ディレクトリ [C:\Users\i_kudou\Desktop\共有\-2026-\tomcat\webapps\student-management-v2] が見つかりました。削除します。
23-Apr-2026 10:05:29.544 情報 [main] org.apache.jasper.servlet.TldScanner.scanJars 少なくとも1つのJARでTLDをスキャンしましたが、TLDが含まれていませんでした。スキャンしたもののTLDが見つからなかったJARの完全なリストについては、このロガーのデバッグログを有効にしてください。スキャン中に不要なJARをスキップすると、起動時間とJSPのコンパイル時間が短縮されます。
23-Apr-2026 10:05:31.419 情報 [main] org.apache.catalina.startup.HostConfig.deployWAR Web アプリケーションアーカイブ [C:\Users\i_kudou\Desktop\共有\-2026-\tomcat\webapps\student-management-v2.war] の配備は [4,501] ミリ秒で完了しました
23-Apr-2026 10:05:31.425 情報 [main] org.apache.coyote.AbstractProtocol.start プロトコルハンドラー ["http-nio-8080"] を開始しました。
23-Apr-2026 10:05:31.490 情報 [main] org.apache.catalina.startup.Catalina.start サーバーの起動 [4723] ミリ秒
23-Apr-2026 10:10:00.186 情報 [main] org.apache.catalina.startup.VersionLoggerListener.log Serverのバージョン名:     Apache Tomcat/10.1.9
23-Apr-2026 10:10:00.191 情報 [main] org.apache.catalina.startup.VersionLoggerListener.log Server ビルド:            May 9 2023 14:30:05 UTC
23-Apr-2026 10:10:00.191 情報 [main] org.apache.catalina.startup.VersionLoggerListener.log サーバーのバージョン番号: 10.1.9.0
23-Apr-2026 10:10:00.192 情報 [main] org.apache.catalina.startup.VersionLoggerListener.log OS 名:                    Windows 11
23-Apr-2026 10:10:00.192 情報 [main] org.apache.catalina.startup.VersionLoggerListener.log OS バージョン:            10.0
23-Apr-2026 10:10:00.192 情報 [main] org.apache.catalina.startup.VersionLoggerListener.log アーキテクチャ:           amd64
23-Apr-2026 10:10:00.193 情報 [main] org.apache.catalina.startup.VersionLoggerListener.log Java Home:                C:\Program Files\Java\jdk-25
23-Apr-2026 10:10:00.193 情報 [main] org.apache.catalina.startup.VersionLoggerListener.log JVM バージョン:           25+37-LTS-3491
23-Apr-2026 10:10:00.193 情報 [main] org.apache.catalina.startup.VersionLoggerListener.log JVM ベンダ:               Oracle Corporation
23-Apr-2026 10:10:00.194 情報 [main] org.apache.catalina.startup.VersionLoggerListener.log CATALINA_BASE:            C:\Users\i_kudou\Desktop\共有\-2026-\tomcat
23-Apr-2026 10:10:00.194 情報 [main] org.apache.catalina.startup.VersionLoggerListener.log CATALINA_HOME:            C:\Users\i_kudou\Desktop\共有\-2026-\tomcat
23-Apr-2026 10:10:00.218 情報 [main] org.apache.catalina.startup.VersionLoggerListener.log コマンドライン引数:       -Djava.util.logging.config.file=C:\Users\i_kudou\Desktop\共有\-2026-\tomcat\conf\logging.properties
23-Apr-2026 10:10:00.218 情報 [main] org.apache.catalina.startup.VersionLoggerListener.log コマンドライン引数:       -Djava.util.logging.manager=org.apache.juli.ClassLoaderLogManager
23-Apr-2026 10:10:00.218 情報 [main] org.apache.catalina.startup.VersionLoggerListener.log コマンドライン引数:       -Djdk.tls.ephemeralDHKeySize=2048
23-Apr-2026 10:10:00.219 情報 [main] org.apache.catalina.startup.VersionLoggerListener.log コマンドライン引数:       -Djava.protocol.handler.pkgs=org.apache.catalina.webresources
23-Apr-2026 10:10:00.219 情報 [main] org.apache.catalina.startup.VersionLoggerListener.log コマンドライン引数:       --add-opens=java.base/java.lang=ALL-UNNAMED
23-Apr-2026 10:10:00.220 情報 [main] org.apache.catalina.startup.VersionLoggerListener.log コマンドライン引数:       --add-opens=java.base/java.io=ALL-UNNAMED
23-Apr-2026 10:10:00.220 情報 [main] org.apache.catalina.startup.VersionLoggerListener.log コマンドライン引数:       --add-opens=java.base/java.util=ALL-UNNAMED
23-Apr-2026 10:10:00.220 情報 [main] org.apache.catalina.startup.VersionLoggerListener.log コマンドライン引数:       --add-opens=java.base/java.util.concurrent=ALL-UNNAMED
23-Apr-2026 10:10:00.220 情報 [main] org.apache.catalina.startup.VersionLoggerListener.log コマンドライン引数:       --add-opens=java.rmi/sun.rmi.transport=ALL-UNNAMED
23-Apr-2026 10:10:00.220 情報 [main] org.apache.catalina.startup.VersionLoggerListener.log コマンドライン引数:       -Dcatalina.base=C:\Users\i_kudou\Desktop\共有\-2026-\tomcat
23-Apr-2026 10:10:00.222 情報 [main] org.apache.catalina.startup.VersionLoggerListener.log コマンドライン引数:       -Dcatalina.home=C:\Users\i_kudou\Desktop\共有\-2026-\tomcat
23-Apr-2026 10:10:00.222 情報 [main] org.apache.catalina.startup.VersionLoggerListener.log コマンドライン引数:       -Djava.io.tmpdir=C:\Users\i_kudou\Desktop\共有\-2026-\tomcat\temp
23-Apr-2026 10:10:00.239 情報 [main] org.apache.catalina.core.AprLifecycleListener.lifecycleEvent 商用環境に最適な性能を発揮する APR ベースの Tomcat ネイティブライブラリが java.library.path [C:\Program Files\Java\jdk-25\bin;C:\Windows\Sun\Java\bin;C:\Windows\system32;C:\Windows;C:\Program Files\Common Files\Oracle\Java\javapath;C:\Windows\system32;C:\Windows;C:\Windows\System32\Wbem;C:\Windows\System32\WindowsPowerShell\v1.0\;C:\Windows\System32\OpenSSH\;C:\Program Files\Git\cmd;C:\Program Files\Go\bin;C:\Users\i_kudou\AppData\Local\Programs\Python\Python313\Scripts\;C:\Users\i_kudou\AppData\Local\Programs\Python\Python313\;C:\Users\i_kudou\AppData\Local\Programs\Python\Launcher\;C:\Users\i_kudou\AppData\Local\Microsoft\WindowsApps;C:\Users\i_kudou\AppData\Local\Programs\Microsoft VS Code\bin;C:\Users\i_kudou\go\bin;.] に存在しません。
23-Apr-2026 10:10:00.700 情報 [main] org.apache.coyote.AbstractProtocol.init プロトコルハンドラ ["http-nio-8080"] を初期化します。
23-Apr-2026 10:10:00.740 情報 [main] org.apache.catalina.startup.Catalina.load サーバーの初期化 [919] ミリ秒
23-Apr-2026 10:10:00.814 情報 [main] org.apache.catalina.core.StandardService.startInternal サービス [Catalina] を起動します
23-Apr-2026 10:10:00.815 情報 [main] org.apache.catalina.core.StandardEngine.startInternal サーブレットエンジンの起動：[Apache Tomcat/10.1.9]
23-Apr-2026 10:10:00.855 情報 [main] org.apache.catalina.startup.HostConfig.deployWAR Webアプリケーションアーカイブ [C:\Users\i_kudou\Desktop\共有\-2026-\tomcat\webapps\student-management-v2.war] を配備します
23-Apr-2026 10:10:00.894 情報 [main] org.apache.catalina.startup.ExpandWar.expand 関連付けられた WAR ファイルと最終更新日時の異なる展開先ディレクトリ [C:\Users\i_kudou\Desktop\共有\-2026-\tomcat\webapps\student-management-v2] が見つかりました。削除します。
23-Apr-2026 10:10:03.286 情報 [main] org.apache.jasper.servlet.TldScanner.scanJars 少なくとも1つのJARでTLDをスキャンしましたが、TLDが含まれていませんでした。スキャンしたもののTLDが見つからなかったJARの完全なリストについては、このロガーのデバッグログを有効にしてください。スキャン中に不要なJARをスキップすると、起動時間とJSPのコンパイル時間が短縮されます。
23-Apr-2026 10:10:05.295 情報 [main] org.apache.catalina.startup.HostConfig.deployWAR Web アプリケーションアーカイブ [C:\Users\i_kudou\Desktop\共有\-2026-\tomcat\webapps\student-management-v2.war] の配備は [4,421] ミリ秒で完了しました
23-Apr-2026 10:10:05.303 情報 [main] org.apache.coyote.AbstractProtocol.start プロトコルハンドラー ["http-nio-8080"] を開始しました。
23-Apr-2026 10:10:05.358 情報 [main] org.apache.catalina.startup.Catalina.start サーバーの起動 [4613] ミリ秒
