10-Mar-2026 11:38:09.087 情報 [main] org.apache.catalina.startup.VersionLoggerListener.log Serverのバージョン名:     Apache Tomcat/10.1.9
10-Mar-2026 11:38:09.095 情報 [main] org.apache.catalina.startup.VersionLoggerListener.log Server ビルド:            May 9 2023 14:30:05 UTC
10-Mar-2026 11:38:09.096 情報 [main] org.apache.catalina.startup.VersionLoggerListener.log サーバーのバージョン番号: 10.1.9.0
10-Mar-2026 11:38:09.097 情報 [main] org.apache.catalina.startup.VersionLoggerListener.log OS 名:                    Windows 11
10-Mar-2026 11:38:09.097 情報 [main] org.apache.catalina.startup.VersionLoggerListener.log OS バージョン:            10.0
10-Mar-2026 11:38:09.098 情報 [main] org.apache.catalina.startup.VersionLoggerListener.log アーキテクチャ:           amd64
10-Mar-2026 11:38:09.098 情報 [main] org.apache.catalina.startup.VersionLoggerListener.log Java Home:                C:\基礎からのサーブレット：教材\jdk
10-Mar-2026 11:38:09.100 情報 [main] org.apache.catalina.startup.VersionLoggerListener.log JVM バージョン:           21+35-2513
10-Mar-2026 11:38:09.100 情報 [main] org.apache.catalina.startup.VersionLoggerListener.log JVM ベンダ:               Oracle Corporation
10-Mar-2026 11:38:09.100 情報 [main] org.apache.catalina.startup.VersionLoggerListener.log CATALINA_BASE:            C:\基礎からのサーブレット：教材\tomcat
10-Mar-2026 11:38:09.101 情報 [main] org.apache.catalina.startup.VersionLoggerListener.log CATALINA_HOME:            C:\基礎からのサーブレット：教材\tomcat
10-Mar-2026 11:38:09.148 情報 [main] org.apache.catalina.startup.VersionLoggerListener.log コマンドライン引数:       -Djava.util.logging.config.file=C:\基礎からのサーブレット：教材\tomcat\conf\logging.properties
10-Mar-2026 11:38:09.148 情報 [main] org.apache.catalina.startup.VersionLoggerListener.log コマンドライン引数:       -Djava.util.logging.manager=org.apache.juli.ClassLoaderLogManager
10-Mar-2026 11:38:09.149 情報 [main] org.apache.catalina.startup.VersionLoggerListener.log コマンドライン引数:       -Djdk.tls.ephemeralDHKeySize=2048
10-Mar-2026 11:38:09.149 情報 [main] org.apache.catalina.startup.VersionLoggerListener.log コマンドライン引数:       -Djava.protocol.handler.pkgs=org.apache.catalina.webresources
10-Mar-2026 11:38:09.149 情報 [main] org.apache.catalina.startup.VersionLoggerListener.log コマンドライン引数:       --add-opens=java.base/java.lang=ALL-UNNAMED
10-Mar-2026 11:38:09.150 情報 [main] org.apache.catalina.startup.VersionLoggerListener.log コマンドライン引数:       --add-opens=java.base/java.io=ALL-UNNAMED
10-Mar-2026 11:38:09.150 情報 [main] org.apache.catalina.startup.VersionLoggerListener.log コマンドライン引数:       --add-opens=java.base/java.util=ALL-UNNAMED
10-Mar-2026 11:38:09.151 情報 [main] org.apache.catalina.startup.VersionLoggerListener.log コマンドライン引数:       --add-opens=java.base/java.util.concurrent=ALL-UNNAMED
10-Mar-2026 11:38:09.151 情報 [main] org.apache.catalina.startup.VersionLoggerListener.log コマンドライン引数:       --add-opens=java.rmi/sun.rmi.transport=ALL-UNNAMED
10-Mar-2026 11:38:09.151 情報 [main] org.apache.catalina.startup.VersionLoggerListener.log コマンドライン引数:       -Dfile.encoding=UTF-8
10-Mar-2026 11:38:09.152 情報 [main] org.apache.catalina.startup.VersionLoggerListener.log コマンドライン引数:       -Dcatalina.base=C:\基礎からのサーブレット：教材\tomcat
10-Mar-2026 11:38:09.152 情報 [main] org.apache.catalina.startup.VersionLoggerListener.log コマンドライン引数:       -Dcatalina.home=C:\基礎からのサーブレット：教材\tomcat
10-Mar-2026 11:38:09.153 情報 [main] org.apache.catalina.startup.VersionLoggerListener.log コマンドライン引数:       -Djava.io.tmpdir=C:\基礎からのサーブレット：教材\tomcat\temp
10-Mar-2026 11:38:09.166 情報 [main] org.apache.catalina.core.AprLifecycleListener.lifecycleEvent 商用環境に最適な性能を発揮する APR ベースの Tomcat ネイティブライブラリが java.library.path [C:\基礎からのサーブレット：教材\jdk\bin;C:\Windows\Sun\Java\bin;C:\Windows\system32;C:\Windows;C:\基礎からのサーブレット：教材\jdk\bin;C:\Program Files\Common Files\Oracle\Java\javapath;C:\Windows\system32;C:\Windows;C:\Windows\System32\Wbem;C:\Windows\System32\WindowsPowerShell\v1.0\;C:\Windows\System32\OpenSSH\;C:\Program Files\Git\cmd;C:\Users\t_abe\AppData\Local\Programs\Python\Python313\Scripts\;C:\Users\t_abe\AppData\Local\Programs\Python\Python313\;C:\Users\t_abe\AppData\Local\Programs\Python\Launcher\;C:\Users\t_abe\AppData\Local\Microsoft\WindowsApps;C:\Users\t_abe\AppData\Local\Programs\Microsoft VS Code\bin;.] に存在しません。
10-Mar-2026 11:38:09.808 情報 [main] org.apache.coyote.AbstractProtocol.init プロトコルハンドラ ["http-nio-8080"] を初期化します。
10-Mar-2026 11:38:09.861 情報 [main] org.apache.catalina.startup.Catalina.load サーバーの初期化 [1253] ミリ秒
10-Mar-2026 11:38:09.980 情報 [main] org.apache.catalina.core.StandardService.startInternal サービス [Catalina] を起動します
10-Mar-2026 11:38:09.981 情報 [main] org.apache.catalina.core.StandardEngine.startInternal サーブレットエンジンの起動：[Apache Tomcat/10.1.9]
10-Mar-2026 11:38:10.003 情報 [main] org.apache.catalina.startup.HostConfig.deployDirectory Web アプリケーションディレクトリ [C:\基礎からのサーブレット：教材\tomcat\webapps\book] を配備します
10-Mar-2026 11:38:13.081 警告 [main] org.apache.jasper.servlet.TldScanner.scanJspConfig パス [/WEB-INF/mytag.tld] とURI [/WEB-INF/mytag.tld] のTLDを処理できませんでした。 指定されたパスは存在しません。
10-Mar-2026 11:38:13.580 情報 [main] org.apache.jasper.servlet.TldScanner.scanJars 少なくとも1つのJARでTLDをスキャンしましたが、TLDが含まれていませんでした。スキャンしたもののTLDが見つからなかったJARの完全なリストについては、このロガーのデバッグログを有効にしてください。スキャン中に不要なJARをスキップすると、起動時間とJSPのコンパイル時間が短縮されます。
10-Mar-2026 11:38:13.746 情報 [main] org.apache.catalina.startup.HostConfig.deployDirectory ディレクトリ [C:\基礎からのサーブレット：教材\tomcat\webapps\book] の Web アプリケーションの配備は [3,736] ミリ秒で完了しました。
10-Mar-2026 11:38:13.747 情報 [main] org.apache.catalina.startup.HostConfig.deployDirectory Web アプリケーションディレクトリ [C:\基礎からのサーブレット：教材\tomcat\webapps\docs] を配備します
10-Mar-2026 11:38:13.848 情報 [main] org.apache.catalina.startup.HostConfig.deployDirectory ディレクトリ [C:\基礎からのサーブレット：教材\tomcat\webapps\docs] の Web アプリケーションの配備は [100] ミリ秒で完了しました。
10-Mar-2026 11:38:13.848 情報 [main] org.apache.catalina.startup.HostConfig.deployDirectory Web アプリケーションディレクトリ [C:\基礎からのサーブレット：教材\tomcat\webapps\examples] を配備します
10-Mar-2026 11:38:16.008 情報 [main] org.apache.catalina.startup.HostConfig.deployDirectory ディレクトリ [C:\基礎からのサーブレット：教材\tomcat\webapps\examples] の Web アプリケーションの配備は [2,160] ミリ秒で完了しました。
10-Mar-2026 11:38:16.009 情報 [main] org.apache.catalina.startup.HostConfig.deployDirectory Web アプリケーションディレクトリ [C:\基礎からのサーブレット：教材\tomcat\webapps\host-manager] を配備します
10-Mar-2026 11:38:16.076 情報 [main] org.apache.catalina.startup.HostConfig.deployDirectory ディレクトリ [C:\基礎からのサーブレット：教材\tomcat\webapps\host-manager] の Web アプリケーションの配備は [66] ミリ秒で完了しました。
10-Mar-2026 11:38:16.077 情報 [main] org.apache.catalina.startup.HostConfig.deployDirectory Web アプリケーションディレクトリ [C:\基礎からのサーブレット：教材\tomcat\webapps\manager] を配備します
10-Mar-2026 11:38:16.142 情報 [main] org.apache.catalina.startup.HostConfig.deployDirectory ディレクトリ [C:\基礎からのサーブレット：教材\tomcat\webapps\manager] の Web アプリケーションの配備は [66] ミリ秒で完了しました。
10-Mar-2026 11:38:16.143 情報 [main] org.apache.catalina.startup.HostConfig.deployDirectory Web アプリケーションディレクトリ [C:\基礎からのサーブレット：教材\tomcat\webapps\ROOT] を配備します
10-Mar-2026 11:38:16.183 情報 [main] org.apache.catalina.startup.HostConfig.deployDirectory ディレクトリ [C:\基礎からのサーブレット：教材\tomcat\webapps\ROOT] の Web アプリケーションの配備は [39] ミリ秒で完了しました。
10-Mar-2026 11:38:16.184 情報 [main] org.apache.catalina.startup.HostConfig.deployDirectory Web アプリケーションディレクトリ [C:\基礎からのサーブレット：教材\tomcat\webapps\Sample_siken1] を配備します
10-Mar-2026 11:38:16.225 情報 [main] org.apache.catalina.startup.HostConfig.deployDirectory ディレクトリ [C:\基礎からのサーブレット：教材\tomcat\webapps\Sample_siken1] の Web アプリケーションの配備は [41] ミリ秒で完了しました。
10-Mar-2026 11:38:16.231 情報 [main] org.apache.coyote.AbstractProtocol.start プロトコルハンドラー ["http-nio-8080"] を開始しました。
10-Mar-2026 11:38:16.310 情報 [main] org.apache.catalina.startup.Catalina.start サーバーの起動 [6448] ミリ秒
10-Mar-2026 11:39:42.765 情報 [Thread-1] org.apache.coyote.AbstractProtocol.pause ProtocolHandler ["http-nio-8080"] を一時停止します。
10-Mar-2026 11:39:42.778 情報 [Thread-1] org.apache.catalina.core.StandardService.stopInternal サービス [Catalina] を停止します
10-Mar-2026 11:39:42.835 情報 [Thread-1] org.apache.coyote.AbstractProtocol.stop ProtocolHandler ["http-nio-8080"]の停止中
10-Mar-2026 11:39:42.855 情報 [Thread-1] org.apache.coyote.AbstractProtocol.destroy ProtocolHandler ["http-nio-8080"] を破棄します。
10-Mar-2026 12:04:25.649 情報 [main] org.apache.catalina.startup.VersionLoggerListener.log Serverのバージョン名:     Apache Tomcat/10.1.9
10-Mar-2026 12:04:25.664 情報 [main] org.apache.catalina.startup.VersionLoggerListener.log Server ビルド:            May 9 2023 14:30:05 UTC
10-Mar-2026 12:04:25.665 情報 [main] org.apache.catalina.startup.VersionLoggerListener.log サーバーのバージョン番号: 10.1.9.0
10-Mar-2026 12:04:25.665 情報 [main] org.apache.catalina.startup.VersionLoggerListener.log OS 名:                    Windows 11
10-Mar-2026 12:04:25.666 情報 [main] org.apache.catalina.startup.VersionLoggerListener.log OS バージョン:            10.0
10-Mar-2026 12:04:25.667 情報 [main] org.apache.catalina.startup.VersionLoggerListener.log アーキテクチャ:           amd64
10-Mar-2026 12:04:25.667 情報 [main] org.apache.catalina.startup.VersionLoggerListener.log Java Home:                C:\基礎からのサーブレット：教材\jdk
10-Mar-2026 12:04:25.668 情報 [main] org.apache.catalina.startup.VersionLoggerListener.log JVM バージョン:           21+35-2513
10-Mar-2026 12:04:25.669 情報 [main] org.apache.catalina.startup.VersionLoggerListener.log JVM ベンダ:               Oracle Corporation
10-Mar-2026 12:04:25.671 情報 [main] org.apache.catalina.startup.VersionLoggerListener.log CATALINA_BASE:            C:\基礎からのサーブレット：教材\tomcat
10-Mar-2026 12:04:25.672 情報 [main] org.apache.catalina.startup.VersionLoggerListener.log CATALINA_HOME:            C:\基礎からのサーブレット：教材\tomcat
10-Mar-2026 12:04:25.707 情報 [main] org.apache.catalina.startup.VersionLoggerListener.log コマンドライン引数:       -Djava.util.logging.config.file=C:\基礎からのサーブレット：教材\tomcat\conf\logging.properties
10-Mar-2026 12:04:25.707 情報 [main] org.apache.catalina.startup.VersionLoggerListener.log コマンドライン引数:       -Djava.util.logging.manager=org.apache.juli.ClassLoaderLogManager
10-Mar-2026 12:04:25.709 情報 [main] org.apache.catalina.startup.VersionLoggerListener.log コマンドライン引数:       -Djdk.tls.ephemeralDHKeySize=2048
10-Mar-2026 12:04:25.710 情報 [main] org.apache.catalina.startup.VersionLoggerListener.log コマンドライン引数:       -Djava.protocol.handler.pkgs=org.apache.catalina.webresources
10-Mar-2026 12:04:25.710 情報 [main] org.apache.catalina.startup.VersionLoggerListener.log コマンドライン引数:       --add-opens=java.base/java.lang=ALL-UNNAMED
10-Mar-2026 12:04:25.711 情報 [main] org.apache.catalina.startup.VersionLoggerListener.log コマンドライン引数:       --add-opens=java.base/java.io=ALL-UNNAMED
10-Mar-2026 12:04:25.712 情報 [main] org.apache.catalina.startup.VersionLoggerListener.log コマンドライン引数:       --add-opens=java.base/java.util=ALL-UNNAMED
10-Mar-2026 12:04:25.712 情報 [main] org.apache.catalina.startup.VersionLoggerListener.log コマンドライン引数:       --add-opens=java.base/java.util.concurrent=ALL-UNNAMED
10-Mar-2026 12:04:25.713 情報 [main] org.apache.catalina.startup.VersionLoggerListener.log コマンドライン引数:       --add-opens=java.rmi/sun.rmi.transport=ALL-UNNAMED
10-Mar-2026 12:04:25.713 情報 [main] org.apache.catalina.startup.VersionLoggerListener.log コマンドライン引数:       -Dfile.encoding=UTF-8
10-Mar-2026 12:04:25.714 情報 [main] org.apache.catalina.startup.VersionLoggerListener.log コマンドライン引数:       -Dcatalina.base=C:\基礎からのサーブレット：教材\tomcat
10-Mar-2026 12:04:25.714 情報 [main] org.apache.catalina.startup.VersionLoggerListener.log コマンドライン引数:       -Dcatalina.home=C:\基礎からのサーブレット：教材\tomcat
10-Mar-2026 12:04:25.715 情報 [main] org.apache.catalina.startup.VersionLoggerListener.log コマンドライン引数:       -Djava.io.tmpdir=C:\基礎からのサーブレット：教材\tomcat\temp
10-Mar-2026 12:04:25.729 情報 [main] org.apache.catalina.core.AprLifecycleListener.lifecycleEvent 商用環境に最適な性能を発揮する APR ベースの Tomcat ネイティブライブラリが java.library.path [C:\基礎からのサーブレット：教材\jdk\bin;C:\Windows\Sun\Java\bin;C:\Windows\system32;C:\Windows;C:\基礎からのサーブレット：教材\jdk\bin;C:\Program Files\Common Files\Oracle\Java\javapath;C:\Windows\system32;C:\Windows;C:\Windows\System32\Wbem;C:\Windows\System32\WindowsPowerShell\v1.0\;C:\Windows\System32\OpenSSH\;C:\Program Files\Git\cmd;C:\Users\t_abe\AppData\Local\Programs\Python\Python313\Scripts\;C:\Users\t_abe\AppData\Local\Programs\Python\Python313\;C:\Users\t_abe\AppData\Local\Programs\Python\Launcher\;C:\Users\t_abe\AppData\Local\Microsoft\WindowsApps;C:\Users\t_abe\AppData\Local\Programs\Microsoft VS Code\bin;.] に存在しません。
10-Mar-2026 12:04:26.434 情報 [main] org.apache.coyote.AbstractProtocol.init プロトコルハンドラ ["http-nio-8080"] を初期化します。
10-Mar-2026 12:04:26.469 重大 [main] org.apache.catalina.util.LifecycleBase.handleSubClassException コンポーネント [Connector[HTTP/1.1-8080]] の初期化に失敗しました
	org.apache.catalina.LifecycleException: プロトコルハンドラの初期化に失敗しました
		at org.apache.catalina.connector.Connector.initInternal(Connector.java:1018)
		at org.apache.catalina.util.LifecycleBase.init(LifecycleBase.java:136)
		at org.apache.catalina.core.StandardService.initInternal(StandardService.java:549)
		at org.apache.catalina.util.LifecycleBase.init(LifecycleBase.java:136)
		at org.apache.catalina.core.StandardServer.initInternal(StandardServer.java:999)
		at org.apache.catalina.util.LifecycleBase.init(LifecycleBase.java:136)
		at org.apache.catalina.startup.Catalina.load(Catalina.java:747)
		at org.apache.catalina.startup.Catalina.load(Catalina.java:769)
		at java.base/jdk.internal.reflect.DirectMethodHandleAccessor.invoke(DirectMethodHandleAccessor.java:103)
		at java.base/java.lang.reflect.Method.invoke(Method.java:580)
		at org.apache.catalina.startup.Bootstrap.load(Bootstrap.java:307)
		at org.apache.catalina.startup.Bootstrap.main(Bootstrap.java:477)
	Caused by: java.net.BindException: Address already in use: bind
		at java.base/sun.nio.ch.Net.bind0(Native Method)
		at java.base/sun.nio.ch.Net.bind(Net.java:565)
		at java.base/sun.nio.ch.ServerSocketChannelImpl.netBind(ServerSocketChannelImpl.java:344)
		at java.base/sun.nio.ch.ServerSocketChannelImpl.bind(ServerSocketChannelImpl.java:301)
		at org.apache.tomcat.util.net.NioEndpoint.initServerSocket(NioEndpoint.java:247)
		at org.apache.tomcat.util.net.NioEndpoint.bind(NioEndpoint.java:202)
		at org.apache.tomcat.util.net.AbstractEndpoint.bindWithCleanup(AbstractEndpoint.java:1256)
		at org.apache.tomcat.util.net.AbstractEndpoint.init(AbstractEndpoint.java:1269)
		at org.apache.coyote.AbstractProtocol.init(AbstractProtocol.java:622)
		at org.apache.coyote.http11.AbstractHttp11Protocol.init(AbstractHttp11Protocol.java:77)
		at org.apache.catalina.connector.Connector.initInternal(Connector.java:1016)
		... 11 more
10-Mar-2026 12:04:26.472 情報 [main] org.apache.catalina.startup.Catalina.load サーバーの初期化 [1292] ミリ秒
10-Mar-2026 12:04:26.629 情報 [main] org.apache.catalina.core.StandardService.startInternal サービス [Catalina] を起動します
10-Mar-2026 12:04:26.630 情報 [main] org.apache.catalina.core.StandardEngine.startInternal サーブレットエンジンの起動：[Apache Tomcat/10.1.9]
10-Mar-2026 12:04:26.667 情報 [main] org.apache.catalina.startup.HostConfig.deployDirectory Web アプリケーションディレクトリ [C:\基礎からのサーブレット：教材\tomcat\webapps\book] を配備します
10-Mar-2026 12:04:28.366 警告 [main] org.apache.jasper.servlet.TldScanner.scanJspConfig パス [/WEB-INF/mytag.tld] とURI [/WEB-INF/mytag.tld] のTLDを処理できませんでした。 指定されたパスは存在しません。
10-Mar-2026 12:04:28.823 情報 [main] org.apache.jasper.servlet.TldScanner.scanJars 少なくとも1つのJARでTLDをスキャンしましたが、TLDが含まれていませんでした。スキャンしたもののTLDが見つからなかったJARの完全なリストについては、このロガーのデバッグログを有効にしてください。スキャン中に不要なJARをスキップすると、起動時間とJSPのコンパイル時間が短縮されます。
10-Mar-2026 12:04:29.038 情報 [main] org.apache.catalina.startup.HostConfig.deployDirectory ディレクトリ [C:\基礎からのサーブレット：教材\tomcat\webapps\book] の Web アプリケーションの配備は [2,367] ミリ秒で完了しました。
10-Mar-2026 12:04:29.039 情報 [main] org.apache.catalina.startup.HostConfig.deployDirectory Web アプリケーションディレクトリ [C:\基礎からのサーブレット：教材\tomcat\webapps\docs] を配備します
10-Mar-2026 12:04:29.113 情報 [main] org.apache.catalina.startup.HostConfig.deployDirectory ディレクトリ [C:\基礎からのサーブレット：教材\tomcat\webapps\docs] の Web アプリケーションの配備は [74] ミリ秒で完了しました。
10-Mar-2026 12:04:29.114 情報 [main] org.apache.catalina.startup.HostConfig.deployDirectory Web アプリケーションディレクトリ [C:\基礎からのサーブレット：教材\tomcat\webapps\examples] を配備します
10-Mar-2026 12:04:29.932 情報 [main] org.apache.catalina.startup.HostConfig.deployDirectory ディレクトリ [C:\基礎からのサーブレット：教材\tomcat\webapps\examples] の Web アプリケーションの配備は [817] ミリ秒で完了しました。
10-Mar-2026 12:04:29.934 情報 [main] org.apache.catalina.startup.HostConfig.deployDirectory Web アプリケーションディレクトリ [C:\基礎からのサーブレット：教材\tomcat\webapps\host-manager] を配備します
10-Mar-2026 12:04:30.014 情報 [main] org.apache.catalina.startup.HostConfig.deployDirectory ディレクトリ [C:\基礎からのサーブレット：教材\tomcat\webapps\host-manager] の Web アプリケーションの配備は [81] ミリ秒で完了しました。
10-Mar-2026 12:04:30.015 情報 [main] org.apache.catalina.startup.HostConfig.deployDirectory Web アプリケーションディレクトリ [C:\基礎からのサーブレット：教材\tomcat\webapps\manager] を配備します
10-Mar-2026 12:04:30.082 情報 [main] org.apache.catalina.startup.HostConfig.deployDirectory ディレクトリ [C:\基礎からのサーブレット：教材\tomcat\webapps\manager] の Web アプリケーションの配備は [67] ミリ秒で完了しました。
10-Mar-2026 12:04:30.083 情報 [main] org.apache.catalina.startup.HostConfig.deployDirectory Web アプリケーションディレクトリ [C:\基礎からのサーブレット：教材\tomcat\webapps\ROOT] を配備します
10-Mar-2026 12:04:30.130 情報 [main] org.apache.catalina.startup.HostConfig.deployDirectory ディレクトリ [C:\基礎からのサーブレット：教材\tomcat\webapps\ROOT] の Web アプリケーションの配備は [47] ミリ秒で完了しました。
10-Mar-2026 12:04:30.131 情報 [main] org.apache.catalina.startup.HostConfig.deployDirectory Web アプリケーションディレクトリ [C:\基礎からのサーブレット：教材\tomcat\webapps\Sample_siken1] を配備します
10-Mar-2026 12:04:30.182 情報 [main] org.apache.catalina.startup.HostConfig.deployDirectory ディレクトリ [C:\基礎からのサーブレット：教材\tomcat\webapps\Sample_siken1] の Web アプリケーションの配備は [49] ミリ秒で完了しました。
10-Mar-2026 12:04:30.200 情報 [main] org.apache.catalina.startup.Catalina.start サーバーの起動 [3726] ミリ秒
10-Mar-2026 13:47:50.478 情報 [main] org.apache.catalina.startup.VersionLoggerListener.log Serverのバージョン名:     Apache Tomcat/10.1.9
10-Mar-2026 13:47:50.488 情報 [main] org.apache.catalina.startup.VersionLoggerListener.log Server ビルド:            May 9 2023 14:30:05 UTC
10-Mar-2026 13:47:50.489 情報 [main] org.apache.catalina.startup.VersionLoggerListener.log サーバーのバージョン番号: 10.1.9.0
10-Mar-2026 13:47:50.490 情報 [main] org.apache.catalina.startup.VersionLoggerListener.log OS 名:                    Windows 11
10-Mar-2026 13:47:50.491 情報 [main] org.apache.catalina.startup.VersionLoggerListener.log OS バージョン:            10.0
10-Mar-2026 13:47:50.491 情報 [main] org.apache.catalina.startup.VersionLoggerListener.log アーキテクチャ:           amd64
10-Mar-2026 13:47:50.491 情報 [main] org.apache.catalina.startup.VersionLoggerListener.log Java Home:                C:\基礎からのサーブレット：教材\jdk
10-Mar-2026 13:47:50.492 情報 [main] org.apache.catalina.startup.VersionLoggerListener.log JVM バージョン:           21+35-2513
10-Mar-2026 13:47:50.492 情報 [main] org.apache.catalina.startup.VersionLoggerListener.log JVM ベンダ:               Oracle Corporation
10-Mar-2026 13:47:50.492 情報 [main] org.apache.catalina.startup.VersionLoggerListener.log CATALINA_BASE:            C:\基礎からのサーブレット：教材\tomcat
10-Mar-2026 13:47:50.493 情報 [main] org.apache.catalina.startup.VersionLoggerListener.log CATALINA_HOME:            C:\基礎からのサーブレット：教材\tomcat
10-Mar-2026 13:47:50.519 情報 [main] org.apache.catalina.startup.VersionLoggerListener.log コマンドライン引数:       -Djava.util.logging.config.file=C:\基礎からのサーブレット：教材\tomcat\conf\logging.properties
10-Mar-2026 13:47:50.520 情報 [main] org.apache.catalina.startup.VersionLoggerListener.log コマンドライン引数:       -Djava.util.logging.manager=org.apache.juli.ClassLoaderLogManager
10-Mar-2026 13:47:50.520 情報 [main] org.apache.catalina.startup.VersionLoggerListener.log コマンドライン引数:       -Djdk.tls.ephemeralDHKeySize=2048
10-Mar-2026 13:47:50.521 情報 [main] org.apache.catalina.startup.VersionLoggerListener.log コマンドライン引数:       -Djava.protocol.handler.pkgs=org.apache.catalina.webresources
10-Mar-2026 13:47:50.521 情報 [main] org.apache.catalina.startup.VersionLoggerListener.log コマンドライン引数:       --add-opens=java.base/java.lang=ALL-UNNAMED
10-Mar-2026 13:47:50.521 情報 [main] org.apache.catalina.startup.VersionLoggerListener.log コマンドライン引数:       --add-opens=java.base/java.io=ALL-UNNAMED
10-Mar-2026 13:47:50.522 情報 [main] org.apache.catalina.startup.VersionLoggerListener.log コマンドライン引数:       --add-opens=java.base/java.util=ALL-UNNAMED
10-Mar-2026 13:47:50.522 情報 [main] org.apache.catalina.startup.VersionLoggerListener.log コマンドライン引数:       --add-opens=java.base/java.util.concurrent=ALL-UNNAMED
10-Mar-2026 13:47:50.522 情報 [main] org.apache.catalina.startup.VersionLoggerListener.log コマンドライン引数:       --add-opens=java.rmi/sun.rmi.transport=ALL-UNNAMED
10-Mar-2026 13:47:50.523 情報 [main] org.apache.catalina.startup.VersionLoggerListener.log コマンドライン引数:       -Dfile.encoding=UTF-8
10-Mar-2026 13:47:50.523 情報 [main] org.apache.catalina.startup.VersionLoggerListener.log コマンドライン引数:       -Dcatalina.base=C:\基礎からのサーブレット：教材\tomcat
10-Mar-2026 13:47:50.524 情報 [main] org.apache.catalina.startup.VersionLoggerListener.log コマンドライン引数:       -Dcatalina.home=C:\基礎からのサーブレット：教材\tomcat
10-Mar-2026 13:47:50.524 情報 [main] org.apache.catalina.startup.VersionLoggerListener.log コマンドライン引数:       -Djava.io.tmpdir=C:\基礎からのサーブレット：教材\tomcat\temp
10-Mar-2026 13:47:50.538 情報 [main] org.apache.catalina.core.AprLifecycleListener.lifecycleEvent 商用環境に最適な性能を発揮する APR ベースの Tomcat ネイティブライブラリが java.library.path [C:\基礎からのサーブレット：教材\jdk\bin;C:\Windows\Sun\Java\bin;C:\Windows\system32;C:\Windows;C:\基礎からのサーブレット：教材\jdk\bin;C:\Program Files\Common Files\Oracle\Java\javapath;C:\Windows\system32;C:\Windows;C:\Windows\System32\Wbem;C:\Windows\System32\WindowsPowerShell\v1.0\;C:\Windows\System32\OpenSSH\;C:\Program Files\Git\cmd;C:\Users\t_abe\AppData\Local\Programs\Python\Python313\Scripts\;C:\Users\t_abe\AppData\Local\Programs\Python\Python313\;C:\Users\t_abe\AppData\Local\Programs\Python\Launcher\;C:\Users\t_abe\AppData\Local\Microsoft\WindowsApps;C:\Users\t_abe\AppData\Local\Programs\Microsoft VS Code\bin;.] に存在しません。
10-Mar-2026 13:47:51.079 情報 [main] org.apache.coyote.AbstractProtocol.init プロトコルハンドラ ["http-nio-8080"] を初期化します。
10-Mar-2026 13:47:51.140 情報 [main] org.apache.catalina.startup.Catalina.load サーバーの初期化 [1092] ミリ秒
10-Mar-2026 13:47:51.266 情報 [main] org.apache.catalina.core.StandardService.startInternal サービス [Catalina] を起動します
10-Mar-2026 13:47:51.266 情報 [main] org.apache.catalina.core.StandardEngine.startInternal サーブレットエンジンの起動：[Apache Tomcat/10.1.9]
10-Mar-2026 13:47:51.285 情報 [main] org.apache.catalina.startup.HostConfig.deployDirectory Web アプリケーションディレクトリ [C:\基礎からのサーブレット：教材\tomcat\webapps\book] を配備します
10-Mar-2026 13:47:52.776 警告 [main] org.apache.jasper.servlet.TldScanner.scanJspConfig パス [/WEB-INF/mytag.tld] とURI [/WEB-INF/mytag.tld] のTLDを処理できませんでした。 指定されたパスは存在しません。
10-Mar-2026 13:47:53.284 情報 [main] org.apache.jasper.servlet.TldScanner.scanJars 少なくとも1つのJARでTLDをスキャンしましたが、TLDが含まれていませんでした。スキャンしたもののTLDが見つからなかったJARの完全なリストについては、このロガーのデバッグログを有効にしてください。スキャン中に不要なJARをスキップすると、起動時間とJSPのコンパイル時間が短縮されます。
10-Mar-2026 13:47:53.462 情報 [main] org.apache.catalina.startup.HostConfig.deployDirectory ディレクトリ [C:\基礎からのサーブレット：教材\tomcat\webapps\book] の Web アプリケーションの配備は [2,170] ミリ秒で完了しました。
10-Mar-2026 13:47:53.464 情報 [main] org.apache.catalina.startup.HostConfig.deployDirectory Web アプリケーションディレクトリ [C:\基礎からのサーブレット：教材\tomcat\webapps\docs] を配備します
10-Mar-2026 13:47:53.531 情報 [main] org.apache.catalina.startup.HostConfig.deployDirectory ディレクトリ [C:\基礎からのサーブレット：教材\tomcat\webapps\docs] の Web アプリケーションの配備は [68] ミリ秒で完了しました。
10-Mar-2026 13:47:53.532 情報 [main] org.apache.catalina.startup.HostConfig.deployDirectory Web アプリケーションディレクトリ [C:\基礎からのサーブレット：教材\tomcat\webapps\examples] を配備します
10-Mar-2026 13:47:54.365 情報 [main] org.apache.catalina.startup.HostConfig.deployDirectory ディレクトリ [C:\基礎からのサーブレット：教材\tomcat\webapps\examples] の Web アプリケーションの配備は [832] ミリ秒で完了しました。
10-Mar-2026 13:47:54.365 情報 [main] org.apache.catalina.startup.HostConfig.deployDirectory Web アプリケーションディレクトリ [C:\基礎からのサーブレット：教材\tomcat\webapps\host-manager] を配備します
10-Mar-2026 13:47:54.450 情報 [main] org.apache.catalina.startup.HostConfig.deployDirectory ディレクトリ [C:\基礎からのサーブレット：教材\tomcat\webapps\host-manager] の Web アプリケーションの配備は [85] ミリ秒で完了しました。
10-Mar-2026 13:47:54.451 情報 [main] org.apache.catalina.startup.HostConfig.deployDirectory Web アプリケーションディレクトリ [C:\基礎からのサーブレット：教材\tomcat\webapps\manager] を配備します
10-Mar-2026 13:47:54.532 情報 [main] org.apache.catalina.startup.HostConfig.deployDirectory ディレクトリ [C:\基礎からのサーブレット：教材\tomcat\webapps\manager] の Web アプリケーションの配備は [82] ミリ秒で完了しました。
10-Mar-2026 13:47:54.533 情報 [main] org.apache.catalina.startup.HostConfig.deployDirectory Web アプリケーションディレクトリ [C:\基礎からのサーブレット：教材\tomcat\webapps\ROOT] を配備します
10-Mar-2026 13:47:54.577 情報 [main] org.apache.catalina.startup.HostConfig.deployDirectory ディレクトリ [C:\基礎からのサーブレット：教材\tomcat\webapps\ROOT] の Web アプリケーションの配備は [44] ミリ秒で完了しました。
10-Mar-2026 13:47:54.578 情報 [main] org.apache.catalina.startup.HostConfig.deployDirectory Web アプリケーションディレクトリ [C:\基礎からのサーブレット：教材\tomcat\webapps\Sample_siken1] を配備します
10-Mar-2026 13:47:54.618 情報 [main] org.apache.catalina.startup.HostConfig.deployDirectory ディレクトリ [C:\基礎からのサーブレット：教材\tomcat\webapps\Sample_siken1] の Web アプリケーションの配備は [40] ミリ秒で完了しました。
10-Mar-2026 13:47:54.627 情報 [main] org.apache.coyote.AbstractProtocol.start プロトコルハンドラー ["http-nio-8080"] を開始しました。
10-Mar-2026 13:47:54.687 情報 [main] org.apache.catalina.startup.Catalina.start サーバーの起動 [3544] ミリ秒
10-Mar-2026 13:49:53.027 情報 [Thread-1] org.apache.coyote.AbstractProtocol.pause ProtocolHandler ["http-nio-8080"] を一時停止します。
10-Mar-2026 13:49:53.035 情報 [Thread-1] org.apache.catalina.core.StandardService.stopInternal サービス [Catalina] を停止します
10-Mar-2026 13:49:53.085 情報 [Thread-1] org.apache.coyote.AbstractProtocol.stop ProtocolHandler ["http-nio-8080"]の停止中
10-Mar-2026 13:49:53.096 情報 [Thread-1] org.apache.coyote.AbstractProtocol.destroy ProtocolHandler ["http-nio-8080"] を破棄します。
