21-Apr-2026 13:32:04.482 情報 [main] org.apache.catalina.startup.VersionLoggerListener.log Serverのバージョン名:     Apache Tomcat/10.1.9
21-Apr-2026 13:32:04.487 情報 [main] org.apache.catalina.startup.VersionLoggerListener.log Server ビルド:            May 9 2023 14:30:05 UTC
21-Apr-2026 13:32:04.488 情報 [main] org.apache.catalina.startup.VersionLoggerListener.log サーバーのバージョン番号: 10.1.9.0
21-Apr-2026 13:32:04.488 情報 [main] org.apache.catalina.startup.VersionLoggerListener.log OS 名:                    Windows 11
21-Apr-2026 13:32:04.488 情報 [main] org.apache.catalina.startup.VersionLoggerListener.log OS バージョン:            10.0
21-Apr-2026 13:32:04.489 情報 [main] org.apache.catalina.startup.VersionLoggerListener.log アーキテクチャ:           amd64
21-Apr-2026 13:32:04.489 情報 [main] org.apache.catalina.startup.VersionLoggerListener.log Java Home:                C:\Program Files\Java\jdk-25
21-Apr-2026 13:32:04.490 情報 [main] org.apache.catalina.startup.VersionLoggerListener.log JVM バージョン:           25.0.1+8-LTS-27
21-Apr-2026 13:32:04.490 情報 [main] org.apache.catalina.startup.VersionLoggerListener.log JVM ベンダ:               Oracle Corporation
21-Apr-2026 13:32:04.490 情報 [main] org.apache.catalina.startup.VersionLoggerListener.log CATALINA_BASE:            C:\Users\t_abe\Desktop\学校：グループ開発\tomcat
21-Apr-2026 13:32:04.492 情報 [main] org.apache.catalina.startup.VersionLoggerListener.log CATALINA_HOME:            C:\Users\t_abe\Desktop\学校：グループ開発\tomcat
21-Apr-2026 13:32:04.529 情報 [main] org.apache.catalina.startup.VersionLoggerListener.log コマンドライン引数:       -Djava.util.logging.config.file=C:\Users\t_abe\Desktop\学校：グループ開発\tomcat\conf\logging.properties
21-Apr-2026 13:32:04.529 情報 [main] org.apache.catalina.startup.VersionLoggerListener.log コマンドライン引数:       -Djava.util.logging.manager=org.apache.juli.ClassLoaderLogManager
21-Apr-2026 13:32:04.529 情報 [main] org.apache.catalina.startup.VersionLoggerListener.log コマンドライン引数:       -Djdk.tls.ephemeralDHKeySize=2048
21-Apr-2026 13:32:04.531 情報 [main] org.apache.catalina.startup.VersionLoggerListener.log コマンドライン引数:       -Djava.protocol.handler.pkgs=org.apache.catalina.webresources
21-Apr-2026 13:32:04.531 情報 [main] org.apache.catalina.startup.VersionLoggerListener.log コマンドライン引数:       --add-opens=java.base/java.lang=ALL-UNNAMED
21-Apr-2026 13:32:04.531 情報 [main] org.apache.catalina.startup.VersionLoggerListener.log コマンドライン引数:       --add-opens=java.base/java.io=ALL-UNNAMED
21-Apr-2026 13:32:04.531 情報 [main] org.apache.catalina.startup.VersionLoggerListener.log コマンドライン引数:       --add-opens=java.base/java.util=ALL-UNNAMED
21-Apr-2026 13:32:04.533 情報 [main] org.apache.catalina.startup.VersionLoggerListener.log コマンドライン引数:       --add-opens=java.base/java.util.concurrent=ALL-UNNAMED
21-Apr-2026 13:32:04.533 情報 [main] org.apache.catalina.startup.VersionLoggerListener.log コマンドライン引数:       --add-opens=java.rmi/sun.rmi.transport=ALL-UNNAMED
21-Apr-2026 13:32:04.533 情報 [main] org.apache.catalina.startup.VersionLoggerListener.log コマンドライン引数:       -Dcatalina.base=C:\Users\t_abe\Desktop\学校：グループ開発\tomcat
21-Apr-2026 13:32:04.534 情報 [main] org.apache.catalina.startup.VersionLoggerListener.log コマンドライン引数:       -Dcatalina.home=C:\Users\t_abe\Desktop\学校：グループ開発\tomcat
21-Apr-2026 13:32:04.534 情報 [main] org.apache.catalina.startup.VersionLoggerListener.log コマンドライン引数:       -Djava.io.tmpdir=C:\Users\t_abe\Desktop\学校：グループ開発\tomcat\temp
21-Apr-2026 13:32:04.556 情報 [main] org.apache.catalina.core.AprLifecycleListener.lifecycleEvent 商用環境に最適な性能を発揮する APR ベースの Tomcat ネイティブライブラリが java.library.path [C:\Program Files\Java\jdk-25\bin;C:\Windows\Sun\Java\bin;C:\Windows\system32;C:\Windows;C:\Program Files\Common Files\Oracle\Java\javapath;C:\Windows\system32;C:\Windows;C:\Windows\System32\Wbem;C:\Windows\System32\WindowsPowerShell\v1.0\;C:\Windows\System32\OpenSSH\;C:\Program Files\Git\cmd;C:\Program Files\Docker\Docker\resources\bin;C:\Program Files\nodejs\;C:\Program Files\Go\bin;C:\Maven\apache-maven-3.9.14\bin;C:\Users\t_abe\AppData\Local\Programs\Python\Python313\Scripts\;C:\Users\t_abe\AppData\Local\Programs\Python\Python313\;C:\Users\t_abe\AppData\Local\Programs\Python\Launcher\;C:\Users\t_abe\AppData\Local\Microsoft\WindowsApps;C:\Users\t_abe\AppData\Local\Programs\Microsoft VS Code\bin;C:\Users\t_abe\AppData\Local\Programs\Antigravity\bin;C:\Users\t_abe\AppData\Roaming\npm;C:\Users\t_abe\go\bin;c:\Users\t_abe\.antigravity\extensions\vscjava.vscode-java-debug-0.59.0-universal\bundled\scripts\noConfigScripts;.] に存在しません。
21-Apr-2026 13:32:05.100 情報 [main] org.apache.coyote.AbstractProtocol.init プロトコルハンドラ ["http-nio-8080"] を初期化します。
21-Apr-2026 13:32:05.177 情報 [main] org.apache.catalina.startup.Catalina.load サーバーの初期化 [1177] ミリ秒
21-Apr-2026 13:32:05.274 情報 [main] org.apache.catalina.core.StandardService.startInternal サービス [Catalina] を起動します
21-Apr-2026 13:32:05.275 情報 [main] org.apache.catalina.core.StandardEngine.startInternal サーブレットエンジンの起動：[Apache Tomcat/10.1.9]
21-Apr-2026 13:32:05.322 情報 [main] org.apache.catalina.startup.HostConfig.deployWAR Webアプリケーションアーカイブ [C:\Users\t_abe\Desktop\学校：グループ開発\tomcat\webapps\student-management-v2.war] を配備します
21-Apr-2026 13:32:07.575 情報 [main] org.apache.jasper.servlet.TldScanner.scanJars 少なくとも1つのJARでTLDをスキャンしましたが、TLDが含まれていませんでした。スキャンしたもののTLDが見つからなかったJARの完全なリストについては、このロガーのデバッグログを有効にしてください。スキャン中に不要なJARをスキップすると、起動時間とJSPのコンパイル時間が短縮されます。
21-Apr-2026 13:32:13.690 情報 [main] org.apache.catalina.startup.HostConfig.deployWAR Web アプリケーションアーカイブ [C:\Users\t_abe\Desktop\学校：グループ開発\tomcat\webapps\student-management-v2.war] の配備は [8,354] ミリ秒で完了しました
21-Apr-2026 13:32:13.698 情報 [main] org.apache.coyote.AbstractProtocol.start プロトコルハンドラー ["http-nio-8080"] を開始しました。
21-Apr-2026 13:32:13.770 情報 [main] org.apache.catalina.startup.Catalina.start サーバーの起動 [8589] ミリ秒
21-Apr-2026 13:35:26.894 情報 [main] org.apache.catalina.startup.VersionLoggerListener.log Serverのバージョン名:     Apache Tomcat/10.1.9
21-Apr-2026 13:35:26.898 情報 [main] org.apache.catalina.startup.VersionLoggerListener.log Server ビルド:            May 9 2023 14:30:05 UTC
21-Apr-2026 13:35:26.899 情報 [main] org.apache.catalina.startup.VersionLoggerListener.log サーバーのバージョン番号: 10.1.9.0
21-Apr-2026 13:35:26.899 情報 [main] org.apache.catalina.startup.VersionLoggerListener.log OS 名:                    Windows 11
21-Apr-2026 13:35:26.900 情報 [main] org.apache.catalina.startup.VersionLoggerListener.log OS バージョン:            10.0
21-Apr-2026 13:35:26.900 情報 [main] org.apache.catalina.startup.VersionLoggerListener.log アーキテクチャ:           amd64
21-Apr-2026 13:35:26.900 情報 [main] org.apache.catalina.startup.VersionLoggerListener.log Java Home:                C:\Program Files\Java\jdk-25
21-Apr-2026 13:35:26.901 情報 [main] org.apache.catalina.startup.VersionLoggerListener.log JVM バージョン:           25.0.1+8-LTS-27
21-Apr-2026 13:35:26.902 情報 [main] org.apache.catalina.startup.VersionLoggerListener.log JVM ベンダ:               Oracle Corporation
21-Apr-2026 13:35:26.902 情報 [main] org.apache.catalina.startup.VersionLoggerListener.log CATALINA_BASE:            C:\Users\t_abe\Desktop\学校：グループ開発\tomcat
21-Apr-2026 13:35:26.902 情報 [main] org.apache.catalina.startup.VersionLoggerListener.log CATALINA_HOME:            C:\Users\t_abe\Desktop\学校：グループ開発\tomcat
21-Apr-2026 13:35:26.923 情報 [main] org.apache.catalina.startup.VersionLoggerListener.log コマンドライン引数:       -Djava.util.logging.config.file=C:\Users\t_abe\Desktop\学校：グループ開発\tomcat\conf\logging.properties
21-Apr-2026 13:35:26.924 情報 [main] org.apache.catalina.startup.VersionLoggerListener.log コマンドライン引数:       -Djava.util.logging.manager=org.apache.juli.ClassLoaderLogManager
21-Apr-2026 13:35:26.924 情報 [main] org.apache.catalina.startup.VersionLoggerListener.log コマンドライン引数:       -Djdk.tls.ephemeralDHKeySize=2048
21-Apr-2026 13:35:26.924 情報 [main] org.apache.catalina.startup.VersionLoggerListener.log コマンドライン引数:       -Djava.protocol.handler.pkgs=org.apache.catalina.webresources
21-Apr-2026 13:35:26.926 情報 [main] org.apache.catalina.startup.VersionLoggerListener.log コマンドライン引数:       --add-opens=java.base/java.lang=ALL-UNNAMED
21-Apr-2026 13:35:26.926 情報 [main] org.apache.catalina.startup.VersionLoggerListener.log コマンドライン引数:       --add-opens=java.base/java.io=ALL-UNNAMED
21-Apr-2026 13:35:26.927 情報 [main] org.apache.catalina.startup.VersionLoggerListener.log コマンドライン引数:       --add-opens=java.base/java.util=ALL-UNNAMED
21-Apr-2026 13:35:26.927 情報 [main] org.apache.catalina.startup.VersionLoggerListener.log コマンドライン引数:       --add-opens=java.base/java.util.concurrent=ALL-UNNAMED
21-Apr-2026 13:35:26.927 情報 [main] org.apache.catalina.startup.VersionLoggerListener.log コマンドライン引数:       --add-opens=java.rmi/sun.rmi.transport=ALL-UNNAMED
21-Apr-2026 13:35:26.929 情報 [main] org.apache.catalina.startup.VersionLoggerListener.log コマンドライン引数:       -Dcatalina.base=C:\Users\t_abe\Desktop\学校：グループ開発\tomcat
21-Apr-2026 13:35:26.929 情報 [main] org.apache.catalina.startup.VersionLoggerListener.log コマンドライン引数:       -Dcatalina.home=C:\Users\t_abe\Desktop\学校：グループ開発\tomcat
21-Apr-2026 13:35:26.929 情報 [main] org.apache.catalina.startup.VersionLoggerListener.log コマンドライン引数:       -Djava.io.tmpdir=C:\Users\t_abe\Desktop\学校：グループ開発\tomcat\temp
21-Apr-2026 13:35:26.952 情報 [main] org.apache.catalina.core.AprLifecycleListener.lifecycleEvent 商用環境に最適な性能を発揮する APR ベースの Tomcat ネイティブライブラリが java.library.path [C:\Program Files\Java\jdk-25\bin;C:\Windows\Sun\Java\bin;C:\Windows\system32;C:\Windows;C:\Program Files\Common Files\Oracle\Java\javapath;C:\Windows\system32;C:\Windows;C:\Windows\System32\Wbem;C:\Windows\System32\WindowsPowerShell\v1.0\;C:\Windows\System32\OpenSSH\;C:\Program Files\Git\cmd;C:\Program Files\Docker\Docker\resources\bin;C:\Program Files\nodejs\;C:\Program Files\Go\bin;C:\Maven\apache-maven-3.9.14\bin;C:\Users\t_abe\AppData\Local\Programs\Python\Python313\Scripts\;C:\Users\t_abe\AppData\Local\Programs\Python\Python313\;C:\Users\t_abe\AppData\Local\Programs\Python\Launcher\;C:\Users\t_abe\AppData\Local\Microsoft\WindowsApps;C:\Users\t_abe\AppData\Local\Programs\Microsoft VS Code\bin;C:\Users\t_abe\AppData\Local\Programs\Antigravity\bin;C:\Users\t_abe\AppData\Roaming\npm;C:\Users\t_abe\go\bin;c:\Users\t_abe\.antigravity\extensions\vscjava.vscode-java-debug-0.59.0-universal\bundled\scripts\noConfigScripts;.] に存在しません。
21-Apr-2026 13:35:27.590 情報 [main] org.apache.coyote.AbstractProtocol.init プロトコルハンドラ ["http-nio-8080"] を初期化します。
21-Apr-2026 13:35:27.642 情報 [main] org.apache.catalina.startup.Catalina.load サーバーの初期化 [1103] ミリ秒
21-Apr-2026 13:35:27.735 情報 [main] org.apache.catalina.core.StandardService.startInternal サービス [Catalina] を起動します
21-Apr-2026 13:35:27.737 情報 [main] org.apache.catalina.core.StandardEngine.startInternal サーブレットエンジンの起動：[Apache Tomcat/10.1.9]
21-Apr-2026 13:35:27.788 情報 [main] org.apache.catalina.startup.HostConfig.deployWAR Webアプリケーションアーカイブ [C:\Users\t_abe\Desktop\学校：グループ開発\tomcat\webapps\student-management-v2.war] を配備します
21-Apr-2026 13:35:29.624 情報 [main] org.apache.jasper.servlet.TldScanner.scanJars 少なくとも1つのJARでTLDをスキャンしましたが、TLDが含まれていませんでした。スキャンしたもののTLDが見つからなかったJARの完全なリストについては、このロガーのデバッグログを有効にしてください。スキャン中に不要なJARをスキップすると、起動時間とJSPのコンパイル時間が短縮されます。
21-Apr-2026 13:35:31.403 情報 [main] org.apache.catalina.startup.HostConfig.deployWAR Web アプリケーションアーカイブ [C:\Users\t_abe\Desktop\学校：グループ開発\tomcat\webapps\student-management-v2.war] の配備は [3,604] ミリ秒で完了しました
21-Apr-2026 13:35:31.409 情報 [main] org.apache.coyote.AbstractProtocol.start プロトコルハンドラー ["http-nio-8080"] を開始しました。
21-Apr-2026 13:35:31.471 情報 [main] org.apache.catalina.startup.Catalina.start サーバーの起動 [3824] ミリ秒
