11-Mar-2026 13:52:59.224 情報 [main] org.apache.catalina.startup.VersionLoggerListener.log Serverのバージョン名:     Apache Tomcat/10.1.9
11-Mar-2026 13:52:59.242 情報 [main] org.apache.catalina.startup.VersionLoggerListener.log Server ビルド:            May 9 2023 14:30:05 UTC
11-Mar-2026 13:52:59.244 情報 [main] org.apache.catalina.startup.VersionLoggerListener.log サーバーのバージョン番号: 10.1.9.0
11-Mar-2026 13:52:59.254 情報 [main] org.apache.catalina.startup.VersionLoggerListener.log OS 名:                    Windows 11
11-Mar-2026 13:52:59.257 情報 [main] org.apache.catalina.startup.VersionLoggerListener.log OS バージョン:            10.0
11-Mar-2026 13:52:59.258 情報 [main] org.apache.catalina.startup.VersionLoggerListener.log アーキテクチャ:           amd64
11-Mar-2026 13:52:59.261 情報 [main] org.apache.catalina.startup.VersionLoggerListener.log Java Home:                C:\基礎からのサーブレット：教材\jdk
11-Mar-2026 13:52:59.262 情報 [main] org.apache.catalina.startup.VersionLoggerListener.log JVM バージョン:           21+35-2513
11-Mar-2026 13:52:59.262 情報 [main] org.apache.catalina.startup.VersionLoggerListener.log JVM ベンダ:               Oracle Corporation
11-Mar-2026 13:52:59.264 情報 [main] org.apache.catalina.startup.VersionLoggerListener.log CATALINA_BASE:            C:\基礎からのサーブレット：教材\tomcat
11-Mar-2026 13:52:59.266 情報 [main] org.apache.catalina.startup.VersionLoggerListener.log CATALINA_HOME:            C:\基礎からのサーブレット：教材\tomcat
11-Mar-2026 13:52:59.318 情報 [main] org.apache.catalina.startup.VersionLoggerListener.log コマンドライン引数:       -Djava.util.logging.config.file=C:\基礎からのサーブレット：教材\tomcat\conf\logging.properties
11-Mar-2026 13:52:59.318 情報 [main] org.apache.catalina.startup.VersionLoggerListener.log コマンドライン引数:       -Djava.util.logging.manager=org.apache.juli.ClassLoaderLogManager
11-Mar-2026 13:52:59.318 情報 [main] org.apache.catalina.startup.VersionLoggerListener.log コマンドライン引数:       -Djdk.tls.ephemeralDHKeySize=2048
11-Mar-2026 13:52:59.319 情報 [main] org.apache.catalina.startup.VersionLoggerListener.log コマンドライン引数:       -Djava.protocol.handler.pkgs=org.apache.catalina.webresources
11-Mar-2026 13:52:59.319 情報 [main] org.apache.catalina.startup.VersionLoggerListener.log コマンドライン引数:       --add-opens=java.base/java.lang=ALL-UNNAMED
11-Mar-2026 13:52:59.320 情報 [main] org.apache.catalina.startup.VersionLoggerListener.log コマンドライン引数:       --add-opens=java.base/java.io=ALL-UNNAMED
11-Mar-2026 13:52:59.320 情報 [main] org.apache.catalina.startup.VersionLoggerListener.log コマンドライン引数:       --add-opens=java.base/java.util=ALL-UNNAMED
11-Mar-2026 13:52:59.321 情報 [main] org.apache.catalina.startup.VersionLoggerListener.log コマンドライン引数:       --add-opens=java.base/java.util.concurrent=ALL-UNNAMED
11-Mar-2026 13:52:59.321 情報 [main] org.apache.catalina.startup.VersionLoggerListener.log コマンドライン引数:       --add-opens=java.rmi/sun.rmi.transport=ALL-UNNAMED
11-Mar-2026 13:52:59.321 情報 [main] org.apache.catalina.startup.VersionLoggerListener.log コマンドライン引数:       -Dfile.encoding=UTF-8
11-Mar-2026 13:52:59.323 情報 [main] org.apache.catalina.startup.VersionLoggerListener.log コマンドライン引数:       -Dcatalina.base=C:\基礎からのサーブレット：教材\tomcat
11-Mar-2026 13:52:59.323 情報 [main] org.apache.catalina.startup.VersionLoggerListener.log コマンドライン引数:       -Dcatalina.home=C:\基礎からのサーブレット：教材\tomcat
11-Mar-2026 13:52:59.323 情報 [main] org.apache.catalina.startup.VersionLoggerListener.log コマンドライン引数:       -Djava.io.tmpdir=C:\基礎からのサーブレット：教材\tomcat\temp
11-Mar-2026 13:52:59.342 情報 [main] org.apache.catalina.core.AprLifecycleListener.lifecycleEvent 商用環境に最適な性能を発揮する APR ベースの Tomcat ネイティブライブラリが java.library.path [C:\基礎からのサーブレット：教材\jdk\bin;C:\Windows\Sun\Java\bin;C:\Windows\system32;C:\Windows;C:\基礎からのサーブレット：教材\jdk\bin;C:\Program Files\Common Files\Oracle\Java\javapath;C:\Windows\system32;C:\Windows;C:\Windows\System32\Wbem;C:\Windows\System32\WindowsPowerShell\v1.0\;C:\Windows\System32\OpenSSH\;C:\Program Files\Git\cmd;C:\Users\t_abe\AppData\Local\Programs\Python\Python313\Scripts\;C:\Users\t_abe\AppData\Local\Programs\Python\Python313\;C:\Users\t_abe\AppData\Local\Programs\Python\Launcher\;C:\Users\t_abe\AppData\Local\Microsoft\WindowsApps;C:\Users\t_abe\AppData\Local\Programs\Microsoft VS Code\bin;.] に存在しません。
11-Mar-2026 13:53:00.095 情報 [main] org.apache.coyote.AbstractProtocol.init プロトコルハンドラ ["http-nio-8080"] を初期化します。
11-Mar-2026 13:53:00.161 情報 [main] org.apache.catalina.startup.Catalina.load サーバーの初期化 [1538] ミリ秒
11-Mar-2026 13:53:00.318 情報 [main] org.apache.catalina.core.StandardService.startInternal サービス [Catalina] を起動します
11-Mar-2026 13:53:00.318 情報 [main] org.apache.catalina.core.StandardEngine.startInternal サーブレットエンジンの起動：[Apache Tomcat/10.1.9]
11-Mar-2026 13:53:00.333 情報 [main] org.apache.catalina.startup.HostConfig.deployDirectory Web アプリケーションディレクトリ [C:\基礎からのサーブレット：教材\tomcat\webapps\book] を配備します
11-Mar-2026 13:53:04.239 警告 [main] org.apache.jasper.servlet.TldScanner.scanJspConfig パス [/WEB-INF/mytag.tld] とURI [/WEB-INF/mytag.tld] のTLDを処理できませんでした。 指定されたパスは存在しません。
11-Mar-2026 13:53:04.770 情報 [main] org.apache.jasper.servlet.TldScanner.scanJars 少なくとも1つのJARでTLDをスキャンしましたが、TLDが含まれていませんでした。スキャンしたもののTLDが見つからなかったJARの完全なリストについては、このロガーのデバッグログを有効にしてください。スキャン中に不要なJARをスキップすると、起動時間とJSPのコンパイル時間が短縮されます。
11-Mar-2026 13:53:05.002 情報 [main] org.apache.catalina.startup.HostConfig.deployDirectory ディレクトリ [C:\基礎からのサーブレット：教材\tomcat\webapps\book] の Web アプリケーションの配備は [4,661] ミリ秒で完了しました。
11-Mar-2026 13:53:05.004 情報 [main] org.apache.catalina.startup.HostConfig.deployDirectory Web アプリケーションディレクトリ [C:\基礎からのサーブレット：教材\tomcat\webapps\docs] を配備します
11-Mar-2026 13:53:05.107 情報 [main] org.apache.catalina.startup.HostConfig.deployDirectory ディレクトリ [C:\基礎からのサーブレット：教材\tomcat\webapps\docs] の Web アプリケーションの配備は [102] ミリ秒で完了しました。
11-Mar-2026 13:53:05.107 情報 [main] org.apache.catalina.startup.HostConfig.deployDirectory Web アプリケーションディレクトリ [C:\基礎からのサーブレット：教材\tomcat\webapps\examples] を配備します
11-Mar-2026 13:53:08.400 情報 [main] org.apache.catalina.startup.HostConfig.deployDirectory ディレクトリ [C:\基礎からのサーブレット：教材\tomcat\webapps\examples] の Web アプリケーションの配備は [3,293] ミリ秒で完了しました。
11-Mar-2026 13:53:08.403 情報 [main] org.apache.catalina.startup.HostConfig.deployDirectory Web アプリケーションディレクトリ [C:\基礎からのサーブレット：教材\tomcat\webapps\host-manager] を配備します
11-Mar-2026 13:53:08.523 情報 [main] org.apache.catalina.startup.HostConfig.deployDirectory ディレクトリ [C:\基礎からのサーブレット：教材\tomcat\webapps\host-manager] の Web アプリケーションの配備は [118] ミリ秒で完了しました。
11-Mar-2026 13:53:08.523 情報 [main] org.apache.catalina.startup.HostConfig.deployDirectory Web アプリケーションディレクトリ [C:\基礎からのサーブレット：教材\tomcat\webapps\manager] を配備します
11-Mar-2026 13:53:08.633 情報 [main] org.apache.catalina.startup.HostConfig.deployDirectory ディレクトリ [C:\基礎からのサーブレット：教材\tomcat\webapps\manager] の Web アプリケーションの配備は [110] ミリ秒で完了しました。
11-Mar-2026 13:53:08.633 情報 [main] org.apache.catalina.startup.HostConfig.deployDirectory Web アプリケーションディレクトリ [C:\基礎からのサーブレット：教材\tomcat\webapps\ROOT] を配備します
11-Mar-2026 13:53:08.699 情報 [main] org.apache.catalina.startup.HostConfig.deployDirectory ディレクトリ [C:\基礎からのサーブレット：教材\tomcat\webapps\ROOT] の Web アプリケーションの配備は [66] ミリ秒で完了しました。
11-Mar-2026 13:53:08.699 情報 [main] org.apache.catalina.startup.HostConfig.deployDirectory Web アプリケーションディレクトリ [C:\基礎からのサーブレット：教材\tomcat\webapps\Sample_siken1] を配備します
11-Mar-2026 13:53:08.742 情報 [main] org.apache.catalina.startup.HostConfig.deployDirectory ディレクトリ [C:\基礎からのサーブレット：教材\tomcat\webapps\Sample_siken1] の Web アプリケーションの配備は [41] ミリ秒で完了しました。
11-Mar-2026 13:53:08.746 情報 [main] org.apache.coyote.AbstractProtocol.start プロトコルハンドラー ["http-nio-8080"] を開始しました。
11-Mar-2026 13:53:08.867 情報 [main] org.apache.catalina.startup.Catalina.start サーバーの起動 [8709] ミリ秒
