27-Feb-2026 10:19:40.166 情報 [main] org.apache.catalina.startup.VersionLoggerListener.log Serverのバージョン名:     Apache Tomcat/10.1.9
27-Feb-2026 10:19:40.179 情報 [main] org.apache.catalina.startup.VersionLoggerListener.log Server ビルド:            May 9 2023 14:30:05 UTC
27-Feb-2026 10:19:40.180 情報 [main] org.apache.catalina.startup.VersionLoggerListener.log サーバーのバージョン番号: 10.1.9.0
27-Feb-2026 10:19:40.180 情報 [main] org.apache.catalina.startup.VersionLoggerListener.log OS 名:                    Windows 11
27-Feb-2026 10:19:40.180 情報 [main] org.apache.catalina.startup.VersionLoggerListener.log OS バージョン:            10.0
27-Feb-2026 10:19:40.181 情報 [main] org.apache.catalina.startup.VersionLoggerListener.log アーキテクチャ:           amd64
27-Feb-2026 10:19:40.181 情報 [main] org.apache.catalina.startup.VersionLoggerListener.log Java Home:                C:\基礎からのサーブレット：教材\jdk
27-Feb-2026 10:19:40.182 情報 [main] org.apache.catalina.startup.VersionLoggerListener.log JVM バージョン:           21+35-2513
27-Feb-2026 10:19:40.182 情報 [main] org.apache.catalina.startup.VersionLoggerListener.log JVM ベンダ:               Oracle Corporation
27-Feb-2026 10:19:40.183 情報 [main] org.apache.catalina.startup.VersionLoggerListener.log CATALINA_BASE:            C:\基礎からのサーブレット：教材\tomcat
27-Feb-2026 10:19:40.183 情報 [main] org.apache.catalina.startup.VersionLoggerListener.log CATALINA_HOME:            C:\基礎からのサーブレット：教材\tomcat
27-Feb-2026 10:19:40.237 情報 [main] org.apache.catalina.startup.VersionLoggerListener.log コマンドライン引数:       -Djava.util.logging.config.file=C:\基礎からのサーブレット：教材\tomcat\conf\logging.properties
27-Feb-2026 10:19:40.237 情報 [main] org.apache.catalina.startup.VersionLoggerListener.log コマンドライン引数:       -Djava.util.logging.manager=org.apache.juli.ClassLoaderLogManager
27-Feb-2026 10:19:40.237 情報 [main] org.apache.catalina.startup.VersionLoggerListener.log コマンドライン引数:       -Djdk.tls.ephemeralDHKeySize=2048
27-Feb-2026 10:19:40.238 情報 [main] org.apache.catalina.startup.VersionLoggerListener.log コマンドライン引数:       -Djava.protocol.handler.pkgs=org.apache.catalina.webresources
27-Feb-2026 10:19:40.238 情報 [main] org.apache.catalina.startup.VersionLoggerListener.log コマンドライン引数:       --add-opens=java.base/java.lang=ALL-UNNAMED
27-Feb-2026 10:19:40.238 情報 [main] org.apache.catalina.startup.VersionLoggerListener.log コマンドライン引数:       --add-opens=java.base/java.io=ALL-UNNAMED
27-Feb-2026 10:19:40.239 情報 [main] org.apache.catalina.startup.VersionLoggerListener.log コマンドライン引数:       --add-opens=java.base/java.util=ALL-UNNAMED
27-Feb-2026 10:19:40.239 情報 [main] org.apache.catalina.startup.VersionLoggerListener.log コマンドライン引数:       --add-opens=java.base/java.util.concurrent=ALL-UNNAMED
27-Feb-2026 10:19:40.240 情報 [main] org.apache.catalina.startup.VersionLoggerListener.log コマンドライン引数:       --add-opens=java.rmi/sun.rmi.transport=ALL-UNNAMED
27-Feb-2026 10:19:40.240 情報 [main] org.apache.catalina.startup.VersionLoggerListener.log コマンドライン引数:       -Dfile.encoding=UTF-8
27-Feb-2026 10:19:40.240 情報 [main] org.apache.catalina.startup.VersionLoggerListener.log コマンドライン引数:       -Dcatalina.base=C:\基礎からのサーブレット：教材\tomcat
27-Feb-2026 10:19:40.241 情報 [main] org.apache.catalina.startup.VersionLoggerListener.log コマンドライン引数:       -Dcatalina.home=C:\基礎からのサーブレット：教材\tomcat
27-Feb-2026 10:19:40.241 情報 [main] org.apache.catalina.startup.VersionLoggerListener.log コマンドライン引数:       -Djava.io.tmpdir=C:\基礎からのサーブレット：教材\tomcat\temp
27-Feb-2026 10:19:40.260 情報 [main] org.apache.catalina.core.AprLifecycleListener.lifecycleEvent 商用環境に最適な性能を発揮する APR ベースの Tomcat ネイティブライブラリが java.library.path [C:\基礎からのサーブレット：教材\jdk\bin;C:\Windows\Sun\Java\bin;C:\Windows\system32;C:\Windows;C:\基礎からのサーブレット：教材\jdk\bin;C:\Program Files\Common Files\Oracle\Java\javapath;C:\Windows\system32;C:\Windows;C:\Windows\System32\Wbem;C:\Windows\System32\WindowsPowerShell\v1.0\;C:\Windows\System32\OpenSSH\;C:\Program Files\Git\cmd;C:\Users\t_abe\AppData\Local\Programs\Python\Python313\Scripts\;C:\Users\t_abe\AppData\Local\Programs\Python\Python313\;C:\Users\t_abe\AppData\Local\Programs\Python\Launcher\;C:\Users\t_abe\AppData\Local\Microsoft\WindowsApps;C:\Users\t_abe\AppData\Local\Programs\Microsoft VS Code\bin;.] に存在しません。
27-Feb-2026 10:19:41.154 情報 [main] org.apache.coyote.AbstractProtocol.init プロトコルハンドラ ["http-nio-8080"] を初期化します。
27-Feb-2026 10:19:41.224 情報 [main] org.apache.catalina.startup.Catalina.load サーバーの初期化 [1727] ミリ秒
27-Feb-2026 10:19:41.388 情報 [main] org.apache.catalina.core.StandardService.startInternal サービス [Catalina] を起動します
27-Feb-2026 10:19:41.389 情報 [main] org.apache.catalina.core.StandardEngine.startInternal サーブレットエンジンの起動：[Apache Tomcat/10.1.9]
27-Feb-2026 10:19:41.412 情報 [main] org.apache.catalina.startup.HostConfig.deployDirectory Web アプリケーションディレクトリ [C:\基礎からのサーブレット：教材\tomcat\webapps\book] を配備します
27-Feb-2026 10:19:45.426 警告 [main] org.apache.jasper.servlet.TldScanner.scanJspConfig パス [/WEB-INF/mytag.tld] とURI [/WEB-INF/mytag.tld] のTLDを処理できませんでした。 指定されたパスは存在しません。
27-Feb-2026 10:19:45.959 情報 [main] org.apache.jasper.servlet.TldScanner.scanJars 少なくとも1つのJARでTLDをスキャンしましたが、TLDが含まれていませんでした。スキャンしたもののTLDが見つからなかったJARの完全なリストについては、このロガーのデバッグログを有効にしてください。スキャン中に不要なJARをスキップすると、起動時間とJSPのコンパイル時間が短縮されます。
27-Feb-2026 10:19:46.207 情報 [main] org.apache.catalina.startup.HostConfig.deployDirectory ディレクトリ [C:\基礎からのサーブレット：教材\tomcat\webapps\book] の Web アプリケーションの配備は [4,787] ミリ秒で完了しました。
27-Feb-2026 10:19:46.208 情報 [main] org.apache.catalina.startup.HostConfig.deployDirectory Web アプリケーションディレクトリ [C:\基礎からのサーブレット：教材\tomcat\webapps\docs] を配備します
27-Feb-2026 10:19:46.320 情報 [main] org.apache.catalina.startup.HostConfig.deployDirectory ディレクトリ [C:\基礎からのサーブレット：教材\tomcat\webapps\docs] の Web アプリケーションの配備は [111] ミリ秒で完了しました。
27-Feb-2026 10:19:46.320 情報 [main] org.apache.catalina.startup.HostConfig.deployDirectory Web アプリケーションディレクトリ [C:\基礎からのサーブレット：教材\tomcat\webapps\examples] を配備します
27-Feb-2026 10:19:49.829 情報 [main] org.apache.catalina.startup.HostConfig.deployDirectory ディレクトリ [C:\基礎からのサーブレット：教材\tomcat\webapps\examples] の Web アプリケーションの配備は [3,508] ミリ秒で完了しました。
27-Feb-2026 10:19:49.829 情報 [main] org.apache.catalina.startup.HostConfig.deployDirectory Web アプリケーションディレクトリ [C:\基礎からのサーブレット：教材\tomcat\webapps\host-manager] を配備します
27-Feb-2026 10:19:49.995 情報 [main] org.apache.catalina.startup.HostConfig.deployDirectory ディレクトリ [C:\基礎からのサーブレット：教材\tomcat\webapps\host-manager] の Web アプリケーションの配備は [166] ミリ秒で完了しました。
27-Feb-2026 10:19:49.997 情報 [main] org.apache.catalina.startup.HostConfig.deployDirectory Web アプリケーションディレクトリ [C:\基礎からのサーブレット：教材\tomcat\webapps\manager] を配備します
27-Feb-2026 10:19:50.180 情報 [main] org.apache.catalina.startup.HostConfig.deployDirectory ディレクトリ [C:\基礎からのサーブレット：教材\tomcat\webapps\manager] の Web アプリケーションの配備は [184] ミリ秒で完了しました。
27-Feb-2026 10:19:50.181 情報 [main] org.apache.catalina.startup.HostConfig.deployDirectory Web アプリケーションディレクトリ [C:\基礎からのサーブレット：教材\tomcat\webapps\ROOT] を配備します
27-Feb-2026 10:19:50.250 情報 [main] org.apache.catalina.startup.HostConfig.deployDirectory ディレクトリ [C:\基礎からのサーブレット：教材\tomcat\webapps\ROOT] の Web アプリケーションの配備は [69] ミリ秒で完了しました。
27-Feb-2026 10:19:50.258 情報 [main] org.apache.coyote.AbstractProtocol.start プロトコルハンドラー ["http-nio-8080"] を開始しました。
27-Feb-2026 10:19:50.351 情報 [main] org.apache.catalina.startup.Catalina.start サーバーの起動 [9126] ミリ秒
27-Feb-2026 10:25:16.848 情報 [Catalina-utility-2] org.apache.catalina.startup.HostConfig.deployDirectory Web アプリケーションディレクトリ [C:\基礎からのサーブレット：教材\tomcat\webapps\Sample_siken1] を配備します
27-Feb-2026 10:25:16.908 情報 [Catalina-utility-2] org.apache.catalina.startup.HostConfig.deployDirectory ディレクトリ [C:\基礎からのサーブレット：教材\tomcat\webapps\Sample_siken1] の Web アプリケーションの配備は [62] ミリ秒で完了しました。
27-Feb-2026 10:26:28.461 情報 [Catalina-utility-1] org.apache.catalina.core.StandardContext.reload このコンテキストの再ロードを開始しました
27-Feb-2026 10:26:29.506 警告 [Catalina-utility-1] org.apache.jasper.servlet.TldScanner.scanJspConfig パス [/WEB-INF/mytag.tld] とURI [/WEB-INF/mytag.tld] のTLDを処理できませんでした。 指定されたパスは存在しません。
27-Feb-2026 10:26:29.889 情報 [Catalina-utility-1] org.apache.jasper.servlet.TldScanner.scanJars 少なくとも1つのJARでTLDをスキャンしましたが、TLDが含まれていませんでした。スキャンしたもののTLDが見つからなかったJARの完全なリストについては、このロガーのデバッグログを有効にしてください。スキャン中に不要なJARをスキップすると、起動時間とJSPのコンパイル時間が短縮されます。
27-Feb-2026 10:26:29.952 情報 [Catalina-utility-1] org.apache.catalina.core.StandardContext.reload このコンテキストの再ロードが完了しました
27-Feb-2026 10:28:11.718 情報 [Catalina-utility-2] org.apache.catalina.core.StandardContext.reload このコンテキストの再ロードを開始しました
27-Feb-2026 10:28:12.669 警告 [Catalina-utility-2] org.apache.jasper.servlet.TldScanner.scanJspConfig パス [/WEB-INF/mytag.tld] とURI [/WEB-INF/mytag.tld] のTLDを処理できませんでした。 指定されたパスは存在しません。
27-Feb-2026 10:28:13.009 情報 [Catalina-utility-2] org.apache.jasper.servlet.TldScanner.scanJars 少なくとも1つのJARでTLDをスキャンしましたが、TLDが含まれていませんでした。スキャンしたもののTLDが見つからなかったJARの完全なリストについては、このロガーのデバッグログを有効にしてください。スキャン中に不要なJARをスキップすると、起動時間とJSPのコンパイル時間が短縮されます。
27-Feb-2026 10:28:13.062 情報 [Catalina-utility-2] org.apache.catalina.core.StandardContext.reload このコンテキストの再ロードが完了しました
27-Feb-2026 10:28:22.809 情報 [Thread-1] org.apache.coyote.AbstractProtocol.pause ProtocolHandler ["http-nio-8080"] を一時停止します。
27-Feb-2026 10:28:22.826 情報 [Thread-1] org.apache.catalina.core.StandardService.stopInternal サービス [Catalina] を停止します
27-Feb-2026 10:28:22.874 情報 [Thread-1] org.apache.coyote.AbstractProtocol.stop ProtocolHandler ["http-nio-8080"]の停止中
27-Feb-2026 10:28:22.884 情報 [Thread-1] org.apache.coyote.AbstractProtocol.destroy ProtocolHandler ["http-nio-8080"] を破棄します。
27-Feb-2026 10:28:25.159 情報 [main] org.apache.catalina.startup.VersionLoggerListener.log Serverのバージョン名:     Apache Tomcat/10.1.9
27-Feb-2026 10:28:25.176 情報 [main] org.apache.catalina.startup.VersionLoggerListener.log Server ビルド:            May 9 2023 14:30:05 UTC
27-Feb-2026 10:28:25.177 情報 [main] org.apache.catalina.startup.VersionLoggerListener.log サーバーのバージョン番号: 10.1.9.0
27-Feb-2026 10:28:25.178 情報 [main] org.apache.catalina.startup.VersionLoggerListener.log OS 名:                    Windows 11
27-Feb-2026 10:28:25.178 情報 [main] org.apache.catalina.startup.VersionLoggerListener.log OS バージョン:            10.0
27-Feb-2026 10:28:25.179 情報 [main] org.apache.catalina.startup.VersionLoggerListener.log アーキテクチャ:           amd64
27-Feb-2026 10:28:25.179 情報 [main] org.apache.catalina.startup.VersionLoggerListener.log Java Home:                C:\基礎からのサーブレット：教材\jdk
27-Feb-2026 10:28:25.180 情報 [main] org.apache.catalina.startup.VersionLoggerListener.log JVM バージョン:           21+35-2513
27-Feb-2026 10:28:25.180 情報 [main] org.apache.catalina.startup.VersionLoggerListener.log JVM ベンダ:               Oracle Corporation
27-Feb-2026 10:28:25.181 情報 [main] org.apache.catalina.startup.VersionLoggerListener.log CATALINA_BASE:            C:\基礎からのサーブレット：教材\tomcat
27-Feb-2026 10:28:25.181 情報 [main] org.apache.catalina.startup.VersionLoggerListener.log CATALINA_HOME:            C:\基礎からのサーブレット：教材\tomcat
27-Feb-2026 10:28:25.213 情報 [main] org.apache.catalina.startup.VersionLoggerListener.log コマンドライン引数:       -Djava.util.logging.config.file=C:\基礎からのサーブレット：教材\tomcat\conf\logging.properties
27-Feb-2026 10:28:25.214 情報 [main] org.apache.catalina.startup.VersionLoggerListener.log コマンドライン引数:       -Djava.util.logging.manager=org.apache.juli.ClassLoaderLogManager
27-Feb-2026 10:28:25.214 情報 [main] org.apache.catalina.startup.VersionLoggerListener.log コマンドライン引数:       -Djdk.tls.ephemeralDHKeySize=2048
27-Feb-2026 10:28:25.214 情報 [main] org.apache.catalina.startup.VersionLoggerListener.log コマンドライン引数:       -Djava.protocol.handler.pkgs=org.apache.catalina.webresources
27-Feb-2026 10:28:25.216 情報 [main] org.apache.catalina.startup.VersionLoggerListener.log コマンドライン引数:       --add-opens=java.base/java.lang=ALL-UNNAMED
27-Feb-2026 10:28:25.216 情報 [main] org.apache.catalina.startup.VersionLoggerListener.log コマンドライン引数:       --add-opens=java.base/java.io=ALL-UNNAMED
27-Feb-2026 10:28:25.216 情報 [main] org.apache.catalina.startup.VersionLoggerListener.log コマンドライン引数:       --add-opens=java.base/java.util=ALL-UNNAMED
27-Feb-2026 10:28:25.218 情報 [main] org.apache.catalina.startup.VersionLoggerListener.log コマンドライン引数:       --add-opens=java.base/java.util.concurrent=ALL-UNNAMED
27-Feb-2026 10:28:25.218 情報 [main] org.apache.catalina.startup.VersionLoggerListener.log コマンドライン引数:       --add-opens=java.rmi/sun.rmi.transport=ALL-UNNAMED
27-Feb-2026 10:28:25.218 情報 [main] org.apache.catalina.startup.VersionLoggerListener.log コマンドライン引数:       -Dfile.encoding=UTF-8
27-Feb-2026 10:28:25.218 情報 [main] org.apache.catalina.startup.VersionLoggerListener.log コマンドライン引数:       -Dcatalina.base=C:\基礎からのサーブレット：教材\tomcat
27-Feb-2026 10:28:25.219 情報 [main] org.apache.catalina.startup.VersionLoggerListener.log コマンドライン引数:       -Dcatalina.home=C:\基礎からのサーブレット：教材\tomcat
27-Feb-2026 10:28:25.219 情報 [main] org.apache.catalina.startup.VersionLoggerListener.log コマンドライン引数:       -Djava.io.tmpdir=C:\基礎からのサーブレット：教材\tomcat\temp
27-Feb-2026 10:28:25.241 情報 [main] org.apache.catalina.core.AprLifecycleListener.lifecycleEvent 商用環境に最適な性能を発揮する APR ベースの Tomcat ネイティブライブラリが java.library.path [C:\基礎からのサーブレット：教材\jdk\bin;C:\Windows\Sun\Java\bin;C:\Windows\system32;C:\Windows;C:\基礎からのサーブレット：教材\jdk\bin;C:\Program Files\Common Files\Oracle\Java\javapath;C:\Windows\system32;C:\Windows;C:\Windows\System32\Wbem;C:\Windows\System32\WindowsPowerShell\v1.0\;C:\Windows\System32\OpenSSH\;C:\Program Files\Git\cmd;C:\Users\t_abe\AppData\Local\Programs\Python\Python313\Scripts\;C:\Users\t_abe\AppData\Local\Programs\Python\Python313\;C:\Users\t_abe\AppData\Local\Programs\Python\Launcher\;C:\Users\t_abe\AppData\Local\Microsoft\WindowsApps;C:\Users\t_abe\AppData\Local\Programs\Microsoft VS Code\bin;.] に存在しません。
27-Feb-2026 10:28:25.960 情報 [main] org.apache.coyote.AbstractProtocol.init プロトコルハンドラ ["http-nio-8080"] を初期化します。
27-Feb-2026 10:28:26.028 情報 [main] org.apache.catalina.startup.Catalina.load サーバーの初期化 [1392] ミリ秒
27-Feb-2026 10:28:26.203 情報 [main] org.apache.catalina.core.StandardService.startInternal サービス [Catalina] を起動します
27-Feb-2026 10:28:26.204 情報 [main] org.apache.catalina.core.StandardEngine.startInternal サーブレットエンジンの起動：[Apache Tomcat/10.1.9]
27-Feb-2026 10:28:26.228 情報 [main] org.apache.catalina.startup.HostConfig.deployDirectory Web アプリケーションディレクトリ [C:\基礎からのサーブレット：教材\tomcat\webapps\book] を配備します
27-Feb-2026 10:28:28.418 警告 [main] org.apache.jasper.servlet.TldScanner.scanJspConfig パス [/WEB-INF/mytag.tld] とURI [/WEB-INF/mytag.tld] のTLDを処理できませんでした。 指定されたパスは存在しません。
27-Feb-2026 10:28:28.949 情報 [main] org.apache.jasper.servlet.TldScanner.scanJars 少なくとも1つのJARでTLDをスキャンしましたが、TLDが含まれていませんでした。スキャンしたもののTLDが見つからなかったJARの完全なリストについては、このロガーのデバッグログを有効にしてください。スキャン中に不要なJARをスキップすると、起動時間とJSPのコンパイル時間が短縮されます。
27-Feb-2026 10:28:29.217 情報 [main] org.apache.catalina.startup.HostConfig.deployDirectory ディレクトリ [C:\基礎からのサーブレット：教材\tomcat\webapps\book] の Web アプリケーションの配備は [2,984] ミリ秒で完了しました。
27-Feb-2026 10:28:29.219 情報 [main] org.apache.catalina.startup.HostConfig.deployDirectory Web アプリケーションディレクトリ [C:\基礎からのサーブレット：教材\tomcat\webapps\docs] を配備します
27-Feb-2026 10:28:29.291 情報 [main] org.apache.catalina.startup.HostConfig.deployDirectory ディレクトリ [C:\基礎からのサーブレット：教材\tomcat\webapps\docs] の Web アプリケーションの配備は [73] ミリ秒で完了しました。
27-Feb-2026 10:28:29.293 情報 [main] org.apache.catalina.startup.HostConfig.deployDirectory Web アプリケーションディレクトリ [C:\基礎からのサーブレット：教材\tomcat\webapps\examples] を配備します
27-Feb-2026 10:28:30.196 情報 [main] org.apache.catalina.startup.HostConfig.deployDirectory ディレクトリ [C:\基礎からのサーブレット：教材\tomcat\webapps\examples] の Web アプリケーションの配備は [903] ミリ秒で完了しました。
27-Feb-2026 10:28:30.198 情報 [main] org.apache.catalina.startup.HostConfig.deployDirectory Web アプリケーションディレクトリ [C:\基礎からのサーブレット：教材\tomcat\webapps\host-manager] を配備します
27-Feb-2026 10:28:30.301 情報 [main] org.apache.catalina.startup.HostConfig.deployDirectory ディレクトリ [C:\基礎からのサーブレット：教材\tomcat\webapps\host-manager] の Web アプリケーションの配備は [103] ミリ秒で完了しました。
27-Feb-2026 10:28:30.302 情報 [main] org.apache.catalina.startup.HostConfig.deployDirectory Web アプリケーションディレクトリ [C:\基礎からのサーブレット：教材\tomcat\webapps\manager] を配備します
27-Feb-2026 10:28:30.405 情報 [main] org.apache.catalina.startup.HostConfig.deployDirectory ディレクトリ [C:\基礎からのサーブレット：教材\tomcat\webapps\manager] の Web アプリケーションの配備は [102] ミリ秒で完了しました。
27-Feb-2026 10:28:30.407 情報 [main] org.apache.catalina.startup.HostConfig.deployDirectory Web アプリケーションディレクトリ [C:\基礎からのサーブレット：教材\tomcat\webapps\ROOT] を配備します
27-Feb-2026 10:28:30.466 情報 [main] org.apache.catalina.startup.HostConfig.deployDirectory ディレクトリ [C:\基礎からのサーブレット：教材\tomcat\webapps\ROOT] の Web アプリケーションの配備は [58] ミリ秒で完了しました。
27-Feb-2026 10:28:30.468 情報 [main] org.apache.catalina.startup.HostConfig.deployDirectory Web アプリケーションディレクトリ [C:\基礎からのサーブレット：教材\tomcat\webapps\Sample_siken1] を配備します
27-Feb-2026 10:28:30.516 情報 [main] org.apache.catalina.startup.HostConfig.deployDirectory ディレクトリ [C:\基礎からのサーブレット：教材\tomcat\webapps\Sample_siken1] の Web アプリケーションの配備は [49] ミリ秒で完了しました。
27-Feb-2026 10:28:30.528 情報 [main] org.apache.coyote.AbstractProtocol.start プロトコルハンドラー ["http-nio-8080"] を開始しました。
27-Feb-2026 10:28:30.606 情報 [main] org.apache.catalina.startup.Catalina.start サーバーの起動 [4577] ミリ秒
27-Feb-2026 10:34:27.961 情報 [Catalina-utility-1] org.apache.catalina.startup.HostConfig.deployDirectory Web アプリケーションディレクトリ [C:\基礎からのサーブレット：教材\tomcat\webapps\Sample_siken1 copy] を配備します
27-Feb-2026 10:34:28.012 情報 [Catalina-utility-1] org.apache.catalina.startup.HostConfig.deployDirectory ディレクトリ [C:\基礎からのサーブレット：教材\tomcat\webapps\Sample_siken1 copy] の Web アプリケーションの配備は [50] ミリ秒で完了しました。
27-Feb-2026 10:34:59.075 情報 [Catalina-utility-1] org.apache.catalina.startup.HostConfig.undeploy コンテキストパス [/Sample_siken1 copy] のWebアプリケーションの配備を解除します
27-Feb-2026 10:39:32.597 情報 [Thread-1] org.apache.coyote.AbstractProtocol.pause ProtocolHandler ["http-nio-8080"] を一時停止します。
27-Feb-2026 10:39:32.608 情報 [Thread-1] org.apache.catalina.core.StandardService.stopInternal サービス [Catalina] を停止します
27-Feb-2026 10:39:32.649 情報 [Thread-1] org.apache.coyote.AbstractProtocol.stop ProtocolHandler ["http-nio-8080"]の停止中
27-Feb-2026 10:39:32.679 情報 [Thread-1] org.apache.coyote.AbstractProtocol.destroy ProtocolHandler ["http-nio-8080"] を破棄します。
27-Feb-2026 10:39:34.565 情報 [main] org.apache.catalina.startup.VersionLoggerListener.log Serverのバージョン名:     Apache Tomcat/10.1.9
27-Feb-2026 10:39:34.576 情報 [main] org.apache.catalina.startup.VersionLoggerListener.log Server ビルド:            May 9 2023 14:30:05 UTC
27-Feb-2026 10:39:34.577 情報 [main] org.apache.catalina.startup.VersionLoggerListener.log サーバーのバージョン番号: 10.1.9.0
27-Feb-2026 10:39:34.578 情報 [main] org.apache.catalina.startup.VersionLoggerListener.log OS 名:                    Windows 11
27-Feb-2026 10:39:34.578 情報 [main] org.apache.catalina.startup.VersionLoggerListener.log OS バージョン:            10.0
27-Feb-2026 10:39:34.578 情報 [main] org.apache.catalina.startup.VersionLoggerListener.log アーキテクチャ:           amd64
27-Feb-2026 10:39:34.580 情報 [main] org.apache.catalina.startup.VersionLoggerListener.log Java Home:                C:\基礎からのサーブレット：教材\jdk
27-Feb-2026 10:39:34.580 情報 [main] org.apache.catalina.startup.VersionLoggerListener.log JVM バージョン:           21+35-2513
27-Feb-2026 10:39:34.581 情報 [main] org.apache.catalina.startup.VersionLoggerListener.log JVM ベンダ:               Oracle Corporation
27-Feb-2026 10:39:34.581 情報 [main] org.apache.catalina.startup.VersionLoggerListener.log CATALINA_BASE:            C:\基礎からのサーブレット：教材\tomcat
27-Feb-2026 10:39:34.581 情報 [main] org.apache.catalina.startup.VersionLoggerListener.log CATALINA_HOME:            C:\基礎からのサーブレット：教材\tomcat
27-Feb-2026 10:39:34.608 情報 [main] org.apache.catalina.startup.VersionLoggerListener.log コマンドライン引数:       -Djava.util.logging.config.file=C:\基礎からのサーブレット：教材\tomcat\conf\logging.properties
27-Feb-2026 10:39:34.610 情報 [main] org.apache.catalina.startup.VersionLoggerListener.log コマンドライン引数:       -Djava.util.logging.manager=org.apache.juli.ClassLoaderLogManager
27-Feb-2026 10:39:34.610 情報 [main] org.apache.catalina.startup.VersionLoggerListener.log コマンドライン引数:       -Djdk.tls.ephemeralDHKeySize=2048
27-Feb-2026 10:39:34.610 情報 [main] org.apache.catalina.startup.VersionLoggerListener.log コマンドライン引数:       -Djava.protocol.handler.pkgs=org.apache.catalina.webresources
27-Feb-2026 10:39:34.611 情報 [main] org.apache.catalina.startup.VersionLoggerListener.log コマンドライン引数:       --add-opens=java.base/java.lang=ALL-UNNAMED
27-Feb-2026 10:39:34.611 情報 [main] org.apache.catalina.startup.VersionLoggerListener.log コマンドライン引数:       --add-opens=java.base/java.io=ALL-UNNAMED
27-Feb-2026 10:39:34.611 情報 [main] org.apache.catalina.startup.VersionLoggerListener.log コマンドライン引数:       --add-opens=java.base/java.util=ALL-UNNAMED
27-Feb-2026 10:39:34.612 情報 [main] org.apache.catalina.startup.VersionLoggerListener.log コマンドライン引数:       --add-opens=java.base/java.util.concurrent=ALL-UNNAMED
27-Feb-2026 10:39:34.612 情報 [main] org.apache.catalina.startup.VersionLoggerListener.log コマンドライン引数:       --add-opens=java.rmi/sun.rmi.transport=ALL-UNNAMED
27-Feb-2026 10:39:34.612 情報 [main] org.apache.catalina.startup.VersionLoggerListener.log コマンドライン引数:       -Dfile.encoding=UTF-8
27-Feb-2026 10:39:34.612 情報 [main] org.apache.catalina.startup.VersionLoggerListener.log コマンドライン引数:       -Dcatalina.base=C:\基礎からのサーブレット：教材\tomcat
27-Feb-2026 10:39:34.613 情報 [main] org.apache.catalina.startup.VersionLoggerListener.log コマンドライン引数:       -Dcatalina.home=C:\基礎からのサーブレット：教材\tomcat
27-Feb-2026 10:39:34.613 情報 [main] org.apache.catalina.startup.VersionLoggerListener.log コマンドライン引数:       -Djava.io.tmpdir=C:\基礎からのサーブレット：教材\tomcat\temp
27-Feb-2026 10:39:34.626 情報 [main] org.apache.catalina.core.AprLifecycleListener.lifecycleEvent 商用環境に最適な性能を発揮する APR ベースの Tomcat ネイティブライブラリが java.library.path [C:\基礎からのサーブレット：教材\jdk\bin;C:\Windows\Sun\Java\bin;C:\Windows\system32;C:\Windows;C:\基礎からのサーブレット：教材\jdk\bin;C:\Program Files\Common Files\Oracle\Java\javapath;C:\Windows\system32;C:\Windows;C:\Windows\System32\Wbem;C:\Windows\System32\WindowsPowerShell\v1.0\;C:\Windows\System32\OpenSSH\;C:\Program Files\Git\cmd;C:\Users\t_abe\AppData\Local\Programs\Python\Python313\Scripts\;C:\Users\t_abe\AppData\Local\Programs\Python\Python313\;C:\Users\t_abe\AppData\Local\Programs\Python\Launcher\;C:\Users\t_abe\AppData\Local\Microsoft\WindowsApps;C:\Users\t_abe\AppData\Local\Programs\Microsoft VS Code\bin;.] に存在しません。
27-Feb-2026 10:39:35.157 情報 [main] org.apache.coyote.AbstractProtocol.init プロトコルハンドラ ["http-nio-8080"] を初期化します。
27-Feb-2026 10:39:35.206 情報 [main] org.apache.catalina.startup.Catalina.load サーバーの初期化 [1046] ミリ秒
27-Feb-2026 10:39:35.290 情報 [main] org.apache.catalina.core.StandardService.startInternal サービス [Catalina] を起動します
27-Feb-2026 10:39:35.291 情報 [main] org.apache.catalina.core.StandardEngine.startInternal サーブレットエンジンの起動：[Apache Tomcat/10.1.9]
27-Feb-2026 10:39:35.312 情報 [main] org.apache.catalina.startup.HostConfig.deployDirectory Web アプリケーションディレクトリ [C:\基礎からのサーブレット：教材\tomcat\webapps\book] を配備します
27-Feb-2026 10:39:37.112 警告 [main] org.apache.jasper.servlet.TldScanner.scanJspConfig パス [/WEB-INF/mytag.tld] とURI [/WEB-INF/mytag.tld] のTLDを処理できませんでした。 指定されたパスは存在しません。
27-Feb-2026 10:39:37.636 情報 [main] org.apache.jasper.servlet.TldScanner.scanJars 少なくとも1つのJARでTLDをスキャンしましたが、TLDが含まれていませんでした。スキャンしたもののTLDが見つからなかったJARの完全なリストについては、このロガーのデバッグログを有効にしてください。スキャン中に不要なJARをスキップすると、起動時間とJSPのコンパイル時間が短縮されます。
27-Feb-2026 10:39:37.808 情報 [main] org.apache.catalina.startup.HostConfig.deployDirectory ディレクトリ [C:\基礎からのサーブレット：教材\tomcat\webapps\book] の Web アプリケーションの配備は [2,490] ミリ秒で完了しました。
27-Feb-2026 10:39:37.809 情報 [main] org.apache.catalina.startup.HostConfig.deployDirectory Web アプリケーションディレクトリ [C:\基礎からのサーブレット：教材\tomcat\webapps\docs] を配備します
27-Feb-2026 10:39:37.873 情報 [main] org.apache.catalina.startup.HostConfig.deployDirectory ディレクトリ [C:\基礎からのサーブレット：教材\tomcat\webapps\docs] の Web アプリケーションの配備は [64] ミリ秒で完了しました。
27-Feb-2026 10:39:37.874 情報 [main] org.apache.catalina.startup.HostConfig.deployDirectory Web アプリケーションディレクトリ [C:\基礎からのサーブレット：教材\tomcat\webapps\examples] を配備します
27-Feb-2026 10:39:38.648 情報 [main] org.apache.catalina.startup.HostConfig.deployDirectory ディレクトリ [C:\基礎からのサーブレット：教材\tomcat\webapps\examples] の Web アプリケーションの配備は [774] ミリ秒で完了しました。
27-Feb-2026 10:39:38.649 情報 [main] org.apache.catalina.startup.HostConfig.deployDirectory Web アプリケーションディレクトリ [C:\基礎からのサーブレット：教材\tomcat\webapps\host-manager] を配備します
27-Feb-2026 10:39:38.728 情報 [main] org.apache.catalina.startup.HostConfig.deployDirectory ディレクトリ [C:\基礎からのサーブレット：教材\tomcat\webapps\host-manager] の Web アプリケーションの配備は [77] ミリ秒で完了しました。
27-Feb-2026 10:39:38.728 情報 [main] org.apache.catalina.startup.HostConfig.deployDirectory Web アプリケーションディレクトリ [C:\基礎からのサーブレット：教材\tomcat\webapps\manager] を配備します
27-Feb-2026 10:39:38.813 情報 [main] org.apache.catalina.startup.HostConfig.deployDirectory ディレクトリ [C:\基礎からのサーブレット：教材\tomcat\webapps\manager] の Web アプリケーションの配備は [85] ミリ秒で完了しました。
27-Feb-2026 10:39:38.814 情報 [main] org.apache.catalina.startup.HostConfig.deployDirectory Web アプリケーションディレクトリ [C:\基礎からのサーブレット：教材\tomcat\webapps\ROOT] を配備します
27-Feb-2026 10:39:38.860 情報 [main] org.apache.catalina.startup.HostConfig.deployDirectory ディレクトリ [C:\基礎からのサーブレット：教材\tomcat\webapps\ROOT] の Web アプリケーションの配備は [46] ミリ秒で完了しました。
27-Feb-2026 10:39:38.861 情報 [main] org.apache.catalina.startup.HostConfig.deployDirectory Web アプリケーションディレクトリ [C:\基礎からのサーブレット：教材\tomcat\webapps\Sample_siken1] を配備します
27-Feb-2026 10:39:38.903 情報 [main] org.apache.catalina.startup.HostConfig.deployDirectory ディレクトリ [C:\基礎からのサーブレット：教材\tomcat\webapps\Sample_siken1] の Web アプリケーションの配備は [41] ミリ秒で完了しました。
27-Feb-2026 10:39:38.912 情報 [main] org.apache.coyote.AbstractProtocol.start プロトコルハンドラー ["http-nio-8080"] を開始しました。
27-Feb-2026 10:39:38.973 情報 [main] org.apache.catalina.startup.Catalina.start サーバーの起動 [3766] ミリ秒
27-Feb-2026 10:47:49.701 情報 [main] org.apache.catalina.startup.VersionLoggerListener.log Serverのバージョン名:     Apache Tomcat/10.1.9
27-Feb-2026 10:47:49.719 情報 [main] org.apache.catalina.startup.VersionLoggerListener.log Server ビルド:            May 9 2023 14:30:05 UTC
27-Feb-2026 10:47:49.723 情報 [main] org.apache.catalina.startup.VersionLoggerListener.log サーバーのバージョン番号: 10.1.9.0
27-Feb-2026 10:47:49.724 情報 [main] org.apache.catalina.startup.VersionLoggerListener.log OS 名:                    Windows 11
27-Feb-2026 10:47:49.731 情報 [main] org.apache.catalina.startup.VersionLoggerListener.log OS バージョン:            10.0
27-Feb-2026 10:47:49.732 情報 [main] org.apache.catalina.startup.VersionLoggerListener.log アーキテクチャ:           amd64
27-Feb-2026 10:47:49.733 情報 [main] org.apache.catalina.startup.VersionLoggerListener.log Java Home:                C:\基礎からのサーブレット：教材\jdk
27-Feb-2026 10:47:49.734 情報 [main] org.apache.catalina.startup.VersionLoggerListener.log JVM バージョン:           21+35-2513
27-Feb-2026 10:47:49.736 情報 [main] org.apache.catalina.startup.VersionLoggerListener.log JVM ベンダ:               Oracle Corporation
27-Feb-2026 10:47:49.737 情報 [main] org.apache.catalina.startup.VersionLoggerListener.log CATALINA_BASE:            C:\基礎からのサーブレット：教材\tomcat
27-Feb-2026 10:47:49.746 情報 [main] org.apache.catalina.startup.VersionLoggerListener.log CATALINA_HOME:            C:\基礎からのサーブレット：教材\tomcat
27-Feb-2026 10:47:49.760 情報 [main] org.apache.catalina.startup.VersionLoggerListener.log コマンドライン引数:       -Djava.util.logging.config.file=C:\基礎からのサーブレット：教材\tomcat\conf\logging.properties
27-Feb-2026 10:47:49.761 情報 [main] org.apache.catalina.startup.VersionLoggerListener.log コマンドライン引数:       -Djava.util.logging.manager=org.apache.juli.ClassLoaderLogManager
27-Feb-2026 10:47:49.761 情報 [main] org.apache.catalina.startup.VersionLoggerListener.log コマンドライン引数:       -Djdk.tls.ephemeralDHKeySize=2048
27-Feb-2026 10:47:49.761 情報 [main] org.apache.catalina.startup.VersionLoggerListener.log コマンドライン引数:       -Djava.protocol.handler.pkgs=org.apache.catalina.webresources
27-Feb-2026 10:47:49.762 情報 [main] org.apache.catalina.startup.VersionLoggerListener.log コマンドライン引数:       --add-opens=java.base/java.lang=ALL-UNNAMED
27-Feb-2026 10:47:49.762 情報 [main] org.apache.catalina.startup.VersionLoggerListener.log コマンドライン引数:       --add-opens=java.base/java.io=ALL-UNNAMED
27-Feb-2026 10:47:49.762 情報 [main] org.apache.catalina.startup.VersionLoggerListener.log コマンドライン引数:       --add-opens=java.base/java.util=ALL-UNNAMED
27-Feb-2026 10:47:49.763 情報 [main] org.apache.catalina.startup.VersionLoggerListener.log コマンドライン引数:       --add-opens=java.base/java.util.concurrent=ALL-UNNAMED
27-Feb-2026 10:47:49.763 情報 [main] org.apache.catalina.startup.VersionLoggerListener.log コマンドライン引数:       --add-opens=java.rmi/sun.rmi.transport=ALL-UNNAMED
27-Feb-2026 10:47:49.763 情報 [main] org.apache.catalina.startup.VersionLoggerListener.log コマンドライン引数:       -Dfile.encoding=UTF-8
27-Feb-2026 10:47:49.764 情報 [main] org.apache.catalina.startup.VersionLoggerListener.log コマンドライン引数:       -Dcatalina.base=C:\基礎からのサーブレット：教材\tomcat
27-Feb-2026 10:47:49.764 情報 [main] org.apache.catalina.startup.VersionLoggerListener.log コマンドライン引数:       -Dcatalina.home=C:\基礎からのサーブレット：教材\tomcat
27-Feb-2026 10:47:49.765 情報 [main] org.apache.catalina.startup.VersionLoggerListener.log コマンドライン引数:       -Djava.io.tmpdir=C:\基礎からのサーブレット：教材\tomcat\temp
27-Feb-2026 10:47:49.779 情報 [main] org.apache.catalina.core.AprLifecycleListener.lifecycleEvent 商用環境に最適な性能を発揮する APR ベースの Tomcat ネイティブライブラリが java.library.path [C:\基礎からのサーブレット：教材\jdk\bin;C:\Windows\Sun\Java\bin;C:\Windows\system32;C:\Windows;C:\基礎からのサーブレット：教材\jdk\bin;C:\Program Files\Common Files\Oracle\Java\javapath;C:\Windows\system32;C:\Windows;C:\Windows\System32\Wbem;C:\Windows\System32\WindowsPowerShell\v1.0\;C:\Windows\System32\OpenSSH\;C:\Program Files\Git\cmd;C:\Users\t_abe\AppData\Local\Programs\Python\Python313\Scripts\;C:\Users\t_abe\AppData\Local\Programs\Python\Python313\;C:\Users\t_abe\AppData\Local\Programs\Python\Launcher\;C:\Users\t_abe\AppData\Local\Microsoft\WindowsApps;C:\Users\t_abe\AppData\Local\Programs\Microsoft VS Code\bin;.] に存在しません。
27-Feb-2026 10:47:50.367 情報 [main] org.apache.coyote.AbstractProtocol.init プロトコルハンドラ ["http-nio-8080"] を初期化します。
27-Feb-2026 10:47:50.417 情報 [main] org.apache.catalina.startup.Catalina.load サーバーの初期化 [1113] ミリ秒
27-Feb-2026 10:47:50.498 情報 [main] org.apache.catalina.core.StandardService.startInternal サービス [Catalina] を起動します
27-Feb-2026 10:47:50.500 情報 [main] org.apache.catalina.core.StandardEngine.startInternal サーブレットエンジンの起動：[Apache Tomcat/10.1.9]
27-Feb-2026 10:47:50.520 情報 [main] org.apache.catalina.startup.HostConfig.deployDirectory Web アプリケーションディレクトリ [C:\基礎からのサーブレット：教材\tomcat\webapps\book] を配備します
27-Feb-2026 10:47:52.191 警告 [main] org.apache.jasper.servlet.TldScanner.scanJspConfig パス [/WEB-INF/mytag.tld] とURI [/WEB-INF/mytag.tld] のTLDを処理できませんでした。 指定されたパスは存在しません。
27-Feb-2026 10:47:52.692 情報 [main] org.apache.jasper.servlet.TldScanner.scanJars 少なくとも1つのJARでTLDをスキャンしましたが、TLDが含まれていませんでした。スキャンしたもののTLDが見つからなかったJARの完全なリストについては、このロガーのデバッグログを有効にしてください。スキャン中に不要なJARをスキップすると、起動時間とJSPのコンパイル時間が短縮されます。
27-Feb-2026 10:47:52.875 情報 [main] org.apache.catalina.startup.HostConfig.deployDirectory ディレクトリ [C:\基礎からのサーブレット：教材\tomcat\webapps\book] の Web アプリケーションの配備は [2,349] ミリ秒で完了しました。
27-Feb-2026 10:47:52.876 情報 [main] org.apache.catalina.startup.HostConfig.deployDirectory Web アプリケーションディレクトリ [C:\基礎からのサーブレット：教材\tomcat\webapps\docs] を配備します
27-Feb-2026 10:47:52.941 情報 [main] org.apache.catalina.startup.HostConfig.deployDirectory ディレクトリ [C:\基礎からのサーブレット：教材\tomcat\webapps\docs] の Web アプリケーションの配備は [64] ミリ秒で完了しました。
27-Feb-2026 10:47:52.941 情報 [main] org.apache.catalina.startup.HostConfig.deployDirectory Web アプリケーションディレクトリ [C:\基礎からのサーブレット：教材\tomcat\webapps\examples] を配備します
27-Feb-2026 10:47:53.774 情報 [main] org.apache.catalina.startup.HostConfig.deployDirectory ディレクトリ [C:\基礎からのサーブレット：教材\tomcat\webapps\examples] の Web アプリケーションの配備は [832] ミリ秒で完了しました。
27-Feb-2026 10:47:53.775 情報 [main] org.apache.catalina.startup.HostConfig.deployDirectory Web アプリケーションディレクトリ [C:\基礎からのサーブレット：教材\tomcat\webapps\host-manager] を配備します
27-Feb-2026 10:47:53.855 情報 [main] org.apache.catalina.startup.HostConfig.deployDirectory ディレクトリ [C:\基礎からのサーブレット：教材\tomcat\webapps\host-manager] の Web アプリケーションの配備は [81] ミリ秒で完了しました。
27-Feb-2026 10:47:53.856 情報 [main] org.apache.catalina.startup.HostConfig.deployDirectory Web アプリケーションディレクトリ [C:\基礎からのサーブレット：教材\tomcat\webapps\manager] を配備します
27-Feb-2026 10:47:53.943 情報 [main] org.apache.catalina.startup.HostConfig.deployDirectory ディレクトリ [C:\基礎からのサーブレット：教材\tomcat\webapps\manager] の Web アプリケーションの配備は [87] ミリ秒で完了しました。
27-Feb-2026 10:47:53.944 情報 [main] org.apache.catalina.startup.HostConfig.deployDirectory Web アプリケーションディレクトリ [C:\基礎からのサーブレット：教材\tomcat\webapps\ROOT] を配備します
27-Feb-2026 10:47:53.999 情報 [main] org.apache.catalina.startup.HostConfig.deployDirectory ディレクトリ [C:\基礎からのサーブレット：教材\tomcat\webapps\ROOT] の Web アプリケーションの配備は [55] ミリ秒で完了しました。
27-Feb-2026 10:47:54.000 情報 [main] org.apache.catalina.startup.HostConfig.deployDirectory Web アプリケーションディレクトリ [C:\基礎からのサーブレット：教材\tomcat\webapps\Sample_siken1] を配備します
27-Feb-2026 10:47:54.044 情報 [main] org.apache.catalina.startup.HostConfig.deployDirectory ディレクトリ [C:\基礎からのサーブレット：教材\tomcat\webapps\Sample_siken1] の Web アプリケーションの配備は [43] ミリ秒で完了しました。
27-Feb-2026 10:47:54.052 情報 [main] org.apache.coyote.AbstractProtocol.start プロトコルハンドラー ["http-nio-8080"] を開始しました。
27-Feb-2026 10:47:54.107 情報 [main] org.apache.catalina.startup.Catalina.start サーバーの起動 [3689] ミリ秒
27-Feb-2026 10:50:06.384 情報 [Catalina-utility-1] org.apache.catalina.core.StandardContext.reload このコンテキストの再ロードを開始しました
27-Feb-2026 10:50:07.437 警告 [Catalina-utility-1] org.apache.jasper.servlet.TldScanner.scanJspConfig パス [/WEB-INF/mytag.tld] とURI [/WEB-INF/mytag.tld] のTLDを処理できませんでした。 指定されたパスは存在しません。
27-Feb-2026 10:50:07.800 情報 [Catalina-utility-1] org.apache.jasper.servlet.TldScanner.scanJars 少なくとも1つのJARでTLDをスキャンしましたが、TLDが含まれていませんでした。スキャンしたもののTLDが見つからなかったJARの完全なリストについては、このロガーのデバッグログを有効にしてください。スキャン中に不要なJARをスキップすると、起動時間とJSPのコンパイル時間が短縮されます。
27-Feb-2026 10:50:07.858 情報 [Catalina-utility-1] org.apache.catalina.core.StandardContext.reload このコンテキストの再ロードが完了しました
27-Feb-2026 10:50:37.281 情報 [Thread-1] org.apache.coyote.AbstractProtocol.pause ProtocolHandler ["http-nio-8080"] を一時停止します。
27-Feb-2026 10:50:37.290 情報 [Thread-1] org.apache.catalina.core.StandardService.stopInternal サービス [Catalina] を停止します
27-Feb-2026 10:50:37.329 情報 [Thread-1] org.apache.coyote.AbstractProtocol.stop ProtocolHandler ["http-nio-8080"]の停止中
27-Feb-2026 10:50:37.348 情報 [Thread-1] org.apache.coyote.AbstractProtocol.destroy ProtocolHandler ["http-nio-8080"] を破棄します。
27-Feb-2026 10:50:39.435 情報 [main] org.apache.catalina.startup.VersionLoggerListener.log Serverのバージョン名:     Apache Tomcat/10.1.9
27-Feb-2026 10:50:39.445 情報 [main] org.apache.catalina.startup.VersionLoggerListener.log Server ビルド:            May 9 2023 14:30:05 UTC
27-Feb-2026 10:50:39.446 情報 [main] org.apache.catalina.startup.VersionLoggerListener.log サーバーのバージョン番号: 10.1.9.0
27-Feb-2026 10:50:39.447 情報 [main] org.apache.catalina.startup.VersionLoggerListener.log OS 名:                    Windows 11
27-Feb-2026 10:50:39.447 情報 [main] org.apache.catalina.startup.VersionLoggerListener.log OS バージョン:            10.0
27-Feb-2026 10:50:39.447 情報 [main] org.apache.catalina.startup.VersionLoggerListener.log アーキテクチャ:           amd64
27-Feb-2026 10:50:39.448 情報 [main] org.apache.catalina.startup.VersionLoggerListener.log Java Home:                C:\基礎からのサーブレット：教材\jdk
27-Feb-2026 10:50:39.448 情報 [main] org.apache.catalina.startup.VersionLoggerListener.log JVM バージョン:           21+35-2513
27-Feb-2026 10:50:39.449 情報 [main] org.apache.catalina.startup.VersionLoggerListener.log JVM ベンダ:               Oracle Corporation
27-Feb-2026 10:50:39.449 情報 [main] org.apache.catalina.startup.VersionLoggerListener.log CATALINA_BASE:            C:\基礎からのサーブレット：教材\tomcat
27-Feb-2026 10:50:39.449 情報 [main] org.apache.catalina.startup.VersionLoggerListener.log CATALINA_HOME:            C:\基礎からのサーブレット：教材\tomcat
27-Feb-2026 10:50:39.474 情報 [main] org.apache.catalina.startup.VersionLoggerListener.log コマンドライン引数:       -Djava.util.logging.config.file=C:\基礎からのサーブレット：教材\tomcat\conf\logging.properties
27-Feb-2026 10:50:39.474 情報 [main] org.apache.catalina.startup.VersionLoggerListener.log コマンドライン引数:       -Djava.util.logging.manager=org.apache.juli.ClassLoaderLogManager
27-Feb-2026 10:50:39.474 情報 [main] org.apache.catalina.startup.VersionLoggerListener.log コマンドライン引数:       -Djdk.tls.ephemeralDHKeySize=2048
27-Feb-2026 10:50:39.476 情報 [main] org.apache.catalina.startup.VersionLoggerListener.log コマンドライン引数:       -Djava.protocol.handler.pkgs=org.apache.catalina.webresources
27-Feb-2026 10:50:39.476 情報 [main] org.apache.catalina.startup.VersionLoggerListener.log コマンドライン引数:       --add-opens=java.base/java.lang=ALL-UNNAMED
27-Feb-2026 10:50:39.476 情報 [main] org.apache.catalina.startup.VersionLoggerListener.log コマンドライン引数:       --add-opens=java.base/java.io=ALL-UNNAMED
27-Feb-2026 10:50:39.478 情報 [main] org.apache.catalina.startup.VersionLoggerListener.log コマンドライン引数:       --add-opens=java.base/java.util=ALL-UNNAMED
27-Feb-2026 10:50:39.478 情報 [main] org.apache.catalina.startup.VersionLoggerListener.log コマンドライン引数:       --add-opens=java.base/java.util.concurrent=ALL-UNNAMED
27-Feb-2026 10:50:39.478 情報 [main] org.apache.catalina.startup.VersionLoggerListener.log コマンドライン引数:       --add-opens=java.rmi/sun.rmi.transport=ALL-UNNAMED
27-Feb-2026 10:50:39.479 情報 [main] org.apache.catalina.startup.VersionLoggerListener.log コマンドライン引数:       -Dfile.encoding=UTF-8
27-Feb-2026 10:50:39.479 情報 [main] org.apache.catalina.startup.VersionLoggerListener.log コマンドライン引数:       -Dcatalina.base=C:\基礎からのサーブレット：教材\tomcat
27-Feb-2026 10:50:39.479 情報 [main] org.apache.catalina.startup.VersionLoggerListener.log コマンドライン引数:       -Dcatalina.home=C:\基礎からのサーブレット：教材\tomcat
27-Feb-2026 10:50:39.479 情報 [main] org.apache.catalina.startup.VersionLoggerListener.log コマンドライン引数:       -Djava.io.tmpdir=C:\基礎からのサーブレット：教材\tomcat\temp
27-Feb-2026 10:50:39.495 情報 [main] org.apache.catalina.core.AprLifecycleListener.lifecycleEvent 商用環境に最適な性能を発揮する APR ベースの Tomcat ネイティブライブラリが java.library.path [C:\基礎からのサーブレット：教材\jdk\bin;C:\Windows\Sun\Java\bin;C:\Windows\system32;C:\Windows;C:\基礎からのサーブレット：教材\jdk\bin;C:\Program Files\Common Files\Oracle\Java\javapath;C:\Windows\system32;C:\Windows;C:\Windows\System32\Wbem;C:\Windows\System32\WindowsPowerShell\v1.0\;C:\Windows\System32\OpenSSH\;C:\Program Files\Git\cmd;C:\Users\t_abe\AppData\Local\Programs\Python\Python313\Scripts\;C:\Users\t_abe\AppData\Local\Programs\Python\Python313\;C:\Users\t_abe\AppData\Local\Programs\Python\Launcher\;C:\Users\t_abe\AppData\Local\Microsoft\WindowsApps;C:\Users\t_abe\AppData\Local\Programs\Microsoft VS Code\bin;.] に存在しません。
27-Feb-2026 10:50:40.044 情報 [main] org.apache.coyote.AbstractProtocol.init プロトコルハンドラ ["http-nio-8080"] を初期化します。
27-Feb-2026 10:50:40.079 情報 [main] org.apache.catalina.startup.Catalina.load サーバーの初期化 [1097] ミリ秒
27-Feb-2026 10:50:40.192 情報 [main] org.apache.catalina.core.StandardService.startInternal サービス [Catalina] を起動します
27-Feb-2026 10:50:40.193 情報 [main] org.apache.catalina.core.StandardEngine.startInternal サーブレットエンジンの起動：[Apache Tomcat/10.1.9]
27-Feb-2026 10:50:40.211 情報 [main] org.apache.catalina.startup.HostConfig.deployDirectory Web アプリケーションディレクトリ [C:\基礎からのサーブレット：教材\tomcat\webapps\book] を配備します
27-Feb-2026 10:50:41.719 警告 [main] org.apache.jasper.servlet.TldScanner.scanJspConfig パス [/WEB-INF/mytag.tld] とURI [/WEB-INF/mytag.tld] のTLDを処理できませんでした。 指定されたパスは存在しません。
27-Feb-2026 10:50:42.246 情報 [main] org.apache.jasper.servlet.TldScanner.scanJars 少なくとも1つのJARでTLDをスキャンしましたが、TLDが含まれていませんでした。スキャンしたもののTLDが見つからなかったJARの完全なリストについては、このロガーのデバッグログを有効にしてください。スキャン中に不要なJARをスキップすると、起動時間とJSPのコンパイル時間が短縮されます。
27-Feb-2026 10:50:42.419 情報 [main] org.apache.catalina.startup.HostConfig.deployDirectory ディレクトリ [C:\基礎からのサーブレット：教材\tomcat\webapps\book] の Web アプリケーションの配備は [2,203] ミリ秒で完了しました。
27-Feb-2026 10:50:42.420 情報 [main] org.apache.catalina.startup.HostConfig.deployDirectory Web アプリケーションディレクトリ [C:\基礎からのサーブレット：教材\tomcat\webapps\docs] を配備します
27-Feb-2026 10:50:42.482 情報 [main] org.apache.catalina.startup.HostConfig.deployDirectory ディレクトリ [C:\基礎からのサーブレット：教材\tomcat\webapps\docs] の Web アプリケーションの配備は [62] ミリ秒で完了しました。
27-Feb-2026 10:50:42.483 情報 [main] org.apache.catalina.startup.HostConfig.deployDirectory Web アプリケーションディレクトリ [C:\基礎からのサーブレット：教材\tomcat\webapps\examples] を配備します
27-Feb-2026 10:50:43.251 情報 [main] org.apache.catalina.startup.HostConfig.deployDirectory ディレクトリ [C:\基礎からのサーブレット：教材\tomcat\webapps\examples] の Web アプリケーションの配備は [768] ミリ秒で完了しました。
27-Feb-2026 10:50:43.252 情報 [main] org.apache.catalina.startup.HostConfig.deployDirectory Web アプリケーションディレクトリ [C:\基礎からのサーブレット：教材\tomcat\webapps\host-manager] を配備します
27-Feb-2026 10:50:43.331 情報 [main] org.apache.catalina.startup.HostConfig.deployDirectory ディレクトリ [C:\基礎からのサーブレット：教材\tomcat\webapps\host-manager] の Web アプリケーションの配備は [77] ミリ秒で完了しました。
27-Feb-2026 10:50:43.331 情報 [main] org.apache.catalina.startup.HostConfig.deployDirectory Web アプリケーションディレクトリ [C:\基礎からのサーブレット：教材\tomcat\webapps\manager] を配備します
27-Feb-2026 10:50:43.408 情報 [main] org.apache.catalina.startup.HostConfig.deployDirectory ディレクトリ [C:\基礎からのサーブレット：教材\tomcat\webapps\manager] の Web アプリケーションの配備は [76] ミリ秒で完了しました。
27-Feb-2026 10:50:43.408 情報 [main] org.apache.catalina.startup.HostConfig.deployDirectory Web アプリケーションディレクトリ [C:\基礎からのサーブレット：教材\tomcat\webapps\ROOT] を配備します
27-Feb-2026 10:50:43.459 情報 [main] org.apache.catalina.startup.HostConfig.deployDirectory ディレクトリ [C:\基礎からのサーブレット：教材\tomcat\webapps\ROOT] の Web アプリケーションの配備は [50] ミリ秒で完了しました。
27-Feb-2026 10:50:43.460 情報 [main] org.apache.catalina.startup.HostConfig.deployDirectory Web アプリケーションディレクトリ [C:\基礎からのサーブレット：教材\tomcat\webapps\Sample_siken1] を配備します
27-Feb-2026 10:50:43.500 情報 [main] org.apache.catalina.startup.HostConfig.deployDirectory ディレクトリ [C:\基礎からのサーブレット：教材\tomcat\webapps\Sample_siken1] の Web アプリケーションの配備は [39] ミリ秒で完了しました。
27-Feb-2026 10:50:43.509 情報 [main] org.apache.coyote.AbstractProtocol.start プロトコルハンドラー ["http-nio-8080"] を開始しました。
27-Feb-2026 10:50:43.571 情報 [main] org.apache.catalina.startup.Catalina.start サーバーの起動 [3491] ミリ秒
27-Feb-2026 10:54:07.537 情報 [Catalina-utility-2] org.apache.catalina.core.StandardContext.reload このコンテキストの再ロードを開始しました
27-Feb-2026 10:54:08.525 警告 [Catalina-utility-2] org.apache.jasper.servlet.TldScanner.scanJspConfig パス [/WEB-INF/mytag.tld] とURI [/WEB-INF/mytag.tld] のTLDを処理できませんでした。 指定されたパスは存在しません。
27-Feb-2026 10:54:08.914 情報 [Catalina-utility-2] org.apache.jasper.servlet.TldScanner.scanJars 少なくとも1つのJARでTLDをスキャンしましたが、TLDが含まれていませんでした。スキャンしたもののTLDが見つからなかったJARの完全なリストについては、このロガーのデバッグログを有効にしてください。スキャン中に不要なJARをスキップすると、起動時間とJSPのコンパイル時間が短縮されます。
27-Feb-2026 10:54:08.971 情報 [Catalina-utility-2] org.apache.catalina.core.StandardContext.reload このコンテキストの再ロードが完了しました
27-Feb-2026 10:56:12.884 情報 [Catalina-utility-2] org.apache.catalina.core.StandardContext.reload このコンテキストの再ロードを開始しました
27-Feb-2026 10:56:12.892 警告 [Catalina-utility-2] org.apache.catalina.loader.WebappClassLoaderBase.clearReferencesJdbc Web アプリケーション [book] は自身で登録した JDBC ドライバー [org.h2.Driver] を停止時に解除できませんでした。メモリーリークの発生を防ぐには JDBC ドライバーを強制的に解除してください。
27-Feb-2026 10:56:13.898 警告 [Catalina-utility-2] org.apache.jasper.servlet.TldScanner.scanJspConfig パス [/WEB-INF/mytag.tld] とURI [/WEB-INF/mytag.tld] のTLDを処理できませんでした。 指定されたパスは存在しません。
27-Feb-2026 10:56:14.251 情報 [Catalina-utility-2] org.apache.jasper.servlet.TldScanner.scanJars 少なくとも1つのJARでTLDをスキャンしましたが、TLDが含まれていませんでした。スキャンしたもののTLDが見つからなかったJARの完全なリストについては、このロガーのデバッグログを有効にしてください。スキャン中に不要なJARをスキップすると、起動時間とJSPのコンパイル時間が短縮されます。
27-Feb-2026 10:56:14.314 情報 [Catalina-utility-2] org.apache.catalina.core.StandardContext.reload このコンテキストの再ロードが完了しました
27-Feb-2026 11:00:39.164 情報 [main] org.apache.catalina.startup.VersionLoggerListener.log Serverのバージョン名:     Apache Tomcat/10.1.9
27-Feb-2026 11:00:39.175 情報 [main] org.apache.catalina.startup.VersionLoggerListener.log Server ビルド:            May 9 2023 14:30:05 UTC
27-Feb-2026 11:00:39.175 情報 [main] org.apache.catalina.startup.VersionLoggerListener.log サーバーのバージョン番号: 10.1.9.0
27-Feb-2026 11:00:39.176 情報 [main] org.apache.catalina.startup.VersionLoggerListener.log OS 名:                    Windows 11
27-Feb-2026 11:00:39.177 情報 [main] org.apache.catalina.startup.VersionLoggerListener.log OS バージョン:            10.0
27-Feb-2026 11:00:39.177 情報 [main] org.apache.catalina.startup.VersionLoggerListener.log アーキテクチャ:           amd64
27-Feb-2026 11:00:39.178 情報 [main] org.apache.catalina.startup.VersionLoggerListener.log Java Home:                C:\基礎からのサーブレット：教材\jdk
27-Feb-2026 11:00:39.178 情報 [main] org.apache.catalina.startup.VersionLoggerListener.log JVM バージョン:           21+35-2513
27-Feb-2026 11:00:39.179 情報 [main] org.apache.catalina.startup.VersionLoggerListener.log JVM ベンダ:               Oracle Corporation
27-Feb-2026 11:00:39.181 情報 [main] org.apache.catalina.startup.VersionLoggerListener.log CATALINA_BASE:            C:\基礎からのサーブレット：教材\tomcat
27-Feb-2026 11:00:39.185 情報 [main] org.apache.catalina.startup.VersionLoggerListener.log CATALINA_HOME:            C:\基礎からのサーブレット：教材\tomcat
27-Feb-2026 11:00:39.205 情報 [main] org.apache.catalina.startup.VersionLoggerListener.log コマンドライン引数:       -Djava.util.logging.config.file=C:\基礎からのサーブレット：教材\tomcat\conf\logging.properties
27-Feb-2026 11:00:39.206 情報 [main] org.apache.catalina.startup.VersionLoggerListener.log コマンドライン引数:       -Djava.util.logging.manager=org.apache.juli.ClassLoaderLogManager
27-Feb-2026 11:00:39.206 情報 [main] org.apache.catalina.startup.VersionLoggerListener.log コマンドライン引数:       -Djdk.tls.ephemeralDHKeySize=2048
27-Feb-2026 11:00:39.207 情報 [main] org.apache.catalina.startup.VersionLoggerListener.log コマンドライン引数:       -Djava.protocol.handler.pkgs=org.apache.catalina.webresources
27-Feb-2026 11:00:39.207 情報 [main] org.apache.catalina.startup.VersionLoggerListener.log コマンドライン引数:       --add-opens=java.base/java.lang=ALL-UNNAMED
27-Feb-2026 11:00:39.207 情報 [main] org.apache.catalina.startup.VersionLoggerListener.log コマンドライン引数:       --add-opens=java.base/java.io=ALL-UNNAMED
27-Feb-2026 11:00:39.208 情報 [main] org.apache.catalina.startup.VersionLoggerListener.log コマンドライン引数:       --add-opens=java.base/java.util=ALL-UNNAMED
27-Feb-2026 11:00:39.208 情報 [main] org.apache.catalina.startup.VersionLoggerListener.log コマンドライン引数:       --add-opens=java.base/java.util.concurrent=ALL-UNNAMED
27-Feb-2026 11:00:39.209 情報 [main] org.apache.catalina.startup.VersionLoggerListener.log コマンドライン引数:       --add-opens=java.rmi/sun.rmi.transport=ALL-UNNAMED
27-Feb-2026 11:00:39.209 情報 [main] org.apache.catalina.startup.VersionLoggerListener.log コマンドライン引数:       -Dfile.encoding=UTF-8
27-Feb-2026 11:00:39.209 情報 [main] org.apache.catalina.startup.VersionLoggerListener.log コマンドライン引数:       -Dcatalina.base=C:\基礎からのサーブレット：教材\tomcat
27-Feb-2026 11:00:39.210 情報 [main] org.apache.catalina.startup.VersionLoggerListener.log コマンドライン引数:       -Dcatalina.home=C:\基礎からのサーブレット：教材\tomcat
27-Feb-2026 11:00:39.210 情報 [main] org.apache.catalina.startup.VersionLoggerListener.log コマンドライン引数:       -Djava.io.tmpdir=C:\基礎からのサーブレット：教材\tomcat\temp
27-Feb-2026 11:00:39.233 情報 [main] org.apache.catalina.core.AprLifecycleListener.lifecycleEvent 商用環境に最適な性能を発揮する APR ベースの Tomcat ネイティブライブラリが java.library.path [C:\基礎からのサーブレット：教材\jdk\bin;C:\Windows\Sun\Java\bin;C:\Windows\system32;C:\Windows;C:\基礎からのサーブレット：教材\jdk\bin;C:\Program Files\Common Files\Oracle\Java\javapath;C:\Windows\system32;C:\Windows;C:\Windows\System32\Wbem;C:\Windows\System32\WindowsPowerShell\v1.0\;C:\Windows\System32\OpenSSH\;C:\Program Files\Git\cmd;C:\Users\t_abe\AppData\Local\Programs\Python\Python313\Scripts\;C:\Users\t_abe\AppData\Local\Programs\Python\Python313\;C:\Users\t_abe\AppData\Local\Programs\Python\Launcher\;C:\Users\t_abe\AppData\Local\Microsoft\WindowsApps;C:\Users\t_abe\AppData\Local\Programs\Microsoft VS Code\bin;.] に存在しません。
27-Feb-2026 11:00:39.820 情報 [main] org.apache.coyote.AbstractProtocol.init プロトコルハンドラ ["http-nio-8080"] を初期化します。
27-Feb-2026 11:00:39.868 情報 [main] org.apache.catalina.startup.Catalina.load サーバーの初期化 [1084] ミリ秒
27-Feb-2026 11:00:39.968 情報 [main] org.apache.catalina.core.StandardService.startInternal サービス [Catalina] を起動します
27-Feb-2026 11:00:39.969 情報 [main] org.apache.catalina.core.StandardEngine.startInternal サーブレットエンジンの起動：[Apache Tomcat/10.1.9]
27-Feb-2026 11:00:39.989 情報 [main] org.apache.catalina.startup.HostConfig.deployDirectory Web アプリケーションディレクトリ [C:\基礎からのサーブレット：教材\tomcat\webapps\book] を配備します
27-Feb-2026 11:00:41.563 警告 [main] org.apache.jasper.servlet.TldScanner.scanJspConfig パス [/WEB-INF/mytag.tld] とURI [/WEB-INF/mytag.tld] のTLDを処理できませんでした。 指定されたパスは存在しません。
27-Feb-2026 11:00:42.053 情報 [main] org.apache.jasper.servlet.TldScanner.scanJars 少なくとも1つのJARでTLDをスキャンしましたが、TLDが含まれていませんでした。スキャンしたもののTLDが見つからなかったJARの完全なリストについては、このロガーのデバッグログを有効にしてください。スキャン中に不要なJARをスキップすると、起動時間とJSPのコンパイル時間が短縮されます。
27-Feb-2026 11:00:42.241 情報 [main] org.apache.catalina.startup.HostConfig.deployDirectory ディレクトリ [C:\基礎からのサーブレット：教材\tomcat\webapps\book] の Web アプリケーションの配備は [2,246] ミリ秒で完了しました。
27-Feb-2026 11:00:42.242 情報 [main] org.apache.catalina.startup.HostConfig.deployDirectory Web アプリケーションディレクトリ [C:\基礎からのサーブレット：教材\tomcat\webapps\docs] を配備します
27-Feb-2026 11:00:42.306 情報 [main] org.apache.catalina.startup.HostConfig.deployDirectory ディレクトリ [C:\基礎からのサーブレット：教材\tomcat\webapps\docs] の Web アプリケーションの配備は [64] ミリ秒で完了しました。
27-Feb-2026 11:00:42.307 情報 [main] org.apache.catalina.startup.HostConfig.deployDirectory Web アプリケーションディレクトリ [C:\基礎からのサーブレット：教材\tomcat\webapps\examples] を配備します
27-Feb-2026 11:00:43.055 情報 [main] org.apache.catalina.startup.HostConfig.deployDirectory ディレクトリ [C:\基礎からのサーブレット：教材\tomcat\webapps\examples] の Web アプリケーションの配備は [748] ミリ秒で完了しました。
27-Feb-2026 11:00:43.056 情報 [main] org.apache.catalina.startup.HostConfig.deployDirectory Web アプリケーションディレクトリ [C:\基礎からのサーブレット：教材\tomcat\webapps\host-manager] を配備します
27-Feb-2026 11:00:43.137 情報 [main] org.apache.catalina.startup.HostConfig.deployDirectory ディレクトリ [C:\基礎からのサーブレット：教材\tomcat\webapps\host-manager] の Web アプリケーションの配備は [80] ミリ秒で完了しました。
27-Feb-2026 11:00:43.138 情報 [main] org.apache.catalina.startup.HostConfig.deployDirectory Web アプリケーションディレクトリ [C:\基礎からのサーブレット：教材\tomcat\webapps\manager] を配備します
27-Feb-2026 11:00:43.242 情報 [main] org.apache.catalina.startup.HostConfig.deployDirectory ディレクトリ [C:\基礎からのサーブレット：教材\tomcat\webapps\manager] の Web アプリケーションの配備は [104] ミリ秒で完了しました。
27-Feb-2026 11:00:43.243 情報 [main] org.apache.catalina.startup.HostConfig.deployDirectory Web アプリケーションディレクトリ [C:\基礎からのサーブレット：教材\tomcat\webapps\ROOT] を配備します
27-Feb-2026 11:00:43.289 情報 [main] org.apache.catalina.startup.HostConfig.deployDirectory ディレクトリ [C:\基礎からのサーブレット：教材\tomcat\webapps\ROOT] の Web アプリケーションの配備は [45] ミリ秒で完了しました。
27-Feb-2026 11:00:43.289 情報 [main] org.apache.catalina.startup.HostConfig.deployDirectory Web アプリケーションディレクトリ [C:\基礎からのサーブレット：教材\tomcat\webapps\Sample_siken1] を配備します
27-Feb-2026 11:00:43.332 情報 [main] org.apache.catalina.startup.HostConfig.deployDirectory ディレクトリ [C:\基礎からのサーブレット：教材\tomcat\webapps\Sample_siken1] の Web アプリケーションの配備は [42] ミリ秒で完了しました。
27-Feb-2026 11:00:43.352 情報 [main] org.apache.coyote.AbstractProtocol.start プロトコルハンドラー ["http-nio-8080"] を開始しました。
27-Feb-2026 11:00:43.406 情報 [main] org.apache.catalina.startup.Catalina.start サーバーの起動 [3536] ミリ秒
27-Feb-2026 11:44:52.035 情報 [main] org.apache.catalina.startup.VersionLoggerListener.log Serverのバージョン名:     Apache Tomcat/10.1.9
27-Feb-2026 11:44:52.046 情報 [main] org.apache.catalina.startup.VersionLoggerListener.log Server ビルド:            May 9 2023 14:30:05 UTC
27-Feb-2026 11:44:52.047 情報 [main] org.apache.catalina.startup.VersionLoggerListener.log サーバーのバージョン番号: 10.1.9.0
27-Feb-2026 11:44:52.047 情報 [main] org.apache.catalina.startup.VersionLoggerListener.log OS 名:                    Windows 11
27-Feb-2026 11:44:52.048 情報 [main] org.apache.catalina.startup.VersionLoggerListener.log OS バージョン:            10.0
27-Feb-2026 11:44:52.048 情報 [main] org.apache.catalina.startup.VersionLoggerListener.log アーキテクチャ:           amd64
27-Feb-2026 11:44:52.049 情報 [main] org.apache.catalina.startup.VersionLoggerListener.log Java Home:                C:\基礎からのサーブレット：教材\jdk
27-Feb-2026 11:44:52.049 情報 [main] org.apache.catalina.startup.VersionLoggerListener.log JVM バージョン:           21+35-2513
27-Feb-2026 11:44:52.050 情報 [main] org.apache.catalina.startup.VersionLoggerListener.log JVM ベンダ:               Oracle Corporation
27-Feb-2026 11:44:52.051 情報 [main] org.apache.catalina.startup.VersionLoggerListener.log CATALINA_BASE:            C:\基礎からのサーブレット：教材\tomcat
27-Feb-2026 11:44:52.051 情報 [main] org.apache.catalina.startup.VersionLoggerListener.log CATALINA_HOME:            C:\基礎からのサーブレット：教材\tomcat
27-Feb-2026 11:44:52.082 情報 [main] org.apache.catalina.startup.VersionLoggerListener.log コマンドライン引数:       -Djava.util.logging.config.file=C:\基礎からのサーブレット：教材\tomcat\conf\logging.properties
27-Feb-2026 11:44:52.083 情報 [main] org.apache.catalina.startup.VersionLoggerListener.log コマンドライン引数:       -Djava.util.logging.manager=org.apache.juli.ClassLoaderLogManager
27-Feb-2026 11:44:52.084 情報 [main] org.apache.catalina.startup.VersionLoggerListener.log コマンドライン引数:       -Djdk.tls.ephemeralDHKeySize=2048
27-Feb-2026 11:44:52.085 情報 [main] org.apache.catalina.startup.VersionLoggerListener.log コマンドライン引数:       -Djava.protocol.handler.pkgs=org.apache.catalina.webresources
27-Feb-2026 11:44:52.086 情報 [main] org.apache.catalina.startup.VersionLoggerListener.log コマンドライン引数:       --add-opens=java.base/java.lang=ALL-UNNAMED
27-Feb-2026 11:44:52.087 情報 [main] org.apache.catalina.startup.VersionLoggerListener.log コマンドライン引数:       --add-opens=java.base/java.io=ALL-UNNAMED
27-Feb-2026 11:44:52.087 情報 [main] org.apache.catalina.startup.VersionLoggerListener.log コマンドライン引数:       --add-opens=java.base/java.util=ALL-UNNAMED
27-Feb-2026 11:44:52.087 情報 [main] org.apache.catalina.startup.VersionLoggerListener.log コマンドライン引数:       --add-opens=java.base/java.util.concurrent=ALL-UNNAMED
27-Feb-2026 11:44:52.088 情報 [main] org.apache.catalina.startup.VersionLoggerListener.log コマンドライン引数:       --add-opens=java.rmi/sun.rmi.transport=ALL-UNNAMED
27-Feb-2026 11:44:52.088 情報 [main] org.apache.catalina.startup.VersionLoggerListener.log コマンドライン引数:       -Dfile.encoding=UTF-8
27-Feb-2026 11:44:52.088 情報 [main] org.apache.catalina.startup.VersionLoggerListener.log コマンドライン引数:       -Dcatalina.base=C:\基礎からのサーブレット：教材\tomcat
27-Feb-2026 11:44:52.089 情報 [main] org.apache.catalina.startup.VersionLoggerListener.log コマンドライン引数:       -Dcatalina.home=C:\基礎からのサーブレット：教材\tomcat
27-Feb-2026 11:44:52.089 情報 [main] org.apache.catalina.startup.VersionLoggerListener.log コマンドライン引数:       -Djava.io.tmpdir=C:\基礎からのサーブレット：教材\tomcat\temp
27-Feb-2026 11:44:52.110 情報 [main] org.apache.catalina.core.AprLifecycleListener.lifecycleEvent 商用環境に最適な性能を発揮する APR ベースの Tomcat ネイティブライブラリが java.library.path [C:\基礎からのサーブレット：教材\jdk\bin;C:\Windows\Sun\Java\bin;C:\Windows\system32;C:\Windows;C:\基礎からのサーブレット：教材\jdk\bin;C:\Program Files\Common Files\Oracle\Java\javapath;C:\Windows\system32;C:\Windows;C:\Windows\System32\Wbem;C:\Windows\System32\WindowsPowerShell\v1.0\;C:\Windows\System32\OpenSSH\;C:\Program Files\Git\cmd;C:\Users\t_abe\AppData\Local\Programs\Python\Python313\Scripts\;C:\Users\t_abe\AppData\Local\Programs\Python\Python313\;C:\Users\t_abe\AppData\Local\Programs\Python\Launcher\;C:\Users\t_abe\AppData\Local\Microsoft\WindowsApps;C:\Users\t_abe\AppData\Local\Programs\Microsoft VS Code\bin;.] に存在しません。
27-Feb-2026 11:44:52.872 情報 [main] org.apache.coyote.AbstractProtocol.init プロトコルハンドラ ["http-nio-8080"] を初期化します。
27-Feb-2026 11:44:52.938 情報 [main] org.apache.catalina.startup.Catalina.load サーバーの初期化 [1346] ミリ秒
27-Feb-2026 11:44:53.056 情報 [main] org.apache.catalina.core.StandardService.startInternal サービス [Catalina] を起動します
27-Feb-2026 11:44:53.056 情報 [main] org.apache.catalina.core.StandardEngine.startInternal サーブレットエンジンの起動：[Apache Tomcat/10.1.9]
27-Feb-2026 11:44:53.080 情報 [main] org.apache.catalina.startup.HostConfig.deployDirectory Web アプリケーションディレクトリ [C:\基礎からのサーブレット：教材\tomcat\webapps\book] を配備します
27-Feb-2026 11:44:55.137 警告 [main] org.apache.jasper.servlet.TldScanner.scanJspConfig パス [/WEB-INF/mytag.tld] とURI [/WEB-INF/mytag.tld] のTLDを処理できませんでした。 指定されたパスは存在しません。
27-Feb-2026 11:44:55.779 情報 [main] org.apache.jasper.servlet.TldScanner.scanJars 少なくとも1つのJARでTLDをスキャンしましたが、TLDが含まれていませんでした。スキャンしたもののTLDが見つからなかったJARの完全なリストについては、このロガーのデバッグログを有効にしてください。スキャン中に不要なJARをスキップすると、起動時間とJSPのコンパイル時間が短縮されます。
27-Feb-2026 11:44:56.014 情報 [main] org.apache.catalina.startup.HostConfig.deployDirectory ディレクトリ [C:\基礎からのサーブレット：教材\tomcat\webapps\book] の Web アプリケーションの配備は [2,925] ミリ秒で完了しました。
27-Feb-2026 11:44:56.015 情報 [main] org.apache.catalina.startup.HostConfig.deployDirectory Web アプリケーションディレクトリ [C:\基礎からのサーブレット：教材\tomcat\webapps\docs] を配備します
27-Feb-2026 11:44:56.081 情報 [main] org.apache.catalina.startup.HostConfig.deployDirectory ディレクトリ [C:\基礎からのサーブレット：教材\tomcat\webapps\docs] の Web アプリケーションの配備は [67] ミリ秒で完了しました。
27-Feb-2026 11:44:56.082 情報 [main] org.apache.catalina.startup.HostConfig.deployDirectory Web アプリケーションディレクトリ [C:\基礎からのサーブレット：教材\tomcat\webapps\examples] を配備します
27-Feb-2026 11:44:56.998 情報 [main] org.apache.catalina.startup.HostConfig.deployDirectory ディレクトリ [C:\基礎からのサーブレット：教材\tomcat\webapps\examples] の Web アプリケーションの配備は [916] ミリ秒で完了しました。
27-Feb-2026 11:44:56.999 情報 [main] org.apache.catalina.startup.HostConfig.deployDirectory Web アプリケーションディレクトリ [C:\基礎からのサーブレット：教材\tomcat\webapps\host-manager] を配備します
27-Feb-2026 11:44:57.093 情報 [main] org.apache.catalina.startup.HostConfig.deployDirectory ディレクトリ [C:\基礎からのサーブレット：教材\tomcat\webapps\host-manager] の Web アプリケーションの配備は [92] ミリ秒で完了しました。
27-Feb-2026 11:44:57.093 情報 [main] org.apache.catalina.startup.HostConfig.deployDirectory Web アプリケーションディレクトリ [C:\基礎からのサーブレット：教材\tomcat\webapps\manager] を配備します
27-Feb-2026 11:44:57.171 情報 [main] org.apache.catalina.startup.HostConfig.deployDirectory ディレクトリ [C:\基礎からのサーブレット：教材\tomcat\webapps\manager] の Web アプリケーションの配備は [78] ミリ秒で完了しました。
27-Feb-2026 11:44:57.172 情報 [main] org.apache.catalina.startup.HostConfig.deployDirectory Web アプリケーションディレクトリ [C:\基礎からのサーブレット：教材\tomcat\webapps\ROOT] を配備します
27-Feb-2026 11:44:57.216 情報 [main] org.apache.catalina.startup.HostConfig.deployDirectory ディレクトリ [C:\基礎からのサーブレット：教材\tomcat\webapps\ROOT] の Web アプリケーションの配備は [44] ミリ秒で完了しました。
27-Feb-2026 11:44:57.217 情報 [main] org.apache.catalina.startup.HostConfig.deployDirectory Web アプリケーションディレクトリ [C:\基礎からのサーブレット：教材\tomcat\webapps\Sample_siken1] を配備します
27-Feb-2026 11:44:57.258 情報 [main] org.apache.catalina.startup.HostConfig.deployDirectory ディレクトリ [C:\基礎からのサーブレット：教材\tomcat\webapps\Sample_siken1] の Web アプリケーションの配備は [41] ミリ秒で完了しました。
27-Feb-2026 11:44:57.266 情報 [main] org.apache.coyote.AbstractProtocol.start プロトコルハンドラー ["http-nio-8080"] を開始しました。
27-Feb-2026 11:44:57.334 情報 [main] org.apache.catalina.startup.Catalina.start サーバーの起動 [4394] ミリ秒
27-Feb-2026 12:30:48.036 情報 [Thread-1] org.apache.coyote.AbstractProtocol.pause ProtocolHandler ["http-nio-8080"] を一時停止します。
27-Feb-2026 12:30:48.059 情報 [Thread-1] org.apache.catalina.core.StandardService.stopInternal サービス [Catalina] を停止します
27-Feb-2026 12:30:48.153 情報 [Thread-1] org.apache.coyote.AbstractProtocol.stop ProtocolHandler ["http-nio-8080"]の停止中
27-Feb-2026 12:30:48.169 情報 [Thread-1] org.apache.coyote.AbstractProtocol.destroy ProtocolHandler ["http-nio-8080"] を破棄します。
