16-Apr-2026 10:21:21.622 情報 [main] org.apache.catalina.startup.VersionLoggerListener.log Serverのバージョン名:     Apache Tomcat/10.1.9
16-Apr-2026 10:21:21.627 情報 [main] org.apache.catalina.startup.VersionLoggerListener.log Server ビルド:            May 9 2023 14:30:05 UTC
16-Apr-2026 10:21:21.627 情報 [main] org.apache.catalina.startup.VersionLoggerListener.log サーバーのバージョン番号: 10.1.9.0
16-Apr-2026 10:21:21.627 情報 [main] org.apache.catalina.startup.VersionLoggerListener.log OS 名:                    Windows 11
16-Apr-2026 10:21:21.627 情報 [main] org.apache.catalina.startup.VersionLoggerListener.log OS バージョン:            10.0
16-Apr-2026 10:21:21.627 情報 [main] org.apache.catalina.startup.VersionLoggerListener.log アーキテクチャ:           amd64
16-Apr-2026 10:21:21.627 情報 [main] org.apache.catalina.startup.VersionLoggerListener.log Java Home:                C:\Program Files\Java\jdk-25
16-Apr-2026 10:21:21.627 情報 [main] org.apache.catalina.startup.VersionLoggerListener.log JVM バージョン:           25.0.1+8-LTS-27
16-Apr-2026 10:21:21.629 情報 [main] org.apache.catalina.startup.VersionLoggerListener.log JVM ベンダ:               Oracle Corporation
16-Apr-2026 10:21:21.629 情報 [main] org.apache.catalina.startup.VersionLoggerListener.log CATALINA_BASE:            C:\Users\t_abe\Desktop\教材：学生管理システム\tomcat
16-Apr-2026 10:21:21.629 情報 [main] org.apache.catalina.startup.VersionLoggerListener.log CATALINA_HOME:            C:\Users\t_abe\Desktop\教材：学生管理システム\tomcat
16-Apr-2026 10:21:21.647 情報 [main] org.apache.catalina.startup.VersionLoggerListener.log コマンドライン引数:       -Djava.util.logging.config.file=C:\Users\t_abe\Desktop\教材：学生管理システム\tomcat\conf\logging.properties
16-Apr-2026 10:21:21.648 情報 [main] org.apache.catalina.startup.VersionLoggerListener.log コマンドライン引数:       -Djava.util.logging.manager=org.apache.juli.ClassLoaderLogManager
16-Apr-2026 10:21:21.648 情報 [main] org.apache.catalina.startup.VersionLoggerListener.log コマンドライン引数:       -Djdk.tls.ephemeralDHKeySize=2048
16-Apr-2026 10:21:21.648 情報 [main] org.apache.catalina.startup.VersionLoggerListener.log コマンドライン引数:       -Djava.protocol.handler.pkgs=org.apache.catalina.webresources
16-Apr-2026 10:21:21.648 情報 [main] org.apache.catalina.startup.VersionLoggerListener.log コマンドライン引数:       --add-opens=java.base/java.lang=ALL-UNNAMED
16-Apr-2026 10:21:21.648 情報 [main] org.apache.catalina.startup.VersionLoggerListener.log コマンドライン引数:       --add-opens=java.base/java.io=ALL-UNNAMED
16-Apr-2026 10:21:21.649 情報 [main] org.apache.catalina.startup.VersionLoggerListener.log コマンドライン引数:       --add-opens=java.base/java.util=ALL-UNNAMED
16-Apr-2026 10:21:21.649 情報 [main] org.apache.catalina.startup.VersionLoggerListener.log コマンドライン引数:       --add-opens=java.base/java.util.concurrent=ALL-UNNAMED
16-Apr-2026 10:21:21.649 情報 [main] org.apache.catalina.startup.VersionLoggerListener.log コマンドライン引数:       --add-opens=java.rmi/sun.rmi.transport=ALL-UNNAMED
16-Apr-2026 10:21:21.649 情報 [main] org.apache.catalina.startup.VersionLoggerListener.log コマンドライン引数:       -Dcatalina.base=C:\Users\t_abe\Desktop\教材：学生管理システム\tomcat
16-Apr-2026 10:21:21.650 情報 [main] org.apache.catalina.startup.VersionLoggerListener.log コマンドライン引数:       -Dcatalina.home=C:\Users\t_abe\Desktop\教材：学生管理システム\tomcat
16-Apr-2026 10:21:21.650 情報 [main] org.apache.catalina.startup.VersionLoggerListener.log コマンドライン引数:       -Djava.io.tmpdir=C:\Users\t_abe\Desktop\教材：学生管理システム\tomcat\temp
16-Apr-2026 10:21:21.661 情報 [main] org.apache.catalina.core.AprLifecycleListener.lifecycleEvent 商用環境に最適な性能を発揮する APR ベースの Tomcat ネイティブライブラリが java.library.path [C:\Program Files\Java\jdk-25\bin;C:\Windows\Sun\Java\bin;C:\Windows\system32;C:\Windows;C:\Program Files\Common Files\Oracle\Java\javapath;C:\Windows\system32;C:\Windows;C:\Windows\System32\Wbem;C:\Windows\System32\WindowsPowerShell\v1.0\;C:\Windows\System32\OpenSSH\;C:\Program Files\Git\cmd;C:\Program Files\Docker\Docker\resources\bin;C:\Program Files\nodejs\;C:\Program Files\Go\bin;C:\Maven\apache-maven-3.9.14\bin;C:\Users\t_abe\AppData\Local\Programs\Python\Python313\Scripts\;C:\Users\t_abe\AppData\Local\Programs\Python\Python313\;C:\Users\t_abe\AppData\Local\Programs\Python\Launcher\;C:\Users\t_abe\AppData\Local\Microsoft\WindowsApps;C:\Users\t_abe\AppData\Local\Programs\Microsoft VS Code\bin;C:\Users\t_abe\AppData\Local\Programs\Antigravity\bin;C:\Users\t_abe\AppData\Roaming\npm;C:\Users\t_abe\go\bin;c:\Users\t_abe\.antigravity\extensions\vscjava.vscode-java-debug-0.58.5-universal\bundled\scripts\noConfigScripts;.] に存在しません。
16-Apr-2026 10:21:21.945 情報 [main] org.apache.coyote.AbstractProtocol.init プロトコルハンドラ ["http-nio-8080"] を初期化します。
16-Apr-2026 10:21:21.969 情報 [main] org.apache.catalina.startup.Catalina.load サーバーの初期化 [600] ミリ秒
16-Apr-2026 10:21:22.019 情報 [main] org.apache.catalina.core.StandardService.startInternal サービス [Catalina] を起動します
16-Apr-2026 10:21:22.020 情報 [main] org.apache.catalina.core.StandardEngine.startInternal サーブレットエンジンの起動：[Apache Tomcat/10.1.9]
16-Apr-2026 10:21:22.044 情報 [main] org.apache.catalina.startup.HostConfig.deployWAR Webアプリケーションアーカイブ [C:\Users\t_abe\Desktop\教材：学生管理システム\tomcat\webapps\student-management-v2.war] を配備します
16-Apr-2026 10:21:23.024 情報 [main] org.apache.jasper.servlet.TldScanner.scanJars 少なくとも1つのJARでTLDをスキャンしましたが、TLDが含まれていませんでした。スキャンしたもののTLDが見つからなかったJARの完全なリストについては、このロガーのデバッグログを有効にしてください。スキャン中に不要なJARをスキップすると、起動時間とJSPのコンパイル時間が短縮されます。
16-Apr-2026 10:21:23.446 情報 [main] org.apache.catalina.startup.HostConfig.deployWAR Web アプリケーションアーカイブ [C:\Users\t_abe\Desktop\教材：学生管理システム\tomcat\webapps\student-management-v2.war] の配備は [1,396] ミリ秒で完了しました
16-Apr-2026 10:21:23.452 情報 [main] org.apache.coyote.AbstractProtocol.start プロトコルハンドラー ["http-nio-8080"] を開始しました。
16-Apr-2026 10:21:23.485 情報 [main] org.apache.catalina.startup.Catalina.start サーバーの起動 [1514] ミリ秒
16-Apr-2026 10:32:05.193 情報 [Catalina-utility-2] org.apache.catalina.startup.HostConfig.undeploy コンテキストパス [/student-management-v2] のWebアプリケーションの配備を解除します
16-Apr-2026 10:32:05.200 警告 [Catalina-utility-2] org.apache.catalina.loader.WebappClassLoaderBase.clearReferencesJdbc Web アプリケーション [student-management-v2] は自身で登録した JDBC ドライバー [org.h2.Driver] を停止時に解除できませんでした。メモリーリークの発生を防ぐには JDBC ドライバーを強制的に解除してください。
16-Apr-2026 10:32:05.249 情報 [Catalina-utility-2] org.apache.catalina.startup.HostConfig.deployWAR Webアプリケーションアーカイブ [C:\Users\t_abe\Desktop\教材：学生管理システム\tomcat\webapps\student-management-v2.war] を配備します
16-Apr-2026 10:32:06.023 情報 [Catalina-utility-2] org.apache.jasper.servlet.TldScanner.scanJars 少なくとも1つのJARでTLDをスキャンしましたが、TLDが含まれていませんでした。スキャンしたもののTLDが見つからなかったJARの完全なリストについては、このロガーのデバッグログを有効にしてください。スキャン中に不要なJARをスキップすると、起動時間とJSPのコンパイル時間が短縮されます。
16-Apr-2026 10:32:06.345 情報 [Catalina-utility-2] org.apache.catalina.startup.HostConfig.deployWAR Web アプリケーションアーカイブ [C:\Users\t_abe\Desktop\教材：学生管理システム\tomcat\webapps\student-management-v2.war] の配備は [1,096] ミリ秒で完了しました
16-Apr-2026 10:32:46.512 情報 [main] org.apache.catalina.startup.VersionLoggerListener.log Serverのバージョン名:     Apache Tomcat/10.1.9
16-Apr-2026 10:32:46.515 情報 [main] org.apache.catalina.startup.VersionLoggerListener.log Server ビルド:            May 9 2023 14:30:05 UTC
16-Apr-2026 10:32:46.516 情報 [main] org.apache.catalina.startup.VersionLoggerListener.log サーバーのバージョン番号: 10.1.9.0
16-Apr-2026 10:32:46.516 情報 [main] org.apache.catalina.startup.VersionLoggerListener.log OS 名:                    Windows 11
16-Apr-2026 10:32:46.516 情報 [main] org.apache.catalina.startup.VersionLoggerListener.log OS バージョン:            10.0
16-Apr-2026 10:32:46.516 情報 [main] org.apache.catalina.startup.VersionLoggerListener.log アーキテクチャ:           amd64
16-Apr-2026 10:32:46.517 情報 [main] org.apache.catalina.startup.VersionLoggerListener.log Java Home:                C:\Program Files\Java\jdk-25
16-Apr-2026 10:32:46.517 情報 [main] org.apache.catalina.startup.VersionLoggerListener.log JVM バージョン:           25.0.1+8-LTS-27
16-Apr-2026 10:32:46.517 情報 [main] org.apache.catalina.startup.VersionLoggerListener.log JVM ベンダ:               Oracle Corporation
16-Apr-2026 10:32:46.517 情報 [main] org.apache.catalina.startup.VersionLoggerListener.log CATALINA_BASE:            C:\Users\t_abe\Desktop\教材：学生管理システム\tomcat
16-Apr-2026 10:32:46.517 情報 [main] org.apache.catalina.startup.VersionLoggerListener.log CATALINA_HOME:            C:\Users\t_abe\Desktop\教材：学生管理システム\tomcat
16-Apr-2026 10:32:46.531 情報 [main] org.apache.catalina.startup.VersionLoggerListener.log コマンドライン引数:       -Djava.util.logging.config.file=C:\Users\t_abe\Desktop\教材：学生管理システム\tomcat\conf\logging.properties
16-Apr-2026 10:32:46.531 情報 [main] org.apache.catalina.startup.VersionLoggerListener.log コマンドライン引数:       -Djava.util.logging.manager=org.apache.juli.ClassLoaderLogManager
16-Apr-2026 10:32:46.531 情報 [main] org.apache.catalina.startup.VersionLoggerListener.log コマンドライン引数:       -Djdk.tls.ephemeralDHKeySize=2048
16-Apr-2026 10:32:46.531 情報 [main] org.apache.catalina.startup.VersionLoggerListener.log コマンドライン引数:       -Djava.protocol.handler.pkgs=org.apache.catalina.webresources
16-Apr-2026 10:32:46.532 情報 [main] org.apache.catalina.startup.VersionLoggerListener.log コマンドライン引数:       --add-opens=java.base/java.lang=ALL-UNNAMED
16-Apr-2026 10:32:46.532 情報 [main] org.apache.catalina.startup.VersionLoggerListener.log コマンドライン引数:       --add-opens=java.base/java.io=ALL-UNNAMED
16-Apr-2026 10:32:46.532 情報 [main] org.apache.catalina.startup.VersionLoggerListener.log コマンドライン引数:       --add-opens=java.base/java.util=ALL-UNNAMED
16-Apr-2026 10:32:46.532 情報 [main] org.apache.catalina.startup.VersionLoggerListener.log コマンドライン引数:       --add-opens=java.base/java.util.concurrent=ALL-UNNAMED
16-Apr-2026 10:32:46.533 情報 [main] org.apache.catalina.startup.VersionLoggerListener.log コマンドライン引数:       --add-opens=java.rmi/sun.rmi.transport=ALL-UNNAMED
16-Apr-2026 10:32:46.533 情報 [main] org.apache.catalina.startup.VersionLoggerListener.log コマンドライン引数:       -Dcatalina.base=C:\Users\t_abe\Desktop\教材：学生管理システム\tomcat
16-Apr-2026 10:32:46.533 情報 [main] org.apache.catalina.startup.VersionLoggerListener.log コマンドライン引数:       -Dcatalina.home=C:\Users\t_abe\Desktop\教材：学生管理システム\tomcat
16-Apr-2026 10:32:46.533 情報 [main] org.apache.catalina.startup.VersionLoggerListener.log コマンドライン引数:       -Djava.io.tmpdir=C:\Users\t_abe\Desktop\教材：学生管理システム\tomcat\temp
16-Apr-2026 10:32:46.546 情報 [main] org.apache.catalina.core.AprLifecycleListener.lifecycleEvent 商用環境に最適な性能を発揮する APR ベースの Tomcat ネイティブライブラリが java.library.path [C:\Program Files\Java\jdk-25\bin;C:\Windows\Sun\Java\bin;C:\Windows\system32;C:\Windows;C:\Program Files\Common Files\Oracle\Java\javapath;C:\Windows\system32;C:\Windows;C:\Windows\System32\Wbem;C:\Windows\System32\WindowsPowerShell\v1.0\;C:\Windows\System32\OpenSSH\;C:\Program Files\Git\cmd;C:\Program Files\Docker\Docker\resources\bin;C:\Program Files\nodejs\;C:\Program Files\Go\bin;C:\Maven\apache-maven-3.9.14\bin;C:\Users\t_abe\AppData\Local\Programs\Python\Python313\Scripts\;C:\Users\t_abe\AppData\Local\Programs\Python\Python313\;C:\Users\t_abe\AppData\Local\Programs\Python\Launcher\;C:\Users\t_abe\AppData\Local\Microsoft\WindowsApps;C:\Users\t_abe\AppData\Local\Programs\Microsoft VS Code\bin;C:\Users\t_abe\AppData\Local\Programs\Antigravity\bin;C:\Users\t_abe\AppData\Roaming\npm;C:\Users\t_abe\go\bin;c:\Users\t_abe\.antigravity\extensions\vscjava.vscode-java-debug-0.58.5-universal\bundled\scripts\noConfigScripts;.] に存在しません。
16-Apr-2026 10:32:46.859 情報 [main] org.apache.coyote.AbstractProtocol.init プロトコルハンドラ ["http-nio-8080"] を初期化します。
16-Apr-2026 10:32:46.888 情報 [main] org.apache.catalina.startup.Catalina.load サーバーの初期化 [578] ミリ秒
16-Apr-2026 10:32:46.933 情報 [main] org.apache.catalina.core.StandardService.startInternal サービス [Catalina] を起動します
16-Apr-2026 10:32:46.933 情報 [main] org.apache.catalina.core.StandardEngine.startInternal サーブレットエンジンの起動：[Apache Tomcat/10.1.9]
16-Apr-2026 10:32:46.957 情報 [main] org.apache.catalina.startup.HostConfig.deployWAR Webアプリケーションアーカイブ [C:\Users\t_abe\Desktop\教材：学生管理システム\tomcat\webapps\student-management-v2.war] を配備します
16-Apr-2026 10:32:47.986 情報 [main] org.apache.jasper.servlet.TldScanner.scanJars 少なくとも1つのJARでTLDをスキャンしましたが、TLDが含まれていませんでした。スキャンしたもののTLDが見つからなかったJARの完全なリストについては、このロガーのデバッグログを有効にしてください。スキャン中に不要なJARをスキップすると、起動時間とJSPのコンパイル時間が短縮されます。
16-Apr-2026 10:32:48.368 情報 [main] org.apache.catalina.startup.HostConfig.deployWAR Web アプリケーションアーカイブ [C:\Users\t_abe\Desktop\教材：学生管理システム\tomcat\webapps\student-management-v2.war] の配備は [1,403] ミリ秒で完了しました
16-Apr-2026 10:32:48.372 情報 [main] org.apache.coyote.AbstractProtocol.start プロトコルハンドラー ["http-nio-8080"] を開始しました。
16-Apr-2026 10:32:48.404 情報 [main] org.apache.catalina.startup.Catalina.start サーバーの起動 [1514] ミリ秒
16-Apr-2026 11:39:57.789 情報 [main] org.apache.catalina.startup.VersionLoggerListener.log Serverのバージョン名:     Apache Tomcat/10.1.9
16-Apr-2026 11:39:57.791 情報 [main] org.apache.catalina.startup.VersionLoggerListener.log Server ビルド:            May 9 2023 14:30:05 UTC
16-Apr-2026 11:39:57.793 情報 [main] org.apache.catalina.startup.VersionLoggerListener.log サーバーのバージョン番号: 10.1.9.0
16-Apr-2026 11:39:57.793 情報 [main] org.apache.catalina.startup.VersionLoggerListener.log OS 名:                    Windows 11
16-Apr-2026 11:39:57.793 情報 [main] org.apache.catalina.startup.VersionLoggerListener.log OS バージョン:            10.0
16-Apr-2026 11:39:57.793 情報 [main] org.apache.catalina.startup.VersionLoggerListener.log アーキテクチャ:           amd64
16-Apr-2026 11:39:57.793 情報 [main] org.apache.catalina.startup.VersionLoggerListener.log Java Home:                C:\Program Files\Java\jdk-25
16-Apr-2026 11:39:57.794 情報 [main] org.apache.catalina.startup.VersionLoggerListener.log JVM バージョン:           25.0.1+8-LTS-27
16-Apr-2026 11:39:57.794 情報 [main] org.apache.catalina.startup.VersionLoggerListener.log JVM ベンダ:               Oracle Corporation
16-Apr-2026 11:39:57.794 情報 [main] org.apache.catalina.startup.VersionLoggerListener.log CATALINA_BASE:            C:\Users\t_abe\Desktop\教材：学生管理システム\tomcat
16-Apr-2026 11:39:57.794 情報 [main] org.apache.catalina.startup.VersionLoggerListener.log CATALINA_HOME:            C:\Users\t_abe\Desktop\教材：学生管理システム\tomcat
16-Apr-2026 11:39:57.815 情報 [main] org.apache.catalina.startup.VersionLoggerListener.log コマンドライン引数:       -Djava.util.logging.config.file=C:\Users\t_abe\Desktop\教材：学生管理システム\tomcat\conf\logging.properties
16-Apr-2026 11:39:57.815 情報 [main] org.apache.catalina.startup.VersionLoggerListener.log コマンドライン引数:       -Djava.util.logging.manager=org.apache.juli.ClassLoaderLogManager
16-Apr-2026 11:39:57.816 情報 [main] org.apache.catalina.startup.VersionLoggerListener.log コマンドライン引数:       -Djdk.tls.ephemeralDHKeySize=2048
16-Apr-2026 11:39:57.816 情報 [main] org.apache.catalina.startup.VersionLoggerListener.log コマンドライン引数:       -Djava.protocol.handler.pkgs=org.apache.catalina.webresources
16-Apr-2026 11:39:57.816 情報 [main] org.apache.catalina.startup.VersionLoggerListener.log コマンドライン引数:       --add-opens=java.base/java.lang=ALL-UNNAMED
16-Apr-2026 11:39:57.816 情報 [main] org.apache.catalina.startup.VersionLoggerListener.log コマンドライン引数:       --add-opens=java.base/java.io=ALL-UNNAMED
16-Apr-2026 11:39:57.816 情報 [main] org.apache.catalina.startup.VersionLoggerListener.log コマンドライン引数:       --add-opens=java.base/java.util=ALL-UNNAMED
16-Apr-2026 11:39:57.817 情報 [main] org.apache.catalina.startup.VersionLoggerListener.log コマンドライン引数:       --add-opens=java.base/java.util.concurrent=ALL-UNNAMED
16-Apr-2026 11:39:57.817 情報 [main] org.apache.catalina.startup.VersionLoggerListener.log コマンドライン引数:       --add-opens=java.rmi/sun.rmi.transport=ALL-UNNAMED
16-Apr-2026 11:39:57.817 情報 [main] org.apache.catalina.startup.VersionLoggerListener.log コマンドライン引数:       -Dcatalina.base=C:\Users\t_abe\Desktop\教材：学生管理システム\tomcat
16-Apr-2026 11:39:57.817 情報 [main] org.apache.catalina.startup.VersionLoggerListener.log コマンドライン引数:       -Dcatalina.home=C:\Users\t_abe\Desktop\教材：学生管理システム\tomcat
16-Apr-2026 11:39:57.818 情報 [main] org.apache.catalina.startup.VersionLoggerListener.log コマンドライン引数:       -Djava.io.tmpdir=C:\Users\t_abe\Desktop\教材：学生管理システム\tomcat\temp
16-Apr-2026 11:39:57.828 情報 [main] org.apache.catalina.core.AprLifecycleListener.lifecycleEvent 商用環境に最適な性能を発揮する APR ベースの Tomcat ネイティブライブラリが java.library.path [C:\Program Files\Java\jdk-25\bin;C:\Windows\Sun\Java\bin;C:\Windows\system32;C:\Windows;C:\Program Files\Common Files\Oracle\Java\javapath;C:\Windows\system32;C:\Windows;C:\Windows\System32\Wbem;C:\Windows\System32\WindowsPowerShell\v1.0\;C:\Windows\System32\OpenSSH\;C:\Program Files\Git\cmd;C:\Program Files\Docker\Docker\resources\bin;C:\Program Files\nodejs\;C:\Program Files\Go\bin;C:\Maven\apache-maven-3.9.14\bin;C:\Users\t_abe\AppData\Local\Programs\Python\Python313\Scripts\;C:\Users\t_abe\AppData\Local\Programs\Python\Python313\;C:\Users\t_abe\AppData\Local\Programs\Python\Launcher\;C:\Users\t_abe\AppData\Local\Microsoft\WindowsApps;C:\Users\t_abe\AppData\Local\Programs\Microsoft VS Code\bin;C:\Users\t_abe\AppData\Local\Programs\Antigravity\bin;C:\Users\t_abe\AppData\Roaming\npm;C:\Users\t_abe\go\bin;c:\Users\t_abe\.antigravity\extensions\vscjava.vscode-java-debug-0.58.5-universal\bundled\scripts\noConfigScripts;.] に存在しません。
16-Apr-2026 11:39:58.123 情報 [main] org.apache.coyote.AbstractProtocol.init プロトコルハンドラ ["http-nio-8080"] を初期化します。
16-Apr-2026 11:39:58.153 情報 [main] org.apache.catalina.startup.Catalina.load サーバーの初期化 [612] ミリ秒
16-Apr-2026 11:39:58.200 情報 [main] org.apache.catalina.core.StandardService.startInternal サービス [Catalina] を起動します
16-Apr-2026 11:39:58.200 情報 [main] org.apache.catalina.core.StandardEngine.startInternal サーブレットエンジンの起動：[Apache Tomcat/10.1.9]
16-Apr-2026 11:39:58.225 情報 [main] org.apache.catalina.startup.HostConfig.deployWAR Webアプリケーションアーカイブ [C:\Users\t_abe\Desktop\教材：学生管理システム\tomcat\webapps\student-management-v2.war] を配備します
16-Apr-2026 11:39:59.190 情報 [main] org.apache.jasper.servlet.TldScanner.scanJars 少なくとも1つのJARでTLDをスキャンしましたが、TLDが含まれていませんでした。スキャンしたもののTLDが見つからなかったJARの完全なリストについては、このロガーのデバッグログを有効にしてください。スキャン中に不要なJARをスキップすると、起動時間とJSPのコンパイル時間が短縮されます。
16-Apr-2026 11:39:59.640 情報 [main] org.apache.catalina.startup.HostConfig.deployWAR Web アプリケーションアーカイブ [C:\Users\t_abe\Desktop\教材：学生管理システム\tomcat\webapps\student-management-v2.war] の配備は [1,407] ミリ秒で完了しました
16-Apr-2026 11:39:59.644 情報 [main] org.apache.coyote.AbstractProtocol.start プロトコルハンドラー ["http-nio-8080"] を開始しました。
16-Apr-2026 11:39:59.685 情報 [main] org.apache.catalina.startup.Catalina.start サーバーの起動 [1529] ミリ秒
16-Apr-2026 11:41:00.256 情報 [Catalina-utility-2] org.apache.catalina.startup.HostConfig.undeploy コンテキストパス [/student-management-v2] のWebアプリケーションの配備を解除します
16-Apr-2026 11:41:00.265 警告 [Catalina-utility-2] org.apache.catalina.loader.WebappClassLoaderBase.clearReferencesJdbc Web アプリケーション [student-management-v2] は自身で登録した JDBC ドライバー [org.h2.Driver] を停止時に解除できませんでした。メモリーリークの発生を防ぐには JDBC ドライバーを強制的に解除してください。
16-Apr-2026 11:41:19.174 情報 [Thread-1] org.apache.coyote.AbstractProtocol.pause ProtocolHandler ["http-nio-8080"] を一時停止します。
16-Apr-2026 11:41:19.180 情報 [Thread-1] org.apache.catalina.core.StandardService.stopInternal サービス [Catalina] を停止します
16-Apr-2026 11:41:19.181 情報 [Thread-1] org.apache.coyote.AbstractProtocol.stop ProtocolHandler ["http-nio-8080"]の停止中
16-Apr-2026 11:41:19.185 情報 [Thread-1] org.apache.coyote.AbstractProtocol.destroy ProtocolHandler ["http-nio-8080"] を破棄します。
16-Apr-2026 11:41:22.261 情報 [main] org.apache.catalina.startup.VersionLoggerListener.log Serverのバージョン名:     Apache Tomcat/10.1.9
16-Apr-2026 11:41:22.264 情報 [main] org.apache.catalina.startup.VersionLoggerListener.log Server ビルド:            May 9 2023 14:30:05 UTC
16-Apr-2026 11:41:22.265 情報 [main] org.apache.catalina.startup.VersionLoggerListener.log サーバーのバージョン番号: 10.1.9.0
16-Apr-2026 11:41:22.265 情報 [main] org.apache.catalina.startup.VersionLoggerListener.log OS 名:                    Windows 11
16-Apr-2026 11:41:22.265 情報 [main] org.apache.catalina.startup.VersionLoggerListener.log OS バージョン:            10.0
16-Apr-2026 11:41:22.265 情報 [main] org.apache.catalina.startup.VersionLoggerListener.log アーキテクチャ:           amd64
16-Apr-2026 11:41:22.265 情報 [main] org.apache.catalina.startup.VersionLoggerListener.log Java Home:                C:\Program Files\Java\jdk-25
16-Apr-2026 11:41:22.266 情報 [main] org.apache.catalina.startup.VersionLoggerListener.log JVM バージョン:           25.0.1+8-LTS-27
16-Apr-2026 11:41:22.266 情報 [main] org.apache.catalina.startup.VersionLoggerListener.log JVM ベンダ:               Oracle Corporation
16-Apr-2026 11:41:22.266 情報 [main] org.apache.catalina.startup.VersionLoggerListener.log CATALINA_BASE:            C:\Users\t_abe\Desktop\教材：学生管理システム\tomcat
16-Apr-2026 11:41:22.266 情報 [main] org.apache.catalina.startup.VersionLoggerListener.log CATALINA_HOME:            C:\Users\t_abe\Desktop\教材：学生管理システム\tomcat
16-Apr-2026 11:41:22.277 情報 [main] org.apache.catalina.startup.VersionLoggerListener.log コマンドライン引数:       -Djava.util.logging.config.file=C:\Users\t_abe\Desktop\教材：学生管理システム\tomcat\conf\logging.properties
16-Apr-2026 11:41:22.277 情報 [main] org.apache.catalina.startup.VersionLoggerListener.log コマンドライン引数:       -Djava.util.logging.manager=org.apache.juli.ClassLoaderLogManager
16-Apr-2026 11:41:22.278 情報 [main] org.apache.catalina.startup.VersionLoggerListener.log コマンドライン引数:       -Djdk.tls.ephemeralDHKeySize=2048
16-Apr-2026 11:41:22.278 情報 [main] org.apache.catalina.startup.VersionLoggerListener.log コマンドライン引数:       -Djava.protocol.handler.pkgs=org.apache.catalina.webresources
16-Apr-2026 11:41:22.278 情報 [main] org.apache.catalina.startup.VersionLoggerListener.log コマンドライン引数:       --add-opens=java.base/java.lang=ALL-UNNAMED
16-Apr-2026 11:41:22.278 情報 [main] org.apache.catalina.startup.VersionLoggerListener.log コマンドライン引数:       --add-opens=java.base/java.io=ALL-UNNAMED
16-Apr-2026 11:41:22.278 情報 [main] org.apache.catalina.startup.VersionLoggerListener.log コマンドライン引数:       --add-opens=java.base/java.util=ALL-UNNAMED
16-Apr-2026 11:41:22.279 情報 [main] org.apache.catalina.startup.VersionLoggerListener.log コマンドライン引数:       --add-opens=java.base/java.util.concurrent=ALL-UNNAMED
16-Apr-2026 11:41:22.279 情報 [main] org.apache.catalina.startup.VersionLoggerListener.log コマンドライン引数:       --add-opens=java.rmi/sun.rmi.transport=ALL-UNNAMED
16-Apr-2026 11:41:22.279 情報 [main] org.apache.catalina.startup.VersionLoggerListener.log コマンドライン引数:       -Dcatalina.base=C:\Users\t_abe\Desktop\教材：学生管理システム\tomcat
16-Apr-2026 11:41:22.279 情報 [main] org.apache.catalina.startup.VersionLoggerListener.log コマンドライン引数:       -Dcatalina.home=C:\Users\t_abe\Desktop\教材：学生管理システム\tomcat
16-Apr-2026 11:41:22.279 情報 [main] org.apache.catalina.startup.VersionLoggerListener.log コマンドライン引数:       -Djava.io.tmpdir=C:\Users\t_abe\Desktop\教材：学生管理システム\tomcat\temp
16-Apr-2026 11:41:22.289 情報 [main] org.apache.catalina.core.AprLifecycleListener.lifecycleEvent 商用環境に最適な性能を発揮する APR ベースの Tomcat ネイティブライブラリが java.library.path [C:\Program Files\Java\jdk-25\bin;C:\Windows\Sun\Java\bin;C:\Windows\system32;C:\Windows;C:\Program Files\Common Files\Oracle\Java\javapath;C:\Windows\system32;C:\Windows;C:\Windows\System32\Wbem;C:\Windows\System32\WindowsPowerShell\v1.0\;C:\Windows\System32\OpenSSH\;C:\Program Files\Git\cmd;C:\Program Files\Docker\Docker\resources\bin;C:\Program Files\nodejs\;C:\Program Files\Go\bin;C:\Maven\apache-maven-3.9.14\bin;C:\Users\t_abe\AppData\Local\Programs\Python\Python313\Scripts\;C:\Users\t_abe\AppData\Local\Programs\Python\Python313\;C:\Users\t_abe\AppData\Local\Programs\Python\Launcher\;C:\Users\t_abe\AppData\Local\Microsoft\WindowsApps;C:\Users\t_abe\AppData\Local\Programs\Microsoft VS Code\bin;C:\Users\t_abe\AppData\Local\Programs\Antigravity\bin;C:\Users\t_abe\AppData\Roaming\npm;C:\Users\t_abe\go\bin;c:\Users\t_abe\.antigravity\extensions\vscjava.vscode-java-debug-0.58.5-universal\bundled\scripts\noConfigScripts;.] に存在しません。
16-Apr-2026 11:41:22.511 情報 [main] org.apache.coyote.AbstractProtocol.init プロトコルハンドラ ["http-nio-8080"] を初期化します。
16-Apr-2026 11:41:22.533 情報 [main] org.apache.catalina.startup.Catalina.load サーバーの初期化 [438] ミリ秒
16-Apr-2026 11:41:22.570 情報 [main] org.apache.catalina.core.StandardService.startInternal サービス [Catalina] を起動します
16-Apr-2026 11:41:22.571 情報 [main] org.apache.catalina.core.StandardEngine.startInternal サーブレットエンジンの起動：[Apache Tomcat/10.1.9]
16-Apr-2026 11:41:22.592 情報 [main] org.apache.catalina.startup.HostConfig.deployWAR Webアプリケーションアーカイブ [C:\Users\t_abe\Desktop\教材：学生管理システム\tomcat\webapps\student-management-v2.war] を配備します
16-Apr-2026 11:41:23.577 情報 [main] org.apache.jasper.servlet.TldScanner.scanJars 少なくとも1つのJARでTLDをスキャンしましたが、TLDが含まれていませんでした。スキャンしたもののTLDが見つからなかったJARの完全なリストについては、このロガーのデバッグログを有効にしてください。スキャン中に不要なJARをスキップすると、起動時間とJSPのコンパイル時間が短縮されます。
16-Apr-2026 11:41:23.924 情報 [main] org.apache.catalina.startup.HostConfig.deployWAR Web アプリケーションアーカイブ [C:\Users\t_abe\Desktop\教材：学生管理システム\tomcat\webapps\student-management-v2.war] の配備は [1,324] ミリ秒で完了しました
16-Apr-2026 11:41:23.928 情報 [main] org.apache.coyote.AbstractProtocol.start プロトコルハンドラー ["http-nio-8080"] を開始しました。
16-Apr-2026 11:41:23.960 情報 [main] org.apache.catalina.startup.Catalina.start サーバーの起動 [1425] ミリ秒
16-Apr-2026 11:43:52.695 情報 [Thread-1] org.apache.coyote.AbstractProtocol.pause ProtocolHandler ["http-nio-8080"] を一時停止します。
16-Apr-2026 11:43:52.702 情報 [Thread-1] org.apache.catalina.core.StandardService.stopInternal サービス [Catalina] を停止します
16-Apr-2026 11:43:52.707 警告 [Thread-1] org.apache.catalina.loader.WebappClassLoaderBase.clearReferencesJdbc Web アプリケーション [student-management-v2] は自身で登録した JDBC ドライバー [org.h2.Driver] を停止時に解除できませんでした。メモリーリークの発生を防ぐには JDBC ドライバーを強制的に解除してください。
16-Apr-2026 11:43:52.711 情報 [Thread-1] org.apache.coyote.AbstractProtocol.stop ProtocolHandler ["http-nio-8080"]の停止中
16-Apr-2026 11:43:52.724 情報 [Thread-1] org.apache.coyote.AbstractProtocol.destroy ProtocolHandler ["http-nio-8080"] を破棄します。
16-Apr-2026 11:52:50.376 情報 [main] org.apache.catalina.startup.VersionLoggerListener.log Serverのバージョン名:     Apache Tomcat/10.1.9
16-Apr-2026 11:52:50.378 情報 [main] org.apache.catalina.startup.VersionLoggerListener.log Server ビルド:            May 9 2023 14:30:05 UTC
16-Apr-2026 11:52:50.379 情報 [main] org.apache.catalina.startup.VersionLoggerListener.log サーバーのバージョン番号: 10.1.9.0
16-Apr-2026 11:52:50.379 情報 [main] org.apache.catalina.startup.VersionLoggerListener.log OS 名:                    Windows 11
16-Apr-2026 11:52:50.379 情報 [main] org.apache.catalina.startup.VersionLoggerListener.log OS バージョン:            10.0
16-Apr-2026 11:52:50.379 情報 [main] org.apache.catalina.startup.VersionLoggerListener.log アーキテクチャ:           amd64
16-Apr-2026 11:52:50.379 情報 [main] org.apache.catalina.startup.VersionLoggerListener.log Java Home:                C:\Program Files\Java\jdk-25
16-Apr-2026 11:52:50.379 情報 [main] org.apache.catalina.startup.VersionLoggerListener.log JVM バージョン:           25.0.1+8-LTS-27
16-Apr-2026 11:52:50.379 情報 [main] org.apache.catalina.startup.VersionLoggerListener.log JVM ベンダ:               Oracle Corporation
16-Apr-2026 11:52:50.379 情報 [main] org.apache.catalina.startup.VersionLoggerListener.log CATALINA_BASE:            C:\Users\t_abe\Desktop\教材：学生管理システム\tomcat
16-Apr-2026 11:52:50.379 情報 [main] org.apache.catalina.startup.VersionLoggerListener.log CATALINA_HOME:            C:\Users\t_abe\Desktop\教材：学生管理システム\tomcat
16-Apr-2026 11:52:50.391 情報 [main] org.apache.catalina.startup.VersionLoggerListener.log コマンドライン引数:       -Djava.util.logging.config.file=C:\Users\t_abe\Desktop\教材：学生管理システム\tomcat\conf\logging.properties
16-Apr-2026 11:52:50.391 情報 [main] org.apache.catalina.startup.VersionLoggerListener.log コマンドライン引数:       -Djava.util.logging.manager=org.apache.juli.ClassLoaderLogManager
16-Apr-2026 11:52:50.391 情報 [main] org.apache.catalina.startup.VersionLoggerListener.log コマンドライン引数:       -Djdk.tls.ephemeralDHKeySize=2048
16-Apr-2026 11:52:50.392 情報 [main] org.apache.catalina.startup.VersionLoggerListener.log コマンドライン引数:       -Djava.protocol.handler.pkgs=org.apache.catalina.webresources
16-Apr-2026 11:52:50.392 情報 [main] org.apache.catalina.startup.VersionLoggerListener.log コマンドライン引数:       --add-opens=java.base/java.lang=ALL-UNNAMED
16-Apr-2026 11:52:50.393 情報 [main] org.apache.catalina.startup.VersionLoggerListener.log コマンドライン引数:       --add-opens=java.base/java.io=ALL-UNNAMED
16-Apr-2026 11:52:50.393 情報 [main] org.apache.catalina.startup.VersionLoggerListener.log コマンドライン引数:       --add-opens=java.base/java.util=ALL-UNNAMED
16-Apr-2026 11:52:50.393 情報 [main] org.apache.catalina.startup.VersionLoggerListener.log コマンドライン引数:       --add-opens=java.base/java.util.concurrent=ALL-UNNAMED
16-Apr-2026 11:52:50.393 情報 [main] org.apache.catalina.startup.VersionLoggerListener.log コマンドライン引数:       --add-opens=java.rmi/sun.rmi.transport=ALL-UNNAMED
16-Apr-2026 11:52:50.393 情報 [main] org.apache.catalina.startup.VersionLoggerListener.log コマンドライン引数:       -Dcatalina.base=C:\Users\t_abe\Desktop\教材：学生管理システム\tomcat
16-Apr-2026 11:52:50.394 情報 [main] org.apache.catalina.startup.VersionLoggerListener.log コマンドライン引数:       -Dcatalina.home=C:\Users\t_abe\Desktop\教材：学生管理システム\tomcat
16-Apr-2026 11:52:50.394 情報 [main] org.apache.catalina.startup.VersionLoggerListener.log コマンドライン引数:       -Djava.io.tmpdir=C:\Users\t_abe\Desktop\教材：学生管理システム\tomcat\temp
16-Apr-2026 11:52:50.404 情報 [main] org.apache.catalina.core.AprLifecycleListener.lifecycleEvent 商用環境に最適な性能を発揮する APR ベースの Tomcat ネイティブライブラリが java.library.path [C:\Program Files\Java\jdk-25\bin;C:\Windows\Sun\Java\bin;C:\Windows\system32;C:\Windows;C:\Program Files\Common Files\Oracle\Java\javapath;C:\Windows\system32;C:\Windows;C:\Windows\System32\Wbem;C:\Windows\System32\WindowsPowerShell\v1.0\;C:\Windows\System32\OpenSSH\;C:\Program Files\Git\cmd;C:\Program Files\Docker\Docker\resources\bin;C:\Program Files\nodejs\;C:\Program Files\Go\bin;C:\Maven\apache-maven-3.9.14\bin;C:\Users\t_abe\AppData\Local\Programs\Python\Python313\Scripts\;C:\Users\t_abe\AppData\Local\Programs\Python\Python313\;C:\Users\t_abe\AppData\Local\Programs\Python\Launcher\;C:\Users\t_abe\AppData\Local\Microsoft\WindowsApps;C:\Users\t_abe\AppData\Local\Programs\Microsoft VS Code\bin;C:\Users\t_abe\AppData\Local\Programs\Antigravity\bin;C:\Users\t_abe\AppData\Roaming\npm;C:\Users\t_abe\go\bin;c:\Users\t_abe\.antigravity\extensions\vscjava.vscode-java-debug-0.58.5-universal\bundled\scripts\noConfigScripts;.] に存在しません。
16-Apr-2026 11:52:50.631 情報 [main] org.apache.coyote.AbstractProtocol.init プロトコルハンドラ ["http-nio-8080"] を初期化します。
16-Apr-2026 11:52:50.652 情報 [main] org.apache.catalina.startup.Catalina.load サーバーの初期化 [447] ミリ秒
16-Apr-2026 11:52:50.691 情報 [main] org.apache.catalina.core.StandardService.startInternal サービス [Catalina] を起動します
16-Apr-2026 11:52:50.692 情報 [main] org.apache.catalina.core.StandardEngine.startInternal サーブレットエンジンの起動：[Apache Tomcat/10.1.9]
16-Apr-2026 11:52:50.749 情報 [main] org.apache.catalina.startup.HostConfig.deployWAR Webアプリケーションアーカイブ [C:\Users\t_abe\Desktop\教材：学生管理システム\tomcat\webapps\my_project2.war] を配備します
16-Apr-2026 11:52:51.950 情報 [main] org.apache.jasper.servlet.TldScanner.scanJars 少なくとも1つのJARでTLDをスキャンしましたが、TLDが含まれていませんでした。スキャンしたもののTLDが見つからなかったJARの完全なリストについては、このロガーのデバッグログを有効にしてください。スキャン中に不要なJARをスキップすると、起動時間とJSPのコンパイル時間が短縮されます。
16-Apr-2026 11:52:52.420 情報 [main] org.apache.catalina.startup.HostConfig.deployWAR Web アプリケーションアーカイブ [C:\Users\t_abe\Desktop\教材：学生管理システム\tomcat\webapps\my_project2.war] の配備は [1,665] ミリ秒で完了しました
16-Apr-2026 11:52:52.422 情報 [main] org.apache.catalina.startup.HostConfig.deployDirectory Web アプリケーションディレクトリ [C:\Users\t_abe\Desktop\教材：学生管理システム\tomcat\webapps\student-management-v2] を配備します
16-Apr-2026 11:52:53.069 情報 [main] org.apache.jasper.servlet.TldScanner.scanJars 少なくとも1つのJARでTLDをスキャンしましたが、TLDが含まれていませんでした。スキャンしたもののTLDが見つからなかったJARの完全なリストについては、このロガーのデバッグログを有効にしてください。スキャン中に不要なJARをスキップすると、起動時間とJSPのコンパイル時間が短縮されます。
16-Apr-2026 11:52:53.323 情報 [main] org.apache.catalina.startup.HostConfig.deployDirectory ディレクトリ [C:\Users\t_abe\Desktop\教材：学生管理システム\tomcat\webapps\student-management-v2] の Web アプリケーションの配備は [900] ミリ秒で完了しました。
16-Apr-2026 11:52:53.327 情報 [main] org.apache.coyote.AbstractProtocol.start プロトコルハンドラー ["http-nio-8080"] を開始しました。
16-Apr-2026 11:52:53.358 情報 [main] org.apache.catalina.startup.Catalina.start サーバーの起動 [2703] ミリ秒
16-Apr-2026 11:57:23.659 情報 [Catalina-utility-1] org.apache.catalina.startup.HostConfig.undeploy コンテキストパス [/my_project2] のWebアプリケーションの配備を解除します
16-Apr-2026 11:57:23.668 警告 [Catalina-utility-1] org.apache.catalina.loader.WebappClassLoaderBase.clearReferencesJdbc Web アプリケーション [my_project2] は自身で登録した JDBC ドライバー [org.h2.Driver] を停止時に解除できませんでした。メモリーリークの発生を防ぐには JDBC ドライバーを強制的に解除してください。
16-Apr-2026 11:57:23.715 情報 [Catalina-utility-1] org.apache.catalina.startup.HostConfig.deployWAR Webアプリケーションアーカイブ [C:\Users\t_abe\Desktop\教材：学生管理システム\tomcat\webapps\my_project2.war] を配備します
16-Apr-2026 11:57:24.508 情報 [Catalina-utility-1] org.apache.jasper.servlet.TldScanner.scanJars 少なくとも1つのJARでTLDをスキャンしましたが、TLDが含まれていませんでした。スキャンしたもののTLDが見つからなかったJARの完全なリストについては、このロガーのデバッグログを有効にしてください。スキャン中に不要なJARをスキップすると、起動時間とJSPのコンパイル時間が短縮されます。
16-Apr-2026 11:57:24.773 情報 [Catalina-utility-1] org.apache.catalina.startup.HostConfig.deployWAR Web アプリケーションアーカイブ [C:\Users\t_abe\Desktop\教材：学生管理システム\tomcat\webapps\my_project2.war] の配備は [1,057] ミリ秒で完了しました
16-Apr-2026 11:57:35.621 情報 [Thread-1] org.apache.coyote.AbstractProtocol.pause ProtocolHandler ["http-nio-8080"] を一時停止します。
16-Apr-2026 11:57:35.628 情報 [Thread-1] org.apache.catalina.core.StandardService.stopInternal サービス [Catalina] を停止します
16-Apr-2026 11:57:35.634 警告 [Thread-1] org.apache.catalina.loader.WebappClassLoaderBase.clearReferencesJdbc Web アプリケーション [student-management-v2] は自身で登録した JDBC ドライバー [org.h2.Driver] を停止時に解除できませんでした。メモリーリークの発生を防ぐには JDBC ドライバーを強制的に解除してください。
16-Apr-2026 11:57:35.636 警告 [Thread-1] org.apache.catalina.loader.WebappClassLoaderBase.clearReferencesJdbc Web アプリケーション [my_project2] は自身で登録した JDBC ドライバー [org.h2.Driver] を停止時に解除できませんでした。メモリーリークの発生を防ぐには JDBC ドライバーを強制的に解除してください。
16-Apr-2026 11:57:35.637 情報 [Thread-1] org.apache.coyote.AbstractProtocol.stop ProtocolHandler ["http-nio-8080"]の停止中
16-Apr-2026 11:57:35.652 情報 [Thread-1] org.apache.coyote.AbstractProtocol.destroy ProtocolHandler ["http-nio-8080"] を破棄します。
16-Apr-2026 11:57:39.594 情報 [main] org.apache.catalina.startup.VersionLoggerListener.log Serverのバージョン名:     Apache Tomcat/10.1.9
16-Apr-2026 11:57:39.597 情報 [main] org.apache.catalina.startup.VersionLoggerListener.log Server ビルド:            May 9 2023 14:30:05 UTC
16-Apr-2026 11:57:39.598 情報 [main] org.apache.catalina.startup.VersionLoggerListener.log サーバーのバージョン番号: 10.1.9.0
16-Apr-2026 11:57:39.598 情報 [main] org.apache.catalina.startup.VersionLoggerListener.log OS 名:                    Windows 11
16-Apr-2026 11:57:39.598 情報 [main] org.apache.catalina.startup.VersionLoggerListener.log OS バージョン:            10.0
16-Apr-2026 11:57:39.598 情報 [main] org.apache.catalina.startup.VersionLoggerListener.log アーキテクチャ:           amd64
16-Apr-2026 11:57:39.598 情報 [main] org.apache.catalina.startup.VersionLoggerListener.log Java Home:                C:\Program Files\Java\jdk-25
16-Apr-2026 11:57:39.599 情報 [main] org.apache.catalina.startup.VersionLoggerListener.log JVM バージョン:           25.0.1+8-LTS-27
16-Apr-2026 11:57:39.599 情報 [main] org.apache.catalina.startup.VersionLoggerListener.log JVM ベンダ:               Oracle Corporation
16-Apr-2026 11:57:39.599 情報 [main] org.apache.catalina.startup.VersionLoggerListener.log CATALINA_BASE:            C:\Users\t_abe\Desktop\教材：学生管理システム\tomcat
16-Apr-2026 11:57:39.599 情報 [main] org.apache.catalina.startup.VersionLoggerListener.log CATALINA_HOME:            C:\Users\t_abe\Desktop\教材：学生管理システム\tomcat
16-Apr-2026 11:57:39.610 情報 [main] org.apache.catalina.startup.VersionLoggerListener.log コマンドライン引数:       -Djava.util.logging.config.file=C:\Users\t_abe\Desktop\教材：学生管理システム\tomcat\conf\logging.properties
16-Apr-2026 11:57:39.610 情報 [main] org.apache.catalina.startup.VersionLoggerListener.log コマンドライン引数:       -Djava.util.logging.manager=org.apache.juli.ClassLoaderLogManager
16-Apr-2026 11:57:39.610 情報 [main] org.apache.catalina.startup.VersionLoggerListener.log コマンドライン引数:       -Djdk.tls.ephemeralDHKeySize=2048
16-Apr-2026 11:57:39.610 情報 [main] org.apache.catalina.startup.VersionLoggerListener.log コマンドライン引数:       -Djava.protocol.handler.pkgs=org.apache.catalina.webresources
16-Apr-2026 11:57:39.610 情報 [main] org.apache.catalina.startup.VersionLoggerListener.log コマンドライン引数:       --add-opens=java.base/java.lang=ALL-UNNAMED
16-Apr-2026 11:57:39.612 情報 [main] org.apache.catalina.startup.VersionLoggerListener.log コマンドライン引数:       --add-opens=java.base/java.io=ALL-UNNAMED
16-Apr-2026 11:57:39.612 情報 [main] org.apache.catalina.startup.VersionLoggerListener.log コマンドライン引数:       --add-opens=java.base/java.util=ALL-UNNAMED
16-Apr-2026 11:57:39.612 情報 [main] org.apache.catalina.startup.VersionLoggerListener.log コマンドライン引数:       --add-opens=java.base/java.util.concurrent=ALL-UNNAMED
16-Apr-2026 11:57:39.612 情報 [main] org.apache.catalina.startup.VersionLoggerListener.log コマンドライン引数:       --add-opens=java.rmi/sun.rmi.transport=ALL-UNNAMED
16-Apr-2026 11:57:39.612 情報 [main] org.apache.catalina.startup.VersionLoggerListener.log コマンドライン引数:       -Dcatalina.base=C:\Users\t_abe\Desktop\教材：学生管理システム\tomcat
16-Apr-2026 11:57:39.613 情報 [main] org.apache.catalina.startup.VersionLoggerListener.log コマンドライン引数:       -Dcatalina.home=C:\Users\t_abe\Desktop\教材：学生管理システム\tomcat
16-Apr-2026 11:57:39.613 情報 [main] org.apache.catalina.startup.VersionLoggerListener.log コマンドライン引数:       -Djava.io.tmpdir=C:\Users\t_abe\Desktop\教材：学生管理システム\tomcat\temp
16-Apr-2026 11:57:39.624 情報 [main] org.apache.catalina.core.AprLifecycleListener.lifecycleEvent 商用環境に最適な性能を発揮する APR ベースの Tomcat ネイティブライブラリが java.library.path [C:\Program Files\Java\jdk-25\bin;C:\Windows\Sun\Java\bin;C:\Windows\system32;C:\Windows;C:\Program Files\Common Files\Oracle\Java\javapath;C:\Windows\system32;C:\Windows;C:\Windows\System32\Wbem;C:\Windows\System32\WindowsPowerShell\v1.0\;C:\Windows\System32\OpenSSH\;C:\Program Files\Git\cmd;C:\Program Files\Docker\Docker\resources\bin;C:\Program Files\nodejs\;C:\Program Files\Go\bin;C:\Maven\apache-maven-3.9.14\bin;C:\Users\t_abe\AppData\Local\Programs\Python\Python313\Scripts\;C:\Users\t_abe\AppData\Local\Programs\Python\Python313\;C:\Users\t_abe\AppData\Local\Programs\Python\Launcher\;C:\Users\t_abe\AppData\Local\Microsoft\WindowsApps;C:\Users\t_abe\AppData\Local\Programs\Microsoft VS Code\bin;C:\Users\t_abe\AppData\Local\Programs\Antigravity\bin;C:\Users\t_abe\AppData\Roaming\npm;C:\Users\t_abe\go\bin;c:\Users\t_abe\.antigravity\extensions\vscjava.vscode-java-debug-0.58.5-universal\bundled\scripts\noConfigScripts;.] に存在しません。
16-Apr-2026 11:57:39.877 情報 [main] org.apache.coyote.AbstractProtocol.init プロトコルハンドラ ["http-nio-8080"] を初期化します。
16-Apr-2026 11:57:39.901 情報 [main] org.apache.catalina.startup.Catalina.load サーバーの初期化 [485] ミリ秒
16-Apr-2026 11:57:39.965 情報 [main] org.apache.catalina.core.StandardService.startInternal サービス [Catalina] を起動します
16-Apr-2026 11:57:39.965 情報 [main] org.apache.catalina.core.StandardEngine.startInternal サーブレットエンジンの起動：[Apache Tomcat/10.1.9]
16-Apr-2026 11:57:39.989 情報 [main] org.apache.catalina.startup.HostConfig.deployWAR Webアプリケーションアーカイブ [C:\Users\t_abe\Desktop\教材：学生管理システム\tomcat\webapps\my_project2.war] を配備します
16-Apr-2026 11:57:41.070 情報 [main] org.apache.jasper.servlet.TldScanner.scanJars 少なくとも1つのJARでTLDをスキャンしましたが、TLDが含まれていませんでした。スキャンしたもののTLDが見つからなかったJARの完全なリストについては、このロガーのデバッグログを有効にしてください。スキャン中に不要なJARをスキップすると、起動時間とJSPのコンパイル時間が短縮されます。
16-Apr-2026 11:57:41.435 情報 [main] org.apache.catalina.startup.HostConfig.deployWAR Web アプリケーションアーカイブ [C:\Users\t_abe\Desktop\教材：学生管理システム\tomcat\webapps\my_project2.war] の配備は [1,440] ミリ秒で完了しました
16-Apr-2026 11:57:41.436 情報 [main] org.apache.catalina.startup.HostConfig.deployDirectory Web アプリケーションディレクトリ [C:\Users\t_abe\Desktop\教材：学生管理システム\tomcat\webapps\student-management-v2] を配備します
16-Apr-2026 11:57:42.016 情報 [main] org.apache.jasper.servlet.TldScanner.scanJars 少なくとも1つのJARでTLDをスキャンしましたが、TLDが含まれていませんでした。スキャンしたもののTLDが見つからなかったJARの完全なリストについては、このロガーのデバッグログを有効にしてください。スキャン中に不要なJARをスキップすると、起動時間とJSPのコンパイル時間が短縮されます。
16-Apr-2026 11:57:42.251 情報 [main] org.apache.catalina.startup.HostConfig.deployDirectory ディレクトリ [C:\Users\t_abe\Desktop\教材：学生管理システム\tomcat\webapps\student-management-v2] の Web アプリケーションの配備は [815] ミリ秒で完了しました。
16-Apr-2026 11:57:42.255 情報 [main] org.apache.coyote.AbstractProtocol.start プロトコルハンドラー ["http-nio-8080"] を開始しました。
16-Apr-2026 11:57:42.285 情報 [main] org.apache.catalina.startup.Catalina.start サーバーの起動 [2381] ミリ秒
16-Apr-2026 12:29:50.818 情報 [main] org.apache.catalina.startup.VersionLoggerListener.log Serverのバージョン名:     Apache Tomcat/10.1.9
16-Apr-2026 12:29:50.820 情報 [main] org.apache.catalina.startup.VersionLoggerListener.log Server ビルド:            May 9 2023 14:30:05 UTC
16-Apr-2026 12:29:50.821 情報 [main] org.apache.catalina.startup.VersionLoggerListener.log サーバーのバージョン番号: 10.1.9.0
16-Apr-2026 12:29:50.821 情報 [main] org.apache.catalina.startup.VersionLoggerListener.log OS 名:                    Windows 11
16-Apr-2026 12:29:50.821 情報 [main] org.apache.catalina.startup.VersionLoggerListener.log OS バージョン:            10.0
16-Apr-2026 12:29:50.821 情報 [main] org.apache.catalina.startup.VersionLoggerListener.log アーキテクチャ:           amd64
16-Apr-2026 12:29:50.821 情報 [main] org.apache.catalina.startup.VersionLoggerListener.log Java Home:                C:\Program Files\Java\jdk-25
16-Apr-2026 12:29:50.821 情報 [main] org.apache.catalina.startup.VersionLoggerListener.log JVM バージョン:           25.0.1+8-LTS-27
16-Apr-2026 12:29:50.821 情報 [main] org.apache.catalina.startup.VersionLoggerListener.log JVM ベンダ:               Oracle Corporation
16-Apr-2026 12:29:50.821 情報 [main] org.apache.catalina.startup.VersionLoggerListener.log CATALINA_BASE:            C:\Users\t_abe\Desktop\教材：学生管理システム\tomcat
16-Apr-2026 12:29:50.822 情報 [main] org.apache.catalina.startup.VersionLoggerListener.log CATALINA_HOME:            C:\Users\t_abe\Desktop\教材：学生管理システム\tomcat
16-Apr-2026 12:29:50.832 情報 [main] org.apache.catalina.startup.VersionLoggerListener.log コマンドライン引数:       -Djava.util.logging.config.file=C:\Users\t_abe\Desktop\教材：学生管理システム\tomcat\conf\logging.properties
16-Apr-2026 12:29:50.832 情報 [main] org.apache.catalina.startup.VersionLoggerListener.log コマンドライン引数:       -Djava.util.logging.manager=org.apache.juli.ClassLoaderLogManager
16-Apr-2026 12:29:50.832 情報 [main] org.apache.catalina.startup.VersionLoggerListener.log コマンドライン引数:       -Djdk.tls.ephemeralDHKeySize=2048
16-Apr-2026 12:29:50.832 情報 [main] org.apache.catalina.startup.VersionLoggerListener.log コマンドライン引数:       -Djava.protocol.handler.pkgs=org.apache.catalina.webresources
16-Apr-2026 12:29:50.832 情報 [main] org.apache.catalina.startup.VersionLoggerListener.log コマンドライン引数:       --add-opens=java.base/java.lang=ALL-UNNAMED
16-Apr-2026 12:29:50.834 情報 [main] org.apache.catalina.startup.VersionLoggerListener.log コマンドライン引数:       --add-opens=java.base/java.io=ALL-UNNAMED
16-Apr-2026 12:29:50.834 情報 [main] org.apache.catalina.startup.VersionLoggerListener.log コマンドライン引数:       --add-opens=java.base/java.util=ALL-UNNAMED
16-Apr-2026 12:29:50.834 情報 [main] org.apache.catalina.startup.VersionLoggerListener.log コマンドライン引数:       --add-opens=java.base/java.util.concurrent=ALL-UNNAMED
16-Apr-2026 12:29:50.834 情報 [main] org.apache.catalina.startup.VersionLoggerListener.log コマンドライン引数:       --add-opens=java.rmi/sun.rmi.transport=ALL-UNNAMED
16-Apr-2026 12:29:50.835 情報 [main] org.apache.catalina.startup.VersionLoggerListener.log コマンドライン引数:       -Dcatalina.base=C:\Users\t_abe\Desktop\教材：学生管理システム\tomcat
16-Apr-2026 12:29:50.835 情報 [main] org.apache.catalina.startup.VersionLoggerListener.log コマンドライン引数:       -Dcatalina.home=C:\Users\t_abe\Desktop\教材：学生管理システム\tomcat
16-Apr-2026 12:29:50.835 情報 [main] org.apache.catalina.startup.VersionLoggerListener.log コマンドライン引数:       -Djava.io.tmpdir=C:\Users\t_abe\Desktop\教材：学生管理システム\tomcat\temp
16-Apr-2026 12:29:50.845 情報 [main] org.apache.catalina.core.AprLifecycleListener.lifecycleEvent 商用環境に最適な性能を発揮する APR ベースの Tomcat ネイティブライブラリが java.library.path [C:\Program Files\Java\jdk-25\bin;C:\Windows\Sun\Java\bin;C:\Windows\system32;C:\Windows;C:\Program Files\Common Files\Oracle\Java\javapath;C:\Windows\system32;C:\Windows;C:\Windows\System32\Wbem;C:\Windows\System32\WindowsPowerShell\v1.0\;C:\Windows\System32\OpenSSH\;C:\Program Files\Git\cmd;C:\Program Files\Docker\Docker\resources\bin;C:\Program Files\nodejs\;C:\Program Files\Go\bin;C:\Maven\apache-maven-3.9.14\bin;C:\Users\t_abe\AppData\Local\Programs\Python\Python313\Scripts\;C:\Users\t_abe\AppData\Local\Programs\Python\Python313\;C:\Users\t_abe\AppData\Local\Programs\Python\Launcher\;C:\Users\t_abe\AppData\Local\Microsoft\WindowsApps;C:\Users\t_abe\AppData\Local\Programs\Microsoft VS Code\bin;C:\Users\t_abe\AppData\Local\Programs\Antigravity\bin;C:\Users\t_abe\AppData\Roaming\npm;C:\Users\t_abe\go\bin;c:\Users\t_abe\.antigravity\extensions\vscjava.vscode-java-debug-0.58.5-universal\bundled\scripts\noConfigScripts;.] に存在しません。
16-Apr-2026 12:29:51.079 情報 [main] org.apache.coyote.AbstractProtocol.init プロトコルハンドラ ["http-nio-8080"] を初期化します。
16-Apr-2026 12:29:51.103 情報 [main] org.apache.catalina.startup.Catalina.load サーバーの初期化 [452] ミリ秒
16-Apr-2026 12:29:51.142 情報 [main] org.apache.catalina.core.StandardService.startInternal サービス [Catalina] を起動します
16-Apr-2026 12:29:51.143 情報 [main] org.apache.catalina.core.StandardEngine.startInternal サーブレットエンジンの起動：[Apache Tomcat/10.1.9]
16-Apr-2026 12:29:51.172 情報 [main] org.apache.catalina.startup.HostConfig.deployWAR Webアプリケーションアーカイブ [C:\Users\t_abe\Desktop\教材：学生管理システム\tomcat\webapps\my_project2.war] を配備します
16-Apr-2026 12:29:52.150 情報 [main] org.apache.jasper.servlet.TldScanner.scanJars 少なくとも1つのJARでTLDをスキャンしましたが、TLDが含まれていませんでした。スキャンしたもののTLDが見つからなかったJARの完全なリストについては、このロガーのデバッグログを有効にしてください。スキャン中に不要なJARをスキップすると、起動時間とJSPのコンパイル時間が短縮されます。
16-Apr-2026 12:29:52.547 情報 [main] org.apache.catalina.startup.HostConfig.deployWAR Web アプリケーションアーカイブ [C:\Users\t_abe\Desktop\教材：学生管理システム\tomcat\webapps\my_project2.war] の配備は [1,368] ミリ秒で完了しました
16-Apr-2026 12:29:52.548 情報 [main] org.apache.catalina.startup.HostConfig.deployDirectory Web アプリケーションディレクトリ [C:\Users\t_abe\Desktop\教材：学生管理システム\tomcat\webapps\student-management-v2] を配備します
16-Apr-2026 12:29:53.097 情報 [main] org.apache.jasper.servlet.TldScanner.scanJars 少なくとも1つのJARでTLDをスキャンしましたが、TLDが含まれていませんでした。スキャンしたもののTLDが見つからなかったJARの完全なリストについては、このロガーのデバッグログを有効にしてください。スキャン中に不要なJARをスキップすると、起動時間とJSPのコンパイル時間が短縮されます。
16-Apr-2026 12:29:53.353 情報 [main] org.apache.catalina.startup.HostConfig.deployDirectory ディレクトリ [C:\Users\t_abe\Desktop\教材：学生管理システム\tomcat\webapps\student-management-v2] の Web アプリケーションの配備は [805] ミリ秒で完了しました。
16-Apr-2026 12:29:53.355 情報 [main] org.apache.coyote.AbstractProtocol.start プロトコルハンドラー ["http-nio-8080"] を開始しました。
16-Apr-2026 12:29:53.384 情報 [main] org.apache.catalina.startup.Catalina.start サーバーの起動 [2280] ミリ秒
