14-Apr-2026 14:00:20.319 情報 [main] org.apache.catalina.startup.VersionLoggerListener.log Serverのバージョン名:     Apache Tomcat/10.1.9
14-Apr-2026 14:00:20.322 情報 [main] org.apache.catalina.startup.VersionLoggerListener.log Server ビルド:            May 9 2023 14:30:05 UTC
14-Apr-2026 14:00:20.322 情報 [main] org.apache.catalina.startup.VersionLoggerListener.log サーバーのバージョン番号: 10.1.9.0
14-Apr-2026 14:00:20.322 情報 [main] org.apache.catalina.startup.VersionLoggerListener.log OS 名:                    Windows 11
14-Apr-2026 14:00:20.322 情報 [main] org.apache.catalina.startup.VersionLoggerListener.log OS バージョン:            10.0
14-Apr-2026 14:00:20.322 情報 [main] org.apache.catalina.startup.VersionLoggerListener.log アーキテクチャ:           amd64
14-Apr-2026 14:00:20.323 情報 [main] org.apache.catalina.startup.VersionLoggerListener.log Java Home:                C:\Program Files\Java\jdk-25
14-Apr-2026 14:00:20.323 情報 [main] org.apache.catalina.startup.VersionLoggerListener.log JVM バージョン:           25.0.1+8-LTS-27
14-Apr-2026 14:00:20.323 情報 [main] org.apache.catalina.startup.VersionLoggerListener.log JVM ベンダ:               Oracle Corporation
14-Apr-2026 14:00:20.323 情報 [main] org.apache.catalina.startup.VersionLoggerListener.log CATALINA_BASE:            C:\Users\t_abe\Desktop\教材：学生管理システム\tomcat
14-Apr-2026 14:00:20.323 情報 [main] org.apache.catalina.startup.VersionLoggerListener.log CATALINA_HOME:            C:\Users\t_abe\Desktop\教材：学生管理システム\tomcat
14-Apr-2026 14:00:20.337 情報 [main] org.apache.catalina.startup.VersionLoggerListener.log コマンドライン引数:       -Djava.util.logging.config.file=C:\Users\t_abe\Desktop\教材：学生管理システム\tomcat\conf\logging.properties
14-Apr-2026 14:00:20.337 情報 [main] org.apache.catalina.startup.VersionLoggerListener.log コマンドライン引数:       -Djava.util.logging.manager=org.apache.juli.ClassLoaderLogManager
14-Apr-2026 14:00:20.337 情報 [main] org.apache.catalina.startup.VersionLoggerListener.log コマンドライン引数:       -Djdk.tls.ephemeralDHKeySize=2048
14-Apr-2026 14:00:20.337 情報 [main] org.apache.catalina.startup.VersionLoggerListener.log コマンドライン引数:       -Djava.protocol.handler.pkgs=org.apache.catalina.webresources
14-Apr-2026 14:00:20.339 情報 [main] org.apache.catalina.startup.VersionLoggerListener.log コマンドライン引数:       --add-opens=java.base/java.lang=ALL-UNNAMED
14-Apr-2026 14:00:20.339 情報 [main] org.apache.catalina.startup.VersionLoggerListener.log コマンドライン引数:       --add-opens=java.base/java.io=ALL-UNNAMED
14-Apr-2026 14:00:20.339 情報 [main] org.apache.catalina.startup.VersionLoggerListener.log コマンドライン引数:       --add-opens=java.base/java.util=ALL-UNNAMED
14-Apr-2026 14:00:20.339 情報 [main] org.apache.catalina.startup.VersionLoggerListener.log コマンドライン引数:       --add-opens=java.base/java.util.concurrent=ALL-UNNAMED
14-Apr-2026 14:00:20.339 情報 [main] org.apache.catalina.startup.VersionLoggerListener.log コマンドライン引数:       --add-opens=java.rmi/sun.rmi.transport=ALL-UNNAMED
14-Apr-2026 14:00:20.340 情報 [main] org.apache.catalina.startup.VersionLoggerListener.log コマンドライン引数:       -Dcatalina.base=C:\Users\t_abe\Desktop\教材：学生管理システム\tomcat
14-Apr-2026 14:00:20.340 情報 [main] org.apache.catalina.startup.VersionLoggerListener.log コマンドライン引数:       -Dcatalina.home=C:\Users\t_abe\Desktop\教材：学生管理システム\tomcat
14-Apr-2026 14:00:20.340 情報 [main] org.apache.catalina.startup.VersionLoggerListener.log コマンドライン引数:       -Djava.io.tmpdir=C:\Users\t_abe\Desktop\教材：学生管理システム\tomcat\temp
14-Apr-2026 14:00:20.351 情報 [main] org.apache.catalina.core.AprLifecycleListener.lifecycleEvent 商用環境に最適な性能を発揮する APR ベースの Tomcat ネイティブライブラリが java.library.path [C:\Program Files\Java\jdk-25\bin;C:\Windows\Sun\Java\bin;C:\Windows\system32;C:\Windows;C:\Program Files\Common Files\Oracle\Java\javapath;C:\Windows\system32;C:\Windows;C:\Windows\System32\Wbem;C:\Windows\System32\WindowsPowerShell\v1.0\;C:\Windows\System32\OpenSSH\;C:\Program Files\Git\cmd;C:\Program Files\Docker\Docker\resources\bin;C:\Program Files\nodejs\;C:\Program Files\Go\bin;C:\Users\t_abe\AppData\Local\Programs\Python\Python313\Scripts\;C:\Users\t_abe\AppData\Local\Programs\Python\Python313\;C:\Users\t_abe\AppData\Local\Programs\Python\Launcher\;C:\Users\t_abe\AppData\Local\Microsoft\WindowsApps;C:\Users\t_abe\AppData\Local\Programs\Microsoft VS Code\bin;C:\Users\t_abe\AppData\Local\Programs\Antigravity\bin;C:\Users\t_abe\AppData\Roaming\npm;C:\Users\t_abe\go\bin;c:\Users\t_abe\.antigravity\extensions\vscjava.vscode-java-debug-0.58.5-universal\bundled\scripts\noConfigScripts;.] に存在しません。
14-Apr-2026 14:00:20.596 情報 [main] org.apache.coyote.AbstractProtocol.init プロトコルハンドラ ["http-nio-8080"] を初期化します。
14-Apr-2026 14:00:20.617 情報 [main] org.apache.catalina.startup.Catalina.load サーバーの初期化 [503] ミリ秒
14-Apr-2026 14:00:20.658 情報 [main] org.apache.catalina.core.StandardService.startInternal サービス [Catalina] を起動します
14-Apr-2026 14:00:20.659 情報 [main] org.apache.catalina.core.StandardEngine.startInternal サーブレットエンジンの起動：[Apache Tomcat/10.1.9]
14-Apr-2026 14:00:20.682 情報 [main] org.apache.catalina.startup.HostConfig.deployWAR Webアプリケーションアーカイブ [C:\Users\t_abe\Desktop\教材：学生管理システム\tomcat\webapps\student-management.war] を配備します
14-Apr-2026 14:00:21.597 情報 [main] org.apache.jasper.servlet.TldScanner.scanJars 少なくとも1つのJARでTLDをスキャンしましたが、TLDが含まれていませんでした。スキャンしたもののTLDが見つからなかったJARの完全なリストについては、このロガーのデバッグログを有効にしてください。スキャン中に不要なJARをスキップすると、起動時間とJSPのコンパイル時間が短縮されます。
14-Apr-2026 14:00:21.699 情報 [main] org.apache.catalina.startup.HostConfig.deployWAR Web アプリケーションアーカイブ [C:\Users\t_abe\Desktop\教材：学生管理システム\tomcat\webapps\student-management.war] の配備は [1,011] ミリ秒で完了しました
14-Apr-2026 14:00:21.701 情報 [main] org.apache.coyote.AbstractProtocol.start プロトコルハンドラー ["http-nio-8080"] を開始しました。
14-Apr-2026 14:00:21.735 情報 [main] org.apache.catalina.startup.Catalina.start サーバーの起動 [1116] ミリ秒
14-Apr-2026 14:19:36.549 情報 [main] org.apache.catalina.startup.VersionLoggerListener.log Serverのバージョン名:     Apache Tomcat/10.1.9
14-Apr-2026 14:19:36.551 情報 [main] org.apache.catalina.startup.VersionLoggerListener.log Server ビルド:            May 9 2023 14:30:05 UTC
14-Apr-2026 14:19:36.552 情報 [main] org.apache.catalina.startup.VersionLoggerListener.log サーバーのバージョン番号: 10.1.9.0
14-Apr-2026 14:19:36.552 情報 [main] org.apache.catalina.startup.VersionLoggerListener.log OS 名:                    Windows 11
14-Apr-2026 14:19:36.552 情報 [main] org.apache.catalina.startup.VersionLoggerListener.log OS バージョン:            10.0
14-Apr-2026 14:19:36.552 情報 [main] org.apache.catalina.startup.VersionLoggerListener.log アーキテクチャ:           amd64
14-Apr-2026 14:19:36.552 情報 [main] org.apache.catalina.startup.VersionLoggerListener.log Java Home:                C:\Program Files\Java\jdk-25
14-Apr-2026 14:19:36.552 情報 [main] org.apache.catalina.startup.VersionLoggerListener.log JVM バージョン:           25.0.1+8-LTS-27
14-Apr-2026 14:19:36.552 情報 [main] org.apache.catalina.startup.VersionLoggerListener.log JVM ベンダ:               Oracle Corporation
14-Apr-2026 14:19:36.554 情報 [main] org.apache.catalina.startup.VersionLoggerListener.log CATALINA_BASE:            C:\Users\t_abe\Desktop\教材：学生管理システム\tomcat
14-Apr-2026 14:19:36.554 情報 [main] org.apache.catalina.startup.VersionLoggerListener.log CATALINA_HOME:            C:\Users\t_abe\Desktop\教材：学生管理システム\tomcat
14-Apr-2026 14:19:36.567 情報 [main] org.apache.catalina.startup.VersionLoggerListener.log コマンドライン引数:       -Djava.util.logging.config.file=C:\Users\t_abe\Desktop\教材：学生管理システム\tomcat\conf\logging.properties
14-Apr-2026 14:19:36.567 情報 [main] org.apache.catalina.startup.VersionLoggerListener.log コマンドライン引数:       -Djava.util.logging.manager=org.apache.juli.ClassLoaderLogManager
14-Apr-2026 14:19:36.567 情報 [main] org.apache.catalina.startup.VersionLoggerListener.log コマンドライン引数:       -Djdk.tls.ephemeralDHKeySize=2048
14-Apr-2026 14:19:36.567 情報 [main] org.apache.catalina.startup.VersionLoggerListener.log コマンドライン引数:       -Djava.protocol.handler.pkgs=org.apache.catalina.webresources
14-Apr-2026 14:19:36.567 情報 [main] org.apache.catalina.startup.VersionLoggerListener.log コマンドライン引数:       --add-opens=java.base/java.lang=ALL-UNNAMED
14-Apr-2026 14:19:36.569 情報 [main] org.apache.catalina.startup.VersionLoggerListener.log コマンドライン引数:       --add-opens=java.base/java.io=ALL-UNNAMED
14-Apr-2026 14:19:36.569 情報 [main] org.apache.catalina.startup.VersionLoggerListener.log コマンドライン引数:       --add-opens=java.base/java.util=ALL-UNNAMED
14-Apr-2026 14:19:36.569 情報 [main] org.apache.catalina.startup.VersionLoggerListener.log コマンドライン引数:       --add-opens=java.base/java.util.concurrent=ALL-UNNAMED
14-Apr-2026 14:19:36.569 情報 [main] org.apache.catalina.startup.VersionLoggerListener.log コマンドライン引数:       --add-opens=java.rmi/sun.rmi.transport=ALL-UNNAMED
14-Apr-2026 14:19:36.569 情報 [main] org.apache.catalina.startup.VersionLoggerListener.log コマンドライン引数:       -Dcatalina.base=C:\Users\t_abe\Desktop\教材：学生管理システム\tomcat
14-Apr-2026 14:19:36.569 情報 [main] org.apache.catalina.startup.VersionLoggerListener.log コマンドライン引数:       -Dcatalina.home=C:\Users\t_abe\Desktop\教材：学生管理システム\tomcat
14-Apr-2026 14:19:36.570 情報 [main] org.apache.catalina.startup.VersionLoggerListener.log コマンドライン引数:       -Djava.io.tmpdir=C:\Users\t_abe\Desktop\教材：学生管理システム\tomcat\temp
14-Apr-2026 14:19:36.583 情報 [main] org.apache.catalina.core.AprLifecycleListener.lifecycleEvent 商用環境に最適な性能を発揮する APR ベースの Tomcat ネイティブライブラリが java.library.path [C:\Program Files\Java\jdk-25\bin;C:\Windows\Sun\Java\bin;C:\Windows\system32;C:\Windows;C:\Program Files\Common Files\Oracle\Java\javapath;C:\Windows\system32;C:\Windows;C:\Windows\System32\Wbem;C:\Windows\System32\WindowsPowerShell\v1.0\;C:\Windows\System32\OpenSSH\;C:\Program Files\Git\cmd;C:\Program Files\Docker\Docker\resources\bin;C:\Program Files\nodejs\;C:\Program Files\Go\bin;C:\Maven\apache-maven-3.9.14\bin;C:\Users\t_abe\AppData\Local\Programs\Python\Python313\Scripts\;C:\Users\t_abe\AppData\Local\Programs\Python\Python313\;C:\Users\t_abe\AppData\Local\Programs\Python\Launcher\;C:\Users\t_abe\AppData\Local\Microsoft\WindowsApps;C:\Users\t_abe\AppData\Local\Programs\Microsoft VS Code\bin;C:\Users\t_abe\AppData\Local\Programs\Antigravity\bin;C:\Users\t_abe\AppData\Roaming\npm;C:\Users\t_abe\go\bin;c:\Users\t_abe\.antigravity\extensions\vscjava.vscode-java-debug-0.58.5-universal\bundled\scripts\noConfigScripts;.] に存在しません。
14-Apr-2026 14:19:36.839 情報 [main] org.apache.coyote.AbstractProtocol.init プロトコルハンドラ ["http-nio-8080"] を初期化します。
14-Apr-2026 14:19:36.866 情報 [main] org.apache.catalina.startup.Catalina.load サーバーの初期化 [540] ミリ秒
14-Apr-2026 14:19:36.915 情報 [main] org.apache.catalina.core.StandardService.startInternal サービス [Catalina] を起動します
14-Apr-2026 14:19:36.915 情報 [main] org.apache.catalina.core.StandardEngine.startInternal サーブレットエンジンの起動：[Apache Tomcat/10.1.9]
14-Apr-2026 14:19:36.942 情報 [main] org.apache.catalina.startup.HostConfig.deployWAR Webアプリケーションアーカイブ [C:\Users\t_abe\Desktop\教材：学生管理システム\tomcat\webapps\student-management.war] を配備します
14-Apr-2026 14:19:37.777 情報 [main] org.apache.jasper.servlet.TldScanner.scanJars 少なくとも1つのJARでTLDをスキャンしましたが、TLDが含まれていませんでした。スキャンしたもののTLDが見つからなかったJARの完全なリストについては、このロガーのデバッグログを有効にしてください。スキャン中に不要なJARをスキップすると、起動時間とJSPのコンパイル時間が短縮されます。
14-Apr-2026 14:19:37.875 情報 [main] org.apache.catalina.startup.HostConfig.deployWAR Web アプリケーションアーカイブ [C:\Users\t_abe\Desktop\教材：学生管理システム\tomcat\webapps\student-management.war] の配備は [929] ミリ秒で完了しました
14-Apr-2026 14:19:37.879 情報 [main] org.apache.coyote.AbstractProtocol.start プロトコルハンドラー ["http-nio-8080"] を開始しました。
14-Apr-2026 14:19:37.909 情報 [main] org.apache.catalina.startup.Catalina.start サーバーの起動 [1040] ミリ秒
14-Apr-2026 14:21:09.823 情報 [Thread-1] org.apache.coyote.AbstractProtocol.pause ProtocolHandler ["http-nio-8080"] を一時停止します。
14-Apr-2026 14:21:09.833 情報 [Thread-1] org.apache.catalina.core.StandardService.stopInternal サービス [Catalina] を停止します
14-Apr-2026 14:21:09.844 情報 [Thread-1] org.apache.coyote.AbstractProtocol.stop ProtocolHandler ["http-nio-8080"]の停止中
14-Apr-2026 14:21:09.855 情報 [Thread-1] org.apache.coyote.AbstractProtocol.destroy ProtocolHandler ["http-nio-8080"] を破棄します。
14-Apr-2026 14:21:34.758 情報 [main] org.apache.catalina.startup.VersionLoggerListener.log Serverのバージョン名:     Apache Tomcat/10.1.9
14-Apr-2026 14:21:34.760 情報 [main] org.apache.catalina.startup.VersionLoggerListener.log Server ビルド:            May 9 2023 14:30:05 UTC
14-Apr-2026 14:21:34.761 情報 [main] org.apache.catalina.startup.VersionLoggerListener.log サーバーのバージョン番号: 10.1.9.0
14-Apr-2026 14:21:34.761 情報 [main] org.apache.catalina.startup.VersionLoggerListener.log OS 名:                    Windows 11
14-Apr-2026 14:21:34.761 情報 [main] org.apache.catalina.startup.VersionLoggerListener.log OS バージョン:            10.0
14-Apr-2026 14:21:34.761 情報 [main] org.apache.catalina.startup.VersionLoggerListener.log アーキテクチャ:           amd64
14-Apr-2026 14:21:34.762 情報 [main] org.apache.catalina.startup.VersionLoggerListener.log Java Home:                C:\Program Files\Java\jdk-25
14-Apr-2026 14:21:34.762 情報 [main] org.apache.catalina.startup.VersionLoggerListener.log JVM バージョン:           25.0.1+8-LTS-27
14-Apr-2026 14:21:34.762 情報 [main] org.apache.catalina.startup.VersionLoggerListener.log JVM ベンダ:               Oracle Corporation
14-Apr-2026 14:21:34.762 情報 [main] org.apache.catalina.startup.VersionLoggerListener.log CATALINA_BASE:            C:\Users\t_abe\Desktop\教材：学生管理システム\tomcat
14-Apr-2026 14:21:34.762 情報 [main] org.apache.catalina.startup.VersionLoggerListener.log CATALINA_HOME:            C:\Users\t_abe\Desktop\教材：学生管理システム\tomcat
14-Apr-2026 14:21:34.773 情報 [main] org.apache.catalina.startup.VersionLoggerListener.log コマンドライン引数:       -Djava.util.logging.config.file=C:\Users\t_abe\Desktop\教材：学生管理システム\tomcat\conf\logging.properties
14-Apr-2026 14:21:34.773 情報 [main] org.apache.catalina.startup.VersionLoggerListener.log コマンドライン引数:       -Djava.util.logging.manager=org.apache.juli.ClassLoaderLogManager
14-Apr-2026 14:21:34.774 情報 [main] org.apache.catalina.startup.VersionLoggerListener.log コマンドライン引数:       -Djdk.tls.ephemeralDHKeySize=2048
14-Apr-2026 14:21:34.774 情報 [main] org.apache.catalina.startup.VersionLoggerListener.log コマンドライン引数:       -Djava.protocol.handler.pkgs=org.apache.catalina.webresources
14-Apr-2026 14:21:34.774 情報 [main] org.apache.catalina.startup.VersionLoggerListener.log コマンドライン引数:       --add-opens=java.base/java.lang=ALL-UNNAMED
14-Apr-2026 14:21:34.775 情報 [main] org.apache.catalina.startup.VersionLoggerListener.log コマンドライン引数:       --add-opens=java.base/java.io=ALL-UNNAMED
14-Apr-2026 14:21:34.775 情報 [main] org.apache.catalina.startup.VersionLoggerListener.log コマンドライン引数:       --add-opens=java.base/java.util=ALL-UNNAMED
14-Apr-2026 14:21:34.775 情報 [main] org.apache.catalina.startup.VersionLoggerListener.log コマンドライン引数:       --add-opens=java.base/java.util.concurrent=ALL-UNNAMED
14-Apr-2026 14:21:34.775 情報 [main] org.apache.catalina.startup.VersionLoggerListener.log コマンドライン引数:       --add-opens=java.rmi/sun.rmi.transport=ALL-UNNAMED
14-Apr-2026 14:21:34.776 情報 [main] org.apache.catalina.startup.VersionLoggerListener.log コマンドライン引数:       -Dcatalina.base=C:\Users\t_abe\Desktop\教材：学生管理システム\tomcat
14-Apr-2026 14:21:34.776 情報 [main] org.apache.catalina.startup.VersionLoggerListener.log コマンドライン引数:       -Dcatalina.home=C:\Users\t_abe\Desktop\教材：学生管理システム\tomcat
14-Apr-2026 14:21:34.776 情報 [main] org.apache.catalina.startup.VersionLoggerListener.log コマンドライン引数:       -Djava.io.tmpdir=C:\Users\t_abe\Desktop\教材：学生管理システム\tomcat\temp
14-Apr-2026 14:21:34.786 情報 [main] org.apache.catalina.core.AprLifecycleListener.lifecycleEvent 商用環境に最適な性能を発揮する APR ベースの Tomcat ネイティブライブラリが java.library.path [C:\Program Files\Java\jdk-25\bin;C:\Windows\Sun\Java\bin;C:\Windows\system32;C:\Windows;C:\Program Files\Common Files\Oracle\Java\javapath;C:\Windows\system32;C:\Windows;C:\Windows\System32\Wbem;C:\Windows\System32\WindowsPowerShell\v1.0\;C:\Windows\System32\OpenSSH\;C:\Program Files\Git\cmd;C:\Program Files\Docker\Docker\resources\bin;C:\Program Files\nodejs\;C:\Program Files\Go\bin;C:\Maven\apache-maven-3.9.14\bin;C:\Users\t_abe\AppData\Local\Programs\Python\Python313\Scripts\;C:\Users\t_abe\AppData\Local\Programs\Python\Python313\;C:\Users\t_abe\AppData\Local\Programs\Python\Launcher\;C:\Users\t_abe\AppData\Local\Microsoft\WindowsApps;C:\Users\t_abe\AppData\Local\Programs\Microsoft VS Code\bin;C:\Users\t_abe\AppData\Local\Programs\Antigravity\bin;C:\Users\t_abe\AppData\Roaming\npm;C:\Users\t_abe\go\bin;c:\Users\t_abe\.antigravity\extensions\vscjava.vscode-java-debug-0.58.5-universal\bundled\scripts\noConfigScripts;.] に存在しません。
14-Apr-2026 14:21:35.013 情報 [main] org.apache.coyote.AbstractProtocol.init プロトコルハンドラ ["http-nio-8080"] を初期化します。
14-Apr-2026 14:21:35.033 情報 [main] org.apache.catalina.startup.Catalina.load サーバーの初期化 [439] ミリ秒
14-Apr-2026 14:21:35.070 情報 [main] org.apache.catalina.core.StandardService.startInternal サービス [Catalina] を起動します
14-Apr-2026 14:21:35.070 情報 [main] org.apache.catalina.core.StandardEngine.startInternal サーブレットエンジンの起動：[Apache Tomcat/10.1.9]
14-Apr-2026 14:21:35.092 情報 [main] org.apache.catalina.startup.HostConfig.deployWAR Webアプリケーションアーカイブ [C:\Users\t_abe\Desktop\教材：学生管理システム\tomcat\webapps\student-management.war] を配備します
14-Apr-2026 14:21:35.760 情報 [main] org.apache.jasper.servlet.TldScanner.scanJars 少なくとも1つのJARでTLDをスキャンしましたが、TLDが含まれていませんでした。スキャンしたもののTLDが見つからなかったJARの完全なリストについては、このロガーのデバッグログを有効にしてください。スキャン中に不要なJARをスキップすると、起動時間とJSPのコンパイル時間が短縮されます。
14-Apr-2026 14:21:35.854 情報 [main] org.apache.catalina.startup.HostConfig.deployWAR Web アプリケーションアーカイブ [C:\Users\t_abe\Desktop\教材：学生管理システム\tomcat\webapps\student-management.war] の配備は [757] ミリ秒で完了しました
14-Apr-2026 14:21:35.857 情報 [main] org.apache.coyote.AbstractProtocol.start プロトコルハンドラー ["http-nio-8080"] を開始しました。
14-Apr-2026 14:21:35.884 情報 [main] org.apache.catalina.startup.Catalina.start サーバーの起動 [848] ミリ秒
14-Apr-2026 14:27:16.280 情報 [Catalina-utility-1] org.apache.catalina.startup.HostConfig.reload リロード中のコンテキスト [/student-management]
14-Apr-2026 14:27:16.280 情報 [Catalina-utility-1] org.apache.catalina.core.StandardContext.reload このコンテキストの再ロードを開始しました
14-Apr-2026 14:27:16.822 情報 [Catalina-utility-1] org.apache.jasper.servlet.TldScanner.scanJars 少なくとも1つのJARでTLDをスキャンしましたが、TLDが含まれていませんでした。スキャンしたもののTLDが見つからなかったJARの完全なリストについては、このロガーのデバッグログを有効にしてください。スキャン中に不要なJARをスキップすると、起動時間とJSPのコンパイル時間が短縮されます。
14-Apr-2026 14:27:16.874 情報 [Catalina-utility-1] org.apache.catalina.core.StandardContext.reload このコンテキストの再ロードが完了しました
14-Apr-2026 14:28:14.157 情報 [Thread-1] org.apache.coyote.AbstractProtocol.pause ProtocolHandler ["http-nio-8080"] を一時停止します。
14-Apr-2026 14:28:14.165 情報 [Thread-1] org.apache.catalina.core.StandardService.stopInternal サービス [Catalina] を停止します
14-Apr-2026 14:28:14.169 情報 [Thread-1] org.apache.coyote.AbstractProtocol.stop ProtocolHandler ["http-nio-8080"]の停止中
14-Apr-2026 14:28:14.173 情報 [Thread-1] org.apache.coyote.AbstractProtocol.destroy ProtocolHandler ["http-nio-8080"] を破棄します。
14-Apr-2026 14:28:19.552 情報 [main] org.apache.catalina.startup.VersionLoggerListener.log Serverのバージョン名:     Apache Tomcat/10.1.9
14-Apr-2026 14:28:19.555 情報 [main] org.apache.catalina.startup.VersionLoggerListener.log Server ビルド:            May 9 2023 14:30:05 UTC
14-Apr-2026 14:28:19.555 情報 [main] org.apache.catalina.startup.VersionLoggerListener.log サーバーのバージョン番号: 10.1.9.0
14-Apr-2026 14:28:19.555 情報 [main] org.apache.catalina.startup.VersionLoggerListener.log OS 名:                    Windows 11
14-Apr-2026 14:28:19.556 情報 [main] org.apache.catalina.startup.VersionLoggerListener.log OS バージョン:            10.0
14-Apr-2026 14:28:19.556 情報 [main] org.apache.catalina.startup.VersionLoggerListener.log アーキテクチャ:           amd64
14-Apr-2026 14:28:19.556 情報 [main] org.apache.catalina.startup.VersionLoggerListener.log Java Home:                C:\Program Files\Java\jdk-25
14-Apr-2026 14:28:19.556 情報 [main] org.apache.catalina.startup.VersionLoggerListener.log JVM バージョン:           25.0.1+8-LTS-27
14-Apr-2026 14:28:19.556 情報 [main] org.apache.catalina.startup.VersionLoggerListener.log JVM ベンダ:               Oracle Corporation
14-Apr-2026 14:28:19.557 情報 [main] org.apache.catalina.startup.VersionLoggerListener.log CATALINA_BASE:            C:\Users\t_abe\Desktop\教材：学生管理システム\tomcat
14-Apr-2026 14:28:19.557 情報 [main] org.apache.catalina.startup.VersionLoggerListener.log CATALINA_HOME:            C:\Users\t_abe\Desktop\教材：学生管理システム\tomcat
14-Apr-2026 14:28:19.567 情報 [main] org.apache.catalina.startup.VersionLoggerListener.log コマンドライン引数:       -Djava.util.logging.config.file=C:\Users\t_abe\Desktop\教材：学生管理システム\tomcat\conf\logging.properties
14-Apr-2026 14:28:19.567 情報 [main] org.apache.catalina.startup.VersionLoggerListener.log コマンドライン引数:       -Djava.util.logging.manager=org.apache.juli.ClassLoaderLogManager
14-Apr-2026 14:28:19.567 情報 [main] org.apache.catalina.startup.VersionLoggerListener.log コマンドライン引数:       -Djdk.tls.ephemeralDHKeySize=2048
14-Apr-2026 14:28:19.567 情報 [main] org.apache.catalina.startup.VersionLoggerListener.log コマンドライン引数:       -Djava.protocol.handler.pkgs=org.apache.catalina.webresources
14-Apr-2026 14:28:19.567 情報 [main] org.apache.catalina.startup.VersionLoggerListener.log コマンドライン引数:       --add-opens=java.base/java.lang=ALL-UNNAMED
14-Apr-2026 14:28:19.567 情報 [main] org.apache.catalina.startup.VersionLoggerListener.log コマンドライン引数:       --add-opens=java.base/java.io=ALL-UNNAMED
14-Apr-2026 14:28:19.568 情報 [main] org.apache.catalina.startup.VersionLoggerListener.log コマンドライン引数:       --add-opens=java.base/java.util=ALL-UNNAMED
14-Apr-2026 14:28:19.568 情報 [main] org.apache.catalina.startup.VersionLoggerListener.log コマンドライン引数:       --add-opens=java.base/java.util.concurrent=ALL-UNNAMED
14-Apr-2026 14:28:19.568 情報 [main] org.apache.catalina.startup.VersionLoggerListener.log コマンドライン引数:       --add-opens=java.rmi/sun.rmi.transport=ALL-UNNAMED
14-Apr-2026 14:28:19.568 情報 [main] org.apache.catalina.startup.VersionLoggerListener.log コマンドライン引数:       -Dcatalina.base=C:\Users\t_abe\Desktop\教材：学生管理システム\tomcat
14-Apr-2026 14:28:19.568 情報 [main] org.apache.catalina.startup.VersionLoggerListener.log コマンドライン引数:       -Dcatalina.home=C:\Users\t_abe\Desktop\教材：学生管理システム\tomcat
14-Apr-2026 14:28:19.568 情報 [main] org.apache.catalina.startup.VersionLoggerListener.log コマンドライン引数:       -Djava.io.tmpdir=C:\Users\t_abe\Desktop\教材：学生管理システム\tomcat\temp
14-Apr-2026 14:28:19.579 情報 [main] org.apache.catalina.core.AprLifecycleListener.lifecycleEvent 商用環境に最適な性能を発揮する APR ベースの Tomcat ネイティブライブラリが java.library.path [C:\Program Files\Java\jdk-25\bin;C:\Windows\Sun\Java\bin;C:\Windows\system32;C:\Windows;C:\Program Files\Common Files\Oracle\Java\javapath;C:\Windows\system32;C:\Windows;C:\Windows\System32\Wbem;C:\Windows\System32\WindowsPowerShell\v1.0\;C:\Windows\System32\OpenSSH\;C:\Program Files\Git\cmd;C:\Program Files\Docker\Docker\resources\bin;C:\Program Files\nodejs\;C:\Program Files\Go\bin;C:\Maven\apache-maven-3.9.14\bin;C:\Users\t_abe\AppData\Local\Programs\Python\Python313\Scripts\;C:\Users\t_abe\AppData\Local\Programs\Python\Python313\;C:\Users\t_abe\AppData\Local\Programs\Python\Launcher\;C:\Users\t_abe\AppData\Local\Microsoft\WindowsApps;C:\Users\t_abe\AppData\Local\Programs\Microsoft VS Code\bin;C:\Users\t_abe\AppData\Local\Programs\Antigravity\bin;C:\Users\t_abe\AppData\Roaming\npm;C:\Users\t_abe\go\bin;c:\Users\t_abe\.antigravity\extensions\vscjava.vscode-java-debug-0.58.5-universal\bundled\scripts\noConfigScripts;.] に存在しません。
14-Apr-2026 14:28:19.815 情報 [main] org.apache.coyote.AbstractProtocol.init プロトコルハンドラ ["http-nio-8080"] を初期化します。
14-Apr-2026 14:28:19.836 情報 [main] org.apache.catalina.startup.Catalina.load サーバーの初期化 [450] ミリ秒
14-Apr-2026 14:28:19.874 情報 [main] org.apache.catalina.core.StandardService.startInternal サービス [Catalina] を起動します
14-Apr-2026 14:28:19.874 情報 [main] org.apache.catalina.core.StandardEngine.startInternal サーブレットエンジンの起動：[Apache Tomcat/10.1.9]
14-Apr-2026 14:28:19.896 情報 [main] org.apache.catalina.startup.HostConfig.deployWAR Webアプリケーションアーカイブ [C:\Users\t_abe\Desktop\教材：学生管理システム\tomcat\webapps\student-management.war] を配備します
14-Apr-2026 14:28:20.588 情報 [main] org.apache.jasper.servlet.TldScanner.scanJars 少なくとも1つのJARでTLDをスキャンしましたが、TLDが含まれていませんでした。スキャンしたもののTLDが見つからなかったJARの完全なリストについては、このロガーのデバッグログを有効にしてください。スキャン中に不要なJARをスキップすると、起動時間とJSPのコンパイル時間が短縮されます。
14-Apr-2026 14:28:20.682 情報 [main] org.apache.catalina.startup.HostConfig.deployWAR Web アプリケーションアーカイブ [C:\Users\t_abe\Desktop\教材：学生管理システム\tomcat\webapps\student-management.war] の配備は [781] ミリ秒で完了しました
14-Apr-2026 14:28:20.685 情報 [main] org.apache.coyote.AbstractProtocol.start プロトコルハンドラー ["http-nio-8080"] を開始しました。
14-Apr-2026 14:28:20.750 情報 [main] org.apache.catalina.startup.Catalina.start サーバーの起動 [911] ミリ秒
14-Apr-2026 14:28:56.739 情報 [Thread-1] org.apache.coyote.AbstractProtocol.pause ProtocolHandler ["http-nio-8080"] を一時停止します。
14-Apr-2026 14:28:56.750 情報 [Thread-1] org.apache.catalina.core.StandardService.stopInternal サービス [Catalina] を停止します
14-Apr-2026 14:28:56.760 情報 [Thread-1] org.apache.coyote.AbstractProtocol.stop ProtocolHandler ["http-nio-8080"]の停止中
14-Apr-2026 14:28:56.773 情報 [Thread-1] org.apache.coyote.AbstractProtocol.destroy ProtocolHandler ["http-nio-8080"] を破棄します。
14-Apr-2026 14:42:57.765 情報 [main] org.apache.catalina.startup.VersionLoggerListener.log Serverのバージョン名:     Apache Tomcat/10.1.9
14-Apr-2026 14:42:57.768 情報 [main] org.apache.catalina.startup.VersionLoggerListener.log Server ビルド:            May 9 2023 14:30:05 UTC
14-Apr-2026 14:42:57.768 情報 [main] org.apache.catalina.startup.VersionLoggerListener.log サーバーのバージョン番号: 10.1.9.0
14-Apr-2026 14:42:57.769 情報 [main] org.apache.catalina.startup.VersionLoggerListener.log OS 名:                    Windows 11
14-Apr-2026 14:42:57.769 情報 [main] org.apache.catalina.startup.VersionLoggerListener.log OS バージョン:            10.0
14-Apr-2026 14:42:57.769 情報 [main] org.apache.catalina.startup.VersionLoggerListener.log アーキテクチャ:           amd64
14-Apr-2026 14:42:57.769 情報 [main] org.apache.catalina.startup.VersionLoggerListener.log Java Home:                C:\Program Files\Java\jdk-25
14-Apr-2026 14:42:57.769 情報 [main] org.apache.catalina.startup.VersionLoggerListener.log JVM バージョン:           25.0.1+8-LTS-27
14-Apr-2026 14:42:57.770 情報 [main] org.apache.catalina.startup.VersionLoggerListener.log JVM ベンダ:               Oracle Corporation
14-Apr-2026 14:42:57.770 情報 [main] org.apache.catalina.startup.VersionLoggerListener.log CATALINA_BASE:            C:\Users\t_abe\Desktop\教材：学生管理システム\tomcat
14-Apr-2026 14:42:57.770 情報 [main] org.apache.catalina.startup.VersionLoggerListener.log CATALINA_HOME:            C:\Users\t_abe\Desktop\教材：学生管理システム\tomcat
14-Apr-2026 14:42:57.781 情報 [main] org.apache.catalina.startup.VersionLoggerListener.log コマンドライン引数:       -Djava.util.logging.config.file=C:\Users\t_abe\Desktop\教材：学生管理システム\tomcat\conf\logging.properties
14-Apr-2026 14:42:57.782 情報 [main] org.apache.catalina.startup.VersionLoggerListener.log コマンドライン引数:       -Djava.util.logging.manager=org.apache.juli.ClassLoaderLogManager
14-Apr-2026 14:42:57.782 情報 [main] org.apache.catalina.startup.VersionLoggerListener.log コマンドライン引数:       -Djdk.tls.ephemeralDHKeySize=2048
14-Apr-2026 14:42:57.782 情報 [main] org.apache.catalina.startup.VersionLoggerListener.log コマンドライン引数:       -Djava.protocol.handler.pkgs=org.apache.catalina.webresources
14-Apr-2026 14:42:57.783 情報 [main] org.apache.catalina.startup.VersionLoggerListener.log コマンドライン引数:       --add-opens=java.base/java.lang=ALL-UNNAMED
14-Apr-2026 14:42:57.783 情報 [main] org.apache.catalina.startup.VersionLoggerListener.log コマンドライン引数:       --add-opens=java.base/java.io=ALL-UNNAMED
14-Apr-2026 14:42:57.783 情報 [main] org.apache.catalina.startup.VersionLoggerListener.log コマンドライン引数:       --add-opens=java.base/java.util=ALL-UNNAMED
14-Apr-2026 14:42:57.783 情報 [main] org.apache.catalina.startup.VersionLoggerListener.log コマンドライン引数:       --add-opens=java.base/java.util.concurrent=ALL-UNNAMED
14-Apr-2026 14:42:57.783 情報 [main] org.apache.catalina.startup.VersionLoggerListener.log コマンドライン引数:       --add-opens=java.rmi/sun.rmi.transport=ALL-UNNAMED
14-Apr-2026 14:42:57.783 情報 [main] org.apache.catalina.startup.VersionLoggerListener.log コマンドライン引数:       -Dcatalina.base=C:\Users\t_abe\Desktop\教材：学生管理システム\tomcat
14-Apr-2026 14:42:57.783 情報 [main] org.apache.catalina.startup.VersionLoggerListener.log コマンドライン引数:       -Dcatalina.home=C:\Users\t_abe\Desktop\教材：学生管理システム\tomcat
14-Apr-2026 14:42:57.784 情報 [main] org.apache.catalina.startup.VersionLoggerListener.log コマンドライン引数:       -Djava.io.tmpdir=C:\Users\t_abe\Desktop\教材：学生管理システム\tomcat\temp
14-Apr-2026 14:42:57.795 情報 [main] org.apache.catalina.core.AprLifecycleListener.lifecycleEvent 商用環境に最適な性能を発揮する APR ベースの Tomcat ネイティブライブラリが java.library.path [C:\Program Files\Java\jdk-25\bin;C:\Windows\Sun\Java\bin;C:\Windows\system32;C:\Windows;C:\Program Files\Common Files\Oracle\Java\javapath;C:\Windows\system32;C:\Windows;C:\Windows\System32\Wbem;C:\Windows\System32\WindowsPowerShell\v1.0\;C:\Windows\System32\OpenSSH\;C:\Program Files\Git\cmd;C:\Program Files\Docker\Docker\resources\bin;C:\Program Files\nodejs\;C:\Program Files\Go\bin;C:\Maven\apache-maven-3.9.14\bin;C:\Users\t_abe\AppData\Local\Programs\Python\Python313\Scripts\;C:\Users\t_abe\AppData\Local\Programs\Python\Python313\;C:\Users\t_abe\AppData\Local\Programs\Python\Launcher\;C:\Users\t_abe\AppData\Local\Microsoft\WindowsApps;C:\Users\t_abe\AppData\Local\Programs\Microsoft VS Code\bin;C:\Users\t_abe\AppData\Local\Programs\Antigravity\bin;C:\Users\t_abe\AppData\Roaming\npm;C:\Users\t_abe\go\bin;c:\Users\t_abe\.antigravity\extensions\vscjava.vscode-java-debug-0.58.5-universal\bundled\scripts\noConfigScripts;.] に存在しません。
14-Apr-2026 14:42:58.059 情報 [main] org.apache.coyote.AbstractProtocol.init プロトコルハンドラ ["http-nio-8080"] を初期化します。
14-Apr-2026 14:42:58.080 情報 [main] org.apache.catalina.startup.Catalina.load サーバーの初期化 [485] ミリ秒
14-Apr-2026 14:42:58.120 情報 [main] org.apache.catalina.core.StandardService.startInternal サービス [Catalina] を起動します
14-Apr-2026 14:42:58.121 情報 [main] org.apache.catalina.core.StandardEngine.startInternal サーブレットエンジンの起動：[Apache Tomcat/10.1.9]
14-Apr-2026 14:42:58.177 情報 [main] org.apache.catalina.startup.HostConfig.deployWAR Webアプリケーションアーカイブ [C:\Users\t_abe\Desktop\教材：学生管理システム\tomcat\webapps\student-management.war] を配備します
14-Apr-2026 14:42:58.198 情報 [main] org.apache.catalina.startup.ExpandWar.expand 関連付けられた WAR ファイルと最終更新日時の異なる展開先ディレクトリ [C:\Users\t_abe\Desktop\教材：学生管理システム\tomcat\webapps\student-management] が見つかりました。削除します。
14-Apr-2026 14:42:59.064 情報 [main] org.apache.jasper.servlet.TldScanner.scanJars 少なくとも1つのJARでTLDをスキャンしましたが、TLDが含まれていませんでした。スキャンしたもののTLDが見つからなかったJARの完全なリストについては、このロガーのデバッグログを有効にしてください。スキャン中に不要なJARをスキップすると、起動時間とJSPのコンパイル時間が短縮されます。
14-Apr-2026 14:42:59.173 情報 [main] org.apache.catalina.startup.HostConfig.deployWAR Web アプリケーションアーカイブ [C:\Users\t_abe\Desktop\教材：学生管理システム\tomcat\webapps\student-management.war] の配備は [989] ミリ秒で完了しました
14-Apr-2026 14:42:59.176 情報 [main] org.apache.coyote.AbstractProtocol.start プロトコルハンドラー ["http-nio-8080"] を開始しました。
14-Apr-2026 14:42:59.209 情報 [main] org.apache.catalina.startup.Catalina.start サーバーの起動 [1127] ミリ秒
14-Apr-2026 14:45:03.765 情報 [Thread-1] org.apache.coyote.AbstractProtocol.pause ProtocolHandler ["http-nio-8080"] を一時停止します。
14-Apr-2026 14:45:03.772 情報 [Thread-1] org.apache.catalina.core.StandardService.stopInternal サービス [Catalina] を停止します
14-Apr-2026 14:45:03.777 警告 [Thread-1] org.apache.catalina.loader.WebappClassLoaderBase.clearReferencesJdbc Web アプリケーション [student-management] は自身で登録した JDBC ドライバー [org.h2.Driver] を停止時に解除できませんでした。メモリーリークの発生を防ぐには JDBC ドライバーを強制的に解除してください。
14-Apr-2026 14:45:03.778 警告 [Thread-1] org.apache.catalina.loader.WebappClassLoaderBase.clearReferencesThreads Webアプリケーション [student-management] は [Thread-2] という名前のスレッドを開始したようですが、停止に失敗しました。これはメモリリークを引き起こす可能性が非常に高いです。スレッドのスタックトレース: 
 java.base/sun.nio.ch.FileDispatcherImpl.force0(Native Method)
 java.base/sun.nio.ch.FileDispatcherImpl.force(FileDispatcherImpl.java:92)
 java.base/sun.nio.ch.FileChannelImpl.implForce(FileChannelImpl.java:620)
 java.base/sun.nio.ch.FileChannelImpl.force(FileChannelImpl.java:635)
 org.h2.mvstore.SingleFileStore.sync(SingleFileStore.java:179)
 org.h2.mvstore.FileStore.writeCleanShutdown(FileStore.java:809)
 org.h2.mvstore.FileStore.stop(FileStore.java:277)
 org.h2.mvstore.MVStore.closeStore(MVStore.java:693)
 org.h2.mvstore.MVStore.close(MVStore.java:643)
 org.h2.mvstore.db.Store.close(Store.java:364)
 org.h2.engine.Database.closeOpenFilesAndUnlock(Database.java:1293)
 org.h2.engine.Database.closeImpl(Database.java:1255)
 org.h2.engine.Database.close(Database.java:1174)
 org.h2.engine.Database.onShutdown(Database.java:1159)
 org.h2.engine.OnExitDatabaseCloser.onShutdown(OnExitDatabaseCloser.java:85)
 org.h2.engine.OnExitDatabaseCloser.run(OnExitDatabaseCloser.java:114)
14-Apr-2026 14:45:03.782 情報 [Thread-1] org.apache.coyote.AbstractProtocol.stop ProtocolHandler ["http-nio-8080"]の停止中
14-Apr-2026 14:45:03.786 情報 [Thread-1] org.apache.coyote.AbstractProtocol.destroy ProtocolHandler ["http-nio-8080"] を破棄します。
14-Apr-2026 14:53:32.767 情報 [main] org.apache.catalina.startup.VersionLoggerListener.log Serverのバージョン名:     Apache Tomcat/10.1.9
14-Apr-2026 14:53:32.769 情報 [main] org.apache.catalina.startup.VersionLoggerListener.log Server ビルド:            May 9 2023 14:30:05 UTC
14-Apr-2026 14:53:32.770 情報 [main] org.apache.catalina.startup.VersionLoggerListener.log サーバーのバージョン番号: 10.1.9.0
14-Apr-2026 14:53:32.770 情報 [main] org.apache.catalina.startup.VersionLoggerListener.log OS 名:                    Windows 11
14-Apr-2026 14:53:32.770 情報 [main] org.apache.catalina.startup.VersionLoggerListener.log OS バージョン:            10.0
14-Apr-2026 14:53:32.770 情報 [main] org.apache.catalina.startup.VersionLoggerListener.log アーキテクチャ:           amd64
14-Apr-2026 14:53:32.770 情報 [main] org.apache.catalina.startup.VersionLoggerListener.log Java Home:                C:\Program Files\Java\jdk-25
14-Apr-2026 14:53:32.771 情報 [main] org.apache.catalina.startup.VersionLoggerListener.log JVM バージョン:           25.0.1+8-LTS-27
14-Apr-2026 14:53:32.771 情報 [main] org.apache.catalina.startup.VersionLoggerListener.log JVM ベンダ:               Oracle Corporation
14-Apr-2026 14:53:32.771 情報 [main] org.apache.catalina.startup.VersionLoggerListener.log CATALINA_BASE:            C:\Users\t_abe\Desktop\教材：学生管理システム\tomcat
14-Apr-2026 14:53:32.771 情報 [main] org.apache.catalina.startup.VersionLoggerListener.log CATALINA_HOME:            C:\Users\t_abe\Desktop\教材：学生管理システム\tomcat
14-Apr-2026 14:53:32.782 情報 [main] org.apache.catalina.startup.VersionLoggerListener.log コマンドライン引数:       -Djava.util.logging.config.file=C:\Users\t_abe\Desktop\教材：学生管理システム\tomcat\conf\logging.properties
14-Apr-2026 14:53:32.783 情報 [main] org.apache.catalina.startup.VersionLoggerListener.log コマンドライン引数:       -Djava.util.logging.manager=org.apache.juli.ClassLoaderLogManager
14-Apr-2026 14:53:32.783 情報 [main] org.apache.catalina.startup.VersionLoggerListener.log コマンドライン引数:       -Djdk.tls.ephemeralDHKeySize=2048
14-Apr-2026 14:53:32.783 情報 [main] org.apache.catalina.startup.VersionLoggerListener.log コマンドライン引数:       -Djava.protocol.handler.pkgs=org.apache.catalina.webresources
14-Apr-2026 14:53:32.783 情報 [main] org.apache.catalina.startup.VersionLoggerListener.log コマンドライン引数:       --add-opens=java.base/java.lang=ALL-UNNAMED
14-Apr-2026 14:53:32.783 情報 [main] org.apache.catalina.startup.VersionLoggerListener.log コマンドライン引数:       --add-opens=java.base/java.io=ALL-UNNAMED
14-Apr-2026 14:53:32.783 情報 [main] org.apache.catalina.startup.VersionLoggerListener.log コマンドライン引数:       --add-opens=java.base/java.util=ALL-UNNAMED
14-Apr-2026 14:53:32.784 情報 [main] org.apache.catalina.startup.VersionLoggerListener.log コマンドライン引数:       --add-opens=java.base/java.util.concurrent=ALL-UNNAMED
14-Apr-2026 14:53:32.784 情報 [main] org.apache.catalina.startup.VersionLoggerListener.log コマンドライン引数:       --add-opens=java.rmi/sun.rmi.transport=ALL-UNNAMED
14-Apr-2026 14:53:32.784 情報 [main] org.apache.catalina.startup.VersionLoggerListener.log コマンドライン引数:       -Dcatalina.base=C:\Users\t_abe\Desktop\教材：学生管理システム\tomcat
14-Apr-2026 14:53:32.785 情報 [main] org.apache.catalina.startup.VersionLoggerListener.log コマンドライン引数:       -Dcatalina.home=C:\Users\t_abe\Desktop\教材：学生管理システム\tomcat
14-Apr-2026 14:53:32.785 情報 [main] org.apache.catalina.startup.VersionLoggerListener.log コマンドライン引数:       -Djava.io.tmpdir=C:\Users\t_abe\Desktop\教材：学生管理システム\tomcat\temp
14-Apr-2026 14:53:32.795 情報 [main] org.apache.catalina.core.AprLifecycleListener.lifecycleEvent 商用環境に最適な性能を発揮する APR ベースの Tomcat ネイティブライブラリが java.library.path [C:\Program Files\Java\jdk-25\bin;C:\Windows\Sun\Java\bin;C:\Windows\system32;C:\Windows;C:\Program Files\Common Files\Oracle\Java\javapath;C:\Windows\system32;C:\Windows;C:\Windows\System32\Wbem;C:\Windows\System32\WindowsPowerShell\v1.0\;C:\Windows\System32\OpenSSH\;C:\Program Files\Git\cmd;C:\Program Files\Docker\Docker\resources\bin;C:\Program Files\nodejs\;C:\Program Files\Go\bin;C:\Maven\apache-maven-3.9.14\bin;C:\Users\t_abe\AppData\Local\Programs\Python\Python313\Scripts\;C:\Users\t_abe\AppData\Local\Programs\Python\Python313\;C:\Users\t_abe\AppData\Local\Programs\Python\Launcher\;C:\Users\t_abe\AppData\Local\Microsoft\WindowsApps;C:\Users\t_abe\AppData\Local\Programs\Microsoft VS Code\bin;C:\Users\t_abe\AppData\Local\Programs\Antigravity\bin;C:\Users\t_abe\AppData\Roaming\npm;C:\Users\t_abe\go\bin;c:\Users\t_abe\.antigravity\extensions\vscjava.vscode-java-debug-0.58.5-universal\bundled\scripts\noConfigScripts;.] に存在しません。
14-Apr-2026 14:53:33.035 情報 [main] org.apache.coyote.AbstractProtocol.init プロトコルハンドラ ["http-nio-8080"] を初期化します。
14-Apr-2026 14:53:33.057 情報 [main] org.apache.catalina.startup.Catalina.load サーバーの初期化 [464] ミリ秒
14-Apr-2026 14:53:33.102 情報 [main] org.apache.catalina.core.StandardService.startInternal サービス [Catalina] を起動します
14-Apr-2026 14:53:33.102 情報 [main] org.apache.catalina.core.StandardEngine.startInternal サーブレットエンジンの起動：[Apache Tomcat/10.1.9]
14-Apr-2026 14:53:33.127 情報 [main] org.apache.catalina.startup.HostConfig.deployWAR Webアプリケーションアーカイブ [C:\Users\t_abe\Desktop\教材：学生管理システム\tomcat\webapps\student-management.war] を配備します
14-Apr-2026 14:53:33.151 情報 [main] org.apache.catalina.startup.ExpandWar.expand 関連付けられた WAR ファイルと最終更新日時の異なる展開先ディレクトリ [C:\Users\t_abe\Desktop\教材：学生管理システム\tomcat\webapps\student-management] が見つかりました。削除します。
14-Apr-2026 14:53:34.184 情報 [main] org.apache.jasper.servlet.TldScanner.scanJars 少なくとも1つのJARでTLDをスキャンしましたが、TLDが含まれていませんでした。スキャンしたもののTLDが見つからなかったJARの完全なリストについては、このロガーのデバッグログを有効にしてください。スキャン中に不要なJARをスキップすると、起動時間とJSPのコンパイル時間が短縮されます。
14-Apr-2026 14:53:34.321 情報 [main] org.apache.catalina.startup.HostConfig.deployWAR Web アプリケーションアーカイブ [C:\Users\t_abe\Desktop\教材：学生管理システム\tomcat\webapps\student-management.war] の配備は [1,187] ミリ秒で完了しました
14-Apr-2026 14:53:34.325 情報 [main] org.apache.coyote.AbstractProtocol.start プロトコルハンドラー ["http-nio-8080"] を開始しました。
14-Apr-2026 14:53:34.366 情報 [main] org.apache.catalina.startup.Catalina.start サーバーの起動 [1306] ミリ秒
14-Apr-2026 15:00:24.781 情報 [Catalina-utility-2] org.apache.catalina.startup.HostConfig.reload リロード中のコンテキスト [/student-management]
14-Apr-2026 15:00:24.781 情報 [Catalina-utility-2] org.apache.catalina.core.StandardContext.reload このコンテキストの再ロードを開始しました
14-Apr-2026 15:00:24.789 警告 [Catalina-utility-2] org.apache.catalina.loader.WebappClassLoaderBase.clearReferencesJdbc Web アプリケーション [student-management] は自身で登録した JDBC ドライバー [org.h2.Driver] を停止時に解除できませんでした。メモリーリークの発生を防ぐには JDBC ドライバーを強制的に解除してください。
14-Apr-2026 15:00:25.329 情報 [Catalina-utility-2] org.apache.jasper.servlet.TldScanner.scanJars 少なくとも1つのJARでTLDをスキャンしましたが、TLDが含まれていませんでした。スキャンしたもののTLDが見つからなかったJARの完全なリストについては、このロガーのデバッグログを有効にしてください。スキャン中に不要なJARをスキップすると、起動時間とJSPのコンパイル時間が短縮されます。
14-Apr-2026 15:00:25.376 情報 [Catalina-utility-2] org.apache.catalina.core.StandardContext.reload このコンテキストの再ロードが完了しました
14-Apr-2026 15:00:50.519 情報 [main] org.apache.catalina.startup.VersionLoggerListener.log Serverのバージョン名:     Apache Tomcat/10.1.9
14-Apr-2026 15:00:50.520 情報 [main] org.apache.catalina.startup.VersionLoggerListener.log Server ビルド:            May 9 2023 14:30:05 UTC
14-Apr-2026 15:00:50.520 情報 [main] org.apache.catalina.startup.VersionLoggerListener.log サーバーのバージョン番号: 10.1.9.0
14-Apr-2026 15:00:50.522 情報 [main] org.apache.catalina.startup.VersionLoggerListener.log OS 名:                    Windows 11
14-Apr-2026 15:00:50.522 情報 [main] org.apache.catalina.startup.VersionLoggerListener.log OS バージョン:            10.0
14-Apr-2026 15:00:50.522 情報 [main] org.apache.catalina.startup.VersionLoggerListener.log アーキテクチャ:           amd64
14-Apr-2026 15:00:50.522 情報 [main] org.apache.catalina.startup.VersionLoggerListener.log Java Home:                C:\Program Files\Java\jdk-25
14-Apr-2026 15:00:50.523 情報 [main] org.apache.catalina.startup.VersionLoggerListener.log JVM バージョン:           25.0.1+8-LTS-27
14-Apr-2026 15:00:50.523 情報 [main] org.apache.catalina.startup.VersionLoggerListener.log JVM ベンダ:               Oracle Corporation
14-Apr-2026 15:00:50.523 情報 [main] org.apache.catalina.startup.VersionLoggerListener.log CATALINA_BASE:            C:\Users\t_abe\Desktop\教材：学生管理システム\tomcat
14-Apr-2026 15:00:50.523 情報 [main] org.apache.catalina.startup.VersionLoggerListener.log CATALINA_HOME:            C:\Users\t_abe\Desktop\教材：学生管理システム\tomcat
14-Apr-2026 15:00:50.534 情報 [main] org.apache.catalina.startup.VersionLoggerListener.log コマンドライン引数:       -Djava.util.logging.config.file=C:\Users\t_abe\Desktop\教材：学生管理システム\tomcat\conf\logging.properties
14-Apr-2026 15:00:50.534 情報 [main] org.apache.catalina.startup.VersionLoggerListener.log コマンドライン引数:       -Djava.util.logging.manager=org.apache.juli.ClassLoaderLogManager
14-Apr-2026 15:00:50.534 情報 [main] org.apache.catalina.startup.VersionLoggerListener.log コマンドライン引数:       -Djdk.tls.ephemeralDHKeySize=2048
14-Apr-2026 15:00:50.534 情報 [main] org.apache.catalina.startup.VersionLoggerListener.log コマンドライン引数:       -Djava.protocol.handler.pkgs=org.apache.catalina.webresources
14-Apr-2026 15:00:50.534 情報 [main] org.apache.catalina.startup.VersionLoggerListener.log コマンドライン引数:       --add-opens=java.base/java.lang=ALL-UNNAMED
14-Apr-2026 15:00:50.535 情報 [main] org.apache.catalina.startup.VersionLoggerListener.log コマンドライン引数:       --add-opens=java.base/java.io=ALL-UNNAMED
14-Apr-2026 15:00:50.535 情報 [main] org.apache.catalina.startup.VersionLoggerListener.log コマンドライン引数:       --add-opens=java.base/java.util=ALL-UNNAMED
14-Apr-2026 15:00:50.535 情報 [main] org.apache.catalina.startup.VersionLoggerListener.log コマンドライン引数:       --add-opens=java.base/java.util.concurrent=ALL-UNNAMED
14-Apr-2026 15:00:50.535 情報 [main] org.apache.catalina.startup.VersionLoggerListener.log コマンドライン引数:       --add-opens=java.rmi/sun.rmi.transport=ALL-UNNAMED
14-Apr-2026 15:00:50.535 情報 [main] org.apache.catalina.startup.VersionLoggerListener.log コマンドライン引数:       -Dcatalina.base=C:\Users\t_abe\Desktop\教材：学生管理システム\tomcat
14-Apr-2026 15:00:50.535 情報 [main] org.apache.catalina.startup.VersionLoggerListener.log コマンドライン引数:       -Dcatalina.home=C:\Users\t_abe\Desktop\教材：学生管理システム\tomcat
14-Apr-2026 15:00:50.535 情報 [main] org.apache.catalina.startup.VersionLoggerListener.log コマンドライン引数:       -Djava.io.tmpdir=C:\Users\t_abe\Desktop\教材：学生管理システム\tomcat\temp
14-Apr-2026 15:00:50.546 情報 [main] org.apache.catalina.core.AprLifecycleListener.lifecycleEvent 商用環境に最適な性能を発揮する APR ベースの Tomcat ネイティブライブラリが java.library.path [C:\Program Files\Java\jdk-25\bin;C:\Windows\Sun\Java\bin;C:\Windows\system32;C:\Windows;C:\Program Files\Common Files\Oracle\Java\javapath;C:\Windows\system32;C:\Windows;C:\Windows\System32\Wbem;C:\Windows\System32\WindowsPowerShell\v1.0\;C:\Windows\System32\OpenSSH\;C:\Program Files\Git\cmd;C:\Program Files\Docker\Docker\resources\bin;C:\Program Files\nodejs\;C:\Program Files\Go\bin;C:\Maven\apache-maven-3.9.14\bin;C:\Users\t_abe\AppData\Local\Programs\Python\Python313\Scripts\;C:\Users\t_abe\AppData\Local\Programs\Python\Python313\;C:\Users\t_abe\AppData\Local\Programs\Python\Launcher\;C:\Users\t_abe\AppData\Local\Microsoft\WindowsApps;C:\Users\t_abe\AppData\Local\Programs\Microsoft VS Code\bin;C:\Users\t_abe\AppData\Local\Programs\Antigravity\bin;C:\Users\t_abe\AppData\Roaming\npm;C:\Users\t_abe\go\bin;c:\Users\t_abe\.antigravity\extensions\vscjava.vscode-java-debug-0.58.5-universal\bundled\scripts\noConfigScripts;.] に存在しません。
14-Apr-2026 15:00:50.769 情報 [main] org.apache.coyote.AbstractProtocol.init プロトコルハンドラ ["http-nio-8080"] を初期化します。
14-Apr-2026 15:00:50.783 重大 [main] org.apache.catalina.util.LifecycleBase.handleSubClassException コンポーネント [Connector[HTTP/1.1-8080]] の初期化に失敗しました
	org.apache.catalina.LifecycleException: プロトコルハンドラの初期化に失敗しました
		at org.apache.catalina.connector.Connector.initInternal(Connector.java:1018)
		at org.apache.catalina.util.LifecycleBase.init(LifecycleBase.java:136)
		at org.apache.catalina.core.StandardService.initInternal(StandardService.java:549)
		at org.apache.catalina.util.LifecycleBase.init(LifecycleBase.java:136)
		at org.apache.catalina.core.StandardServer.initInternal(StandardServer.java:999)
		at org.apache.catalina.util.LifecycleBase.init(LifecycleBase.java:136)
		at org.apache.catalina.startup.Catalina.load(Catalina.java:747)
		at org.apache.catalina.startup.Catalina.load(Catalina.java:769)
		at java.base/jdk.internal.reflect.DirectMethodHandleAccessor.invoke(DirectMethodHandleAccessor.java:104)
		at java.base/java.lang.reflect.Method.invoke(Method.java:565)
		at org.apache.catalina.startup.Bootstrap.load(Bootstrap.java:307)
		at org.apache.catalina.startup.Bootstrap.main(Bootstrap.java:477)
	Caused by: java.net.BindException: Address already in use: bind
		at java.base/sun.nio.ch.Net.bind0(Native Method)
		at java.base/sun.nio.ch.Net.bind(Net.java:522)
		at java.base/sun.nio.ch.ServerSocketChannelImpl.netBind(ServerSocketChannelImpl.java:335)
		at java.base/sun.nio.ch.ServerSocketChannelImpl.bind(ServerSocketChannelImpl.java:297)
		at org.apache.tomcat.util.net.NioEndpoint.initServerSocket(NioEndpoint.java:247)
		at org.apache.tomcat.util.net.NioEndpoint.bind(NioEndpoint.java:202)
		at org.apache.tomcat.util.net.AbstractEndpoint.bindWithCleanup(AbstractEndpoint.java:1256)
		at org.apache.tomcat.util.net.AbstractEndpoint.init(AbstractEndpoint.java:1269)
		at org.apache.coyote.AbstractProtocol.init(AbstractProtocol.java:622)
		at org.apache.coyote.http11.AbstractHttp11Protocol.init(AbstractHttp11Protocol.java:77)
		at org.apache.catalina.connector.Connector.initInternal(Connector.java:1016)
		... 11 more
14-Apr-2026 15:00:50.784 情報 [main] org.apache.catalina.startup.Catalina.load サーバーの初期化 [429] ミリ秒
14-Apr-2026 15:00:50.823 情報 [main] org.apache.catalina.core.StandardService.startInternal サービス [Catalina] を起動します
14-Apr-2026 15:00:50.823 情報 [main] org.apache.catalina.core.StandardEngine.startInternal サーブレットエンジンの起動：[Apache Tomcat/10.1.9]
14-Apr-2026 15:00:50.846 情報 [main] org.apache.catalina.startup.HostConfig.deployWAR Webアプリケーションアーカイブ [C:\Users\t_abe\Desktop\教材：学生管理システム\tomcat\webapps\student-management.war] を配備します
14-Apr-2026 15:00:51.596 情報 [main] org.apache.jasper.servlet.TldScanner.scanJars 少なくとも1つのJARでTLDをスキャンしましたが、TLDが含まれていませんでした。スキャンしたもののTLDが見つからなかったJARの完全なリストについては、このロガーのデバッグログを有効にしてください。スキャン中に不要なJARをスキップすると、起動時間とJSPのコンパイル時間が短縮されます。
14-Apr-2026 15:00:51.718 情報 [main] org.apache.catalina.startup.HostConfig.deployWAR Web アプリケーションアーカイブ [C:\Users\t_abe\Desktop\教材：学生管理システム\tomcat\webapps\student-management.war] の配備は [864] ミリ秒で完了しました
14-Apr-2026 15:00:51.723 情報 [main] org.apache.catalina.startup.Catalina.start サーバーの起動 [936] ミリ秒
14-Apr-2026 15:00:51.733 重大 [main] org.apache.catalina.core.StandardServer.await アドレス [localhost] のポート番号 [8005] にサーバー停止ソケットを作成できませんでした (基本ポート番号は [8005]、オフセットは [0] です)
	java.net.BindException: Address already in use: bind
		at java.base/sun.nio.ch.Net.bind0(Native Method)
		at java.base/sun.nio.ch.Net.bind(Net.java:522)
		at java.base/sun.nio.ch.Net.bind(Net.java:511)
		at java.base/sun.nio.ch.NioSocketImpl.bind(NioSocketImpl.java:641)
		at java.base/java.net.ServerSocket.bind(ServerSocket.java:326)
		at java.base/java.net.ServerSocket.<init>(ServerSocket.java:222)
		at org.apache.catalina.core.StandardServer.await(StandardServer.java:576)
		at org.apache.catalina.startup.Catalina.await(Catalina.java:887)
		at org.apache.catalina.startup.Catalina.start(Catalina.java:833)
		at java.base/jdk.internal.reflect.DirectMethodHandleAccessor.invoke(DirectMethodHandleAccessor.java:104)
		at java.base/java.lang.reflect.Method.invoke(Method.java:565)
		at org.apache.catalina.startup.Bootstrap.start(Bootstrap.java:347)
		at org.apache.catalina.startup.Bootstrap.main(Bootstrap.java:478)
14-Apr-2026 15:00:51.733 情報 [main] org.apache.coyote.AbstractProtocol.pause ProtocolHandler ["http-nio-8080"] を一時停止します。
14-Apr-2026 15:00:51.733 情報 [main] org.apache.catalina.core.StandardService.stopInternal サービス [Catalina] を停止します
14-Apr-2026 15:00:51.745 情報 [main] org.apache.coyote.AbstractProtocol.stop ProtocolHandler ["http-nio-8080"]の停止中
14-Apr-2026 15:00:51.746 情報 [main] org.apache.coyote.AbstractProtocol.destroy ProtocolHandler ["http-nio-8080"] を破棄します。
