26-Jan-2026 12:27:01.432 情報 [main] org.apache.catalina.startup.VersionLoggerListener.log Serverのバージョン名:     Apache Tomcat/10.1.9
26-Jan-2026 12:27:01.442 情報 [main] org.apache.catalina.startup.VersionLoggerListener.log Server ビルド:            May 9 2023 14:30:05 UTC
26-Jan-2026 12:27:01.444 情報 [main] org.apache.catalina.startup.VersionLoggerListener.log サーバーのバージョン番号: 10.1.9.0
26-Jan-2026 12:27:01.445 情報 [main] org.apache.catalina.startup.VersionLoggerListener.log OS 名:                    Windows 11
26-Jan-2026 12:27:01.445 情報 [main] org.apache.catalina.startup.VersionLoggerListener.log OS バージョン:            10.0
26-Jan-2026 12:27:01.445 情報 [main] org.apache.catalina.startup.VersionLoggerListener.log アーキテクチャ:           amd64
26-Jan-2026 12:27:01.446 情報 [main] org.apache.catalina.startup.VersionLoggerListener.log Java Home:                C:\eclipse-workspace\jdk
26-Jan-2026 12:27:01.446 情報 [main] org.apache.catalina.startup.VersionLoggerListener.log JVM バージョン:           21+35-2513
26-Jan-2026 12:27:01.446 情報 [main] org.apache.catalina.startup.VersionLoggerListener.log JVM ベンダ:               Oracle Corporation
26-Jan-2026 12:27:01.447 情報 [main] org.apache.catalina.startup.VersionLoggerListener.log CATALINA_BASE:            C:\eclipse-workspace\tomcat
26-Jan-2026 12:27:01.447 情報 [main] org.apache.catalina.startup.VersionLoggerListener.log CATALINA_HOME:            C:\eclipse-workspace\tomcat
26-Jan-2026 12:27:01.491 情報 [main] org.apache.catalina.startup.VersionLoggerListener.log コマンドライン引数:       -Djava.util.logging.config.file=C:\eclipse-workspace\tomcat\conf\logging.properties
26-Jan-2026 12:27:01.491 情報 [main] org.apache.catalina.startup.VersionLoggerListener.log コマンドライン引数:       -Djava.util.logging.manager=org.apache.juli.ClassLoaderLogManager
26-Jan-2026 12:27:01.491 情報 [main] org.apache.catalina.startup.VersionLoggerListener.log コマンドライン引数:       -Djdk.tls.ephemeralDHKeySize=2048
26-Jan-2026 12:27:01.491 情報 [main] org.apache.catalina.startup.VersionLoggerListener.log コマンドライン引数:       -Djava.protocol.handler.pkgs=org.apache.catalina.webresources
26-Jan-2026 12:27:01.492 情報 [main] org.apache.catalina.startup.VersionLoggerListener.log コマンドライン引数:       --add-opens=java.base/java.lang=ALL-UNNAMED
26-Jan-2026 12:27:01.492 情報 [main] org.apache.catalina.startup.VersionLoggerListener.log コマンドライン引数:       --add-opens=java.base/java.io=ALL-UNNAMED
26-Jan-2026 12:27:01.492 情報 [main] org.apache.catalina.startup.VersionLoggerListener.log コマンドライン引数:       --add-opens=java.base/java.util=ALL-UNNAMED
26-Jan-2026 12:27:01.493 情報 [main] org.apache.catalina.startup.VersionLoggerListener.log コマンドライン引数:       --add-opens=java.base/java.util.concurrent=ALL-UNNAMED
26-Jan-2026 12:27:01.493 情報 [main] org.apache.catalina.startup.VersionLoggerListener.log コマンドライン引数:       --add-opens=java.rmi/sun.rmi.transport=ALL-UNNAMED
26-Jan-2026 12:27:01.493 情報 [main] org.apache.catalina.startup.VersionLoggerListener.log コマンドライン引数:       -Dfile.encoding=UTF-8
26-Jan-2026 12:27:01.494 情報 [main] org.apache.catalina.startup.VersionLoggerListener.log コマンドライン引数:       -Dcatalina.base=C:\eclipse-workspace\tomcat
26-Jan-2026 12:27:01.494 情報 [main] org.apache.catalina.startup.VersionLoggerListener.log コマンドライン引数:       -Dcatalina.home=C:\eclipse-workspace\tomcat
26-Jan-2026 12:27:01.495 情報 [main] org.apache.catalina.startup.VersionLoggerListener.log コマンドライン引数:       -Djava.io.tmpdir=C:\eclipse-workspace\tomcat\temp
26-Jan-2026 12:27:01.508 情報 [main] org.apache.catalina.core.AprLifecycleListener.lifecycleEvent 商用環境に最適な性能を発揮する APR ベースの Tomcat ネイティブライブラリが java.library.path [C:\eclipse-workspace\jdk\bin;C:\Windows\Sun\Java\bin;C:\Windows\system32;C:\Windows;C:\eclipse-workspace\jdk\bin;C:\Program Files\Common Files\Oracle\Java\javapath;C:\Windows\system32;C:\Windows;C:\Windows\System32\Wbem;C:\Windows\System32\WindowsPowerShell\v1.0\;C:\Windows\System32\OpenSSH\;C:\Program Files\Git\cmd;C:\Users\t_abe\AppData\Local\Programs\Python\Python313\Scripts\;C:\Users\t_abe\AppData\Local\Programs\Python\Python313\;C:\Users\t_abe\AppData\Local\Programs\Python\Launcher\;C:\Users\t_abe\AppData\Local\Microsoft\WindowsApps;C:\Users\t_abe\AppData\Local\Programs\Microsoft VS Code\bin;.] に存在しません。
26-Jan-2026 12:27:02.168 情報 [main] org.apache.coyote.AbstractProtocol.init プロトコルハンドラ ["http-nio-8080"] を初期化します。
26-Jan-2026 12:27:02.227 情報 [main] org.apache.catalina.startup.Catalina.load サーバーの初期化 [1304] ミリ秒
26-Jan-2026 12:27:02.365 情報 [main] org.apache.catalina.core.StandardService.startInternal サービス [Catalina] を起動します
26-Jan-2026 12:27:02.365 情報 [main] org.apache.catalina.core.StandardEngine.startInternal サーブレットエンジンの起動：[Apache Tomcat/10.1.9]
26-Jan-2026 12:27:02.390 情報 [main] org.apache.catalina.startup.HostConfig.deployDirectory Web アプリケーションディレクトリ [C:\eclipse-workspace\tomcat\webapps\book] を配備します
26-Jan-2026 12:27:04.158 情報 [main] org.apache.jasper.servlet.TldScanner.scanJars 少なくとも1つのJARでTLDをスキャンしましたが、TLDが含まれていませんでした。スキャンしたもののTLDが見つからなかったJARの完全なリストについては、このロガーのデバッグログを有効にしてください。スキャン中に不要なJARをスキップすると、起動時間とJSPのコンパイル時間が短縮されます。
26-Jan-2026 12:27:04.355 情報 [main] org.apache.catalina.startup.HostConfig.deployDirectory ディレクトリ [C:\eclipse-workspace\tomcat\webapps\book] の Web アプリケーションの配備は [1,956] ミリ秒で完了しました。
26-Jan-2026 12:27:04.356 情報 [main] org.apache.catalina.startup.HostConfig.deployDirectory Web アプリケーションディレクトリ [C:\eclipse-workspace\tomcat\webapps\docs] を配備します
26-Jan-2026 12:27:04.477 情報 [main] org.apache.catalina.startup.HostConfig.deployDirectory ディレクトリ [C:\eclipse-workspace\tomcat\webapps\docs] の Web アプリケーションの配備は [121] ミリ秒で完了しました。
26-Jan-2026 12:27:04.479 情報 [main] org.apache.catalina.startup.HostConfig.deployDirectory Web アプリケーションディレクトリ [C:\eclipse-workspace\tomcat\webapps\examples] を配備します
26-Jan-2026 12:27:08.075 情報 [main] org.apache.catalina.startup.HostConfig.deployDirectory ディレクトリ [C:\eclipse-workspace\tomcat\webapps\examples] の Web アプリケーションの配備は [3,596] ミリ秒で完了しました。
26-Jan-2026 12:27:08.076 情報 [main] org.apache.catalina.startup.HostConfig.deployDirectory Web アプリケーションディレクトリ [C:\eclipse-workspace\tomcat\webapps\host-manager] を配備します
26-Jan-2026 12:27:08.193 情報 [main] org.apache.catalina.startup.HostConfig.deployDirectory ディレクトリ [C:\eclipse-workspace\tomcat\webapps\host-manager] の Web アプリケーションの配備は [117] ミリ秒で完了しました。
26-Jan-2026 12:27:08.194 情報 [main] org.apache.catalina.startup.HostConfig.deployDirectory Web アプリケーションディレクトリ [C:\eclipse-workspace\tomcat\webapps\manager] を配備します
26-Jan-2026 12:27:08.303 情報 [main] org.apache.catalina.startup.HostConfig.deployDirectory ディレクトリ [C:\eclipse-workspace\tomcat\webapps\manager] の Web アプリケーションの配備は [109] ミリ秒で完了しました。
26-Jan-2026 12:27:08.304 情報 [main] org.apache.catalina.startup.HostConfig.deployDirectory Web アプリケーションディレクトリ [C:\eclipse-workspace\tomcat\webapps\ROOT] を配備します
26-Jan-2026 12:27:08.374 情報 [main] org.apache.catalina.startup.HostConfig.deployDirectory ディレクトリ [C:\eclipse-workspace\tomcat\webapps\ROOT] の Web アプリケーションの配備は [70] ミリ秒で完了しました。
26-Jan-2026 12:27:08.387 情報 [main] org.apache.coyote.AbstractProtocol.start プロトコルハンドラー ["http-nio-8080"] を開始しました。
26-Jan-2026 12:27:08.448 情報 [main] org.apache.catalina.startup.Catalina.start サーバーの起動 [6217] ミリ秒
26-Jan-2026 12:27:43.891 情報 [Thread-1] org.apache.coyote.AbstractProtocol.pause ProtocolHandler ["http-nio-8080"] を一時停止します。
26-Jan-2026 12:27:43.908 情報 [Thread-1] org.apache.catalina.core.StandardService.stopInternal サービス [Catalina] を停止します
26-Jan-2026 12:27:43.969 情報 [Thread-1] org.apache.coyote.AbstractProtocol.stop ProtocolHandler ["http-nio-8080"]の停止中
26-Jan-2026 12:27:43.984 情報 [Thread-1] org.apache.coyote.AbstractProtocol.destroy ProtocolHandler ["http-nio-8080"] を破棄します。
