09-Mar-2026 11:30:54.357 情報 [main] org.apache.catalina.startup.VersionLoggerListener.log Serverのバージョン名:     Apache Tomcat/10.1.9
09-Mar-2026 11:30:54.373 情報 [main] org.apache.catalina.startup.VersionLoggerListener.log Server ビルド:            May 9 2023 14:30:05 UTC
09-Mar-2026 11:30:54.373 情報 [main] org.apache.catalina.startup.VersionLoggerListener.log サーバーのバージョン番号: 10.1.9.0
09-Mar-2026 11:30:54.389 情報 [main] org.apache.catalina.startup.VersionLoggerListener.log OS 名:                    Windows 11
09-Mar-2026 11:30:54.389 情報 [main] org.apache.catalina.startup.VersionLoggerListener.log OS バージョン:            10.0
09-Mar-2026 11:30:54.389 情報 [main] org.apache.catalina.startup.VersionLoggerListener.log アーキテクチャ:           amd64
09-Mar-2026 11:30:54.389 情報 [main] org.apache.catalina.startup.VersionLoggerListener.log Java Home:                C:\基礎からのサーブレット：教材\jdk
09-Mar-2026 11:30:54.389 情報 [main] org.apache.catalina.startup.VersionLoggerListener.log JVM バージョン:           21+35-2513
09-Mar-2026 11:30:54.389 情報 [main] org.apache.catalina.startup.VersionLoggerListener.log JVM ベンダ:               Oracle Corporation
09-Mar-2026 11:30:54.389 情報 [main] org.apache.catalina.startup.VersionLoggerListener.log CATALINA_BASE:            C:\基礎からのサーブレット：教材\tomcat
09-Mar-2026 11:30:54.389 情報 [main] org.apache.catalina.startup.VersionLoggerListener.log CATALINA_HOME:            C:\基礎からのサーブレット：教材\tomcat
09-Mar-2026 11:30:54.452 情報 [main] org.apache.catalina.startup.VersionLoggerListener.log コマンドライン引数:       -Djava.util.logging.config.file=C:\基礎からのサーブレット：教材\tomcat\conf\logging.properties
09-Mar-2026 11:30:54.452 情報 [main] org.apache.catalina.startup.VersionLoggerListener.log コマンドライン引数:       -Djava.util.logging.manager=org.apache.juli.ClassLoaderLogManager
09-Mar-2026 11:30:54.452 情報 [main] org.apache.catalina.startup.VersionLoggerListener.log コマンドライン引数:       -Djdk.tls.ephemeralDHKeySize=2048
09-Mar-2026 11:30:54.452 情報 [main] org.apache.catalina.startup.VersionLoggerListener.log コマンドライン引数:       -Djava.protocol.handler.pkgs=org.apache.catalina.webresources
09-Mar-2026 11:30:54.452 情報 [main] org.apache.catalina.startup.VersionLoggerListener.log コマンドライン引数:       --add-opens=java.base/java.lang=ALL-UNNAMED
09-Mar-2026 11:30:54.459 情報 [main] org.apache.catalina.startup.VersionLoggerListener.log コマンドライン引数:       --add-opens=java.base/java.io=ALL-UNNAMED
09-Mar-2026 11:30:54.459 情報 [main] org.apache.catalina.startup.VersionLoggerListener.log コマンドライン引数:       --add-opens=java.base/java.util=ALL-UNNAMED
09-Mar-2026 11:30:54.459 情報 [main] org.apache.catalina.startup.VersionLoggerListener.log コマンドライン引数:       --add-opens=java.base/java.util.concurrent=ALL-UNNAMED
09-Mar-2026 11:30:54.459 情報 [main] org.apache.catalina.startup.VersionLoggerListener.log コマンドライン引数:       --add-opens=java.rmi/sun.rmi.transport=ALL-UNNAMED
09-Mar-2026 11:30:54.459 情報 [main] org.apache.catalina.startup.VersionLoggerListener.log コマンドライン引数:       -Dfile.encoding=UTF-8
09-Mar-2026 11:30:54.459 情報 [main] org.apache.catalina.startup.VersionLoggerListener.log コマンドライン引数:       -Dcatalina.base=C:\基礎からのサーブレット：教材\tomcat
09-Mar-2026 11:30:54.459 情報 [main] org.apache.catalina.startup.VersionLoggerListener.log コマンドライン引数:       -Dcatalina.home=C:\基礎からのサーブレット：教材\tomcat
09-Mar-2026 11:30:54.459 情報 [main] org.apache.catalina.startup.VersionLoggerListener.log コマンドライン引数:       -Djava.io.tmpdir=C:\基礎からのサーブレット：教材\tomcat\temp
09-Mar-2026 11:30:54.481 情報 [main] org.apache.catalina.core.AprLifecycleListener.lifecycleEvent 商用環境に最適な性能を発揮する APR ベースの Tomcat ネイティブライブラリが java.library.path [C:\基礎からのサーブレット：教材\jdk\bin;C:\Windows\Sun\Java\bin;C:\Windows\system32;C:\Windows;C:\基礎からのサーブレット：教材\jdk\bin;C:\Program Files\Common Files\Oracle\Java\javapath;C:\Windows\system32;C:\Windows;C:\Windows\System32\Wbem;C:\Windows\System32\WindowsPowerShell\v1.0\;C:\Windows\System32\OpenSSH\;C:\Program Files\Git\cmd;C:\Users\t_abe\AppData\Local\Programs\Python\Python313\Scripts\;C:\Users\t_abe\AppData\Local\Programs\Python\Python313\;C:\Users\t_abe\AppData\Local\Programs\Python\Launcher\;C:\Users\t_abe\AppData\Local\Microsoft\WindowsApps;C:\Users\t_abe\AppData\Local\Programs\Microsoft VS Code\bin;.] に存在しません。
09-Mar-2026 11:30:55.458 情報 [main] org.apache.coyote.AbstractProtocol.init プロトコルハンドラ ["http-nio-8080"] を初期化します。
09-Mar-2026 11:30:55.674 情報 [main] org.apache.catalina.startup.Catalina.load サーバーの初期化 [2067] ミリ秒
09-Mar-2026 11:30:55.860 情報 [main] org.apache.catalina.core.StandardService.startInternal サービス [Catalina] を起動します
09-Mar-2026 11:30:55.860 情報 [main] org.apache.catalina.core.StandardEngine.startInternal サーブレットエンジンの起動：[Apache Tomcat/10.1.9]
09-Mar-2026 11:30:55.891 情報 [main] org.apache.catalina.startup.HostConfig.deployDirectory Web アプリケーションディレクトリ [C:\基礎からのサーブレット：教材\tomcat\webapps\book] を配備します
09-Mar-2026 11:31:00.205 警告 [main] org.apache.jasper.servlet.TldScanner.scanJspConfig パス [/WEB-INF/mytag.tld] とURI [/WEB-INF/mytag.tld] のTLDを処理できませんでした。 指定されたパスは存在しません。
09-Mar-2026 11:31:00.852 情報 [main] org.apache.jasper.servlet.TldScanner.scanJars 少なくとも1つのJARでTLDをスキャンしましたが、TLDが含まれていませんでした。スキャンしたもののTLDが見つからなかったJARの完全なリストについては、このロガーのデバッグログを有効にしてください。スキャン中に不要なJARをスキップすると、起動時間とJSPのコンパイル時間が短縮されます。
09-Mar-2026 11:31:01.100 情報 [main] org.apache.catalina.startup.HostConfig.deployDirectory ディレクトリ [C:\基礎からのサーブレット：教材\tomcat\webapps\book] の Web アプリケーションの配備は [5,209] ミリ秒で完了しました。
09-Mar-2026 11:31:01.113 情報 [main] org.apache.catalina.startup.HostConfig.deployDirectory Web アプリケーションディレクトリ [C:\基礎からのサーブレット：教材\tomcat\webapps\docs] を配備します
09-Mar-2026 11:31:01.234 情報 [main] org.apache.catalina.startup.HostConfig.deployDirectory ディレクトリ [C:\基礎からのサーブレット：教材\tomcat\webapps\docs] の Web アプリケーションの配備は [132] ミリ秒で完了しました。
09-Mar-2026 11:31:01.236 情報 [main] org.apache.catalina.startup.HostConfig.deployDirectory Web アプリケーションディレクトリ [C:\基礎からのサーブレット：教材\tomcat\webapps\examples] を配備します
09-Mar-2026 11:31:05.094 情報 [main] org.apache.catalina.startup.HostConfig.deployDirectory ディレクトリ [C:\基礎からのサーブレット：教材\tomcat\webapps\examples] の Web アプリケーションの配備は [3,860] ミリ秒で完了しました。
09-Mar-2026 11:31:05.096 情報 [main] org.apache.catalina.startup.HostConfig.deployDirectory Web アプリケーションディレクトリ [C:\基礎からのサーブレット：教材\tomcat\webapps\host-manager] を配備します
09-Mar-2026 11:31:05.249 情報 [main] org.apache.catalina.startup.HostConfig.deployDirectory ディレクトリ [C:\基礎からのサーブレット：教材\tomcat\webapps\host-manager] の Web アプリケーションの配備は [155] ミリ秒で完了しました。
09-Mar-2026 11:31:05.249 情報 [main] org.apache.catalina.startup.HostConfig.deployDirectory Web アプリケーションディレクトリ [C:\基礎からのサーブレット：教材\tomcat\webapps\manager] を配備します
09-Mar-2026 11:31:05.390 情報 [main] org.apache.catalina.startup.HostConfig.deployDirectory ディレクトリ [C:\基礎からのサーブレット：教材\tomcat\webapps\manager] の Web アプリケーションの配備は [141] ミリ秒で完了しました。
09-Mar-2026 11:31:05.390 情報 [main] org.apache.catalina.startup.HostConfig.deployDirectory Web アプリケーションディレクトリ [C:\基礎からのサーブレット：教材\tomcat\webapps\ROOT] を配備します
09-Mar-2026 11:31:05.476 情報 [main] org.apache.catalina.startup.HostConfig.deployDirectory ディレクトリ [C:\基礎からのサーブレット：教材\tomcat\webapps\ROOT] の Web アプリケーションの配備は [86] ミリ秒で完了しました。
09-Mar-2026 11:31:05.476 情報 [main] org.apache.catalina.startup.HostConfig.deployDirectory Web アプリケーションディレクトリ [C:\基礎からのサーブレット：教材\tomcat\webapps\Sample_siken1] を配備します
09-Mar-2026 11:31:05.521 情報 [main] org.apache.catalina.startup.HostConfig.deployDirectory ディレクトリ [C:\基礎からのサーブレット：教材\tomcat\webapps\Sample_siken1] の Web アプリケーションの配備は [45] ミリ秒で完了しました。
09-Mar-2026 11:31:05.529 情報 [main] org.apache.coyote.AbstractProtocol.start プロトコルハンドラー ["http-nio-8080"] を開始しました。
09-Mar-2026 11:31:05.637 情報 [main] org.apache.catalina.startup.Catalina.start サーバーの起動 [9962] ミリ秒
