22-Apr-2026 10:00:19.946 情報 [main] org.apache.catalina.startup.VersionLoggerListener.log Serverのバージョン名:     Apache Tomcat/10.1.9
22-Apr-2026 10:00:19.949 情報 [main] org.apache.catalina.startup.VersionLoggerListener.log Server ビルド:            May 9 2023 14:30:05 UTC
22-Apr-2026 10:00:19.950 情報 [main] org.apache.catalina.startup.VersionLoggerListener.log サーバーのバージョン番号: 10.1.9.0
22-Apr-2026 10:00:19.951 情報 [main] org.apache.catalina.startup.VersionLoggerListener.log OS 名:                    Windows 11
22-Apr-2026 10:00:19.951 情報 [main] org.apache.catalina.startup.VersionLoggerListener.log OS バージョン:            10.0
22-Apr-2026 10:00:19.951 情報 [main] org.apache.catalina.startup.VersionLoggerListener.log アーキテクチャ:           amd64
22-Apr-2026 10:00:19.951 情報 [main] org.apache.catalina.startup.VersionLoggerListener.log Java Home:                C:\Program Files\Java\jdk-25
22-Apr-2026 10:00:19.951 情報 [main] org.apache.catalina.startup.VersionLoggerListener.log JVM バージョン:           25.0.1+8-LTS-27
22-Apr-2026 10:00:19.951 情報 [main] org.apache.catalina.startup.VersionLoggerListener.log JVM ベンダ:               Oracle Corporation
22-Apr-2026 10:00:19.951 情報 [main] org.apache.catalina.startup.VersionLoggerListener.log CATALINA_BASE:            C:\Users\t_abe\Desktop\学校：グループ開発\tomcat
22-Apr-2026 10:00:19.952 情報 [main] org.apache.catalina.startup.VersionLoggerListener.log CATALINA_HOME:            C:\Users\t_abe\Desktop\学校：グループ開発\tomcat
22-Apr-2026 10:00:19.984 情報 [main] org.apache.catalina.startup.VersionLoggerListener.log コマンドライン引数:       -Djava.util.logging.config.file=C:\Users\t_abe\Desktop\学校：グループ開発\tomcat\conf\logging.properties
22-Apr-2026 10:00:19.985 情報 [main] org.apache.catalina.startup.VersionLoggerListener.log コマンドライン引数:       -Djava.util.logging.manager=org.apache.juli.ClassLoaderLogManager
22-Apr-2026 10:00:19.985 情報 [main] org.apache.catalina.startup.VersionLoggerListener.log コマンドライン引数:       -Djdk.tls.ephemeralDHKeySize=2048
22-Apr-2026 10:00:19.985 情報 [main] org.apache.catalina.startup.VersionLoggerListener.log コマンドライン引数:       -Djava.protocol.handler.pkgs=org.apache.catalina.webresources
22-Apr-2026 10:00:19.985 情報 [main] org.apache.catalina.startup.VersionLoggerListener.log コマンドライン引数:       --add-opens=java.base/java.lang=ALL-UNNAMED
22-Apr-2026 10:00:19.985 情報 [main] org.apache.catalina.startup.VersionLoggerListener.log コマンドライン引数:       --add-opens=java.base/java.io=ALL-UNNAMED
22-Apr-2026 10:00:19.985 情報 [main] org.apache.catalina.startup.VersionLoggerListener.log コマンドライン引数:       --add-opens=java.base/java.util=ALL-UNNAMED
22-Apr-2026 10:00:19.985 情報 [main] org.apache.catalina.startup.VersionLoggerListener.log コマンドライン引数:       --add-opens=java.base/java.util.concurrent=ALL-UNNAMED
22-Apr-2026 10:00:19.985 情報 [main] org.apache.catalina.startup.VersionLoggerListener.log コマンドライン引数:       --add-opens=java.rmi/sun.rmi.transport=ALL-UNNAMED
22-Apr-2026 10:00:19.986 情報 [main] org.apache.catalina.startup.VersionLoggerListener.log コマンドライン引数:       -Dcatalina.base=C:\Users\t_abe\Desktop\学校：グループ開発\tomcat
22-Apr-2026 10:00:19.986 情報 [main] org.apache.catalina.startup.VersionLoggerListener.log コマンドライン引数:       -Dcatalina.home=C:\Users\t_abe\Desktop\学校：グループ開発\tomcat
22-Apr-2026 10:00:19.986 情報 [main] org.apache.catalina.startup.VersionLoggerListener.log コマンドライン引数:       -Djava.io.tmpdir=C:\Users\t_abe\Desktop\学校：グループ開発\tomcat\temp
22-Apr-2026 10:00:19.995 情報 [main] org.apache.catalina.core.AprLifecycleListener.lifecycleEvent 商用環境に最適な性能を発揮する APR ベースの Tomcat ネイティブライブラリが java.library.path [C:\Program Files\Java\jdk-25\bin;C:\Windows\Sun\Java\bin;C:\Windows\system32;C:\Windows;C:\Program Files\Common Files\Oracle\Java\javapath;C:\Windows\system32;C:\Windows;C:\Windows\System32\Wbem;C:\Windows\System32\WindowsPowerShell\v1.0\;C:\Windows\System32\OpenSSH\;C:\Program Files\Git\cmd;C:\Program Files\Docker\Docker\resources\bin;C:\Program Files\nodejs\;C:\Program Files\Go\bin;C:\Maven\apache-maven-3.9.14\bin;C:\Users\t_abe\AppData\Local\Programs\Python\Python313\Scripts\;C:\Users\t_abe\AppData\Local\Programs\Python\Python313\;C:\Users\t_abe\AppData\Local\Programs\Python\Launcher\;C:\Users\t_abe\AppData\Local\Microsoft\WindowsApps;C:\Users\t_abe\AppData\Local\Programs\Microsoft VS Code\bin;C:\Users\t_abe\AppData\Local\Programs\Antigravity\bin;C:\Users\t_abe\AppData\Roaming\npm;C:\Users\t_abe\go\bin;c:\Users\t_abe\.antigravity\extensions\vscjava.vscode-java-debug-0.59.0-universal\bundled\scripts\noConfigScripts;.] に存在しません。
22-Apr-2026 10:00:20.293 情報 [main] org.apache.coyote.AbstractProtocol.init プロトコルハンドラ ["http-nio-8080"] を初期化します。
22-Apr-2026 10:00:20.323 情報 [main] org.apache.catalina.startup.Catalina.load サーバーの初期化 [633] ミリ秒
22-Apr-2026 10:00:20.376 情報 [main] org.apache.catalina.core.StandardService.startInternal サービス [Catalina] を起動します
22-Apr-2026 10:00:20.376 情報 [main] org.apache.catalina.core.StandardEngine.startInternal サーブレットエンジンの起動：[Apache Tomcat/10.1.9]
22-Apr-2026 10:00:20.403 情報 [main] org.apache.catalina.startup.HostConfig.deployWAR Webアプリケーションアーカイブ [C:\Users\t_abe\Desktop\学校：グループ開発\tomcat\webapps\student-management-v2.war] を配備します
22-Apr-2026 10:00:21.281 情報 [main] org.apache.jasper.servlet.TldScanner.scanJars 少なくとも1つのJARでTLDをスキャンしましたが、TLDが含まれていませんでした。スキャンしたもののTLDが見つからなかったJARの完全なリストについては、このロガーのデバッグログを有効にしてください。スキャン中に不要なJARをスキップすると、起動時間とJSPのコンパイル時間が短縮されます。
22-Apr-2026 10:00:22.373 情報 [main] org.apache.catalina.startup.HostConfig.deployWAR Web アプリケーションアーカイブ [C:\Users\t_abe\Desktop\学校：グループ開発\tomcat\webapps\student-management-v2.war] の配備は [1,964] ミリ秒で完了しました
22-Apr-2026 10:00:22.377 情報 [main] org.apache.coyote.AbstractProtocol.start プロトコルハンドラー ["http-nio-8080"] を開始しました。
22-Apr-2026 10:00:22.409 情報 [main] org.apache.catalina.startup.Catalina.start サーバーの起動 [2084] ミリ秒
