02-Feb-2026 09:42:14.840 情報 [main] org.apache.catalina.core.ApplicationContext.log ContextListener: contextInitialized()
02-Feb-2026 09:42:14.841 情報 [main] org.apache.catalina.core.ApplicationContext.log SessionListener: contextInitialized()
02-Feb-2026 09:42:14.845 情報 [main] org.apache.catalina.core.ApplicationContext.log ContextListener: attributeAdded('StockTicker', 'async.Stockticker@3eda0aeb')
02-Feb-2026 10:41:37.033 情報 [Thread-1] org.apache.catalina.core.ApplicationContext.log SessionListener: contextDestroyed()
02-Feb-2026 10:41:37.033 情報 [Thread-1] org.apache.catalina.core.ApplicationContext.log ContextListener: contextDestroyed()
02-Feb-2026 10:41:50.713 情報 [main] org.apache.catalina.core.ApplicationContext.log ContextListener: contextInitialized()
02-Feb-2026 10:41:50.714 情報 [main] org.apache.catalina.core.ApplicationContext.log SessionListener: contextInitialized()
02-Feb-2026 10:41:50.719 情報 [main] org.apache.catalina.core.ApplicationContext.log ContextListener: attributeAdded('StockTicker', 'async.Stockticker@5d5d9e5')
02-Feb-2026 10:43:43.830 情報 [Thread-1] org.apache.catalina.core.ApplicationContext.log SessionListener: contextDestroyed()
02-Feb-2026 10:43:43.830 情報 [Thread-1] org.apache.catalina.core.ApplicationContext.log ContextListener: contextDestroyed()
02-Feb-2026 10:43:48.381 情報 [main] org.apache.catalina.core.ApplicationContext.log ContextListener: contextInitialized()
02-Feb-2026 10:43:48.381 情報 [main] org.apache.catalina.core.ApplicationContext.log SessionListener: contextInitialized()
02-Feb-2026 10:43:48.387 情報 [main] org.apache.catalina.core.ApplicationContext.log ContextListener: attributeAdded('StockTicker', 'async.Stockticker@4a8a60bc')
02-Feb-2026 10:45:40.539 情報 [Thread-1] org.apache.catalina.core.ApplicationContext.log SessionListener: contextDestroyed()
02-Feb-2026 10:45:40.539 情報 [Thread-1] org.apache.catalina.core.ApplicationContext.log ContextListener: contextDestroyed()
02-Feb-2026 10:45:47.078 情報 [main] org.apache.catalina.core.ApplicationContext.log ContextListener: contextInitialized()
02-Feb-2026 10:45:47.078 情報 [main] org.apache.catalina.core.ApplicationContext.log SessionListener: contextInitialized()
02-Feb-2026 10:45:47.085 情報 [main] org.apache.catalina.core.ApplicationContext.log ContextListener: attributeAdded('StockTicker', 'async.Stockticker@4b6d92e')
02-Feb-2026 11:41:43.298 情報 [Thread-1] org.apache.catalina.core.ApplicationContext.log SessionListener: contextDestroyed()
02-Feb-2026 11:41:43.298 情報 [Thread-1] org.apache.catalina.core.ApplicationContext.log ContextListener: contextDestroyed()
02-Feb-2026 11:41:49.250 情報 [main] org.apache.catalina.core.ApplicationContext.log ContextListener: contextInitialized()
02-Feb-2026 11:41:49.251 情報 [main] org.apache.catalina.core.ApplicationContext.log SessionListener: contextInitialized()
02-Feb-2026 11:41:49.255 情報 [main] org.apache.catalina.core.ApplicationContext.log ContextListener: attributeAdded('StockTicker', 'async.Stockticker@290d10ef')
02-Feb-2026 11:42:36.247 情報 [Thread-1] org.apache.catalina.core.ApplicationContext.log SessionListener: contextDestroyed()
02-Feb-2026 11:42:36.248 情報 [Thread-1] org.apache.catalina.core.ApplicationContext.log ContextListener: contextDestroyed()
02-Feb-2026 11:42:42.576 情報 [main] org.apache.catalina.core.ApplicationContext.log ContextListener: contextInitialized()
02-Feb-2026 11:42:42.576 情報 [main] org.apache.catalina.core.ApplicationContext.log SessionListener: contextInitialized()
02-Feb-2026 11:42:42.581 情報 [main] org.apache.catalina.core.ApplicationContext.log ContextListener: attributeAdded('StockTicker', 'async.Stockticker@1bc0d349')
02-Feb-2026 11:43:20.683 情報 [Thread-1] org.apache.catalina.core.ApplicationContext.log SessionListener: contextDestroyed()
02-Feb-2026 11:43:20.683 情報 [Thread-1] org.apache.catalina.core.ApplicationContext.log ContextListener: contextDestroyed()
02-Feb-2026 11:43:26.894 情報 [main] org.apache.catalina.core.ApplicationContext.log ContextListener: contextInitialized()
02-Feb-2026 11:43:26.894 情報 [main] org.apache.catalina.core.ApplicationContext.log SessionListener: contextInitialized()
02-Feb-2026 11:43:26.900 情報 [main] org.apache.catalina.core.ApplicationContext.log ContextListener: attributeAdded('StockTicker', 'async.Stockticker@fd9ebde')
02-Feb-2026 11:44:01.014 情報 [Thread-1] org.apache.catalina.core.ApplicationContext.log SessionListener: contextDestroyed()
02-Feb-2026 11:44:01.014 情報 [Thread-1] org.apache.catalina.core.ApplicationContext.log ContextListener: contextDestroyed()
02-Feb-2026 11:44:06.802 情報 [main] org.apache.catalina.core.ApplicationContext.log ContextListener: contextInitialized()
02-Feb-2026 11:44:06.802 情報 [main] org.apache.catalina.core.ApplicationContext.log SessionListener: contextInitialized()
02-Feb-2026 11:44:06.807 情報 [main] org.apache.catalina.core.ApplicationContext.log ContextListener: attributeAdded('StockTicker', 'async.Stockticker@1bc0d349')
02-Feb-2026 12:33:43.928 情報 [Thread-1] org.apache.catalina.core.ApplicationContext.log SessionListener: contextDestroyed()
02-Feb-2026 12:33:43.931 情報 [Thread-1] org.apache.catalina.core.ApplicationContext.log ContextListener: contextDestroyed()
02-Feb-2026 12:33:50.297 情報 [main] org.apache.catalina.core.ApplicationContext.log ContextListener: contextInitialized()
02-Feb-2026 12:33:50.298 情報 [main] org.apache.catalina.core.ApplicationContext.log SessionListener: contextInitialized()
02-Feb-2026 12:33:50.302 情報 [main] org.apache.catalina.core.ApplicationContext.log ContextListener: attributeAdded('StockTicker', 'async.Stockticker@5292ceca')
02-Feb-2026 12:35:46.298 情報 [Thread-1] org.apache.catalina.core.ApplicationContext.log SessionListener: contextDestroyed()
02-Feb-2026 12:35:46.300 情報 [Thread-1] org.apache.catalina.core.ApplicationContext.log ContextListener: contextDestroyed()
02-Feb-2026 12:35:52.494 情報 [main] org.apache.catalina.core.ApplicationContext.log ContextListener: contextInitialized()
02-Feb-2026 12:35:52.494 情報 [main] org.apache.catalina.core.ApplicationContext.log SessionListener: contextInitialized()
02-Feb-2026 12:35:52.502 情報 [main] org.apache.catalina.core.ApplicationContext.log ContextListener: attributeAdded('StockTicker', 'async.Stockticker@7661b5a')
02-Feb-2026 14:08:59.504 情報 [Thread-1] org.apache.catalina.core.ApplicationContext.log SessionListener: contextDestroyed()
02-Feb-2026 14:08:59.504 情報 [Thread-1] org.apache.catalina.core.ApplicationContext.log ContextListener: contextDestroyed()
02-Feb-2026 14:09:05.463 情報 [main] org.apache.catalina.core.ApplicationContext.log ContextListener: contextInitialized()
02-Feb-2026 14:09:05.463 情報 [main] org.apache.catalina.core.ApplicationContext.log SessionListener: contextInitialized()
02-Feb-2026 14:09:05.467 情報 [main] org.apache.catalina.core.ApplicationContext.log ContextListener: attributeAdded('StockTicker', 'async.Stockticker@5292ceca')
02-Feb-2026 14:25:18.656 情報 [Thread-1] org.apache.catalina.core.ApplicationContext.log SessionListener: contextDestroyed()
02-Feb-2026 14:25:18.657 情報 [Thread-1] org.apache.catalina.core.ApplicationContext.log ContextListener: contextDestroyed()
02-Feb-2026 14:25:24.645 情報 [main] org.apache.catalina.core.ApplicationContext.log ContextListener: contextInitialized()
02-Feb-2026 14:25:24.645 情報 [main] org.apache.catalina.core.ApplicationContext.log SessionListener: contextInitialized()
02-Feb-2026 14:25:24.654 情報 [main] org.apache.catalina.core.ApplicationContext.log ContextListener: attributeAdded('StockTicker', 'async.Stockticker@9b21bd3')
02-Feb-2026 14:47:09.634 情報 [Thread-1] org.apache.catalina.core.ApplicationContext.log SessionListener: contextDestroyed()
02-Feb-2026 14:47:09.634 情報 [Thread-1] org.apache.catalina.core.ApplicationContext.log ContextListener: contextDestroyed()
02-Feb-2026 14:47:14.889 情報 [main] org.apache.catalina.core.ApplicationContext.log ContextListener: contextInitialized()
02-Feb-2026 14:47:14.889 情報 [main] org.apache.catalina.core.ApplicationContext.log SessionListener: contextInitialized()
02-Feb-2026 14:47:14.894 情報 [main] org.apache.catalina.core.ApplicationContext.log ContextListener: attributeAdded('StockTicker', 'async.Stockticker@33899f7a')
02-Feb-2026 14:47:50.867 情報 [Thread-1] org.apache.catalina.core.ApplicationContext.log SessionListener: contextDestroyed()
02-Feb-2026 14:47:50.867 情報 [Thread-1] org.apache.catalina.core.ApplicationContext.log ContextListener: contextDestroyed()
02-Feb-2026 14:47:56.820 情報 [main] org.apache.catalina.core.ApplicationContext.log ContextListener: contextInitialized()
02-Feb-2026 14:47:56.820 情報 [main] org.apache.catalina.core.ApplicationContext.log SessionListener: contextInitialized()
02-Feb-2026 14:47:56.827 情報 [main] org.apache.catalina.core.ApplicationContext.log ContextListener: attributeAdded('StockTicker', 'async.Stockticker@65a48602')
