28-Jan-2026 09:54:27.169 情報 [main] org.apache.catalina.core.ApplicationContext.log ContextListener: contextInitialized()
28-Jan-2026 09:54:27.169 情報 [main] org.apache.catalina.core.ApplicationContext.log SessionListener: contextInitialized()
28-Jan-2026 09:54:27.174 情報 [main] org.apache.catalina.core.ApplicationContext.log ContextListener: attributeAdded('StockTicker', 'async.Stockticker@20de05e5')
28-Jan-2026 09:57:03.042 情報 [main] org.apache.catalina.core.ApplicationContext.log ContextListener: contextInitialized()
28-Jan-2026 09:57:03.042 情報 [main] org.apache.catalina.core.ApplicationContext.log SessionListener: contextInitialized()
28-Jan-2026 09:57:03.047 情報 [main] org.apache.catalina.core.ApplicationContext.log ContextListener: attributeAdded('StockTicker', 'async.Stockticker@3e7c4815')
28-Jan-2026 09:57:03.322 情報 [main] org.apache.catalina.core.ApplicationContext.log SessionListener: contextDestroyed()
28-Jan-2026 09:57:03.322 情報 [main] org.apache.catalina.core.ApplicationContext.log ContextListener: contextDestroyed()
28-Jan-2026 09:57:16.544 情報 [Thread-1] org.apache.catalina.core.ApplicationContext.log SessionListener: contextDestroyed()
28-Jan-2026 09:57:16.544 情報 [Thread-1] org.apache.catalina.core.ApplicationContext.log ContextListener: contextDestroyed()
28-Jan-2026 09:57:23.160 情報 [main] org.apache.catalina.core.ApplicationContext.log ContextListener: contextInitialized()
28-Jan-2026 09:57:23.161 情報 [main] org.apache.catalina.core.ApplicationContext.log SessionListener: contextInitialized()
28-Jan-2026 09:57:23.164 情報 [main] org.apache.catalina.core.ApplicationContext.log ContextListener: attributeAdded('StockTicker', 'async.Stockticker@1640190a')
28-Jan-2026 10:01:09.684 情報 [Thread-1] org.apache.catalina.core.ApplicationContext.log SessionListener: contextDestroyed()
28-Jan-2026 10:01:09.684 情報 [Thread-1] org.apache.catalina.core.ApplicationContext.log ContextListener: contextDestroyed()
28-Jan-2026 10:01:15.622 情報 [main] org.apache.catalina.core.ApplicationContext.log ContextListener: contextInitialized()
28-Jan-2026 10:01:15.623 情報 [main] org.apache.catalina.core.ApplicationContext.log SessionListener: contextInitialized()
28-Jan-2026 10:01:15.629 情報 [main] org.apache.catalina.core.ApplicationContext.log ContextListener: attributeAdded('StockTicker', 'async.Stockticker@4d62f4c6')
28-Jan-2026 10:29:00.918 情報 [Thread-1] org.apache.catalina.core.ApplicationContext.log SessionListener: contextDestroyed()
28-Jan-2026 10:29:00.918 情報 [Thread-1] org.apache.catalina.core.ApplicationContext.log ContextListener: contextDestroyed()
28-Jan-2026 10:29:06.727 情報 [main] org.apache.catalina.core.ApplicationContext.log ContextListener: contextInitialized()
28-Jan-2026 10:29:06.727 情報 [main] org.apache.catalina.core.ApplicationContext.log SessionListener: contextInitialized()
28-Jan-2026 10:29:06.732 情報 [main] org.apache.catalina.core.ApplicationContext.log ContextListener: attributeAdded('StockTicker', 'async.Stockticker@622fdb81')
28-Jan-2026 10:31:34.856 情報 [Thread-1] org.apache.catalina.core.ApplicationContext.log SessionListener: contextDestroyed()
28-Jan-2026 10:31:34.856 情報 [Thread-1] org.apache.catalina.core.ApplicationContext.log ContextListener: contextDestroyed()
28-Jan-2026 10:31:40.178 情報 [main] org.apache.catalina.core.ApplicationContext.log ContextListener: contextInitialized()
28-Jan-2026 10:31:40.178 情報 [main] org.apache.catalina.core.ApplicationContext.log SessionListener: contextInitialized()
28-Jan-2026 10:31:40.182 情報 [main] org.apache.catalina.core.ApplicationContext.log ContextListener: attributeAdded('StockTicker', 'async.Stockticker@3f685162')
28-Jan-2026 10:46:06.448 情報 [Thread-1] org.apache.catalina.core.ApplicationContext.log SessionListener: contextDestroyed()
28-Jan-2026 10:46:06.448 情報 [Thread-1] org.apache.catalina.core.ApplicationContext.log ContextListener: contextDestroyed()
28-Jan-2026 10:46:12.384 情報 [main] org.apache.catalina.core.ApplicationContext.log ContextListener: contextInitialized()
28-Jan-2026 10:46:12.385 情報 [main] org.apache.catalina.core.ApplicationContext.log SessionListener: contextInitialized()
28-Jan-2026 10:46:12.390 情報 [main] org.apache.catalina.core.ApplicationContext.log ContextListener: attributeAdded('StockTicker', 'async.Stockticker@2af4129d')
28-Jan-2026 11:02:08.225 情報 [Thread-1] org.apache.catalina.core.ApplicationContext.log SessionListener: contextDestroyed()
28-Jan-2026 11:02:08.225 情報 [Thread-1] org.apache.catalina.core.ApplicationContext.log ContextListener: contextDestroyed()
28-Jan-2026 11:02:20.150 情報 [main] org.apache.catalina.core.ApplicationContext.log ContextListener: contextInitialized()
28-Jan-2026 11:02:20.150 情報 [main] org.apache.catalina.core.ApplicationContext.log SessionListener: contextInitialized()
28-Jan-2026 11:02:20.156 情報 [main] org.apache.catalina.core.ApplicationContext.log ContextListener: attributeAdded('StockTicker', 'async.Stockticker@2cab9998')
28-Jan-2026 11:14:20.734 情報 [Thread-1] org.apache.catalina.core.ApplicationContext.log SessionListener: contextDestroyed()
28-Jan-2026 11:14:20.734 情報 [Thread-1] org.apache.catalina.core.ApplicationContext.log ContextListener: contextDestroyed()
28-Jan-2026 11:14:24.831 情報 [main] org.apache.catalina.core.ApplicationContext.log ContextListener: contextInitialized()
28-Jan-2026 11:14:24.831 情報 [main] org.apache.catalina.core.ApplicationContext.log SessionListener: contextInitialized()
28-Jan-2026 11:14:24.840 情報 [main] org.apache.catalina.core.ApplicationContext.log ContextListener: attributeAdded('StockTicker', 'async.Stockticker@4ef27d66')
28-Jan-2026 11:17:18.679 情報 [Thread-1] org.apache.catalina.core.ApplicationContext.log SessionListener: contextDestroyed()
28-Jan-2026 11:17:18.679 情報 [Thread-1] org.apache.catalina.core.ApplicationContext.log ContextListener: contextDestroyed()
28-Jan-2026 11:17:22.606 情報 [main] org.apache.catalina.core.ApplicationContext.log ContextListener: contextInitialized()
28-Jan-2026 11:17:22.606 情報 [main] org.apache.catalina.core.ApplicationContext.log SessionListener: contextInitialized()
28-Jan-2026 11:17:22.619 情報 [main] org.apache.catalina.core.ApplicationContext.log ContextListener: attributeAdded('StockTicker', 'async.Stockticker@7859e786')
28-Jan-2026 11:30:53.088 情報 [Thread-1] org.apache.catalina.core.ApplicationContext.log SessionListener: contextDestroyed()
28-Jan-2026 11:30:53.089 情報 [Thread-1] org.apache.catalina.core.ApplicationContext.log ContextListener: contextDestroyed()
28-Jan-2026 11:30:57.169 情報 [main] org.apache.catalina.core.ApplicationContext.log ContextListener: contextInitialized()
28-Jan-2026 11:30:57.169 情報 [main] org.apache.catalina.core.ApplicationContext.log SessionListener: contextInitialized()
28-Jan-2026 11:30:57.173 情報 [main] org.apache.catalina.core.ApplicationContext.log ContextListener: attributeAdded('StockTicker', 'async.Stockticker@3a1d593e')
28-Jan-2026 11:47:03.008 情報 [Thread-1] org.apache.catalina.core.ApplicationContext.log SessionListener: contextDestroyed()
28-Jan-2026 11:47:03.010 情報 [Thread-1] org.apache.catalina.core.ApplicationContext.log ContextListener: contextDestroyed()
28-Jan-2026 11:47:08.883 情報 [main] org.apache.catalina.core.ApplicationContext.log ContextListener: contextInitialized()
28-Jan-2026 11:47:08.883 情報 [main] org.apache.catalina.core.ApplicationContext.log SessionListener: contextInitialized()
28-Jan-2026 11:47:08.888 情報 [main] org.apache.catalina.core.ApplicationContext.log ContextListener: attributeAdded('StockTicker', 'async.Stockticker@362a019c')
28-Jan-2026 11:48:42.713 情報 [main] org.apache.catalina.core.ApplicationContext.log ContextListener: contextInitialized()
28-Jan-2026 11:48:42.713 情報 [main] org.apache.catalina.core.ApplicationContext.log SessionListener: contextInitialized()
28-Jan-2026 11:48:42.719 情報 [main] org.apache.catalina.core.ApplicationContext.log ContextListener: attributeAdded('StockTicker', 'async.Stockticker@3f23a3a0')
28-Jan-2026 11:56:40.246 情報 [Thread-1] org.apache.catalina.core.ApplicationContext.log SessionListener: contextDestroyed()
28-Jan-2026 11:56:40.246 情報 [Thread-1] org.apache.catalina.core.ApplicationContext.log ContextListener: contextDestroyed()
28-Jan-2026 11:56:44.693 情報 [main] org.apache.catalina.core.ApplicationContext.log ContextListener: contextInitialized()
28-Jan-2026 11:56:44.693 情報 [main] org.apache.catalina.core.ApplicationContext.log SessionListener: contextInitialized()
28-Jan-2026 11:56:44.697 情報 [main] org.apache.catalina.core.ApplicationContext.log ContextListener: attributeAdded('StockTicker', 'async.Stockticker@7859e786')
28-Jan-2026 11:58:32.822 情報 [Thread-1] org.apache.catalina.core.ApplicationContext.log SessionListener: contextDestroyed()
28-Jan-2026 11:58:32.822 情報 [Thread-1] org.apache.catalina.core.ApplicationContext.log ContextListener: contextDestroyed()
28-Jan-2026 11:58:38.781 情報 [main] org.apache.catalina.core.ApplicationContext.log ContextListener: contextInitialized()
28-Jan-2026 11:58:38.781 情報 [main] org.apache.catalina.core.ApplicationContext.log SessionListener: contextInitialized()
28-Jan-2026 11:58:38.781 情報 [main] org.apache.catalina.core.ApplicationContext.log ContextListener: attributeAdded('StockTicker', 'async.Stockticker@1f3165e7')
