19-Feb-2026 11:48:19.655 情報 [main] org.apache.catalina.core.ApplicationContext.log ContextListener: contextInitialized()
19-Feb-2026 11:48:19.656 情報 [main] org.apache.catalina.core.ApplicationContext.log SessionListener: contextInitialized()
19-Feb-2026 11:48:19.660 情報 [main] org.apache.catalina.core.ApplicationContext.log ContextListener: attributeAdded('StockTicker', 'async.Stockticker@73c9e8e8')
19-Feb-2026 11:50:33.968 情報 [Thread-1] org.apache.catalina.core.ApplicationContext.log SessionListener: contextDestroyed()
19-Feb-2026 11:50:33.968 情報 [Thread-1] org.apache.catalina.core.ApplicationContext.log ContextListener: contextDestroyed()
19-Feb-2026 11:50:39.971 情報 [main] org.apache.catalina.core.ApplicationContext.log ContextListener: contextInitialized()
19-Feb-2026 11:50:39.971 情報 [main] org.apache.catalina.core.ApplicationContext.log SessionListener: contextInitialized()
19-Feb-2026 11:50:39.975 情報 [main] org.apache.catalina.core.ApplicationContext.log ContextListener: attributeAdded('StockTicker', 'async.Stockticker@2b8bb184')
19-Feb-2026 11:52:46.710 情報 [Thread-1] org.apache.catalina.core.ApplicationContext.log SessionListener: contextDestroyed()
19-Feb-2026 11:52:46.710 情報 [Thread-1] org.apache.catalina.core.ApplicationContext.log ContextListener: contextDestroyed()
19-Feb-2026 11:54:46.387 情報 [main] org.apache.catalina.core.ApplicationContext.log ContextListener: contextInitialized()
19-Feb-2026 11:54:46.387 情報 [main] org.apache.catalina.core.ApplicationContext.log SessionListener: contextInitialized()
19-Feb-2026 11:54:46.394 情報 [main] org.apache.catalina.core.ApplicationContext.log ContextListener: attributeAdded('StockTicker', 'async.Stockticker@de8039f')
19-Feb-2026 11:57:20.765 情報 [Thread-1] org.apache.catalina.core.ApplicationContext.log SessionListener: contextDestroyed()
19-Feb-2026 11:57:20.765 情報 [Thread-1] org.apache.catalina.core.ApplicationContext.log ContextListener: contextDestroyed()
19-Feb-2026 12:13:10.416 情報 [main] org.apache.catalina.core.ApplicationContext.log ContextListener: contextInitialized()
19-Feb-2026 12:13:10.417 情報 [main] org.apache.catalina.core.ApplicationContext.log SessionListener: contextInitialized()
19-Feb-2026 12:13:10.421 情報 [main] org.apache.catalina.core.ApplicationContext.log ContextListener: attributeAdded('StockTicker', 'async.Stockticker@64984b0f')
19-Feb-2026 12:18:53.624 情報 [Thread-1] org.apache.catalina.core.ApplicationContext.log SessionListener: contextDestroyed()
19-Feb-2026 12:18:53.624 情報 [Thread-1] org.apache.catalina.core.ApplicationContext.log ContextListener: contextDestroyed()
19-Feb-2026 13:42:02.436 情報 [main] org.apache.catalina.core.ApplicationContext.log ContextListener: contextInitialized()
19-Feb-2026 13:42:02.437 情報 [main] org.apache.catalina.core.ApplicationContext.log SessionListener: contextInitialized()
19-Feb-2026 13:42:02.440 情報 [main] org.apache.catalina.core.ApplicationContext.log ContextListener: attributeAdded('StockTicker', 'async.Stockticker@73c9e8e8')
19-Feb-2026 13:42:24.457 情報 [Thread-1] org.apache.catalina.core.ApplicationContext.log SessionListener: contextDestroyed()
19-Feb-2026 13:42:24.457 情報 [Thread-1] org.apache.catalina.core.ApplicationContext.log ContextListener: contextDestroyed()
19-Feb-2026 13:51:39.376 情報 [main] org.apache.catalina.core.ApplicationContext.log ContextListener: contextInitialized()
19-Feb-2026 13:51:39.376 情報 [main] org.apache.catalina.core.ApplicationContext.log SessionListener: contextInitialized()
19-Feb-2026 13:51:39.380 情報 [main] org.apache.catalina.core.ApplicationContext.log ContextListener: attributeAdded('StockTicker', 'async.Stockticker@73c9e8e8')
19-Feb-2026 13:55:26.800 情報 [Thread-1] org.apache.catalina.core.ApplicationContext.log SessionListener: contextDestroyed()
19-Feb-2026 13:55:26.800 情報 [Thread-1] org.apache.catalina.core.ApplicationContext.log ContextListener: contextDestroyed()
