04-Feb-2026 10:06:44.212 情報 [main] org.apache.catalina.core.ApplicationContext.log ContextListener: contextInitialized()
04-Feb-2026 10:06:44.212 情報 [main] org.apache.catalina.core.ApplicationContext.log SessionListener: contextInitialized()
04-Feb-2026 10:06:44.216 情報 [main] org.apache.catalina.core.ApplicationContext.log ContextListener: attributeAdded('StockTicker', 'async.Stockticker@644ded04')
04-Feb-2026 10:07:03.221 重大 [http-nio-8080-exec-1] org.apache.catalina.core.StandardWrapperValve.invoke パス [/book] を持つコンテキスト内のサーブレット [jsp] のServlet.service() が例外 [JSPのクラスをコンパイルできません: 

JSPファイル: [/chapter16/attribute.jsp] の中の [4] 行目でエラーが発生しました
Syntax error on token "import", delete this token
1: <%@page contentType="text/html; charset=UTF-8" %>
2: <%@include file="../header.html" %>
3: 
4: <%page import="bean.Product" %>
5: 
6: <% Product p=(Product)request.getAttribute("product"); %>
7: 


JSPファイル: [/chapter16/attribute.jsp] の中の [4] 行目でエラーが発生しました
Syntax error, insert ";" to complete Statement
1: <%@page contentType="text/html; charset=UTF-8" %>
2: <%@include file="../header.html" %>
3: 
4: <%page import="bean.Product" %>
5: 
6: <% Product p=(Product)request.getAttribute("product"); %>
7: 


JSPファイル: [/chapter16/attribute.jsp] の中の [6] 行目でエラーが発生しました
Product cannot be resolved to a type
3: 
4: <%page import="bean.Product" %>
5: 
6: <% Product p=(Product)request.getAttribute("product"); %>
7: 
8: <%=p.getId() %>:<%=p.getName() %>:<%=p.getPrice() %><br>
9: 


JSPファイル: [/chapter16/attribute.jsp] の中の [6] 行目でエラーが発生しました
Product cannot be resolved to a type
3: 
4: <%page import="bean.Product" %>
5: 
6: <% Product p=(Product)request.getAttribute("product"); %>
7: 
8: <%=p.getId() %>:<%=p.getName() %>:<%=p.getPrice() %><br>
9: 


Stacktrace:] が根本的要因と共に投げられました
	org.apache.jasper.JasperException: JSPのクラスをコンパイルできません: 

JSPファイル: [/chapter16/attribute.jsp] の中の [4] 行目でエラーが発生しました
Syntax error on token "import", delete this token
1: <%@page contentType="text/html; charset=UTF-8" %>
2: <%@include file="../header.html" %>
3: 
4: <%page import="bean.Product" %>
5: 
6: <% Product p=(Product)request.getAttribute("product"); %>
7: 


JSPファイル: [/chapter16/attribute.jsp] の中の [4] 行目でエラーが発生しました
Syntax error, insert ";" to complete Statement
1: <%@page contentType="text/html; charset=UTF-8" %>
2: <%@include file="../header.html" %>
3: 
4: <%page import="bean.Product" %>
5: 
6: <% Product p=(Product)request.getAttribute("product"); %>
7: 


JSPファイル: [/chapter16/attribute.jsp] の中の [6] 行目でエラーが発生しました
Product cannot be resolved to a type
3: 
4: <%page import="bean.Product" %>
5: 
6: <% Product p=(Product)request.getAttribute("product"); %>
7: 
8: <%=p.getId() %>:<%=p.getName() %>:<%=p.getPrice() %><br>
9: 


JSPファイル: [/chapter16/attribute.jsp] の中の [6] 行目でエラーが発生しました
Product cannot be resolved to a type
3: 
4: <%page import="bean.Product" %>
5: 
6: <% Product p=(Product)request.getAttribute("product"); %>
7: 
8: <%=p.getId() %>:<%=p.getName() %>:<%=p.getPrice() %><br>
9: 


Stacktrace:
		at org.apache.jasper.compiler.DefaultErrorHandler.javacError(DefaultErrorHandler.java:102)
		at org.apache.jasper.compiler.ErrorDispatcher.javacError(ErrorDispatcher.java:213)
		at org.apache.jasper.compiler.JDTCompiler.generateClass(JDTCompiler.java:513)
		at org.apache.jasper.compiler.Compiler.compile(Compiler.java:402)
		at org.apache.jasper.compiler.Compiler.compile(Compiler.java:372)
		at org.apache.jasper.compiler.Compiler.compile(Compiler.java:356)
		at org.apache.jasper.JspCompilationContext.compile(JspCompilationContext.java:603)
		at org.apache.jasper.servlet.JspServletWrapper.service(JspServletWrapper.java:396)
		at org.apache.jasper.servlet.JspServlet.serviceJspFile(JspServlet.java:380)
		at org.apache.jasper.servlet.JspServlet.service(JspServlet.java:328)
		at jakarta.servlet.http.HttpServlet.service(HttpServlet.java:658)
		at org.apache.catalina.core.ApplicationFilterChain.internalDoFilter(ApplicationFilterChain.java:205)
		at org.apache.catalina.core.ApplicationFilterChain.doFilter(ApplicationFilterChain.java:149)
		at org.apache.tomcat.websocket.server.WsFilter.doFilter(WsFilter.java:51)
		at org.apache.catalina.core.ApplicationFilterChain.internalDoFilter(ApplicationFilterChain.java:174)
		at org.apache.catalina.core.ApplicationFilterChain.doFilter(ApplicationFilterChain.java:149)
		at tool.EncodingFilter.doFilter(EncodingFilter.java:20)
		at org.apache.catalina.core.ApplicationFilterChain.internalDoFilter(ApplicationFilterChain.java:174)
		at org.apache.catalina.core.ApplicationFilterChain.doFilter(ApplicationFilterChain.java:149)
		at org.apache.catalina.core.StandardWrapperValve.invoke(StandardWrapperValve.java:166)
		at org.apache.catalina.core.StandardContextValve.invoke(StandardContextValve.java:90)
		at org.apache.catalina.authenticator.AuthenticatorBase.invoke(AuthenticatorBase.java:482)
		at org.apache.catalina.core.StandardHostValve.invoke(StandardHostValve.java:115)
		at org.apache.catalina.valves.ErrorReportValve.invoke(ErrorReportValve.java:93)
		at org.apache.catalina.valves.AbstractAccessLogValve.invoke(AbstractAccessLogValve.java:676)
		at org.apache.catalina.core.StandardEngineValve.invoke(StandardEngineValve.java:74)
		at org.apache.catalina.connector.CoyoteAdapter.service(CoyoteAdapter.java:341)
		at org.apache.coyote.http11.Http11Processor.service(Http11Processor.java:391)
		at org.apache.coyote.AbstractProcessorLight.process(AbstractProcessorLight.java:63)
		at org.apache.coyote.AbstractProtocol$ConnectionHandler.process(AbstractProtocol.java:894)
		at org.apache.tomcat.util.net.NioEndpoint$SocketProcessor.doRun(NioEndpoint.java:1741)
		at org.apache.tomcat.util.net.SocketProcessorBase.run(SocketProcessorBase.java:52)
		at org.apache.tomcat.util.threads.ThreadPoolExecutor.runWorker(ThreadPoolExecutor.java:1191)
		at org.apache.tomcat.util.threads.ThreadPoolExecutor$Worker.run(ThreadPoolExecutor.java:659)
		at org.apache.tomcat.util.threads.TaskThread$WrappingRunnable.run(TaskThread.java:61)
		at java.base/java.lang.Thread.run(Thread.java:1583)
04-Feb-2026 10:07:50.636 重大 [http-nio-8080-exec-3] org.apache.catalina.core.StandardWrapperValve.invoke パス [/book] を持つコンテキスト内のサーブレット [jsp] のServlet.service() が例外 [[/chapter16/attribute.jsp] の処理中に行番号 [8] で例外が発生しました。

5: 
6: <% Product p=(Product)request.getAttribute("product"); %>
7: 
8: <%=p.getId() %>:<%=p.getName() %>:<%=p.getPrice() %><br>
9: 
10: <%@include file="../footer.html" %>


Stacktrace:] が根本的要因と共に投げられました
	java.lang.NullPointerException: Cannot invoke "bean.Product.getId()" because "p" is null
		at org.apache.jsp.chapter16.attribute_jsp._jspService(attribute_jsp.java:146)
		at org.apache.jasper.runtime.HttpJspBase.service(HttpJspBase.java:70)
		at jakarta.servlet.http.HttpServlet.service(HttpServlet.java:658)
		at org.apache.jasper.servlet.JspServletWrapper.service(JspServletWrapper.java:456)
		at org.apache.jasper.servlet.JspServlet.serviceJspFile(JspServlet.java:380)
		at org.apache.jasper.servlet.JspServlet.service(JspServlet.java:328)
		at jakarta.servlet.http.HttpServlet.service(HttpServlet.java:658)
		at org.apache.catalina.core.ApplicationFilterChain.internalDoFilter(ApplicationFilterChain.java:205)
		at org.apache.catalina.core.ApplicationFilterChain.doFilter(ApplicationFilterChain.java:149)
		at org.apache.tomcat.websocket.server.WsFilter.doFilter(WsFilter.java:51)
		at org.apache.catalina.core.ApplicationFilterChain.internalDoFilter(ApplicationFilterChain.java:174)
		at org.apache.catalina.core.ApplicationFilterChain.doFilter(ApplicationFilterChain.java:149)
		at tool.EncodingFilter.doFilter(EncodingFilter.java:20)
		at org.apache.catalina.core.ApplicationFilterChain.internalDoFilter(ApplicationFilterChain.java:174)
		at org.apache.catalina.core.ApplicationFilterChain.doFilter(ApplicationFilterChain.java:149)
		at org.apache.catalina.core.StandardWrapperValve.invoke(StandardWrapperValve.java:166)
		at org.apache.catalina.core.StandardContextValve.invoke(StandardContextValve.java:90)
		at org.apache.catalina.authenticator.AuthenticatorBase.invoke(AuthenticatorBase.java:482)
		at org.apache.catalina.core.StandardHostValve.invoke(StandardHostValve.java:115)
		at org.apache.catalina.valves.ErrorReportValve.invoke(ErrorReportValve.java:93)
		at org.apache.catalina.valves.AbstractAccessLogValve.invoke(AbstractAccessLogValve.java:676)
		at org.apache.catalina.core.StandardEngineValve.invoke(StandardEngineValve.java:74)
		at org.apache.catalina.connector.CoyoteAdapter.service(CoyoteAdapter.java:341)
		at org.apache.coyote.http11.Http11Processor.service(Http11Processor.java:391)
		at org.apache.coyote.AbstractProcessorLight.process(AbstractProcessorLight.java:63)
		at org.apache.coyote.AbstractProtocol$ConnectionHandler.process(AbstractProtocol.java:894)
		at org.apache.tomcat.util.net.NioEndpoint$SocketProcessor.doRun(NioEndpoint.java:1741)
		at org.apache.tomcat.util.net.SocketProcessorBase.run(SocketProcessorBase.java:52)
		at org.apache.tomcat.util.threads.ThreadPoolExecutor.runWorker(ThreadPoolExecutor.java:1191)
		at org.apache.tomcat.util.threads.ThreadPoolExecutor$Worker.run(ThreadPoolExecutor.java:659)
		at org.apache.tomcat.util.threads.TaskThread$WrappingRunnable.run(TaskThread.java:61)
		at java.base/java.lang.Thread.run(Thread.java:1583)
04-Feb-2026 10:22:56.442 情報 [Thread-1] org.apache.catalina.core.ApplicationContext.log SessionListener: contextDestroyed()
04-Feb-2026 10:22:56.442 情報 [Thread-1] org.apache.catalina.core.ApplicationContext.log ContextListener: contextDestroyed()
04-Feb-2026 10:23:01.857 情報 [main] org.apache.catalina.core.ApplicationContext.log ContextListener: contextInitialized()
04-Feb-2026 10:23:01.858 情報 [main] org.apache.catalina.core.ApplicationContext.log SessionListener: contextInitialized()
04-Feb-2026 10:23:01.863 情報 [main] org.apache.catalina.core.ApplicationContext.log ContextListener: attributeAdded('StockTicker', 'async.Stockticker@1ba359bd')
04-Feb-2026 10:23:04.971 重大 [http-nio-8080-exec-1] org.apache.catalina.core.ApplicationDispatcher.invoke サーブレット [jsp] のServlet.service()が例外を投げました
	org.apache.jasper.JasperException: JSPのクラスをコンパイルできません: 

JSPファイル: [/chapter16/attribute2.jsp] の中の [6] 行目でエラーが発生しました
List cannot be resolved to a variable
3: 
4: <%@page import="bean.Product, java.util.List" %>
5: 
6: <% List<Product> list=(List<Product>request.getAttribute("list"));
7: 
8:     <% for (Product p : list) { %>
9:         <%=p.getId() %>:<%=p.getName() %>:<%=p.getPrice() %><br>


JSPファイル: [/chapter16/attribute2.jsp] の中の [6] 行目でエラーが発生しました
Product cannot be resolved to a variable
3: 
4: <%@page import="bean.Product, java.util.List" %>
5: 
6: <% List<Product> list=(List<Product>request.getAttribute("list"));
7: 
8:     <% for (Product p : list) { %>
9:         <%=p.getId() %>:<%=p.getName() %>:<%=p.getPrice() %><br>


JSPファイル: [/chapter16/attribute2.jsp] の中の [6] 行目でエラーが発生しました
Syntax error on token ">", >> expected
3: 
4: <%@page import="bean.Product, java.util.List" %>
5: 
6: <% List<Product> list=(List<Product>request.getAttribute("list"));
7: 
8:     <% for (Product p : list) { %>
9:         <%=p.getId() %>:<%=p.getName() %>:<%=p.getPrice() %><br>


JSPファイル: [/chapter16/attribute2.jsp] の中の [8] 行目でエラーが発生しました
Syntax error on tokens, delete these tokens
5: 
6: <% List<Product> list=(List<Product>request.getAttribute("list"));
7: 
8:     <% for (Product p : list) { %>
9:         <%=p.getId() %>:<%=p.getName() %>:<%=p.getPrice() %><br>
10:     <% } %>
11: 


Stacktrace:
		at org.apache.jasper.compiler.DefaultErrorHandler.javacError(DefaultErrorHandler.java:102)
		at org.apache.jasper.compiler.ErrorDispatcher.javacError(ErrorDispatcher.java:213)
		at org.apache.jasper.compiler.JDTCompiler.generateClass(JDTCompiler.java:513)
		at org.apache.jasper.compiler.Compiler.compile(Compiler.java:402)
		at org.apache.jasper.compiler.Compiler.compile(Compiler.java:372)
		at org.apache.jasper.compiler.Compiler.compile(Compiler.java:356)
		at org.apache.jasper.JspCompilationContext.compile(JspCompilationContext.java:603)
		at org.apache.jasper.servlet.JspServletWrapper.service(JspServletWrapper.java:396)
		at org.apache.jasper.servlet.JspServlet.serviceJspFile(JspServlet.java:380)
		at org.apache.jasper.servlet.JspServlet.service(JspServlet.java:328)
		at jakarta.servlet.http.HttpServlet.service(HttpServlet.java:658)
		at org.apache.catalina.core.ApplicationFilterChain.internalDoFilter(ApplicationFilterChain.java:205)
		at org.apache.catalina.core.ApplicationFilterChain.doFilter(ApplicationFilterChain.java:149)
		at org.apache.tomcat.websocket.server.WsFilter.doFilter(WsFilter.java:51)
		at org.apache.catalina.core.ApplicationFilterChain.internalDoFilter(ApplicationFilterChain.java:174)
		at org.apache.catalina.core.ApplicationFilterChain.doFilter(ApplicationFilterChain.java:149)
		at org.apache.catalina.core.ApplicationDispatcher.invoke(ApplicationDispatcher.java:642)
		at org.apache.catalina.core.ApplicationDispatcher.processRequest(ApplicationDispatcher.java:408)
		at org.apache.catalina.core.ApplicationDispatcher.doForward(ApplicationDispatcher.java:340)
		at org.apache.catalina.core.ApplicationDispatcher.forward(ApplicationDispatcher.java:277)
		at chapter16.Attribute2.doGet(Attribute2.java:22)
		at jakarta.servlet.http.HttpServlet.service(HttpServlet.java:564)
		at jakarta.servlet.http.HttpServlet.service(HttpServlet.java:658)
		at org.apache.catalina.core.ApplicationFilterChain.internalDoFilter(ApplicationFilterChain.java:205)
		at org.apache.catalina.core.ApplicationFilterChain.doFilter(ApplicationFilterChain.java:149)
		at org.apache.tomcat.websocket.server.WsFilter.doFilter(WsFilter.java:51)
		at org.apache.catalina.core.ApplicationFilterChain.internalDoFilter(ApplicationFilterChain.java:174)
		at org.apache.catalina.core.ApplicationFilterChain.doFilter(ApplicationFilterChain.java:149)
		at tool.EncodingFilter.doFilter(EncodingFilter.java:20)
		at org.apache.catalina.core.ApplicationFilterChain.internalDoFilter(ApplicationFilterChain.java:174)
		at org.apache.catalina.core.ApplicationFilterChain.doFilter(ApplicationFilterChain.java:149)
		at org.apache.catalina.core.StandardWrapperValve.invoke(StandardWrapperValve.java:166)
		at org.apache.catalina.core.StandardContextValve.invoke(StandardContextValve.java:90)
		at org.apache.catalina.authenticator.AuthenticatorBase.invoke(AuthenticatorBase.java:482)
		at org.apache.catalina.core.StandardHostValve.invoke(StandardHostValve.java:115)
		at org.apache.catalina.valves.ErrorReportValve.invoke(ErrorReportValve.java:93)
		at org.apache.catalina.valves.AbstractAccessLogValve.invoke(AbstractAccessLogValve.java:676)
		at org.apache.catalina.core.StandardEngineValve.invoke(StandardEngineValve.java:74)
		at org.apache.catalina.connector.CoyoteAdapter.service(CoyoteAdapter.java:341)
		at org.apache.coyote.http11.Http11Processor.service(Http11Processor.java:391)
		at org.apache.coyote.AbstractProcessorLight.process(AbstractProcessorLight.java:63)
		at org.apache.coyote.AbstractProtocol$ConnectionHandler.process(AbstractProtocol.java:894)
		at org.apache.tomcat.util.net.NioEndpoint$SocketProcessor.doRun(NioEndpoint.java:1741)
		at org.apache.tomcat.util.net.SocketProcessorBase.run(SocketProcessorBase.java:52)
		at org.apache.tomcat.util.threads.ThreadPoolExecutor.runWorker(ThreadPoolExecutor.java:1191)
		at org.apache.tomcat.util.threads.ThreadPoolExecutor$Worker.run(ThreadPoolExecutor.java:659)
		at org.apache.tomcat.util.threads.TaskThread$WrappingRunnable.run(TaskThread.java:61)
		at java.base/java.lang.Thread.run(Thread.java:1583)
04-Feb-2026 10:26:08.938 情報 [Thread-1] org.apache.catalina.core.ApplicationContext.log SessionListener: contextDestroyed()
04-Feb-2026 10:26:08.938 情報 [Thread-1] org.apache.catalina.core.ApplicationContext.log ContextListener: contextDestroyed()
04-Feb-2026 10:40:39.671 情報 [main] org.apache.catalina.core.ApplicationContext.log ContextListener: contextInitialized()
04-Feb-2026 10:40:39.672 情報 [main] org.apache.catalina.core.ApplicationContext.log SessionListener: contextInitialized()
04-Feb-2026 10:40:39.678 情報 [main] org.apache.catalina.core.ApplicationContext.log ContextListener: attributeAdded('StockTicker', 'async.Stockticker@672b72ba')
04-Feb-2026 11:42:20.555 情報 [Thread-1] org.apache.catalina.core.ApplicationContext.log SessionListener: contextDestroyed()
04-Feb-2026 11:42:20.555 情報 [Thread-1] org.apache.catalina.core.ApplicationContext.log ContextListener: contextDestroyed()
04-Feb-2026 11:42:26.546 情報 [main] org.apache.catalina.core.ApplicationContext.log ContextListener: contextInitialized()
04-Feb-2026 11:42:26.547 情報 [main] org.apache.catalina.core.ApplicationContext.log SessionListener: contextInitialized()
04-Feb-2026 11:42:26.551 情報 [main] org.apache.catalina.core.ApplicationContext.log ContextListener: attributeAdded('StockTicker', 'async.Stockticker@673919a7')
04-Feb-2026 12:01:27.528 情報 [Thread-1] org.apache.catalina.core.ApplicationContext.log SessionListener: contextDestroyed()
04-Feb-2026 12:01:27.528 情報 [Thread-1] org.apache.catalina.core.ApplicationContext.log ContextListener: contextDestroyed()
04-Feb-2026 12:01:33.604 情報 [main] org.apache.catalina.core.ApplicationContext.log ContextListener: contextInitialized()
04-Feb-2026 12:01:33.604 情報 [main] org.apache.catalina.core.ApplicationContext.log SessionListener: contextInitialized()
04-Feb-2026 12:01:33.608 情報 [main] org.apache.catalina.core.ApplicationContext.log ContextListener: attributeAdded('StockTicker', 'async.Stockticker@612e21b9')
04-Feb-2026 12:02:11.206 情報 [http-nio-8080-exec-4] org.apache.catalina.core.ApplicationContext.log サーブレット [chapter17.CartAdd] を利用不可能にマークします
04-Feb-2026 12:02:11.207 重大 [http-nio-8080-exec-4] org.apache.catalina.core.StandardWrapperValve.invoke サーブレット [chapter17.CartAdd] に例外を割り当てます
	java.lang.ClassCastException: class chapter17.CartAdd cannot be cast to class jakarta.servlet.Servlet (chapter17.CartAdd is in unnamed module of loader org.apache.catalina.loader.ParallelWebappClassLoader @55c53a33; jakarta.servlet.Servlet is in unnamed module of loader java.net.URLClassLoader @3fb4f649)
		at org.apache.catalina.core.StandardWrapper.loadServlet(StandardWrapper.java:865)
		at org.apache.catalina.core.StandardWrapper.allocate(StandardWrapper.java:649)
		at org.apache.catalina.core.StandardWrapperValve.invoke(StandardWrapperValve.java:114)
		at org.apache.catalina.core.StandardContextValve.invoke(StandardContextValve.java:90)
		at org.apache.catalina.authenticator.AuthenticatorBase.invoke(AuthenticatorBase.java:482)
		at org.apache.catalina.core.StandardHostValve.invoke(StandardHostValve.java:115)
		at org.apache.catalina.valves.ErrorReportValve.invoke(ErrorReportValve.java:93)
		at org.apache.catalina.valves.AbstractAccessLogValve.invoke(AbstractAccessLogValve.java:676)
		at org.apache.catalina.core.StandardEngineValve.invoke(StandardEngineValve.java:74)
		at org.apache.catalina.connector.CoyoteAdapter.service(CoyoteAdapter.java:341)
		at org.apache.coyote.http11.Http11Processor.service(Http11Processor.java:391)
		at org.apache.coyote.AbstractProcessorLight.process(AbstractProcessorLight.java:63)
		at org.apache.coyote.AbstractProtocol$ConnectionHandler.process(AbstractProtocol.java:894)
		at org.apache.tomcat.util.net.NioEndpoint$SocketProcessor.doRun(NioEndpoint.java:1741)
		at org.apache.tomcat.util.net.SocketProcessorBase.run(SocketProcessorBase.java:52)
		at org.apache.tomcat.util.threads.ThreadPoolExecutor.runWorker(ThreadPoolExecutor.java:1191)
		at org.apache.tomcat.util.threads.ThreadPoolExecutor$Worker.run(ThreadPoolExecutor.java:659)
		at org.apache.tomcat.util.threads.TaskThread$WrappingRunnable.run(TaskThread.java:61)
		at java.base/java.lang.Thread.run(Thread.java:1583)
04-Feb-2026 12:03:29.972 情報 [Thread-1] org.apache.catalina.core.ApplicationContext.log SessionListener: contextDestroyed()
04-Feb-2026 12:03:29.972 情報 [Thread-1] org.apache.catalina.core.ApplicationContext.log ContextListener: contextDestroyed()
04-Feb-2026 12:03:35.603 情報 [main] org.apache.catalina.core.ApplicationContext.log ContextListener: contextInitialized()
04-Feb-2026 12:03:35.603 情報 [main] org.apache.catalina.core.ApplicationContext.log SessionListener: contextInitialized()
04-Feb-2026 12:03:35.610 情報 [main] org.apache.catalina.core.ApplicationContext.log ContextListener: attributeAdded('StockTicker', 'async.Stockticker@1ba359bd')
04-Feb-2026 14:37:48.420 情報 [Thread-1] org.apache.catalina.core.ApplicationContext.log SessionListener: contextDestroyed()
04-Feb-2026 14:37:48.420 情報 [Thread-1] org.apache.catalina.core.ApplicationContext.log ContextListener: contextDestroyed()
04-Feb-2026 14:37:54.146 情報 [main] org.apache.catalina.core.ApplicationContext.log ContextListener: contextInitialized()
04-Feb-2026 14:37:54.146 情報 [main] org.apache.catalina.core.ApplicationContext.log SessionListener: contextInitialized()
04-Feb-2026 14:37:54.152 情報 [main] org.apache.catalina.core.ApplicationContext.log ContextListener: attributeAdded('StockTicker', 'async.Stockticker@5f038248')
04-Feb-2026 14:51:06.286 情報 [Thread-1] org.apache.catalina.core.ApplicationContext.log SessionListener: contextDestroyed()
04-Feb-2026 14:51:06.286 情報 [Thread-1] org.apache.catalina.core.ApplicationContext.log ContextListener: contextDestroyed()
04-Feb-2026 14:51:11.895 情報 [main] org.apache.catalina.core.ApplicationContext.log ContextListener: contextInitialized()
04-Feb-2026 14:51:11.895 情報 [main] org.apache.catalina.core.ApplicationContext.log SessionListener: contextInitialized()
04-Feb-2026 14:51:11.900 情報 [main] org.apache.catalina.core.ApplicationContext.log ContextListener: attributeAdded('StockTicker', 'async.Stockticker@e9ef5b6')
04-Feb-2026 14:51:31.492 情報 [Thread-1] org.apache.catalina.core.ApplicationContext.log SessionListener: contextDestroyed()
04-Feb-2026 14:51:31.492 情報 [Thread-1] org.apache.catalina.core.ApplicationContext.log ContextListener: contextDestroyed()
04-Feb-2026 14:51:43.369 情報 [main] org.apache.catalina.core.ApplicationContext.log ContextListener: contextInitialized()
04-Feb-2026 14:51:43.370 情報 [main] org.apache.catalina.core.ApplicationContext.log SessionListener: contextInitialized()
04-Feb-2026 14:51:43.375 情報 [main] org.apache.catalina.core.ApplicationContext.log ContextListener: attributeAdded('StockTicker', 'async.Stockticker@e9ef5b6')
