10-Feb-2026 09:48:10.291 情報 [main] org.apache.catalina.core.ApplicationContext.log ContextListener: contextInitialized()
10-Feb-2026 09:48:10.292 情報 [main] org.apache.catalina.core.ApplicationContext.log SessionListener: contextInitialized()
10-Feb-2026 09:48:10.298 情報 [main] org.apache.catalina.core.ApplicationContext.log ContextListener: attributeAdded('StockTicker', 'async.Stockticker@5f038248')
10-Feb-2026 09:51:51.592 情報 [Thread-1] org.apache.catalina.core.ApplicationContext.log SessionListener: contextDestroyed()
10-Feb-2026 09:51:51.592 情報 [Thread-1] org.apache.catalina.core.ApplicationContext.log ContextListener: contextDestroyed()
10-Feb-2026 09:51:57.220 情報 [main] org.apache.catalina.core.ApplicationContext.log ContextListener: contextInitialized()
10-Feb-2026 09:51:57.220 情報 [main] org.apache.catalina.core.ApplicationContext.log SessionListener: contextInitialized()
10-Feb-2026 09:51:57.224 情報 [main] org.apache.catalina.core.ApplicationContext.log ContextListener: attributeAdded('StockTicker', 'async.Stockticker@73c9e8e8')
10-Feb-2026 09:52:25.719 情報 [Thread-1] org.apache.catalina.core.ApplicationContext.log SessionListener: contextDestroyed()
10-Feb-2026 09:52:25.719 情報 [Thread-1] org.apache.catalina.core.ApplicationContext.log ContextListener: contextDestroyed()
10-Feb-2026 09:52:32.256 情報 [main] org.apache.catalina.core.ApplicationContext.log ContextListener: contextInitialized()
10-Feb-2026 09:52:32.256 情報 [main] org.apache.catalina.core.ApplicationContext.log SessionListener: contextInitialized()
10-Feb-2026 09:52:32.259 情報 [main] org.apache.catalina.core.ApplicationContext.log ContextListener: attributeAdded('StockTicker', 'async.Stockticker@6c008c24')
10-Feb-2026 09:53:12.904 情報 [Thread-1] org.apache.catalina.core.ApplicationContext.log SessionListener: contextDestroyed()
10-Feb-2026 09:53:12.904 情報 [Thread-1] org.apache.catalina.core.ApplicationContext.log ContextListener: contextDestroyed()
10-Feb-2026 09:53:19.170 情報 [main] org.apache.catalina.core.ApplicationContext.log ContextListener: contextInitialized()
10-Feb-2026 09:53:19.170 情報 [main] org.apache.catalina.core.ApplicationContext.log SessionListener: contextInitialized()
10-Feb-2026 09:53:19.170 情報 [main] org.apache.catalina.core.ApplicationContext.log ContextListener: attributeAdded('StockTicker', 'async.Stockticker@1a865273')
10-Feb-2026 09:55:11.650 情報 [Thread-1] org.apache.catalina.core.ApplicationContext.log SessionListener: contextDestroyed()
10-Feb-2026 09:55:11.650 情報 [Thread-1] org.apache.catalina.core.ApplicationContext.log ContextListener: contextDestroyed()
10-Feb-2026 09:55:18.330 情報 [main] org.apache.catalina.core.ApplicationContext.log ContextListener: contextInitialized()
10-Feb-2026 09:55:18.332 情報 [main] org.apache.catalina.core.ApplicationContext.log SessionListener: contextInitialized()
10-Feb-2026 09:55:18.335 情報 [main] org.apache.catalina.core.ApplicationContext.log ContextListener: attributeAdded('StockTicker', 'async.Stockticker@53ec2968')
10-Feb-2026 09:56:05.103 情報 [Thread-1] org.apache.catalina.core.ApplicationContext.log SessionListener: contextDestroyed()
10-Feb-2026 09:56:05.103 情報 [Thread-1] org.apache.catalina.core.ApplicationContext.log ContextListener: contextDestroyed()
10-Feb-2026 09:56:11.157 情報 [main] org.apache.catalina.core.ApplicationContext.log ContextListener: contextInitialized()
10-Feb-2026 09:56:11.158 情報 [main] org.apache.catalina.core.ApplicationContext.log SessionListener: contextInitialized()
10-Feb-2026 09:56:11.162 情報 [main] org.apache.catalina.core.ApplicationContext.log ContextListener: attributeAdded('StockTicker', 'async.Stockticker@472a11ae')
10-Feb-2026 09:56:54.464 情報 [Thread-1] org.apache.catalina.core.ApplicationContext.log SessionListener: contextDestroyed()
10-Feb-2026 09:56:54.464 情報 [Thread-1] org.apache.catalina.core.ApplicationContext.log ContextListener: contextDestroyed()
10-Feb-2026 09:57:00.148 情報 [main] org.apache.catalina.core.ApplicationContext.log ContextListener: contextInitialized()
10-Feb-2026 09:57:00.149 情報 [main] org.apache.catalina.core.ApplicationContext.log SessionListener: contextInitialized()
10-Feb-2026 09:57:00.153 情報 [main] org.apache.catalina.core.ApplicationContext.log ContextListener: attributeAdded('StockTicker', 'async.Stockticker@73c9e8e8')
10-Feb-2026 09:57:28.308 情報 [Thread-1] org.apache.catalina.core.ApplicationContext.log SessionListener: contextDestroyed()
10-Feb-2026 09:57:28.308 情報 [Thread-1] org.apache.catalina.core.ApplicationContext.log ContextListener: contextDestroyed()
10-Feb-2026 09:57:33.915 情報 [main] org.apache.catalina.core.ApplicationContext.log ContextListener: contextInitialized()
10-Feb-2026 09:57:33.915 情報 [main] org.apache.catalina.core.ApplicationContext.log SessionListener: contextInitialized()
10-Feb-2026 09:57:33.921 情報 [main] org.apache.catalina.core.ApplicationContext.log ContextListener: attributeAdded('StockTicker', 'async.Stockticker@1aabf50d')
10-Feb-2026 10:00:52.636 情報 [http-nio-8080-exec-10] org.apache.catalina.core.ApplicationContext.log サーブレット [front-controller] を利用不可能にマークします
10-Feb-2026 10:00:52.636 重大 [http-nio-8080-exec-10] org.apache.catalina.core.StandardWrapperValve.invoke サーブレット [front-controller] に例外を割り当てます
	java.lang.ClassNotFoundException: tool.FrontServlet
		at org.apache.catalina.loader.WebappClassLoaderBase.loadClass(WebappClassLoaderBase.java:1437)
		at org.apache.catalina.loader.WebappClassLoaderBase.loadClass(WebappClassLoaderBase.java:1245)
		at org.apache.catalina.core.DefaultInstanceManager.loadClass(DefaultInstanceManager.java:490)
		at org.apache.catalina.core.DefaultInstanceManager.loadClassMaybePrivileged(DefaultInstanceManager.java:472)
		at org.apache.catalina.core.DefaultInstanceManager.newInstance(DefaultInstanceManager.java:142)
		at org.apache.catalina.core.StandardWrapper.loadServlet(StandardWrapper.java:865)
		at org.apache.catalina.core.StandardWrapper.allocate(StandardWrapper.java:649)
		at org.apache.catalina.core.StandardWrapperValve.invoke(StandardWrapperValve.java:114)
		at org.apache.catalina.core.StandardContextValve.invoke(StandardContextValve.java:90)
		at org.apache.catalina.authenticator.AuthenticatorBase.invoke(AuthenticatorBase.java:482)
		at org.apache.catalina.core.StandardHostValve.invoke(StandardHostValve.java:115)
		at org.apache.catalina.valves.ErrorReportValve.invoke(ErrorReportValve.java:93)
		at org.apache.catalina.valves.AbstractAccessLogValve.invoke(AbstractAccessLogValve.java:676)
		at org.apache.catalina.core.StandardEngineValve.invoke(StandardEngineValve.java:74)
		at org.apache.catalina.connector.CoyoteAdapter.service(CoyoteAdapter.java:341)
		at org.apache.coyote.http11.Http11Processor.service(Http11Processor.java:391)
		at org.apache.coyote.AbstractProcessorLight.process(AbstractProcessorLight.java:63)
		at org.apache.coyote.AbstractProtocol$ConnectionHandler.process(AbstractProtocol.java:894)
		at org.apache.tomcat.util.net.NioEndpoint$SocketProcessor.doRun(NioEndpoint.java:1741)
		at org.apache.tomcat.util.net.SocketProcessorBase.run(SocketProcessorBase.java:52)
		at org.apache.tomcat.util.threads.ThreadPoolExecutor.runWorker(ThreadPoolExecutor.java:1191)
		at org.apache.tomcat.util.threads.ThreadPoolExecutor$Worker.run(ThreadPoolExecutor.java:659)
		at org.apache.tomcat.util.threads.TaskThread$WrappingRunnable.run(TaskThread.java:61)
		at java.base/java.lang.Thread.run(Thread.java:1583)
10-Feb-2026 10:01:47.060 情報 [Thread-1] org.apache.catalina.core.ApplicationContext.log SessionListener: contextDestroyed()
10-Feb-2026 10:01:47.060 情報 [Thread-1] org.apache.catalina.core.ApplicationContext.log ContextListener: contextDestroyed()
10-Feb-2026 10:07:04.672 情報 [main] org.apache.catalina.core.ApplicationContext.log ContextListener: contextInitialized()
10-Feb-2026 10:07:04.672 情報 [main] org.apache.catalina.core.ApplicationContext.log SessionListener: contextInitialized()
10-Feb-2026 10:07:04.676 情報 [main] org.apache.catalina.core.ApplicationContext.log ContextListener: attributeAdded('StockTicker', 'async.Stockticker@7e19755a')
10-Feb-2026 10:38:08.218 情報 [Thread-1] org.apache.catalina.core.ApplicationContext.log SessionListener: contextDestroyed()
10-Feb-2026 10:38:08.218 情報 [Thread-1] org.apache.catalina.core.ApplicationContext.log ContextListener: contextDestroyed()
10-Feb-2026 10:38:14.072 情報 [main] org.apache.catalina.core.ApplicationContext.log ContextListener: contextInitialized()
10-Feb-2026 10:38:14.072 情報 [main] org.apache.catalina.core.ApplicationContext.log SessionListener: contextInitialized()
10-Feb-2026 10:38:14.077 情報 [main] org.apache.catalina.core.ApplicationContext.log ContextListener: attributeAdded('StockTicker', 'async.Stockticker@64984b0f')
10-Feb-2026 10:42:41.816 情報 [http-nio-8080-exec-7] org.apache.catalina.core.ApplicationContext.log サーブレット [front-controller] を利用不可能にマークします
10-Feb-2026 10:42:41.817 重大 [http-nio-8080-exec-7] org.apache.catalina.core.StandardWrapperValve.invoke サーブレット [front-controller] に例外を割り当てます
	java.lang.ClassNotFoundException: tool.FrontController
		at org.apache.catalina.loader.WebappClassLoaderBase.loadClass(WebappClassLoaderBase.java:1437)
		at org.apache.catalina.loader.WebappClassLoaderBase.loadClass(WebappClassLoaderBase.java:1245)
		at org.apache.catalina.core.DefaultInstanceManager.loadClass(DefaultInstanceManager.java:490)
		at org.apache.catalina.core.DefaultInstanceManager.loadClassMaybePrivileged(DefaultInstanceManager.java:472)
		at org.apache.catalina.core.DefaultInstanceManager.newInstance(DefaultInstanceManager.java:142)
		at org.apache.catalina.core.StandardWrapper.loadServlet(StandardWrapper.java:865)
		at org.apache.catalina.core.StandardWrapper.allocate(StandardWrapper.java:649)
		at org.apache.catalina.core.StandardWrapperValve.invoke(StandardWrapperValve.java:114)
		at org.apache.catalina.core.StandardContextValve.invoke(StandardContextValve.java:90)
		at org.apache.catalina.authenticator.AuthenticatorBase.invoke(AuthenticatorBase.java:482)
		at org.apache.catalina.core.StandardHostValve.invoke(StandardHostValve.java:115)
		at org.apache.catalina.valves.ErrorReportValve.invoke(ErrorReportValve.java:93)
		at org.apache.catalina.valves.AbstractAccessLogValve.invoke(AbstractAccessLogValve.java:676)
		at org.apache.catalina.core.StandardEngineValve.invoke(StandardEngineValve.java:74)
		at org.apache.catalina.connector.CoyoteAdapter.service(CoyoteAdapter.java:341)
		at org.apache.coyote.http11.Http11Processor.service(Http11Processor.java:391)
		at org.apache.coyote.AbstractProcessorLight.process(AbstractProcessorLight.java:63)
		at org.apache.coyote.AbstractProtocol$ConnectionHandler.process(AbstractProtocol.java:894)
		at org.apache.tomcat.util.net.NioEndpoint$SocketProcessor.doRun(NioEndpoint.java:1741)
		at org.apache.tomcat.util.net.SocketProcessorBase.run(SocketProcessorBase.java:52)
		at org.apache.tomcat.util.threads.ThreadPoolExecutor.runWorker(ThreadPoolExecutor.java:1191)
		at org.apache.tomcat.util.threads.ThreadPoolExecutor$Worker.run(ThreadPoolExecutor.java:659)
		at org.apache.tomcat.util.threads.TaskThread$WrappingRunnable.run(TaskThread.java:61)
		at java.base/java.lang.Thread.run(Thread.java:1583)
10-Feb-2026 10:44:54.574 情報 [Thread-1] org.apache.catalina.core.ApplicationContext.log SessionListener: contextDestroyed()
10-Feb-2026 10:44:54.574 情報 [Thread-1] org.apache.catalina.core.ApplicationContext.log ContextListener: contextDestroyed()
10-Feb-2026 10:45:01.062 情報 [main] org.apache.catalina.core.ApplicationContext.log ContextListener: contextInitialized()
10-Feb-2026 10:45:01.063 情報 [main] org.apache.catalina.core.ApplicationContext.log SessionListener: contextInitialized()
10-Feb-2026 10:45:01.066 情報 [main] org.apache.catalina.core.ApplicationContext.log ContextListener: attributeAdded('StockTicker', 'async.Stockticker@4c777e7b')
10-Feb-2026 10:45:07.985 情報 [http-nio-8080-exec-3] org.apache.catalina.core.ApplicationContext.log サーブレット [front-controller] を利用不可能にマークします
10-Feb-2026 10:45:07.985 重大 [http-nio-8080-exec-3] org.apache.catalina.core.StandardWrapperValve.invoke サーブレット [front-controller] に例外を割り当てます
	java.lang.ClassNotFoundException: tool.FrontController
		at org.apache.catalina.loader.WebappClassLoaderBase.loadClass(WebappClassLoaderBase.java:1437)
		at org.apache.catalina.loader.WebappClassLoaderBase.loadClass(WebappClassLoaderBase.java:1245)
		at org.apache.catalina.core.DefaultInstanceManager.loadClass(DefaultInstanceManager.java:490)
		at org.apache.catalina.core.DefaultInstanceManager.loadClassMaybePrivileged(DefaultInstanceManager.java:472)
		at org.apache.catalina.core.DefaultInstanceManager.newInstance(DefaultInstanceManager.java:142)
		at org.apache.catalina.core.StandardWrapper.loadServlet(StandardWrapper.java:865)
		at org.apache.catalina.core.StandardWrapper.allocate(StandardWrapper.java:649)
		at org.apache.catalina.core.StandardWrapperValve.invoke(StandardWrapperValve.java:114)
		at org.apache.catalina.core.StandardContextValve.invoke(StandardContextValve.java:90)
		at org.apache.catalina.authenticator.AuthenticatorBase.invoke(AuthenticatorBase.java:482)
		at org.apache.catalina.core.StandardHostValve.invoke(StandardHostValve.java:115)
		at org.apache.catalina.valves.ErrorReportValve.invoke(ErrorReportValve.java:93)
		at org.apache.catalina.valves.AbstractAccessLogValve.invoke(AbstractAccessLogValve.java:676)
		at org.apache.catalina.core.StandardEngineValve.invoke(StandardEngineValve.java:74)
		at org.apache.catalina.connector.CoyoteAdapter.service(CoyoteAdapter.java:341)
		at org.apache.coyote.http11.Http11Processor.service(Http11Processor.java:391)
		at org.apache.coyote.AbstractProcessorLight.process(AbstractProcessorLight.java:63)
		at org.apache.coyote.AbstractProtocol$ConnectionHandler.process(AbstractProtocol.java:894)
		at org.apache.tomcat.util.net.NioEndpoint$SocketProcessor.doRun(NioEndpoint.java:1741)
		at org.apache.tomcat.util.net.SocketProcessorBase.run(SocketProcessorBase.java:52)
		at org.apache.tomcat.util.threads.ThreadPoolExecutor.runWorker(ThreadPoolExecutor.java:1191)
		at org.apache.tomcat.util.threads.ThreadPoolExecutor$Worker.run(ThreadPoolExecutor.java:659)
		at org.apache.tomcat.util.threads.TaskThread$WrappingRunnable.run(TaskThread.java:61)
		at java.base/java.lang.Thread.run(Thread.java:1583)
10-Feb-2026 10:46:59.657 情報 [Thread-1] org.apache.catalina.core.ApplicationContext.log SessionListener: contextDestroyed()
10-Feb-2026 10:46:59.657 情報 [Thread-1] org.apache.catalina.core.ApplicationContext.log ContextListener: contextDestroyed()
10-Feb-2026 10:47:13.896 情報 [main] org.apache.catalina.core.ApplicationContext.log ContextListener: contextInitialized()
10-Feb-2026 10:47:13.896 情報 [main] org.apache.catalina.core.ApplicationContext.log SessionListener: contextInitialized()
10-Feb-2026 10:47:13.898 情報 [main] org.apache.catalina.core.ApplicationContext.log ContextListener: attributeAdded('StockTicker', 'async.Stockticker@36417a54')
10-Feb-2026 10:47:19.460 情報 [http-nio-8080-exec-3] org.apache.catalina.core.ApplicationContext.log サーブレット [front-controller] を利用不可能にマークします
10-Feb-2026 10:47:19.461 重大 [http-nio-8080-exec-3] org.apache.catalina.core.StandardWrapperValve.invoke サーブレット [front-controller] に例外を割り当てます
	java.lang.ClassNotFoundException: tool.FrontController
		at org.apache.catalina.loader.WebappClassLoaderBase.loadClass(WebappClassLoaderBase.java:1437)
		at org.apache.catalina.loader.WebappClassLoaderBase.loadClass(WebappClassLoaderBase.java:1245)
		at org.apache.catalina.core.DefaultInstanceManager.loadClass(DefaultInstanceManager.java:490)
		at org.apache.catalina.core.DefaultInstanceManager.loadClassMaybePrivileged(DefaultInstanceManager.java:472)
		at org.apache.catalina.core.DefaultInstanceManager.newInstance(DefaultInstanceManager.java:142)
		at org.apache.catalina.core.StandardWrapper.loadServlet(StandardWrapper.java:865)
		at org.apache.catalina.core.StandardWrapper.allocate(StandardWrapper.java:649)
		at org.apache.catalina.core.StandardWrapperValve.invoke(StandardWrapperValve.java:114)
		at org.apache.catalina.core.StandardContextValve.invoke(StandardContextValve.java:90)
		at org.apache.catalina.authenticator.AuthenticatorBase.invoke(AuthenticatorBase.java:482)
		at org.apache.catalina.core.StandardHostValve.invoke(StandardHostValve.java:115)
		at org.apache.catalina.valves.ErrorReportValve.invoke(ErrorReportValve.java:93)
		at org.apache.catalina.valves.AbstractAccessLogValve.invoke(AbstractAccessLogValve.java:676)
		at org.apache.catalina.core.StandardEngineValve.invoke(StandardEngineValve.java:74)
		at org.apache.catalina.connector.CoyoteAdapter.service(CoyoteAdapter.java:341)
		at org.apache.coyote.http11.Http11Processor.service(Http11Processor.java:391)
		at org.apache.coyote.AbstractProcessorLight.process(AbstractProcessorLight.java:63)
		at org.apache.coyote.AbstractProtocol$ConnectionHandler.process(AbstractProtocol.java:894)
		at org.apache.tomcat.util.net.NioEndpoint$SocketProcessor.doRun(NioEndpoint.java:1741)
		at org.apache.tomcat.util.net.SocketProcessorBase.run(SocketProcessorBase.java:52)
		at org.apache.tomcat.util.threads.ThreadPoolExecutor.runWorker(ThreadPoolExecutor.java:1191)
		at org.apache.tomcat.util.threads.ThreadPoolExecutor$Worker.run(ThreadPoolExecutor.java:659)
		at org.apache.tomcat.util.threads.TaskThread$WrappingRunnable.run(TaskThread.java:61)
		at java.base/java.lang.Thread.run(Thread.java:1583)
10-Feb-2026 10:48:40.488 情報 [Thread-1] org.apache.catalina.core.ApplicationContext.log SessionListener: contextDestroyed()
10-Feb-2026 10:48:40.488 情報 [Thread-1] org.apache.catalina.core.ApplicationContext.log ContextListener: contextDestroyed()
10-Feb-2026 10:48:45.088 情報 [main] org.apache.catalina.core.ApplicationContext.log ContextListener: contextInitialized()
10-Feb-2026 10:48:45.089 情報 [main] org.apache.catalina.core.ApplicationContext.log SessionListener: contextInitialized()
10-Feb-2026 10:48:45.092 情報 [main] org.apache.catalina.core.ApplicationContext.log ContextListener: attributeAdded('StockTicker', 'async.Stockticker@2c177f9e')
10-Feb-2026 10:52:39.393 情報 [Thread-1] org.apache.catalina.core.ApplicationContext.log SessionListener: contextDestroyed()
10-Feb-2026 10:52:39.393 情報 [Thread-1] org.apache.catalina.core.ApplicationContext.log ContextListener: contextDestroyed()
10-Feb-2026 10:52:44.092 情報 [main] org.apache.catalina.core.ApplicationContext.log ContextListener: contextInitialized()
10-Feb-2026 10:52:44.092 情報 [main] org.apache.catalina.core.ApplicationContext.log SessionListener: contextInitialized()
10-Feb-2026 10:52:44.096 情報 [main] org.apache.catalina.core.ApplicationContext.log ContextListener: attributeAdded('StockTicker', 'async.Stockticker@2c177f9e')
10-Feb-2026 10:53:58.006 情報 [Thread-1] org.apache.catalina.core.ApplicationContext.log SessionListener: contextDestroyed()
10-Feb-2026 10:53:58.006 情報 [Thread-1] org.apache.catalina.core.ApplicationContext.log ContextListener: contextDestroyed()
10-Feb-2026 10:54:02.964 情報 [main] org.apache.catalina.core.ApplicationContext.log ContextListener: contextInitialized()
10-Feb-2026 10:54:02.964 情報 [main] org.apache.catalina.core.ApplicationContext.log SessionListener: contextInitialized()
10-Feb-2026 10:54:02.968 情報 [main] org.apache.catalina.core.ApplicationContext.log ContextListener: attributeAdded('StockTicker', 'async.Stockticker@5df417a7')
10-Feb-2026 10:55:07.950 情報 [Thread-1] org.apache.catalina.core.ApplicationContext.log SessionListener: contextDestroyed()
10-Feb-2026 10:55:07.950 情報 [Thread-1] org.apache.catalina.core.ApplicationContext.log ContextListener: contextDestroyed()
10-Feb-2026 10:55:14.333 情報 [main] org.apache.catalina.core.ApplicationContext.log ContextListener: contextInitialized()
10-Feb-2026 10:55:14.334 情報 [main] org.apache.catalina.core.ApplicationContext.log SessionListener: contextInitialized()
10-Feb-2026 10:55:14.338 情報 [main] org.apache.catalina.core.ApplicationContext.log ContextListener: attributeAdded('StockTicker', 'async.Stockticker@6c008c24')
10-Feb-2026 10:55:24.499 重大 [http-nio-8080-exec-4] org.apache.catalina.core.StandardWrapperValve.invoke パス [/book] を持つコンテキスト内のサーブレット [tool.FrontController] のServlet.service() が例外 [サーブレットの実行により例外を投げました] が根本的要因と共に投げられました
	java.lang.UnsupportedClassVersionError: dao/CustomerDAO has been compiled by a more recent version of the Java Runtime (class file version 69.0), this version of the Java Runtime only recognizes class file versions up to 65.0 (クラス [dao.CustomerDAO] をロードできません)
		at org.apache.catalina.loader.WebappClassLoaderBase.findClassInternal(WebappClassLoaderBase.java:2492)
		at org.apache.catalina.loader.WebappClassLoaderBase.findClass(WebappClassLoaderBase.java:865)
		at org.apache.catalina.loader.WebappClassLoaderBase.loadClass(WebappClassLoaderBase.java:1401)
		at org.apache.catalina.loader.WebappClassLoaderBase.loadClass(WebappClassLoaderBase.java:1245)
		at chapter24.LoginAction.execute(LoginAction.java:15)
		at tool.FrontController.doPost(FrontController.java:19)
		at jakarta.servlet.http.HttpServlet.service(HttpServlet.java:590)
		at jakarta.servlet.http.HttpServlet.service(HttpServlet.java:658)
		at org.apache.catalina.core.ApplicationFilterChain.internalDoFilter(ApplicationFilterChain.java:205)
		at org.apache.catalina.core.ApplicationFilterChain.doFilter(ApplicationFilterChain.java:149)
		at org.apache.tomcat.websocket.server.WsFilter.doFilter(WsFilter.java:51)
		at org.apache.catalina.core.ApplicationFilterChain.internalDoFilter(ApplicationFilterChain.java:174)
		at org.apache.catalina.core.ApplicationFilterChain.doFilter(ApplicationFilterChain.java:149)
		at tool.EncodingFilter.doFilter(EncodingFilter.java:20)
		at org.apache.catalina.core.ApplicationFilterChain.internalDoFilter(ApplicationFilterChain.java:174)
		at org.apache.catalina.core.ApplicationFilterChain.doFilter(ApplicationFilterChain.java:149)
		at org.apache.catalina.core.StandardWrapperValve.invoke(StandardWrapperValve.java:166)
		at org.apache.catalina.core.StandardContextValve.invoke(StandardContextValve.java:90)
		at org.apache.catalina.authenticator.AuthenticatorBase.invoke(AuthenticatorBase.java:482)
		at org.apache.catalina.core.StandardHostValve.invoke(StandardHostValve.java:115)
		at org.apache.catalina.valves.ErrorReportValve.invoke(ErrorReportValve.java:93)
		at org.apache.catalina.valves.AbstractAccessLogValve.invoke(AbstractAccessLogValve.java:676)
		at org.apache.catalina.core.StandardEngineValve.invoke(StandardEngineValve.java:74)
		at org.apache.catalina.connector.CoyoteAdapter.service(CoyoteAdapter.java:341)
		at org.apache.coyote.http11.Http11Processor.service(Http11Processor.java:391)
		at org.apache.coyote.AbstractProcessorLight.process(AbstractProcessorLight.java:63)
		at org.apache.coyote.AbstractProtocol$ConnectionHandler.process(AbstractProtocol.java:894)
		at org.apache.tomcat.util.net.NioEndpoint$SocketProcessor.doRun(NioEndpoint.java:1741)
		at org.apache.tomcat.util.net.SocketProcessorBase.run(SocketProcessorBase.java:52)
		at org.apache.tomcat.util.threads.ThreadPoolExecutor.runWorker(ThreadPoolExecutor.java:1191)
		at org.apache.tomcat.util.threads.ThreadPoolExecutor$Worker.run(ThreadPoolExecutor.java:659)
		at org.apache.tomcat.util.threads.TaskThread$WrappingRunnable.run(TaskThread.java:61)
		at java.base/java.lang.Thread.run(Thread.java:1583)
10-Feb-2026 11:26:21.678 情報 [Thread-1] org.apache.catalina.core.ApplicationContext.log SessionListener: contextDestroyed()
10-Feb-2026 11:26:21.680 情報 [Thread-1] org.apache.catalina.core.ApplicationContext.log ContextListener: contextDestroyed()
10-Feb-2026 11:26:27.725 情報 [main] org.apache.catalina.core.ApplicationContext.log ContextListener: contextInitialized()
10-Feb-2026 11:26:27.725 情報 [main] org.apache.catalina.core.ApplicationContext.log SessionListener: contextInitialized()
10-Feb-2026 11:26:27.729 情報 [main] org.apache.catalina.core.ApplicationContext.log ContextListener: attributeAdded('StockTicker', 'async.Stockticker@292158f8')
10-Feb-2026 13:41:46.426 情報 [Thread-1] org.apache.catalina.core.ApplicationContext.log SessionListener: contextDestroyed()
10-Feb-2026 13:41:46.427 情報 [Thread-1] org.apache.catalina.core.ApplicationContext.log ContextListener: contextDestroyed()
10-Feb-2026 13:41:52.005 情報 [main] org.apache.catalina.core.ApplicationContext.log ContextListener: contextInitialized()
10-Feb-2026 13:41:52.005 情報 [main] org.apache.catalina.core.ApplicationContext.log SessionListener: contextInitialized()
10-Feb-2026 13:41:52.013 情報 [main] org.apache.catalina.core.ApplicationContext.log ContextListener: attributeAdded('StockTicker', 'async.Stockticker@292158f8')
10-Feb-2026 14:13:06.241 情報 [Thread-1] org.apache.catalina.core.ApplicationContext.log SessionListener: contextDestroyed()
10-Feb-2026 14:13:06.242 情報 [Thread-1] org.apache.catalina.core.ApplicationContext.log ContextListener: contextDestroyed()
10-Feb-2026 14:13:22.114 情報 [main] org.apache.catalina.core.ApplicationContext.log ContextListener: contextInitialized()
10-Feb-2026 14:13:22.114 情報 [main] org.apache.catalina.core.ApplicationContext.log SessionListener: contextInitialized()
10-Feb-2026 14:13:22.118 情報 [main] org.apache.catalina.core.ApplicationContext.log ContextListener: attributeAdded('StockTicker', 'async.Stockticker@73c9e8e8')
10-Feb-2026 14:45:24.340 情報 [Thread-1] org.apache.catalina.core.ApplicationContext.log SessionListener: contextDestroyed()
10-Feb-2026 14:45:24.340 情報 [Thread-1] org.apache.catalina.core.ApplicationContext.log ContextListener: contextDestroyed()
10-Feb-2026 14:45:30.603 情報 [main] org.apache.catalina.core.ApplicationContext.log ContextListener: contextInitialized()
10-Feb-2026 14:45:30.603 情報 [main] org.apache.catalina.core.ApplicationContext.log SessionListener: contextInitialized()
10-Feb-2026 14:45:30.610 情報 [main] org.apache.catalina.core.ApplicationContext.log ContextListener: attributeAdded('StockTicker', 'async.Stockticker@73c9e8e8')
