27-Feb-2026 10:19:49.802 情報 [main] org.apache.catalina.core.ApplicationContext.log ContextListener: contextInitialized()
27-Feb-2026 10:19:49.803 情報 [main] org.apache.catalina.core.ApplicationContext.log SessionListener: contextInitialized()
27-Feb-2026 10:19:49.806 情報 [main] org.apache.catalina.core.ApplicationContext.log ContextListener: attributeAdded('StockTicker', 'async.Stockticker@1e0895f5')
27-Feb-2026 10:28:22.834 情報 [Thread-1] org.apache.catalina.core.ApplicationContext.log SessionListener: contextDestroyed()
27-Feb-2026 10:28:22.834 情報 [Thread-1] org.apache.catalina.core.ApplicationContext.log ContextListener: contextDestroyed()
27-Feb-2026 10:28:30.145 情報 [main] org.apache.catalina.core.ApplicationContext.log ContextListener: contextInitialized()
27-Feb-2026 10:28:30.145 情報 [main] org.apache.catalina.core.ApplicationContext.log SessionListener: contextInitialized()
27-Feb-2026 10:28:30.157 情報 [main] org.apache.catalina.core.ApplicationContext.log ContextListener: attributeAdded('StockTicker', 'async.Stockticker@292158f8')
27-Feb-2026 10:39:32.616 情報 [Thread-1] org.apache.catalina.core.ApplicationContext.log SessionListener: contextDestroyed()
27-Feb-2026 10:39:32.616 情報 [Thread-1] org.apache.catalina.core.ApplicationContext.log ContextListener: contextDestroyed()
27-Feb-2026 10:39:38.618 情報 [main] org.apache.catalina.core.ApplicationContext.log ContextListener: contextInitialized()
27-Feb-2026 10:39:38.618 情報 [main] org.apache.catalina.core.ApplicationContext.log SessionListener: contextInitialized()
27-Feb-2026 10:39:38.623 情報 [main] org.apache.catalina.core.ApplicationContext.log ContextListener: attributeAdded('StockTicker', 'async.Stockticker@1deceb67')
27-Feb-2026 10:47:53.743 情報 [main] org.apache.catalina.core.ApplicationContext.log ContextListener: contextInitialized()
27-Feb-2026 10:47:53.744 情報 [main] org.apache.catalina.core.ApplicationContext.log SessionListener: contextInitialized()
27-Feb-2026 10:47:53.750 情報 [main] org.apache.catalina.core.ApplicationContext.log ContextListener: attributeAdded('StockTicker', 'async.Stockticker@30e9ca13')
27-Feb-2026 10:50:37.299 情報 [Thread-1] org.apache.catalina.core.ApplicationContext.log SessionListener: contextDestroyed()
27-Feb-2026 10:50:37.300 情報 [Thread-1] org.apache.catalina.core.ApplicationContext.log ContextListener: contextDestroyed()
27-Feb-2026 10:50:43.213 情報 [main] org.apache.catalina.core.ApplicationContext.log ContextListener: contextInitialized()
27-Feb-2026 10:50:43.213 情報 [main] org.apache.catalina.core.ApplicationContext.log SessionListener: contextInitialized()
27-Feb-2026 10:50:43.217 情報 [main] org.apache.catalina.core.ApplicationContext.log ContextListener: attributeAdded('StockTicker', 'async.Stockticker@6f49d153')
27-Feb-2026 11:00:43.031 情報 [main] org.apache.catalina.core.ApplicationContext.log ContextListener: contextInitialized()
27-Feb-2026 11:00:43.032 情報 [main] org.apache.catalina.core.ApplicationContext.log SessionListener: contextInitialized()
27-Feb-2026 11:00:43.036 情報 [main] org.apache.catalina.core.ApplicationContext.log ContextListener: attributeAdded('StockTicker', 'async.Stockticker@21079a12')
27-Feb-2026 11:44:56.971 情報 [main] org.apache.catalina.core.ApplicationContext.log ContextListener: contextInitialized()
27-Feb-2026 11:44:56.971 情報 [main] org.apache.catalina.core.ApplicationContext.log SessionListener: contextInitialized()
27-Feb-2026 11:44:56.975 情報 [main] org.apache.catalina.core.ApplicationContext.log ContextListener: attributeAdded('StockTicker', 'async.Stockticker@1e0895f5')
27-Feb-2026 12:30:48.116 情報 [Thread-1] org.apache.catalina.core.ApplicationContext.log SessionListener: contextDestroyed()
27-Feb-2026 12:30:48.116 情報 [Thread-1] org.apache.catalina.core.ApplicationContext.log ContextListener: contextDestroyed()
