05-Feb-2026 10:30:01.264 情報 [main] org.apache.catalina.core.ApplicationContext.log ContextListener: contextInitialized()
05-Feb-2026 10:30:01.265 情報 [main] org.apache.catalina.core.ApplicationContext.log SessionListener: contextInitialized()
05-Feb-2026 10:30:01.271 情報 [main] org.apache.catalina.core.ApplicationContext.log ContextListener: attributeAdded('StockTicker', 'async.Stockticker@78e22d35')
05-Feb-2026 10:33:05.993 情報 [Thread-1] org.apache.catalina.core.ApplicationContext.log SessionListener: contextDestroyed()
05-Feb-2026 10:33:05.994 情報 [Thread-1] org.apache.catalina.core.ApplicationContext.log ContextListener: contextDestroyed()
05-Feb-2026 10:33:11.936 情報 [main] org.apache.catalina.core.ApplicationContext.log ContextListener: contextInitialized()
05-Feb-2026 10:33:11.937 情報 [main] org.apache.catalina.core.ApplicationContext.log SessionListener: contextInitialized()
05-Feb-2026 10:33:11.942 情報 [main] org.apache.catalina.core.ApplicationContext.log ContextListener: attributeAdded('StockTicker', 'async.Stockticker@288ca5f0')
05-Feb-2026 10:45:25.920 情報 [Thread-1] org.apache.catalina.core.ApplicationContext.log SessionListener: contextDestroyed()
05-Feb-2026 10:45:25.920 情報 [Thread-1] org.apache.catalina.core.ApplicationContext.log ContextListener: contextDestroyed()
05-Feb-2026 10:45:31.355 情報 [main] org.apache.catalina.core.ApplicationContext.log ContextListener: contextInitialized()
05-Feb-2026 10:45:31.355 情報 [main] org.apache.catalina.core.ApplicationContext.log SessionListener: contextInitialized()
05-Feb-2026 10:45:31.364 情報 [main] org.apache.catalina.core.ApplicationContext.log ContextListener: attributeAdded('StockTicker', 'async.Stockticker@5633dafd')
05-Feb-2026 10:55:28.514 情報 [Thread-1] org.apache.catalina.core.ApplicationContext.log SessionListener: contextDestroyed()
05-Feb-2026 10:55:28.514 情報 [Thread-1] org.apache.catalina.core.ApplicationContext.log ContextListener: contextDestroyed()
05-Feb-2026 10:55:34.537 情報 [main] org.apache.catalina.core.ApplicationContext.log ContextListener: contextInitialized()
05-Feb-2026 10:55:34.537 情報 [main] org.apache.catalina.core.ApplicationContext.log SessionListener: contextInitialized()
05-Feb-2026 10:55:34.543 情報 [main] org.apache.catalina.core.ApplicationContext.log ContextListener: attributeAdded('StockTicker', 'async.Stockticker@f951a7f')
05-Feb-2026 12:32:50.214 情報 [Thread-1] org.apache.catalina.core.ApplicationContext.log SessionListener: contextDestroyed()
05-Feb-2026 12:32:50.214 情報 [Thread-1] org.apache.catalina.core.ApplicationContext.log ContextListener: contextDestroyed()
05-Feb-2026 12:32:56.491 情報 [main] org.apache.catalina.core.ApplicationContext.log ContextListener: contextInitialized()
05-Feb-2026 12:32:56.491 情報 [main] org.apache.catalina.core.ApplicationContext.log SessionListener: contextInitialized()
05-Feb-2026 12:32:56.495 情報 [main] org.apache.catalina.core.ApplicationContext.log ContextListener: attributeAdded('StockTicker', 'async.Stockticker@73c9e8e8')
05-Feb-2026 14:14:25.955 情報 [Thread-1] org.apache.catalina.core.ApplicationContext.log SessionListener: contextDestroyed()
05-Feb-2026 14:14:25.955 情報 [Thread-1] org.apache.catalina.core.ApplicationContext.log ContextListener: contextDestroyed()
05-Feb-2026 14:14:31.461 情報 [main] org.apache.catalina.core.ApplicationContext.log ContextListener: contextInitialized()
05-Feb-2026 14:14:31.462 情報 [main] org.apache.catalina.core.ApplicationContext.log SessionListener: contextInitialized()
05-Feb-2026 14:14:31.470 情報 [main] org.apache.catalina.core.ApplicationContext.log ContextListener: attributeAdded('StockTicker', 'async.Stockticker@5f038248')
05-Feb-2026 14:22:27.861 情報 [Thread-1] org.apache.catalina.core.ApplicationContext.log SessionListener: contextDestroyed()
05-Feb-2026 14:22:27.861 情報 [Thread-1] org.apache.catalina.core.ApplicationContext.log ContextListener: contextDestroyed()
05-Feb-2026 14:22:34.316 情報 [main] org.apache.catalina.core.ApplicationContext.log ContextListener: contextInitialized()
05-Feb-2026 14:22:34.316 情報 [main] org.apache.catalina.core.ApplicationContext.log SessionListener: contextInitialized()
05-Feb-2026 14:22:34.320 情報 [main] org.apache.catalina.core.ApplicationContext.log ContextListener: attributeAdded('StockTicker', 'async.Stockticker@1deceb67')
05-Feb-2026 14:22:40.898 重大 [http-nio-8080-exec-1] org.apache.catalina.core.StandardWrapperValve.invoke サーブレット [chapter19.Attribute3] のServlet.service()が例外を投げました
	java.lang.NullPointerException: Cannot invoke "String.equals(Object)" because "<local5>" is null
		at chapter19.Attribute3.doGet(Attribute3.java:24)
		at jakarta.servlet.http.HttpServlet.service(HttpServlet.java:564)
		at jakarta.servlet.http.HttpServlet.service(HttpServlet.java:658)
		at org.apache.catalina.core.ApplicationFilterChain.internalDoFilter(ApplicationFilterChain.java:205)
		at org.apache.catalina.core.ApplicationFilterChain.doFilter(ApplicationFilterChain.java:149)
		at org.apache.tomcat.websocket.server.WsFilter.doFilter(WsFilter.java:51)
		at org.apache.catalina.core.ApplicationFilterChain.internalDoFilter(ApplicationFilterChain.java:174)
		at org.apache.catalina.core.ApplicationFilterChain.doFilter(ApplicationFilterChain.java:149)
		at tool.EncodingFilter.doFilter(EncodingFilter.java:20)
		at org.apache.catalina.core.ApplicationFilterChain.internalDoFilter(ApplicationFilterChain.java:174)
		at org.apache.catalina.core.ApplicationFilterChain.doFilter(ApplicationFilterChain.java:149)
		at org.apache.catalina.core.StandardWrapperValve.invoke(StandardWrapperValve.java:166)
		at org.apache.catalina.core.StandardContextValve.invoke(StandardContextValve.java:90)
		at org.apache.catalina.authenticator.AuthenticatorBase.invoke(AuthenticatorBase.java:482)
		at org.apache.catalina.core.StandardHostValve.invoke(StandardHostValve.java:115)
		at org.apache.catalina.valves.ErrorReportValve.invoke(ErrorReportValve.java:93)
		at org.apache.catalina.valves.AbstractAccessLogValve.invoke(AbstractAccessLogValve.java:676)
		at org.apache.catalina.core.StandardEngineValve.invoke(StandardEngineValve.java:74)
		at org.apache.catalina.connector.CoyoteAdapter.service(CoyoteAdapter.java:341)
		at org.apache.coyote.http11.Http11Processor.service(Http11Processor.java:391)
		at org.apache.coyote.AbstractProcessorLight.process(AbstractProcessorLight.java:63)
		at org.apache.coyote.AbstractProtocol$ConnectionHandler.process(AbstractProtocol.java:894)
		at org.apache.tomcat.util.net.NioEndpoint$SocketProcessor.doRun(NioEndpoint.java:1741)
		at org.apache.tomcat.util.net.SocketProcessorBase.run(SocketProcessorBase.java:52)
		at org.apache.tomcat.util.threads.ThreadPoolExecutor.runWorker(ThreadPoolExecutor.java:1191)
		at org.apache.tomcat.util.threads.ThreadPoolExecutor$Worker.run(ThreadPoolExecutor.java:659)
		at org.apache.tomcat.util.threads.TaskThread$WrappingRunnable.run(TaskThread.java:61)
		at java.base/java.lang.Thread.run(Thread.java:1583)
