30-Jan-2026 09:37:12.354 情報 [main] org.apache.catalina.core.ApplicationContext.log ContextListener: contextInitialized()
30-Jan-2026 09:37:12.354 情報 [main] org.apache.catalina.core.ApplicationContext.log SessionListener: contextInitialized()
30-Jan-2026 09:37:12.359 情報 [main] org.apache.catalina.core.ApplicationContext.log ContextListener: attributeAdded('StockTicker', 'async.Stockticker@72825400')
30-Jan-2026 09:43:10.503 情報 [Thread-1] org.apache.catalina.core.ApplicationContext.log SessionListener: contextDestroyed()
30-Jan-2026 09:43:10.503 情報 [Thread-1] org.apache.catalina.core.ApplicationContext.log ContextListener: contextDestroyed()
30-Jan-2026 09:43:17.509 情報 [main] org.apache.catalina.core.ApplicationContext.log ContextListener: contextInitialized()
30-Jan-2026 09:43:17.510 情報 [main] org.apache.catalina.core.ApplicationContext.log SessionListener: contextInitialized()
30-Jan-2026 09:43:17.513 情報 [main] org.apache.catalina.core.ApplicationContext.log ContextListener: attributeAdded('StockTicker', 'async.Stockticker@7dd611c8')
30-Jan-2026 09:44:38.896 重大 [http-nio-8080-exec-6] org.apache.catalina.core.StandardWrapperValve.invoke パス [/book] を持つコンテキスト内のサーブレット [chapter4.Hello4] のServlet.service() が例外 [サーブレットの実行により例外を投げました] が根本的要因と共に投げられました
	java.lang.UnsupportedClassVersionError: tool/Page has been compiled by a more recent version of the Java Runtime (class file version 69.0), this version of the Java Runtime only recognizes class file versions up to 65.0 (クラス [tool.Page] をロードできません)
		at org.apache.catalina.loader.WebappClassLoaderBase.findClassInternal(WebappClassLoaderBase.java:2492)
		at org.apache.catalina.loader.WebappClassLoaderBase.findClass(WebappClassLoaderBase.java:865)
		at org.apache.catalina.loader.WebappClassLoaderBase.loadClass(WebappClassLoaderBase.java:1401)
		at org.apache.catalina.loader.WebappClassLoaderBase.loadClass(WebappClassLoaderBase.java:1245)
		at chapter4.Hello4.doGet(Hello4.java:21)
		at jakarta.servlet.http.HttpServlet.service(HttpServlet.java:564)
		at jakarta.servlet.http.HttpServlet.service(HttpServlet.java:658)
		at org.apache.catalina.core.ApplicationFilterChain.internalDoFilter(ApplicationFilterChain.java:205)
		at org.apache.catalina.core.ApplicationFilterChain.doFilter(ApplicationFilterChain.java:149)
		at org.apache.tomcat.websocket.server.WsFilter.doFilter(WsFilter.java:51)
		at org.apache.catalina.core.ApplicationFilterChain.internalDoFilter(ApplicationFilterChain.java:174)
		at org.apache.catalina.core.ApplicationFilterChain.doFilter(ApplicationFilterChain.java:149)
		at org.apache.catalina.core.StandardWrapperValve.invoke(StandardWrapperValve.java:166)
		at org.apache.catalina.core.StandardContextValve.invoke(StandardContextValve.java:90)
		at org.apache.catalina.authenticator.AuthenticatorBase.invoke(AuthenticatorBase.java:482)
		at org.apache.catalina.core.StandardHostValve.invoke(StandardHostValve.java:115)
		at org.apache.catalina.valves.ErrorReportValve.invoke(ErrorReportValve.java:93)
		at org.apache.catalina.valves.AbstractAccessLogValve.invoke(AbstractAccessLogValve.java:676)
		at org.apache.catalina.core.StandardEngineValve.invoke(StandardEngineValve.java:74)
		at org.apache.catalina.connector.CoyoteAdapter.service(CoyoteAdapter.java:341)
		at org.apache.coyote.http11.Http11Processor.service(Http11Processor.java:391)
		at org.apache.coyote.AbstractProcessorLight.process(AbstractProcessorLight.java:63)
		at org.apache.coyote.AbstractProtocol$ConnectionHandler.process(AbstractProtocol.java:894)
		at org.apache.tomcat.util.net.NioEndpoint$SocketProcessor.doRun(NioEndpoint.java:1741)
		at org.apache.tomcat.util.net.SocketProcessorBase.run(SocketProcessorBase.java:52)
		at org.apache.tomcat.util.threads.ThreadPoolExecutor.runWorker(ThreadPoolExecutor.java:1191)
		at org.apache.tomcat.util.threads.ThreadPoolExecutor$Worker.run(ThreadPoolExecutor.java:659)
		at org.apache.tomcat.util.threads.TaskThread$WrappingRunnable.run(TaskThread.java:61)
		at java.base/java.lang.Thread.run(Thread.java:1583)
30-Jan-2026 10:25:23.396 情報 [Thread-1] org.apache.catalina.core.ApplicationContext.log SessionListener: contextDestroyed()
30-Jan-2026 10:25:23.396 情報 [Thread-1] org.apache.catalina.core.ApplicationContext.log ContextListener: contextDestroyed()
30-Jan-2026 10:25:37.280 情報 [main] org.apache.catalina.core.ApplicationContext.log ContextListener: contextInitialized()
30-Jan-2026 10:25:37.280 情報 [main] org.apache.catalina.core.ApplicationContext.log SessionListener: contextInitialized()
30-Jan-2026 10:25:37.284 情報 [main] org.apache.catalina.core.ApplicationContext.log ContextListener: attributeAdded('StockTicker', 'async.Stockticker@5d425813')
30-Jan-2026 10:25:50.583 情報 [Thread-1] org.apache.catalina.core.ApplicationContext.log SessionListener: contextDestroyed()
30-Jan-2026 10:25:50.583 情報 [Thread-1] org.apache.catalina.core.ApplicationContext.log ContextListener: contextDestroyed()
30-Jan-2026 10:35:05.812 情報 [main] org.apache.catalina.core.ApplicationContext.log ContextListener: contextInitialized()
30-Jan-2026 10:35:05.813 情報 [main] org.apache.catalina.core.ApplicationContext.log SessionListener: contextInitialized()
30-Jan-2026 10:35:05.816 情報 [main] org.apache.catalina.core.ApplicationContext.log ContextListener: attributeAdded('StockTicker', 'async.Stockticker@4cfa8227')
30-Jan-2026 11:34:07.265 情報 [Thread-1] org.apache.catalina.core.ApplicationContext.log SessionListener: contextDestroyed()
30-Jan-2026 11:34:07.265 情報 [Thread-1] org.apache.catalina.core.ApplicationContext.log ContextListener: contextDestroyed()
30-Jan-2026 11:34:13.122 情報 [main] org.apache.catalina.core.ApplicationContext.log ContextListener: contextInitialized()
30-Jan-2026 11:34:13.123 情報 [main] org.apache.catalina.core.ApplicationContext.log SessionListener: contextInitialized()
30-Jan-2026 11:34:13.128 情報 [main] org.apache.catalina.core.ApplicationContext.log ContextListener: attributeAdded('StockTicker', 'async.Stockticker@6b52dd31')
30-Jan-2026 11:35:03.380 情報 [Thread-1] org.apache.catalina.core.ApplicationContext.log SessionListener: contextDestroyed()
30-Jan-2026 11:35:03.380 情報 [Thread-1] org.apache.catalina.core.ApplicationContext.log ContextListener: contextDestroyed()
30-Jan-2026 12:10:25.328 情報 [main] org.apache.catalina.core.ApplicationContext.log ContextListener: contextInitialized()
30-Jan-2026 12:10:25.328 情報 [main] org.apache.catalina.core.ApplicationContext.log SessionListener: contextInitialized()
30-Jan-2026 12:10:25.334 情報 [main] org.apache.catalina.core.ApplicationContext.log ContextListener: attributeAdded('StockTicker', 'async.Stockticker@6c6333cd')
30-Jan-2026 12:12:31.775 情報 [Thread-1] org.apache.catalina.core.ApplicationContext.log SessionListener: contextDestroyed()
30-Jan-2026 12:12:31.775 情報 [Thread-1] org.apache.catalina.core.ApplicationContext.log ContextListener: contextDestroyed()
30-Jan-2026 12:12:37.273 情報 [main] org.apache.catalina.core.ApplicationContext.log ContextListener: contextInitialized()
30-Jan-2026 12:12:37.274 情報 [main] org.apache.catalina.core.ApplicationContext.log SessionListener: contextInitialized()
30-Jan-2026 12:12:37.279 情報 [main] org.apache.catalina.core.ApplicationContext.log ContextListener: attributeAdded('StockTicker', 'async.Stockticker@1174a305')
30-Jan-2026 14:01:30.584 情報 [Thread-1] org.apache.catalina.core.ApplicationContext.log SessionListener: contextDestroyed()
30-Jan-2026 14:01:30.584 情報 [Thread-1] org.apache.catalina.core.ApplicationContext.log ContextListener: contextDestroyed()
30-Jan-2026 14:01:35.943 情報 [main] org.apache.catalina.core.ApplicationContext.log ContextListener: contextInitialized()
30-Jan-2026 14:01:35.943 情報 [main] org.apache.catalina.core.ApplicationContext.log SessionListener: contextInitialized()
30-Jan-2026 14:01:35.947 情報 [main] org.apache.catalina.core.ApplicationContext.log ContextListener: attributeAdded('StockTicker', 'async.Stockticker@684b31de')
30-Jan-2026 14:45:34.259 情報 [Thread-1] org.apache.catalina.core.ApplicationContext.log SessionListener: contextDestroyed()
30-Jan-2026 14:45:34.260 情報 [Thread-1] org.apache.catalina.core.ApplicationContext.log ContextListener: contextDestroyed()
30-Jan-2026 14:45:41.016 情報 [main] org.apache.catalina.core.ApplicationContext.log ContextListener: contextInitialized()
30-Jan-2026 14:45:41.016 情報 [main] org.apache.catalina.core.ApplicationContext.log SessionListener: contextInitialized()
30-Jan-2026 14:45:41.021 情報 [main] org.apache.catalina.core.ApplicationContext.log ContextListener: attributeAdded('StockTicker', 'async.Stockticker@6b52dd31')
30-Jan-2026 14:49:12.294 情報 [Thread-1] org.apache.catalina.core.ApplicationContext.log SessionListener: contextDestroyed()
30-Jan-2026 14:49:12.294 情報 [Thread-1] org.apache.catalina.core.ApplicationContext.log ContextListener: contextDestroyed()
30-Jan-2026 14:49:17.777 情報 [main] org.apache.catalina.core.ApplicationContext.log ContextListener: contextInitialized()
30-Jan-2026 14:49:17.777 情報 [main] org.apache.catalina.core.ApplicationContext.log SessionListener: contextInitialized()
30-Jan-2026 14:49:17.781 情報 [main] org.apache.catalina.core.ApplicationContext.log ContextListener: attributeAdded('StockTicker', 'async.Stockticker@42b6d0cc')
30-Jan-2026 14:50:37.261 情報 [Thread-1] org.apache.catalina.core.ApplicationContext.log SessionListener: contextDestroyed()
30-Jan-2026 14:50:37.262 情報 [Thread-1] org.apache.catalina.core.ApplicationContext.log ContextListener: contextDestroyed()
30-Jan-2026 14:50:42.793 情報 [main] org.apache.catalina.core.ApplicationContext.log ContextListener: contextInitialized()
30-Jan-2026 14:50:42.793 情報 [main] org.apache.catalina.core.ApplicationContext.log SessionListener: contextInitialized()
30-Jan-2026 14:50:42.800 情報 [main] org.apache.catalina.core.ApplicationContext.log ContextListener: attributeAdded('StockTicker', 'async.Stockticker@e042c99')
